2025-02-04 04:25:29.168 [Debug] 10409 - An additional 'IServiceProvider' was created for internal use by Entity Framework. An existing service provider was not used due to the following configuration changes: configuration added for 'Core:UseMemoryCache', configuration added for 'Core:EnableSensitiveDataLogging', configuration added for 'Core:EnableDetailedErrors', configuration added for 'Core:EnableThreadSafetyChecks', configuration added for 'Core:ConfigureWarnings', configuration added for 'Core:ReplaceService:Microsoft.EntityFrameworkCore.Infrastructure.IModelCacheKeyFactory', configuration added for 'Sqlite'.

--------------------------------------------------------------------------------
2025-02-04 04:25:29.445 [Warn] 10400 - Sensitive data logging is enabled. Log entries and exception messages may include sensitive application data; this mode should only be enabled during development.

--------------------------------------------------------------------------------
2025-02-04 04:25:29.458 [Debug] 10600 - The property 'AnimationBase.Lower#AnimationLayer.AnimationBaseId' was created in shadow state because there are no eligible CLR members with a matching name.

--------------------------------------------------------------------------------
2025-02-04 04:25:29.458 [Debug] 10600 - The property 'AnimationBase.Upper#AnimationLayer.AnimationBaseId' was created in shadow state because there are no eligible CLR members with a matching name.

--------------------------------------------------------------------------------
2025-02-04 04:25:29.458 [Debug] 10600 - The property 'ConsumableData.ItemBaseId' was created in shadow state because there are no eligible CLR members with a matching name.

--------------------------------------------------------------------------------
2025-02-04 04:25:29.458 [Debug] 10600 - The property 'EquipmentProperties.StatRange_AbilityPower#ItemRange.EquipmentPropertiesDescriptorId' was created in shadow state because there are no eligible CLR members with a matching name.

--------------------------------------------------------------------------------
2025-02-04 04:25:29.458 [Debug] 10600 - The property 'EquipmentProperties.StatRange_Attack#ItemRange.EquipmentPropertiesDescriptorId' was created in shadow state because there are no eligible CLR members with a matching name.

--------------------------------------------------------------------------------
2025-02-04 04:25:29.458 [Debug] 10600 - The property 'EquipmentProperties.StatRange_Defense#ItemRange.EquipmentPropertiesDescriptorId' was created in shadow state because there are no eligible CLR members with a matching name.

--------------------------------------------------------------------------------
2025-02-04 04:25:29.458 [Debug] 10600 - The property 'EquipmentProperties.StatRange_MagicResist#ItemRange.EquipmentPropertiesDescriptorId' was created in shadow state because there are no eligible CLR members with a matching name.

--------------------------------------------------------------------------------
2025-02-04 04:25:29.458 [Debug] 10600 - The property 'EquipmentProperties.StatRange_Speed#ItemRange.EquipmentPropertiesDescriptorId' was created in shadow state because there are no eligible CLR members with a matching name.

--------------------------------------------------------------------------------
2025-02-04 04:25:29.458 [Debug] 10600 - The property 'ResourceBase.Exhausted#ResourceState.ResourceBaseId' was created in shadow state because there are no eligible CLR members with a matching name.

--------------------------------------------------------------------------------
2025-02-04 04:25:29.458 [Debug] 10600 - The property 'ResourceBase.Initial#ResourceState.ResourceBaseId' was created in shadow state because there are no eligible CLR members with a matching name.

--------------------------------------------------------------------------------
2025-02-04 04:25:29.458 [Debug] 10600 - The property 'SpellCombatData.SpellBaseId' was created in shadow state because there are no eligible CLR members with a matching name.

--------------------------------------------------------------------------------
2025-02-04 04:25:29.458 [Debug] 10600 - The property 'SpellDashOpts.SpellBaseId' was created in shadow state because there are no eligible CLR members with a matching name.

--------------------------------------------------------------------------------
2025-02-04 04:25:29.458 [Debug] 10600 - The property 'SpellWarpData.SpellBaseId' was created in shadow state because there are no eligible CLR members with a matching name.

--------------------------------------------------------------------------------
2025-02-04 04:25:29.555 [Debug] 10403 - Entity Framework Core 7.0.11 initialized 'SqliteGameContext' using provider 'Microsoft.EntityFrameworkCore.Sqlite:7.0.11' with options: SensitiveDataLoggingEnabled DetailedErrorsEnabled 

--------------------------------------------------------------------------------
2025-02-04 04:25:29.696 [Debug] 20005 - Creating DbConnection.

--------------------------------------------------------------------------------
2025-02-04 04:25:29.700 [Debug] 20006 - Created DbConnection. (3ms).

--------------------------------------------------------------------------------
2025-02-04 04:25:29.701 [Debug] 20000 - Opening connection to database 'main' on server 'resources\gamedata.db'.

--------------------------------------------------------------------------------
2025-02-04 04:25:29.705 [Debug] 20001 - Opened connection to database 'main' on server 'E:\2DMMORPG\TrauzeRPG\SERVER CLIENT\Server\resources\gamedata.db'.

--------------------------------------------------------------------------------
2025-02-04 04:25:29.707 [Debug] 20007 - Disposing connection to database 'main' on server 'resources\gamedata.db'.

--------------------------------------------------------------------------------
2025-02-04 04:25:29.708 [Debug] 20008 - Disposed connection to database 'main' on server 'resources\gamedata.db' (0ms).

--------------------------------------------------------------------------------
2025-02-04 04:25:29.710 [Debug] 20103 - Creating DbCommand for 'ExecuteScalar'.

--------------------------------------------------------------------------------
2025-02-04 04:25:29.710 [Debug] 20005 - Creating DbConnection.

--------------------------------------------------------------------------------
2025-02-04 04:25:29.710 [Debug] 20006 - Created DbConnection. (0ms).

--------------------------------------------------------------------------------
2025-02-04 04:25:29.712 [Debug] 20104 - Created DbCommand for 'ExecuteScalar' (1ms).

--------------------------------------------------------------------------------
2025-02-04 04:25:29.713 [Debug] 20106 - Initialized DbCommand for 'ExecuteScalar' (2ms).

--------------------------------------------------------------------------------
2025-02-04 04:25:29.713 [Debug] 20000 - Opening connection to database 'main' on server 'resources\gamedata.db'.

--------------------------------------------------------------------------------
2025-02-04 04:25:29.715 [Debug] 20001 - Opened connection to database 'main' on server 'E:\2DMMORPG\TrauzeRPG\SERVER CLIENT\Server\resources\gamedata.db'.

--------------------------------------------------------------------------------
2025-02-04 04:25:29.717 [Debug] 20100 - Executing DbCommand [Parameters=[], CommandType='Text', CommandTimeout='30']
SELECT COUNT(*) FROM "sqlite_master" WHERE "name" = '__EFMigrationsHistory' AND "type" = 'table';

--------------------------------------------------------------------------------
2025-02-04 04:25:29.723 [Info] 20101 - Executed DbCommand (6ms) [Parameters=[], CommandType='Text', CommandTimeout='30']
SELECT COUNT(*) FROM "sqlite_master" WHERE "name" = '__EFMigrationsHistory' AND "type" = 'table';

--------------------------------------------------------------------------------
2025-02-04 04:25:29.724 [Debug] 20002 - Closing connection to database 'main' on server 'E:\2DMMORPG\TrauzeRPG\SERVER CLIENT\Server\resources\gamedata.db'.

--------------------------------------------------------------------------------
2025-02-04 04:25:29.725 [Debug] 20003 - Closed connection to database 'main' on server 'resources\gamedata.db' (0ms).

--------------------------------------------------------------------------------
2025-02-04 04:25:29.729 [Debug] 20103 - Creating DbCommand for 'ExecuteReader'.

--------------------------------------------------------------------------------
2025-02-04 04:25:29.729 [Debug] 20104 - Created DbCommand for 'ExecuteReader' (0ms).

--------------------------------------------------------------------------------
2025-02-04 04:25:29.729 [Debug] 20106 - Initialized DbCommand for 'ExecuteReader' (0ms).

--------------------------------------------------------------------------------
2025-02-04 04:25:29.729 [Debug] 20000 - Opening connection to database 'main' on server 'resources\gamedata.db'.

--------------------------------------------------------------------------------
2025-02-04 04:25:29.729 [Debug] 20001 - Opened connection to database 'main' on server 'E:\2DMMORPG\TrauzeRPG\SERVER CLIENT\Server\resources\gamedata.db'.

--------------------------------------------------------------------------------
2025-02-04 04:25:29.729 [Debug] 20100 - Executing DbCommand [Parameters=[], CommandType='Text', CommandTimeout='30']
SELECT "MigrationId", "ProductVersion"
FROM "__EFMigrationsHistory"
ORDER BY "MigrationId";

--------------------------------------------------------------------------------
2025-02-04 04:25:29.730 [Info] 20101 - Executed DbCommand (0ms) [Parameters=[], CommandType='Text', CommandTimeout='30']
SELECT "MigrationId", "ProductVersion"
FROM "__EFMigrationsHistory"
ORDER BY "MigrationId";

--------------------------------------------------------------------------------
2025-02-04 04:25:29.731 [Debug] 20301 - Closing data reader to 'main' on server 'E:\2DMMORPG\TrauzeRPG\SERVER CLIENT\Server\resources\gamedata.db'.

--------------------------------------------------------------------------------
2025-02-04 04:25:29.732 [Debug] 20300 - A data reader for 'main' on server 'E:\2DMMORPG\TrauzeRPG\SERVER CLIENT\Server\resources\gamedata.db' is being disposed after spending 1ms reading results.

--------------------------------------------------------------------------------
2025-02-04 04:25:29.732 [Debug] 20002 - Closing connection to database 'main' on server 'E:\2DMMORPG\TrauzeRPG\SERVER CLIENT\Server\resources\gamedata.db'.

--------------------------------------------------------------------------------
2025-02-04 04:25:29.732 [Debug] 20003 - Closed connection to database 'main' on server 'resources\gamedata.db' (0ms).

--------------------------------------------------------------------------------
2025-02-04 04:25:29.740 [Debug] 20005 - Creating DbConnection.

--------------------------------------------------------------------------------
2025-02-04 04:25:29.740 [Debug] 20006 - Created DbConnection. (0ms).

--------------------------------------------------------------------------------
2025-02-04 04:25:29.740 [Debug] 20000 - Opening connection to database 'main' on server 'resources\gamedata.db'.

--------------------------------------------------------------------------------
2025-02-04 04:25:29.740 [Debug] 20001 - Opened connection to database 'main' on server 'E:\2DMMORPG\TrauzeRPG\SERVER CLIENT\Server\resources\gamedata.db'.

--------------------------------------------------------------------------------
2025-02-04 04:25:29.740 [Debug] 20007 - Disposing connection to database 'main' on server 'resources\gamedata.db'.

--------------------------------------------------------------------------------
2025-02-04 04:25:29.740 [Debug] 20008 - Disposed connection to database 'main' on server 'resources\gamedata.db' (0ms).

--------------------------------------------------------------------------------
2025-02-04 04:25:29.740 [Debug] 20103 - Creating DbCommand for 'ExecuteScalar'.

--------------------------------------------------------------------------------
2025-02-04 04:25:29.740 [Debug] 20104 - Created DbCommand for 'ExecuteScalar' (0ms).

--------------------------------------------------------------------------------
2025-02-04 04:25:29.740 [Debug] 20106 - Initialized DbCommand for 'ExecuteScalar' (0ms).

--------------------------------------------------------------------------------
2025-02-04 04:25:29.740 [Debug] 20000 - Opening connection to database 'main' on server 'resources\gamedata.db'.

--------------------------------------------------------------------------------
2025-02-04 04:25:29.740 [Debug] 20001 - Opened connection to database 'main' on server 'E:\2DMMORPG\TrauzeRPG\SERVER CLIENT\Server\resources\gamedata.db'.

--------------------------------------------------------------------------------
2025-02-04 04:25:29.740 [Debug] 20100 - Executing DbCommand [Parameters=[], CommandType='Text', CommandTimeout='30']
SELECT COUNT(*) FROM "sqlite_master" WHERE "name" = '__EFMigrationsHistory' AND "type" = 'table';

--------------------------------------------------------------------------------
2025-02-04 04:25:29.740 [Info] 20101 - Executed DbCommand (0ms) [Parameters=[], CommandType='Text', CommandTimeout='30']
SELECT COUNT(*) FROM "sqlite_master" WHERE "name" = '__EFMigrationsHistory' AND "type" = 'table';

--------------------------------------------------------------------------------
2025-02-04 04:25:29.740 [Debug] 20002 - Closing connection to database 'main' on server 'E:\2DMMORPG\TrauzeRPG\SERVER CLIENT\Server\resources\gamedata.db'.

--------------------------------------------------------------------------------
2025-02-04 04:25:29.740 [Debug] 20003 - Closed connection to database 'main' on server 'resources\gamedata.db' (0ms).

--------------------------------------------------------------------------------
2025-02-04 04:25:29.740 [Debug] 20103 - Creating DbCommand for 'ExecuteReader'.

--------------------------------------------------------------------------------
2025-02-04 04:25:29.740 [Debug] 20104 - Created DbCommand for 'ExecuteReader' (0ms).

--------------------------------------------------------------------------------
2025-02-04 04:25:29.740 [Debug] 20106 - Initialized DbCommand for 'ExecuteReader' (0ms).

--------------------------------------------------------------------------------
2025-02-04 04:25:29.740 [Debug] 20000 - Opening connection to database 'main' on server 'resources\gamedata.db'.

--------------------------------------------------------------------------------
2025-02-04 04:25:29.740 [Debug] 20001 - Opened connection to database 'main' on server 'E:\2DMMORPG\TrauzeRPG\SERVER CLIENT\Server\resources\gamedata.db'.

--------------------------------------------------------------------------------
2025-02-04 04:25:29.740 [Debug] 20100 - Executing DbCommand [Parameters=[], CommandType='Text', CommandTimeout='30']
SELECT "MigrationId", "ProductVersion"
FROM "__EFMigrationsHistory"
ORDER BY "MigrationId";

--------------------------------------------------------------------------------
2025-02-04 04:25:29.740 [Info] 20101 - Executed DbCommand (0ms) [Parameters=[], CommandType='Text', CommandTimeout='30']
SELECT "MigrationId", "ProductVersion"
FROM "__EFMigrationsHistory"
ORDER BY "MigrationId";

--------------------------------------------------------------------------------
2025-02-04 04:25:29.740 [Debug] 20301 - Closing data reader to 'main' on server 'E:\2DMMORPG\TrauzeRPG\SERVER CLIENT\Server\resources\gamedata.db'.

--------------------------------------------------------------------------------
2025-02-04 04:25:29.740 [Debug] 20300 - A data reader for 'main' on server 'E:\2DMMORPG\TrauzeRPG\SERVER CLIENT\Server\resources\gamedata.db' is being disposed after spending 0ms reading results.

--------------------------------------------------------------------------------
2025-02-04 04:25:29.740 [Debug] 20002 - Closing connection to database 'main' on server 'E:\2DMMORPG\TrauzeRPG\SERVER CLIENT\Server\resources\gamedata.db'.

--------------------------------------------------------------------------------
2025-02-04 04:25:29.740 [Debug] 20003 - Closed connection to database 'main' on server 'resources\gamedata.db' (0ms).

--------------------------------------------------------------------------------
2025-02-04 04:25:29.788 [Debug] 10407 - 'SqliteGameContext' disposed.

--------------------------------------------------------------------------------
2025-02-04 04:25:29.788 [Debug] 20007 - Disposing connection to database 'main' on server 'resources\gamedata.db'.

--------------------------------------------------------------------------------
2025-02-04 04:25:29.788 [Debug] 20008 - Disposed connection to database 'main' on server 'resources\gamedata.db' (0ms).

--------------------------------------------------------------------------------
