2025-02-02 23:42:30.142 [Debug] 10607 - No relationship from 'BagSlot' to 'Bag' has been configured by convention because there are multiple properties on one entity type - {'Bag', 'ParentBag'} that could be matched with the properties on the other entity type - {'Slots'}. This message can be disregarded if explicit configuration has been specified in 'OnModelCreating'.

--------------------------------------------------------------------------------
2025-02-02 23:42:30.145 [Debug] 10607 - No relationship from 'Bag' to 'BagSlot' has been configured by convention because there are multiple properties on one entity type - {'Slots'} that could be matched with the properties on the other entity type - {'Bag', 'ParentBag'}. This message can be disregarded if explicit configuration has been specified in 'OnModelCreating'.

--------------------------------------------------------------------------------
2025-02-02 23:42:30.146 [Debug] 10607 - No relationship from 'Ban' to 'User' has been configured by convention because there are multiple properties on one entity type - {'User'} that could be matched with the properties on the other entity type - {'Ban', 'IpBan', 'UserBan'}. This message can be disregarded if explicit configuration has been specified in 'OnModelCreating'.

--------------------------------------------------------------------------------
2025-02-02 23:42:30.147 [Debug] 10607 - No relationship from 'Mute' to 'User' has been configured by convention because there are multiple properties on one entity type - {'User'} that could be matched with the properties on the other entity type - {'IpMute', 'Mute', 'UserMute'}. This message can be disregarded if explicit configuration has been specified in 'OnModelCreating'.

--------------------------------------------------------------------------------
2025-02-02 23:42:30.149 [Debug] 10607 - No relationship from 'Friend' to 'Player' has been configured by convention because there are multiple properties on one entity type - {'Owner', 'Target'} that could be matched with the properties on the other entity type - {'Friends'}. This message can be disregarded if explicit configuration has been specified in 'OnModelCreating'.

--------------------------------------------------------------------------------
2025-02-02 23:42:30.154 [Debug] 10607 - No relationship from 'Player' to 'Friend' has been configured by convention because there are multiple properties on one entity type - {'Friends'} that could be matched with the properties on the other entity type - {'Owner', 'Target'}. This message can be disregarded if explicit configuration has been specified in 'OnModelCreating'.

--------------------------------------------------------------------------------
2025-02-02 23:42:30.155 [Debug] 10607 - No relationship from 'User' to 'Ban' has been configured by convention because there are multiple properties on one entity type - {'Ban'} that could be matched with the properties on the other entity type - {'User'}. This message can be disregarded if explicit configuration has been specified in 'OnModelCreating'.

--------------------------------------------------------------------------------
2025-02-02 23:42:30.155 [Debug] 10607 - No relationship from 'User' to 'Mute' has been configured by convention because there are multiple properties on one entity type - {'Mute'} that could be matched with the properties on the other entity type - {'User'}. This message can be disregarded if explicit configuration has been specified in 'OnModelCreating'.

--------------------------------------------------------------------------------
2025-02-02 23:42:30.174 [Debug] 10607 - No relationship from 'User' to 'Mute' has been configured by convention because there are multiple properties on one entity type - {'Mute'} that could be matched with the properties on the other entity type - {'User'}. This message can be disregarded if explicit configuration has been specified in 'OnModelCreating'.

--------------------------------------------------------------------------------
2025-02-02 23:42:30.184 [Debug] 10607 - No relationship from 'Player' to 'Friend' has been configured by convention because there are multiple properties on one entity type - {'Friends'} that could be matched with the properties on the other entity type - {'Owner', 'Target'}. This message can be disregarded if explicit configuration has been specified in 'OnModelCreating'.

--------------------------------------------------------------------------------
2025-02-02 23:42:30.184 [Debug] 10607 - No relationship from 'Friend' to 'Player' has been configured by convention because there are multiple properties on one entity type - {'Owner', 'Target'} that could be matched with the properties on the other entity type - {'Friends'}. This message can be disregarded if explicit configuration has been specified in 'OnModelCreating'.

--------------------------------------------------------------------------------
2025-02-02 23:42:30.189 [Debug] 10607 - No relationship from 'Bag' to 'BagSlot' has been configured by convention because there are multiple properties on one entity type - {'Slots'} that could be matched with the properties on the other entity type - {'Bag', 'ParentBag'}. This message can be disregarded if explicit configuration has been specified in 'OnModelCreating'.

--------------------------------------------------------------------------------
2025-02-02 23:42:30.189 [Debug] 10607 - No relationship from 'BagSlot' to 'Bag' has been configured by convention because there are multiple properties on one entity type - {'Bag', 'ParentBag'} that could be matched with the properties on the other entity type - {'Slots'}. This message can be disregarded if explicit configuration has been specified in 'OnModelCreating'.

--------------------------------------------------------------------------------
2025-02-02 23:42:30.201 [Debug] 10600 - The property 'Friend.OwnerId' was created in shadow state because there are no eligible CLR members with a matching name.

--------------------------------------------------------------------------------
2025-02-02 23:42:30.201 [Debug] 10600 - The property 'Friend.TargetId' was created in shadow state because there are no eligible CLR members with a matching name.

--------------------------------------------------------------------------------
2025-02-02 23:42:30.201 [Debug] 10600 - The property 'Player.DbGuildId' was created in shadow state because there are no eligible CLR members with a matching name.

--------------------------------------------------------------------------------
2025-02-02 23:42:30.218 [Debug] 10403 - Entity Framework Core 7.0.11 initialized 'SqlitePlayerContext' using provider 'Microsoft.EntityFrameworkCore.Sqlite:7.0.11' with options: SensitiveDataLoggingEnabled DetailedErrorsEnabled 

--------------------------------------------------------------------------------
2025-02-02 23:42:30.302 [Debug] 20005 - Creating DbConnection.

--------------------------------------------------------------------------------
2025-02-02 23:42:30.302 [Debug] 20006 - Created DbConnection. (0ms).

--------------------------------------------------------------------------------
2025-02-02 23:42:30.302 [Debug] 20000 - Opening connection to database 'main' on server 'resources\playerdata.db'.

--------------------------------------------------------------------------------
2025-02-02 23:42:30.302 [Debug] 20001 - Opened connection to database 'main' on server 'E:\2DMMORPG\TrauzeRPG\SERVER CLIENT\Server\resources\playerdata.db'.

--------------------------------------------------------------------------------
2025-02-02 23:42:30.302 [Debug] 20007 - Disposing connection to database 'main' on server 'resources\playerdata.db'.

--------------------------------------------------------------------------------
2025-02-02 23:42:30.302 [Debug] 20008 - Disposed connection to database 'main' on server 'resources\playerdata.db' (0ms).

--------------------------------------------------------------------------------
2025-02-02 23:42:30.303 [Debug] 20103 - Creating DbCommand for 'ExecuteScalar'.

--------------------------------------------------------------------------------
2025-02-02 23:42:30.303 [Debug] 20005 - Creating DbConnection.

--------------------------------------------------------------------------------
2025-02-02 23:42:30.303 [Debug] 20006 - Created DbConnection. (0ms).

--------------------------------------------------------------------------------
2025-02-02 23:42:30.303 [Debug] 20104 - Created DbCommand for 'ExecuteScalar' (0ms).

--------------------------------------------------------------------------------
2025-02-02 23:42:30.303 [Debug] 20106 - Initialized DbCommand for 'ExecuteScalar' (0ms).

--------------------------------------------------------------------------------
2025-02-02 23:42:30.303 [Debug] 20000 - Opening connection to database 'main' on server 'resources\playerdata.db'.

--------------------------------------------------------------------------------
2025-02-02 23:42:30.303 [Debug] 20001 - Opened connection to database 'main' on server 'E:\2DMMORPG\TrauzeRPG\SERVER CLIENT\Server\resources\playerdata.db'.

--------------------------------------------------------------------------------
2025-02-02 23:42:30.303 [Debug] 20100 - Executing DbCommand [Parameters=[], CommandType='Text', CommandTimeout='30']
SELECT COUNT(*) FROM "sqlite_master" WHERE "name" = '__EFMigrationsHistory' AND "type" = 'table';

--------------------------------------------------------------------------------
2025-02-02 23:42:30.303 [Info] 20101 - Executed DbCommand (0ms) [Parameters=[], CommandType='Text', CommandTimeout='30']
SELECT COUNT(*) FROM "sqlite_master" WHERE "name" = '__EFMigrationsHistory' AND "type" = 'table';

--------------------------------------------------------------------------------
2025-02-02 23:42:30.303 [Debug] 20002 - Closing connection to database 'main' on server 'E:\2DMMORPG\TrauzeRPG\SERVER CLIENT\Server\resources\playerdata.db'.

--------------------------------------------------------------------------------
2025-02-02 23:42:30.303 [Debug] 20003 - Closed connection to database 'main' on server 'resources\playerdata.db' (0ms).

--------------------------------------------------------------------------------
2025-02-02 23:42:30.304 [Debug] 20103 - Creating DbCommand for 'ExecuteReader'.

--------------------------------------------------------------------------------
2025-02-02 23:42:30.304 [Debug] 20104 - Created DbCommand for 'ExecuteReader' (0ms).

--------------------------------------------------------------------------------
2025-02-02 23:42:30.304 [Debug] 20106 - Initialized DbCommand for 'ExecuteReader' (0ms).

--------------------------------------------------------------------------------
2025-02-02 23:42:30.304 [Debug] 20000 - Opening connection to database 'main' on server 'resources\playerdata.db'.

--------------------------------------------------------------------------------
2025-02-02 23:42:30.304 [Debug] 20001 - Opened connection to database 'main' on server 'E:\2DMMORPG\TrauzeRPG\SERVER CLIENT\Server\resources\playerdata.db'.

--------------------------------------------------------------------------------
2025-02-02 23:42:30.304 [Debug] 20100 - Executing DbCommand [Parameters=[], CommandType='Text', CommandTimeout='30']
SELECT "MigrationId", "ProductVersion"
FROM "__EFMigrationsHistory"
ORDER BY "MigrationId";

--------------------------------------------------------------------------------
2025-02-02 23:42:30.304 [Info] 20101 - Executed DbCommand (0ms) [Parameters=[], CommandType='Text', CommandTimeout='30']
SELECT "MigrationId", "ProductVersion"
FROM "__EFMigrationsHistory"
ORDER BY "MigrationId";

--------------------------------------------------------------------------------
2025-02-02 23:42:30.304 [Debug] 20301 - Closing data reader to 'main' on server 'E:\2DMMORPG\TrauzeRPG\SERVER CLIENT\Server\resources\playerdata.db'.

--------------------------------------------------------------------------------
2025-02-02 23:42:30.304 [Debug] 20300 - A data reader for 'main' on server 'E:\2DMMORPG\TrauzeRPG\SERVER CLIENT\Server\resources\playerdata.db' is being disposed after spending 0ms reading results.

--------------------------------------------------------------------------------
2025-02-02 23:42:30.304 [Debug] 20002 - Closing connection to database 'main' on server 'E:\2DMMORPG\TrauzeRPG\SERVER CLIENT\Server\resources\playerdata.db'.

--------------------------------------------------------------------------------
2025-02-02 23:42:30.304 [Debug] 20003 - Closed connection to database 'main' on server 'resources\playerdata.db' (0ms).

--------------------------------------------------------------------------------
2025-02-02 23:42:30.311 [Debug] 20005 - Creating DbConnection.

--------------------------------------------------------------------------------
2025-02-02 23:42:30.311 [Debug] 20006 - Created DbConnection. (0ms).

--------------------------------------------------------------------------------
2025-02-02 23:42:30.311 [Debug] 20000 - Opening connection to database 'main' on server 'resources\playerdata.db'.

--------------------------------------------------------------------------------
2025-02-02 23:42:30.311 [Debug] 20001 - Opened connection to database 'main' on server 'E:\2DMMORPG\TrauzeRPG\SERVER CLIENT\Server\resources\playerdata.db'.

--------------------------------------------------------------------------------
2025-02-02 23:42:30.311 [Debug] 20007 - Disposing connection to database 'main' on server 'resources\playerdata.db'.

--------------------------------------------------------------------------------
2025-02-02 23:42:30.311 [Debug] 20008 - Disposed connection to database 'main' on server 'resources\playerdata.db' (0ms).

--------------------------------------------------------------------------------
2025-02-02 23:42:30.311 [Debug] 20103 - Creating DbCommand for 'ExecuteScalar'.

--------------------------------------------------------------------------------
2025-02-02 23:42:30.311 [Debug] 20104 - Created DbCommand for 'ExecuteScalar' (0ms).

--------------------------------------------------------------------------------
2025-02-02 23:42:30.312 [Debug] 20106 - Initialized DbCommand for 'ExecuteScalar' (0ms).

--------------------------------------------------------------------------------
2025-02-02 23:42:30.312 [Debug] 20000 - Opening connection to database 'main' on server 'resources\playerdata.db'.

--------------------------------------------------------------------------------
2025-02-02 23:42:30.312 [Debug] 20001 - Opened connection to database 'main' on server 'E:\2DMMORPG\TrauzeRPG\SERVER CLIENT\Server\resources\playerdata.db'.

--------------------------------------------------------------------------------
2025-02-02 23:42:30.312 [Debug] 20100 - Executing DbCommand [Parameters=[], CommandType='Text', CommandTimeout='30']
SELECT COUNT(*) FROM "sqlite_master" WHERE "name" = '__EFMigrationsHistory' AND "type" = 'table';

--------------------------------------------------------------------------------
2025-02-02 23:42:30.312 [Info] 20101 - Executed DbCommand (0ms) [Parameters=[], CommandType='Text', CommandTimeout='30']
SELECT COUNT(*) FROM "sqlite_master" WHERE "name" = '__EFMigrationsHistory' AND "type" = 'table';

--------------------------------------------------------------------------------
2025-02-02 23:42:30.312 [Debug] 20002 - Closing connection to database 'main' on server 'E:\2DMMORPG\TrauzeRPG\SERVER CLIENT\Server\resources\playerdata.db'.

--------------------------------------------------------------------------------
2025-02-02 23:42:30.312 [Debug] 20003 - Closed connection to database 'main' on server 'resources\playerdata.db' (0ms).

--------------------------------------------------------------------------------
2025-02-02 23:42:30.312 [Debug] 20103 - Creating DbCommand for 'ExecuteReader'.

--------------------------------------------------------------------------------
2025-02-02 23:42:30.312 [Debug] 20104 - Created DbCommand for 'ExecuteReader' (0ms).

--------------------------------------------------------------------------------
2025-02-02 23:42:30.312 [Debug] 20106 - Initialized DbCommand for 'ExecuteReader' (0ms).

--------------------------------------------------------------------------------
2025-02-02 23:42:30.312 [Debug] 20000 - Opening connection to database 'main' on server 'resources\playerdata.db'.

--------------------------------------------------------------------------------
2025-02-02 23:42:30.312 [Debug] 20001 - Opened connection to database 'main' on server 'E:\2DMMORPG\TrauzeRPG\SERVER CLIENT\Server\resources\playerdata.db'.

--------------------------------------------------------------------------------
2025-02-02 23:42:30.312 [Debug] 20100 - Executing DbCommand [Parameters=[], CommandType='Text', CommandTimeout='30']
SELECT "MigrationId", "ProductVersion"
FROM "__EFMigrationsHistory"
ORDER BY "MigrationId";

--------------------------------------------------------------------------------
2025-02-02 23:42:30.312 [Info] 20101 - Executed DbCommand (0ms) [Parameters=[], CommandType='Text', CommandTimeout='30']
SELECT "MigrationId", "ProductVersion"
FROM "__EFMigrationsHistory"
ORDER BY "MigrationId";

--------------------------------------------------------------------------------
2025-02-02 23:42:30.312 [Debug] 20301 - Closing data reader to 'main' on server 'E:\2DMMORPG\TrauzeRPG\SERVER CLIENT\Server\resources\playerdata.db'.

--------------------------------------------------------------------------------
2025-02-02 23:42:30.312 [Debug] 20300 - A data reader for 'main' on server 'E:\2DMMORPG\TrauzeRPG\SERVER CLIENT\Server\resources\playerdata.db' is being disposed after spending 0ms reading results.

--------------------------------------------------------------------------------
2025-02-02 23:42:30.312 [Debug] 20002 - Closing connection to database 'main' on server 'E:\2DMMORPG\TrauzeRPG\SERVER CLIENT\Server\resources\playerdata.db'.

--------------------------------------------------------------------------------
2025-02-02 23:42:30.312 [Debug] 20003 - Closed connection to database 'main' on server 'resources\playerdata.db' (0ms).

--------------------------------------------------------------------------------
2025-02-02 23:42:30.314 [Debug] 20005 - Creating DbConnection.

--------------------------------------------------------------------------------
2025-02-02 23:42:30.314 [Debug] 20006 - Created DbConnection. (0ms).

--------------------------------------------------------------------------------
2025-02-02 23:42:30.314 [Debug] 20000 - Opening connection to database 'main' on server 'resources\playerdata.db'.

--------------------------------------------------------------------------------
2025-02-02 23:42:30.314 [Debug] 20001 - Opened connection to database 'main' on server 'E:\2DMMORPG\TrauzeRPG\SERVER CLIENT\Server\resources\playerdata.db'.

--------------------------------------------------------------------------------
2025-02-02 23:42:30.314 [Debug] 20007 - Disposing connection to database 'main' on server 'resources\playerdata.db'.

--------------------------------------------------------------------------------
2025-02-02 23:42:30.314 [Debug] 20008 - Disposed connection to database 'main' on server 'resources\playerdata.db' (0ms).

--------------------------------------------------------------------------------
2025-02-02 23:42:30.314 [Debug] 20103 - Creating DbCommand for 'ExecuteScalar'.

--------------------------------------------------------------------------------
2025-02-02 23:42:30.314 [Debug] 20104 - Created DbCommand for 'ExecuteScalar' (0ms).

--------------------------------------------------------------------------------
2025-02-02 23:42:30.314 [Debug] 20106 - Initialized DbCommand for 'ExecuteScalar' (0ms).

--------------------------------------------------------------------------------
2025-02-02 23:42:30.314 [Debug] 20000 - Opening connection to database 'main' on server 'resources\playerdata.db'.

--------------------------------------------------------------------------------
2025-02-02 23:42:30.314 [Debug] 20001 - Opened connection to database 'main' on server 'E:\2DMMORPG\TrauzeRPG\SERVER CLIENT\Server\resources\playerdata.db'.

--------------------------------------------------------------------------------
2025-02-02 23:42:30.314 [Debug] 20100 - Executing DbCommand [Parameters=[], CommandType='Text', CommandTimeout='30']
SELECT COUNT(*) FROM "sqlite_master" WHERE "name" = '__EFMigrationsHistory' AND "type" = 'table';

--------------------------------------------------------------------------------
2025-02-02 23:42:30.314 [Info] 20101 - Executed DbCommand (0ms) [Parameters=[], CommandType='Text', CommandTimeout='30']
SELECT COUNT(*) FROM "sqlite_master" WHERE "name" = '__EFMigrationsHistory' AND "type" = 'table';

--------------------------------------------------------------------------------
2025-02-02 23:42:30.314 [Debug] 20002 - Closing connection to database 'main' on server 'E:\2DMMORPG\TrauzeRPG\SERVER CLIENT\Server\resources\playerdata.db'.

--------------------------------------------------------------------------------
2025-02-02 23:42:30.314 [Debug] 20003 - Closed connection to database 'main' on server 'resources\playerdata.db' (0ms).

--------------------------------------------------------------------------------
2025-02-02 23:42:30.314 [Debug] 20103 - Creating DbCommand for 'ExecuteReader'.

--------------------------------------------------------------------------------
2025-02-02 23:42:30.314 [Debug] 20104 - Created DbCommand for 'ExecuteReader' (0ms).

--------------------------------------------------------------------------------
2025-02-02 23:42:30.314 [Debug] 20106 - Initialized DbCommand for 'ExecuteReader' (0ms).

--------------------------------------------------------------------------------
2025-02-02 23:42:30.314 [Debug] 20000 - Opening connection to database 'main' on server 'resources\playerdata.db'.

--------------------------------------------------------------------------------
2025-02-02 23:42:30.314 [Debug] 20001 - Opened connection to database 'main' on server 'E:\2DMMORPG\TrauzeRPG\SERVER CLIENT\Server\resources\playerdata.db'.

--------------------------------------------------------------------------------
2025-02-02 23:42:30.314 [Debug] 20100 - Executing DbCommand [Parameters=[], CommandType='Text', CommandTimeout='30']
SELECT "MigrationId", "ProductVersion"
FROM "__EFMigrationsHistory"
ORDER BY "MigrationId";

--------------------------------------------------------------------------------
2025-02-02 23:42:30.314 [Info] 20101 - Executed DbCommand (0ms) [Parameters=[], CommandType='Text', CommandTimeout='30']
SELECT "MigrationId", "ProductVersion"
FROM "__EFMigrationsHistory"
ORDER BY "MigrationId";

--------------------------------------------------------------------------------
2025-02-02 23:42:30.314 [Debug] 20301 - Closing data reader to 'main' on server 'E:\2DMMORPG\TrauzeRPG\SERVER CLIENT\Server\resources\playerdata.db'.

--------------------------------------------------------------------------------
2025-02-02 23:42:30.314 [Debug] 20300 - A data reader for 'main' on server 'E:\2DMMORPG\TrauzeRPG\SERVER CLIENT\Server\resources\playerdata.db' is being disposed after spending 0ms reading results.

--------------------------------------------------------------------------------
2025-02-02 23:42:30.314 [Debug] 20002 - Closing connection to database 'main' on server 'E:\2DMMORPG\TrauzeRPG\SERVER CLIENT\Server\resources\playerdata.db'.

--------------------------------------------------------------------------------
2025-02-02 23:42:30.314 [Debug] 20003 - Closed connection to database 'main' on server 'resources\playerdata.db' (0ms).

--------------------------------------------------------------------------------
2025-02-02 23:42:30.314 [Debug] 20005 - Creating DbConnection.

--------------------------------------------------------------------------------
2025-02-02 23:42:30.314 [Debug] 20006 - Created DbConnection. (0ms).

--------------------------------------------------------------------------------
2025-02-02 23:42:30.314 [Debug] 20000 - Opening connection to database 'main' on server 'resources\playerdata.db'.

--------------------------------------------------------------------------------
2025-02-02 23:42:30.315 [Debug] 20001 - Opened connection to database 'main' on server 'E:\2DMMORPG\TrauzeRPG\SERVER CLIENT\Server\resources\playerdata.db'.

--------------------------------------------------------------------------------
2025-02-02 23:42:30.315 [Debug] 20007 - Disposing connection to database 'main' on server 'resources\playerdata.db'.

--------------------------------------------------------------------------------
2025-02-02 23:42:30.315 [Debug] 20008 - Disposed connection to database 'main' on server 'resources\playerdata.db' (0ms).

--------------------------------------------------------------------------------
2025-02-02 23:42:30.315 [Debug] 20103 - Creating DbCommand for 'ExecuteScalar'.

--------------------------------------------------------------------------------
2025-02-02 23:42:30.315 [Debug] 20104 - Created DbCommand for 'ExecuteScalar' (0ms).

--------------------------------------------------------------------------------
2025-02-02 23:42:30.315 [Debug] 20106 - Initialized DbCommand for 'ExecuteScalar' (0ms).

--------------------------------------------------------------------------------
2025-02-02 23:42:30.315 [Debug] 20000 - Opening connection to database 'main' on server 'resources\playerdata.db'.

--------------------------------------------------------------------------------
2025-02-02 23:42:30.315 [Debug] 20001 - Opened connection to database 'main' on server 'E:\2DMMORPG\TrauzeRPG\SERVER CLIENT\Server\resources\playerdata.db'.

--------------------------------------------------------------------------------
2025-02-02 23:42:30.315 [Debug] 20100 - Executing DbCommand [Parameters=[], CommandType='Text', CommandTimeout='30']
SELECT COUNT(*) FROM "sqlite_master" WHERE "name" = '__EFMigrationsHistory' AND "type" = 'table';

--------------------------------------------------------------------------------
2025-02-02 23:42:30.315 [Info] 20101 - Executed DbCommand (0ms) [Parameters=[], CommandType='Text', CommandTimeout='30']
SELECT COUNT(*) FROM "sqlite_master" WHERE "name" = '__EFMigrationsHistory' AND "type" = 'table';

--------------------------------------------------------------------------------
2025-02-02 23:42:30.315 [Debug] 20002 - Closing connection to database 'main' on server 'E:\2DMMORPG\TrauzeRPG\SERVER CLIENT\Server\resources\playerdata.db'.

--------------------------------------------------------------------------------
2025-02-02 23:42:30.315 [Debug] 20003 - Closed connection to database 'main' on server 'resources\playerdata.db' (0ms).

--------------------------------------------------------------------------------
2025-02-02 23:42:30.315 [Debug] 20103 - Creating DbCommand for 'ExecuteReader'.

--------------------------------------------------------------------------------
2025-02-02 23:42:30.315 [Debug] 20104 - Created DbCommand for 'ExecuteReader' (0ms).

--------------------------------------------------------------------------------
2025-02-02 23:42:30.315 [Debug] 20106 - Initialized DbCommand for 'ExecuteReader' (0ms).

--------------------------------------------------------------------------------
2025-02-02 23:42:30.315 [Debug] 20000 - Opening connection to database 'main' on server 'resources\playerdata.db'.

--------------------------------------------------------------------------------
2025-02-02 23:42:30.315 [Debug] 20001 - Opened connection to database 'main' on server 'E:\2DMMORPG\TrauzeRPG\SERVER CLIENT\Server\resources\playerdata.db'.

--------------------------------------------------------------------------------
2025-02-02 23:42:30.315 [Debug] 20100 - Executing DbCommand [Parameters=[], CommandType='Text', CommandTimeout='30']
SELECT "MigrationId", "ProductVersion"
FROM "__EFMigrationsHistory"
ORDER BY "MigrationId";

--------------------------------------------------------------------------------
2025-02-02 23:42:30.315 [Info] 20101 - Executed DbCommand (0ms) [Parameters=[], CommandType='Text', CommandTimeout='30']
SELECT "MigrationId", "ProductVersion"
FROM "__EFMigrationsHistory"
ORDER BY "MigrationId";

--------------------------------------------------------------------------------
2025-02-02 23:42:30.315 [Debug] 20301 - Closing data reader to 'main' on server 'E:\2DMMORPG\TrauzeRPG\SERVER CLIENT\Server\resources\playerdata.db'.

--------------------------------------------------------------------------------
2025-02-02 23:42:30.315 [Debug] 20300 - A data reader for 'main' on server 'E:\2DMMORPG\TrauzeRPG\SERVER CLIENT\Server\resources\playerdata.db' is being disposed after spending 0ms reading results.

--------------------------------------------------------------------------------
2025-02-02 23:42:30.315 [Debug] 20002 - Closing connection to database 'main' on server 'E:\2DMMORPG\TrauzeRPG\SERVER CLIENT\Server\resources\playerdata.db'.

--------------------------------------------------------------------------------
2025-02-02 23:42:30.315 [Debug] 20003 - Closed connection to database 'main' on server 'resources\playerdata.db' (0ms).

--------------------------------------------------------------------------------
2025-02-02 23:42:30.316 [Debug] 20005 - Creating DbConnection.

--------------------------------------------------------------------------------
2025-02-02 23:42:30.316 [Debug] 20006 - Created DbConnection. (0ms).

--------------------------------------------------------------------------------
2025-02-02 23:42:30.316 [Debug] 20000 - Opening connection to database 'main' on server 'resources\playerdata.db'.

--------------------------------------------------------------------------------
2025-02-02 23:42:30.316 [Debug] 20001 - Opened connection to database 'main' on server 'E:\2DMMORPG\TrauzeRPG\SERVER CLIENT\Server\resources\playerdata.db'.

--------------------------------------------------------------------------------
2025-02-02 23:42:30.316 [Debug] 20007 - Disposing connection to database 'main' on server 'resources\playerdata.db'.

--------------------------------------------------------------------------------
2025-02-02 23:42:30.316 [Debug] 20008 - Disposed connection to database 'main' on server 'resources\playerdata.db' (0ms).

--------------------------------------------------------------------------------
2025-02-02 23:42:30.316 [Debug] 20103 - Creating DbCommand for 'ExecuteScalar'.

--------------------------------------------------------------------------------
2025-02-02 23:42:30.316 [Debug] 20104 - Created DbCommand for 'ExecuteScalar' (0ms).

--------------------------------------------------------------------------------
2025-02-02 23:42:30.316 [Debug] 20106 - Initialized DbCommand for 'ExecuteScalar' (0ms).

--------------------------------------------------------------------------------
2025-02-02 23:42:30.316 [Debug] 20000 - Opening connection to database 'main' on server 'resources\playerdata.db'.

--------------------------------------------------------------------------------
2025-02-02 23:42:30.316 [Debug] 20001 - Opened connection to database 'main' on server 'E:\2DMMORPG\TrauzeRPG\SERVER CLIENT\Server\resources\playerdata.db'.

--------------------------------------------------------------------------------
2025-02-02 23:42:30.316 [Debug] 20100 - Executing DbCommand [Parameters=[], CommandType='Text', CommandTimeout='30']
SELECT COUNT(*) FROM "sqlite_master" WHERE "name" = '__EFMigrationsHistory' AND "type" = 'table';

--------------------------------------------------------------------------------
2025-02-02 23:42:30.316 [Info] 20101 - Executed DbCommand (0ms) [Parameters=[], CommandType='Text', CommandTimeout='30']
SELECT COUNT(*) FROM "sqlite_master" WHERE "name" = '__EFMigrationsHistory' AND "type" = 'table';

--------------------------------------------------------------------------------
2025-02-02 23:42:30.316 [Debug] 20002 - Closing connection to database 'main' on server 'E:\2DMMORPG\TrauzeRPG\SERVER CLIENT\Server\resources\playerdata.db'.

--------------------------------------------------------------------------------
2025-02-02 23:42:30.316 [Debug] 20003 - Closed connection to database 'main' on server 'resources\playerdata.db' (0ms).

--------------------------------------------------------------------------------
2025-02-02 23:42:30.316 [Debug] 20103 - Creating DbCommand for 'ExecuteReader'.

--------------------------------------------------------------------------------
2025-02-02 23:42:30.316 [Debug] 20104 - Created DbCommand for 'ExecuteReader' (0ms).

--------------------------------------------------------------------------------
2025-02-02 23:42:30.316 [Debug] 20106 - Initialized DbCommand for 'ExecuteReader' (0ms).

--------------------------------------------------------------------------------
2025-02-02 23:42:30.316 [Debug] 20000 - Opening connection to database 'main' on server 'resources\playerdata.db'.

--------------------------------------------------------------------------------
2025-02-02 23:42:30.316 [Debug] 20001 - Opened connection to database 'main' on server 'E:\2DMMORPG\TrauzeRPG\SERVER CLIENT\Server\resources\playerdata.db'.

--------------------------------------------------------------------------------
2025-02-02 23:42:30.316 [Debug] 20100 - Executing DbCommand [Parameters=[], CommandType='Text', CommandTimeout='30']
SELECT "MigrationId", "ProductVersion"
FROM "__EFMigrationsHistory"
ORDER BY "MigrationId";

--------------------------------------------------------------------------------
2025-02-02 23:42:30.316 [Info] 20101 - Executed DbCommand (0ms) [Parameters=[], CommandType='Text', CommandTimeout='30']
SELECT "MigrationId", "ProductVersion"
FROM "__EFMigrationsHistory"
ORDER BY "MigrationId";

--------------------------------------------------------------------------------
2025-02-02 23:42:30.316 [Debug] 20301 - Closing data reader to 'main' on server 'E:\2DMMORPG\TrauzeRPG\SERVER CLIENT\Server\resources\playerdata.db'.

--------------------------------------------------------------------------------
2025-02-02 23:42:30.316 [Debug] 20300 - A data reader for 'main' on server 'E:\2DMMORPG\TrauzeRPG\SERVER CLIENT\Server\resources\playerdata.db' is being disposed after spending 0ms reading results.

--------------------------------------------------------------------------------
2025-02-02 23:42:30.316 [Debug] 20002 - Closing connection to database 'main' on server 'E:\2DMMORPG\TrauzeRPG\SERVER CLIENT\Server\resources\playerdata.db'.

--------------------------------------------------------------------------------
2025-02-02 23:42:30.316 [Debug] 20003 - Closed connection to database 'main' on server 'resources\playerdata.db' (0ms).

--------------------------------------------------------------------------------
2025-02-02 23:42:30.316 [Debug] 20005 - Creating DbConnection.

--------------------------------------------------------------------------------
2025-02-02 23:42:30.316 [Debug] 20006 - Created DbConnection. (0ms).

--------------------------------------------------------------------------------
2025-02-02 23:42:30.316 [Debug] 20000 - Opening connection to database 'main' on server 'resources\playerdata.db'.

--------------------------------------------------------------------------------
2025-02-02 23:42:30.316 [Debug] 20001 - Opened connection to database 'main' on server 'E:\2DMMORPG\TrauzeRPG\SERVER CLIENT\Server\resources\playerdata.db'.

--------------------------------------------------------------------------------
2025-02-02 23:42:30.316 [Debug] 20007 - Disposing connection to database 'main' on server 'resources\playerdata.db'.

--------------------------------------------------------------------------------
2025-02-02 23:42:30.316 [Debug] 20008 - Disposed connection to database 'main' on server 'resources\playerdata.db' (0ms).

--------------------------------------------------------------------------------
2025-02-02 23:42:30.316 [Debug] 20103 - Creating DbCommand for 'ExecuteScalar'.

--------------------------------------------------------------------------------
2025-02-02 23:42:30.316 [Debug] 20104 - Created DbCommand for 'ExecuteScalar' (0ms).

--------------------------------------------------------------------------------
2025-02-02 23:42:30.316 [Debug] 20106 - Initialized DbCommand for 'ExecuteScalar' (0ms).

--------------------------------------------------------------------------------
2025-02-02 23:42:30.316 [Debug] 20000 - Opening connection to database 'main' on server 'resources\playerdata.db'.

--------------------------------------------------------------------------------
2025-02-02 23:42:30.316 [Debug] 20001 - Opened connection to database 'main' on server 'E:\2DMMORPG\TrauzeRPG\SERVER CLIENT\Server\resources\playerdata.db'.

--------------------------------------------------------------------------------
2025-02-02 23:42:30.316 [Debug] 20100 - Executing DbCommand [Parameters=[], CommandType='Text', CommandTimeout='30']
SELECT COUNT(*) FROM "sqlite_master" WHERE "name" = '__EFMigrationsHistory' AND "type" = 'table';

--------------------------------------------------------------------------------
2025-02-02 23:42:30.316 [Info] 20101 - Executed DbCommand (0ms) [Parameters=[], CommandType='Text', CommandTimeout='30']
SELECT COUNT(*) FROM "sqlite_master" WHERE "name" = '__EFMigrationsHistory' AND "type" = 'table';

--------------------------------------------------------------------------------
2025-02-02 23:42:30.316 [Debug] 20002 - Closing connection to database 'main' on server 'E:\2DMMORPG\TrauzeRPG\SERVER CLIENT\Server\resources\playerdata.db'.

--------------------------------------------------------------------------------
2025-02-02 23:42:30.316 [Debug] 20003 - Closed connection to database 'main' on server 'resources\playerdata.db' (0ms).

--------------------------------------------------------------------------------
2025-02-02 23:42:30.316 [Debug] 20103 - Creating DbCommand for 'ExecuteReader'.

--------------------------------------------------------------------------------
2025-02-02 23:42:30.316 [Debug] 20104 - Created DbCommand for 'ExecuteReader' (0ms).

--------------------------------------------------------------------------------
2025-02-02 23:42:30.316 [Debug] 20106 - Initialized DbCommand for 'ExecuteReader' (0ms).

--------------------------------------------------------------------------------
2025-02-02 23:42:30.316 [Debug] 20000 - Opening connection to database 'main' on server 'resources\playerdata.db'.

--------------------------------------------------------------------------------
2025-02-02 23:42:30.316 [Debug] 20001 - Opened connection to database 'main' on server 'E:\2DMMORPG\TrauzeRPG\SERVER CLIENT\Server\resources\playerdata.db'.

--------------------------------------------------------------------------------
2025-02-02 23:42:30.316 [Debug] 20100 - Executing DbCommand [Parameters=[], CommandType='Text', CommandTimeout='30']
SELECT "MigrationId", "ProductVersion"
FROM "__EFMigrationsHistory"
ORDER BY "MigrationId";

--------------------------------------------------------------------------------
2025-02-02 23:42:30.316 [Info] 20101 - Executed DbCommand (0ms) [Parameters=[], CommandType='Text', CommandTimeout='30']
SELECT "MigrationId", "ProductVersion"
FROM "__EFMigrationsHistory"
ORDER BY "MigrationId";

--------------------------------------------------------------------------------
2025-02-02 23:42:30.316 [Debug] 20301 - Closing data reader to 'main' on server 'E:\2DMMORPG\TrauzeRPG\SERVER CLIENT\Server\resources\playerdata.db'.

--------------------------------------------------------------------------------
2025-02-02 23:42:30.317 [Debug] 20300 - A data reader for 'main' on server 'E:\2DMMORPG\TrauzeRPG\SERVER CLIENT\Server\resources\playerdata.db' is being disposed after spending 0ms reading results.

--------------------------------------------------------------------------------
2025-02-02 23:42:30.317 [Debug] 20002 - Closing connection to database 'main' on server 'E:\2DMMORPG\TrauzeRPG\SERVER CLIENT\Server\resources\playerdata.db'.

--------------------------------------------------------------------------------
2025-02-02 23:42:30.317 [Debug] 20003 - Closed connection to database 'main' on server 'resources\playerdata.db' (0ms).

--------------------------------------------------------------------------------
2025-02-02 23:42:30.317 [Debug] 20005 - Creating DbConnection.

--------------------------------------------------------------------------------
2025-02-02 23:42:30.317 [Debug] 20006 - Created DbConnection. (0ms).

--------------------------------------------------------------------------------
2025-02-02 23:42:30.317 [Debug] 20000 - Opening connection to database 'main' on server 'resources\playerdata.db'.

--------------------------------------------------------------------------------
2025-02-02 23:42:30.317 [Debug] 20001 - Opened connection to database 'main' on server 'E:\2DMMORPG\TrauzeRPG\SERVER CLIENT\Server\resources\playerdata.db'.

--------------------------------------------------------------------------------
2025-02-02 23:42:30.317 [Debug] 20007 - Disposing connection to database 'main' on server 'resources\playerdata.db'.

--------------------------------------------------------------------------------
2025-02-02 23:42:30.317 [Debug] 20008 - Disposed connection to database 'main' on server 'resources\playerdata.db' (0ms).

--------------------------------------------------------------------------------
2025-02-02 23:42:30.317 [Debug] 20103 - Creating DbCommand for 'ExecuteScalar'.

--------------------------------------------------------------------------------
2025-02-02 23:42:30.317 [Debug] 20104 - Created DbCommand for 'ExecuteScalar' (0ms).

--------------------------------------------------------------------------------
2025-02-02 23:42:30.317 [Debug] 20106 - Initialized DbCommand for 'ExecuteScalar' (0ms).

--------------------------------------------------------------------------------
2025-02-02 23:42:30.317 [Debug] 20000 - Opening connection to database 'main' on server 'resources\playerdata.db'.

--------------------------------------------------------------------------------
2025-02-02 23:42:30.317 [Debug] 20001 - Opened connection to database 'main' on server 'E:\2DMMORPG\TrauzeRPG\SERVER CLIENT\Server\resources\playerdata.db'.

--------------------------------------------------------------------------------
2025-02-02 23:42:30.317 [Debug] 20100 - Executing DbCommand [Parameters=[], CommandType='Text', CommandTimeout='30']
SELECT COUNT(*) FROM "sqlite_master" WHERE "name" = '__EFMigrationsHistory' AND "type" = 'table';

--------------------------------------------------------------------------------
2025-02-02 23:42:30.317 [Info] 20101 - Executed DbCommand (0ms) [Parameters=[], CommandType='Text', CommandTimeout='30']
SELECT COUNT(*) FROM "sqlite_master" WHERE "name" = '__EFMigrationsHistory' AND "type" = 'table';

--------------------------------------------------------------------------------
2025-02-02 23:42:30.317 [Debug] 20002 - Closing connection to database 'main' on server 'E:\2DMMORPG\TrauzeRPG\SERVER CLIENT\Server\resources\playerdata.db'.

--------------------------------------------------------------------------------
2025-02-02 23:42:30.317 [Debug] 20003 - Closed connection to database 'main' on server 'resources\playerdata.db' (0ms).

--------------------------------------------------------------------------------
2025-02-02 23:42:30.317 [Debug] 20103 - Creating DbCommand for 'ExecuteReader'.

--------------------------------------------------------------------------------
2025-02-02 23:42:30.317 [Debug] 20104 - Created DbCommand for 'ExecuteReader' (0ms).

--------------------------------------------------------------------------------
2025-02-02 23:42:30.317 [Debug] 20106 - Initialized DbCommand for 'ExecuteReader' (0ms).

--------------------------------------------------------------------------------
2025-02-02 23:42:30.317 [Debug] 20000 - Opening connection to database 'main' on server 'resources\playerdata.db'.

--------------------------------------------------------------------------------
2025-02-02 23:42:30.317 [Debug] 20001 - Opened connection to database 'main' on server 'E:\2DMMORPG\TrauzeRPG\SERVER CLIENT\Server\resources\playerdata.db'.

--------------------------------------------------------------------------------
2025-02-02 23:42:30.317 [Debug] 20100 - Executing DbCommand [Parameters=[], CommandType='Text', CommandTimeout='30']
SELECT "MigrationId", "ProductVersion"
FROM "__EFMigrationsHistory"
ORDER BY "MigrationId";

--------------------------------------------------------------------------------
2025-02-02 23:42:30.317 [Info] 20101 - Executed DbCommand (0ms) [Parameters=[], CommandType='Text', CommandTimeout='30']
SELECT "MigrationId", "ProductVersion"
FROM "__EFMigrationsHistory"
ORDER BY "MigrationId";

--------------------------------------------------------------------------------
2025-02-02 23:42:30.317 [Debug] 20301 - Closing data reader to 'main' on server 'E:\2DMMORPG\TrauzeRPG\SERVER CLIENT\Server\resources\playerdata.db'.

--------------------------------------------------------------------------------
2025-02-02 23:42:30.317 [Debug] 20300 - A data reader for 'main' on server 'E:\2DMMORPG\TrauzeRPG\SERVER CLIENT\Server\resources\playerdata.db' is being disposed after spending 0ms reading results.

--------------------------------------------------------------------------------
2025-02-02 23:42:30.317 [Debug] 20002 - Closing connection to database 'main' on server 'E:\2DMMORPG\TrauzeRPG\SERVER CLIENT\Server\resources\playerdata.db'.

--------------------------------------------------------------------------------
2025-02-02 23:42:30.317 [Debug] 20003 - Closed connection to database 'main' on server 'resources\playerdata.db' (0ms).

--------------------------------------------------------------------------------
2025-02-02 23:42:30.317 [Debug] 20005 - Creating DbConnection.

--------------------------------------------------------------------------------
2025-02-02 23:42:30.317 [Debug] 20006 - Created DbConnection. (0ms).

--------------------------------------------------------------------------------
2025-02-02 23:42:30.317 [Debug] 20000 - Opening connection to database 'main' on server 'resources\playerdata.db'.

--------------------------------------------------------------------------------
2025-02-02 23:42:30.317 [Debug] 20001 - Opened connection to database 'main' on server 'E:\2DMMORPG\TrauzeRPG\SERVER CLIENT\Server\resources\playerdata.db'.

--------------------------------------------------------------------------------
2025-02-02 23:42:30.317 [Debug] 20007 - Disposing connection to database 'main' on server 'resources\playerdata.db'.

--------------------------------------------------------------------------------
2025-02-02 23:42:30.317 [Debug] 20008 - Disposed connection to database 'main' on server 'resources\playerdata.db' (0ms).

--------------------------------------------------------------------------------
2025-02-02 23:42:30.317 [Debug] 20103 - Creating DbCommand for 'ExecuteScalar'.

--------------------------------------------------------------------------------
2025-02-02 23:42:30.317 [Debug] 20104 - Created DbCommand for 'ExecuteScalar' (0ms).

--------------------------------------------------------------------------------
2025-02-02 23:42:30.317 [Debug] 20106 - Initialized DbCommand for 'ExecuteScalar' (0ms).

--------------------------------------------------------------------------------
2025-02-02 23:42:30.317 [Debug] 20000 - Opening connection to database 'main' on server 'resources\playerdata.db'.

--------------------------------------------------------------------------------
2025-02-02 23:42:30.318 [Debug] 20001 - Opened connection to database 'main' on server 'E:\2DMMORPG\TrauzeRPG\SERVER CLIENT\Server\resources\playerdata.db'.

--------------------------------------------------------------------------------
2025-02-02 23:42:30.318 [Debug] 20100 - Executing DbCommand [Parameters=[], CommandType='Text', CommandTimeout='30']
SELECT COUNT(*) FROM "sqlite_master" WHERE "name" = '__EFMigrationsHistory' AND "type" = 'table';

--------------------------------------------------------------------------------
2025-02-02 23:42:30.318 [Info] 20101 - Executed DbCommand (0ms) [Parameters=[], CommandType='Text', CommandTimeout='30']
SELECT COUNT(*) FROM "sqlite_master" WHERE "name" = '__EFMigrationsHistory' AND "type" = 'table';

--------------------------------------------------------------------------------
2025-02-02 23:42:30.318 [Debug] 20002 - Closing connection to database 'main' on server 'E:\2DMMORPG\TrauzeRPG\SERVER CLIENT\Server\resources\playerdata.db'.

--------------------------------------------------------------------------------
2025-02-02 23:42:30.318 [Debug] 20003 - Closed connection to database 'main' on server 'resources\playerdata.db' (0ms).

--------------------------------------------------------------------------------
2025-02-02 23:42:30.318 [Debug] 20103 - Creating DbCommand for 'ExecuteReader'.

--------------------------------------------------------------------------------
2025-02-02 23:42:30.318 [Debug] 20104 - Created DbCommand for 'ExecuteReader' (0ms).

--------------------------------------------------------------------------------
2025-02-02 23:42:30.318 [Debug] 20106 - Initialized DbCommand for 'ExecuteReader' (0ms).

--------------------------------------------------------------------------------
2025-02-02 23:42:30.318 [Debug] 20000 - Opening connection to database 'main' on server 'resources\playerdata.db'.

--------------------------------------------------------------------------------
2025-02-02 23:42:30.318 [Debug] 20001 - Opened connection to database 'main' on server 'E:\2DMMORPG\TrauzeRPG\SERVER CLIENT\Server\resources\playerdata.db'.

--------------------------------------------------------------------------------
2025-02-02 23:42:30.318 [Debug] 20100 - Executing DbCommand [Parameters=[], CommandType='Text', CommandTimeout='30']
SELECT "MigrationId", "ProductVersion"
FROM "__EFMigrationsHistory"
ORDER BY "MigrationId";

--------------------------------------------------------------------------------
2025-02-02 23:42:30.318 [Info] 20101 - Executed DbCommand (0ms) [Parameters=[], CommandType='Text', CommandTimeout='30']
SELECT "MigrationId", "ProductVersion"
FROM "__EFMigrationsHistory"
ORDER BY "MigrationId";

--------------------------------------------------------------------------------
2025-02-02 23:42:30.318 [Debug] 20301 - Closing data reader to 'main' on server 'E:\2DMMORPG\TrauzeRPG\SERVER CLIENT\Server\resources\playerdata.db'.

--------------------------------------------------------------------------------
2025-02-02 23:42:30.318 [Debug] 20300 - A data reader for 'main' on server 'E:\2DMMORPG\TrauzeRPG\SERVER CLIENT\Server\resources\playerdata.db' is being disposed after spending 0ms reading results.

--------------------------------------------------------------------------------
2025-02-02 23:42:30.318 [Debug] 20002 - Closing connection to database 'main' on server 'E:\2DMMORPG\TrauzeRPG\SERVER CLIENT\Server\resources\playerdata.db'.

--------------------------------------------------------------------------------
2025-02-02 23:42:30.318 [Debug] 20003 - Closed connection to database 'main' on server 'resources\playerdata.db' (0ms).

--------------------------------------------------------------------------------
2025-02-02 23:42:30.318 [Debug] 20005 - Creating DbConnection.

--------------------------------------------------------------------------------
2025-02-02 23:42:30.318 [Debug] 20006 - Created DbConnection. (0ms).

--------------------------------------------------------------------------------
2025-02-02 23:42:30.318 [Debug] 20000 - Opening connection to database 'main' on server 'resources\playerdata.db'.

--------------------------------------------------------------------------------
2025-02-02 23:42:30.318 [Debug] 20001 - Opened connection to database 'main' on server 'E:\2DMMORPG\TrauzeRPG\SERVER CLIENT\Server\resources\playerdata.db'.

--------------------------------------------------------------------------------
2025-02-02 23:42:30.318 [Debug] 20007 - Disposing connection to database 'main' on server 'resources\playerdata.db'.

--------------------------------------------------------------------------------
2025-02-02 23:42:30.318 [Debug] 20008 - Disposed connection to database 'main' on server 'resources\playerdata.db' (0ms).

--------------------------------------------------------------------------------
2025-02-02 23:42:30.318 [Debug] 20103 - Creating DbCommand for 'ExecuteScalar'.

--------------------------------------------------------------------------------
2025-02-02 23:42:30.318 [Debug] 20104 - Created DbCommand for 'ExecuteScalar' (0ms).

--------------------------------------------------------------------------------
2025-02-02 23:42:30.318 [Debug] 20106 - Initialized DbCommand for 'ExecuteScalar' (0ms).

--------------------------------------------------------------------------------
2025-02-02 23:42:30.318 [Debug] 20000 - Opening connection to database 'main' on server 'resources\playerdata.db'.

--------------------------------------------------------------------------------
2025-02-02 23:42:30.318 [Debug] 20001 - Opened connection to database 'main' on server 'E:\2DMMORPG\TrauzeRPG\SERVER CLIENT\Server\resources\playerdata.db'.

--------------------------------------------------------------------------------
2025-02-02 23:42:30.318 [Debug] 20100 - Executing DbCommand [Parameters=[], CommandType='Text', CommandTimeout='30']
SELECT COUNT(*) FROM "sqlite_master" WHERE "name" = '__EFMigrationsHistory' AND "type" = 'table';

--------------------------------------------------------------------------------
2025-02-02 23:42:30.318 [Info] 20101 - Executed DbCommand (0ms) [Parameters=[], CommandType='Text', CommandTimeout='30']
SELECT COUNT(*) FROM "sqlite_master" WHERE "name" = '__EFMigrationsHistory' AND "type" = 'table';

--------------------------------------------------------------------------------
2025-02-02 23:42:30.318 [Debug] 20002 - Closing connection to database 'main' on server 'E:\2DMMORPG\TrauzeRPG\SERVER CLIENT\Server\resources\playerdata.db'.

--------------------------------------------------------------------------------
2025-02-02 23:42:30.318 [Debug] 20003 - Closed connection to database 'main' on server 'resources\playerdata.db' (0ms).

--------------------------------------------------------------------------------
2025-02-02 23:42:30.318 [Debug] 20103 - Creating DbCommand for 'ExecuteReader'.

--------------------------------------------------------------------------------
2025-02-02 23:42:30.318 [Debug] 20104 - Created DbCommand for 'ExecuteReader' (0ms).

--------------------------------------------------------------------------------
2025-02-02 23:42:30.318 [Debug] 20106 - Initialized DbCommand for 'ExecuteReader' (0ms).

--------------------------------------------------------------------------------
2025-02-02 23:42:30.318 [Debug] 20000 - Opening connection to database 'main' on server 'resources\playerdata.db'.

--------------------------------------------------------------------------------
2025-02-02 23:42:30.318 [Debug] 20001 - Opened connection to database 'main' on server 'E:\2DMMORPG\TrauzeRPG\SERVER CLIENT\Server\resources\playerdata.db'.

--------------------------------------------------------------------------------
2025-02-02 23:42:30.318 [Debug] 20100 - Executing DbCommand [Parameters=[], CommandType='Text', CommandTimeout='30']
SELECT "MigrationId", "ProductVersion"
FROM "__EFMigrationsHistory"
ORDER BY "MigrationId";

--------------------------------------------------------------------------------
2025-02-02 23:42:30.318 [Info] 20101 - Executed DbCommand (0ms) [Parameters=[], CommandType='Text', CommandTimeout='30']
SELECT "MigrationId", "ProductVersion"
FROM "__EFMigrationsHistory"
ORDER BY "MigrationId";

--------------------------------------------------------------------------------
2025-02-02 23:42:30.318 [Debug] 20301 - Closing data reader to 'main' on server 'E:\2DMMORPG\TrauzeRPG\SERVER CLIENT\Server\resources\playerdata.db'.

--------------------------------------------------------------------------------
2025-02-02 23:42:30.318 [Debug] 20300 - A data reader for 'main' on server 'E:\2DMMORPG\TrauzeRPG\SERVER CLIENT\Server\resources\playerdata.db' is being disposed after spending 0ms reading results.

--------------------------------------------------------------------------------
2025-02-02 23:42:30.318 [Debug] 20002 - Closing connection to database 'main' on server 'E:\2DMMORPG\TrauzeRPG\SERVER CLIENT\Server\resources\playerdata.db'.

--------------------------------------------------------------------------------
2025-02-02 23:42:30.318 [Debug] 20003 - Closed connection to database 'main' on server 'resources\playerdata.db' (0ms).

--------------------------------------------------------------------------------
2025-02-02 23:42:30.319 [Debug] 20005 - Creating DbConnection.

--------------------------------------------------------------------------------
2025-02-02 23:42:30.319 [Debug] 20006 - Created DbConnection. (0ms).

--------------------------------------------------------------------------------
2025-02-02 23:42:30.319 [Debug] 20000 - Opening connection to database 'main' on server 'resources\playerdata.db'.

--------------------------------------------------------------------------------
2025-02-02 23:42:30.319 [Debug] 20001 - Opened connection to database 'main' on server 'E:\2DMMORPG\TrauzeRPG\SERVER CLIENT\Server\resources\playerdata.db'.

--------------------------------------------------------------------------------
2025-02-02 23:42:30.319 [Debug] 20007 - Disposing connection to database 'main' on server 'resources\playerdata.db'.

--------------------------------------------------------------------------------
2025-02-02 23:42:30.319 [Debug] 20008 - Disposed connection to database 'main' on server 'resources\playerdata.db' (0ms).

--------------------------------------------------------------------------------
2025-02-02 23:42:30.319 [Debug] 20103 - Creating DbCommand for 'ExecuteScalar'.

--------------------------------------------------------------------------------
2025-02-02 23:42:30.319 [Debug] 20104 - Created DbCommand for 'ExecuteScalar' (0ms).

--------------------------------------------------------------------------------
2025-02-02 23:42:30.319 [Debug] 20106 - Initialized DbCommand for 'ExecuteScalar' (0ms).

--------------------------------------------------------------------------------
2025-02-02 23:42:30.319 [Debug] 20000 - Opening connection to database 'main' on server 'resources\playerdata.db'.

--------------------------------------------------------------------------------
2025-02-02 23:42:30.319 [Debug] 20001 - Opened connection to database 'main' on server 'E:\2DMMORPG\TrauzeRPG\SERVER CLIENT\Server\resources\playerdata.db'.

--------------------------------------------------------------------------------
2025-02-02 23:42:30.319 [Debug] 20100 - Executing DbCommand [Parameters=[], CommandType='Text', CommandTimeout='30']
SELECT COUNT(*) FROM "sqlite_master" WHERE "name" = '__EFMigrationsHistory' AND "type" = 'table';

--------------------------------------------------------------------------------
2025-02-02 23:42:30.319 [Info] 20101 - Executed DbCommand (0ms) [Parameters=[], CommandType='Text', CommandTimeout='30']
SELECT COUNT(*) FROM "sqlite_master" WHERE "name" = '__EFMigrationsHistory' AND "type" = 'table';

--------------------------------------------------------------------------------
2025-02-02 23:42:30.319 [Debug] 20002 - Closing connection to database 'main' on server 'E:\2DMMORPG\TrauzeRPG\SERVER CLIENT\Server\resources\playerdata.db'.

--------------------------------------------------------------------------------
2025-02-02 23:42:30.319 [Debug] 20003 - Closed connection to database 'main' on server 'resources\playerdata.db' (0ms).

--------------------------------------------------------------------------------
2025-02-02 23:42:30.319 [Debug] 20103 - Creating DbCommand for 'ExecuteReader'.

--------------------------------------------------------------------------------
2025-02-02 23:42:30.319 [Debug] 20104 - Created DbCommand for 'ExecuteReader' (0ms).

--------------------------------------------------------------------------------
2025-02-02 23:42:30.319 [Debug] 20106 - Initialized DbCommand for 'ExecuteReader' (0ms).

--------------------------------------------------------------------------------
2025-02-02 23:42:30.319 [Debug] 20000 - Opening connection to database 'main' on server 'resources\playerdata.db'.

--------------------------------------------------------------------------------
2025-02-02 23:42:30.319 [Debug] 20001 - Opened connection to database 'main' on server 'E:\2DMMORPG\TrauzeRPG\SERVER CLIENT\Server\resources\playerdata.db'.

--------------------------------------------------------------------------------
2025-02-02 23:42:30.319 [Debug] 20100 - Executing DbCommand [Parameters=[], CommandType='Text', CommandTimeout='30']
SELECT "MigrationId", "ProductVersion"
FROM "__EFMigrationsHistory"
ORDER BY "MigrationId";

--------------------------------------------------------------------------------
2025-02-02 23:42:30.319 [Info] 20101 - Executed DbCommand (0ms) [Parameters=[], CommandType='Text', CommandTimeout='30']
SELECT "MigrationId", "ProductVersion"
FROM "__EFMigrationsHistory"
ORDER BY "MigrationId";

--------------------------------------------------------------------------------
2025-02-02 23:42:30.319 [Debug] 20301 - Closing data reader to 'main' on server 'E:\2DMMORPG\TrauzeRPG\SERVER CLIENT\Server\resources\playerdata.db'.

--------------------------------------------------------------------------------
2025-02-02 23:42:30.319 [Debug] 20300 - A data reader for 'main' on server 'E:\2DMMORPG\TrauzeRPG\SERVER CLIENT\Server\resources\playerdata.db' is being disposed after spending 0ms reading results.

--------------------------------------------------------------------------------
2025-02-02 23:42:30.319 [Debug] 20002 - Closing connection to database 'main' on server 'E:\2DMMORPG\TrauzeRPG\SERVER CLIENT\Server\resources\playerdata.db'.

--------------------------------------------------------------------------------
2025-02-02 23:42:30.319 [Debug] 20003 - Closed connection to database 'main' on server 'resources\playerdata.db' (0ms).

--------------------------------------------------------------------------------
2025-02-02 23:42:30.319 [Debug] 20005 - Creating DbConnection.

--------------------------------------------------------------------------------
2025-02-02 23:42:30.319 [Debug] 20006 - Created DbConnection. (0ms).

--------------------------------------------------------------------------------
2025-02-02 23:42:30.319 [Debug] 20000 - Opening connection to database 'main' on server 'resources\playerdata.db'.

--------------------------------------------------------------------------------
2025-02-02 23:42:30.320 [Debug] 20001 - Opened connection to database 'main' on server 'E:\2DMMORPG\TrauzeRPG\SERVER CLIENT\Server\resources\playerdata.db'.

--------------------------------------------------------------------------------
2025-02-02 23:42:30.320 [Debug] 20007 - Disposing connection to database 'main' on server 'resources\playerdata.db'.

--------------------------------------------------------------------------------
2025-02-02 23:42:30.320 [Debug] 20008 - Disposed connection to database 'main' on server 'resources\playerdata.db' (0ms).

--------------------------------------------------------------------------------
2025-02-02 23:42:30.320 [Debug] 20103 - Creating DbCommand for 'ExecuteScalar'.

--------------------------------------------------------------------------------
2025-02-02 23:42:30.320 [Debug] 20104 - Created DbCommand for 'ExecuteScalar' (0ms).

--------------------------------------------------------------------------------
2025-02-02 23:42:30.320 [Debug] 20106 - Initialized DbCommand for 'ExecuteScalar' (0ms).

--------------------------------------------------------------------------------
2025-02-02 23:42:30.320 [Debug] 20000 - Opening connection to database 'main' on server 'resources\playerdata.db'.

--------------------------------------------------------------------------------
2025-02-02 23:42:30.320 [Debug] 20001 - Opened connection to database 'main' on server 'E:\2DMMORPG\TrauzeRPG\SERVER CLIENT\Server\resources\playerdata.db'.

--------------------------------------------------------------------------------
2025-02-02 23:42:30.320 [Debug] 20100 - Executing DbCommand [Parameters=[], CommandType='Text', CommandTimeout='30']
SELECT COUNT(*) FROM "sqlite_master" WHERE "name" = '__EFMigrationsHistory' AND "type" = 'table';

--------------------------------------------------------------------------------
2025-02-02 23:42:30.320 [Info] 20101 - Executed DbCommand (0ms) [Parameters=[], CommandType='Text', CommandTimeout='30']
SELECT COUNT(*) FROM "sqlite_master" WHERE "name" = '__EFMigrationsHistory' AND "type" = 'table';

--------------------------------------------------------------------------------
2025-02-02 23:42:30.320 [Debug] 20002 - Closing connection to database 'main' on server 'E:\2DMMORPG\TrauzeRPG\SERVER CLIENT\Server\resources\playerdata.db'.

--------------------------------------------------------------------------------
2025-02-02 23:42:30.320 [Debug] 20003 - Closed connection to database 'main' on server 'resources\playerdata.db' (0ms).

--------------------------------------------------------------------------------
2025-02-02 23:42:30.320 [Debug] 20103 - Creating DbCommand for 'ExecuteReader'.

--------------------------------------------------------------------------------
2025-02-02 23:42:30.320 [Debug] 20104 - Created DbCommand for 'ExecuteReader' (0ms).

--------------------------------------------------------------------------------
2025-02-02 23:42:30.320 [Debug] 20106 - Initialized DbCommand for 'ExecuteReader' (0ms).

--------------------------------------------------------------------------------
2025-02-02 23:42:30.320 [Debug] 20000 - Opening connection to database 'main' on server 'resources\playerdata.db'.

--------------------------------------------------------------------------------
2025-02-02 23:42:30.320 [Debug] 20001 - Opened connection to database 'main' on server 'E:\2DMMORPG\TrauzeRPG\SERVER CLIENT\Server\resources\playerdata.db'.

--------------------------------------------------------------------------------
2025-02-02 23:42:30.320 [Debug] 20100 - Executing DbCommand [Parameters=[], CommandType='Text', CommandTimeout='30']
SELECT "MigrationId", "ProductVersion"
FROM "__EFMigrationsHistory"
ORDER BY "MigrationId";

--------------------------------------------------------------------------------
2025-02-02 23:42:30.320 [Info] 20101 - Executed DbCommand (0ms) [Parameters=[], CommandType='Text', CommandTimeout='30']
SELECT "MigrationId", "ProductVersion"
FROM "__EFMigrationsHistory"
ORDER BY "MigrationId";

--------------------------------------------------------------------------------
2025-02-02 23:42:30.320 [Debug] 20301 - Closing data reader to 'main' on server 'E:\2DMMORPG\TrauzeRPG\SERVER CLIENT\Server\resources\playerdata.db'.

--------------------------------------------------------------------------------
2025-02-02 23:42:30.320 [Debug] 20300 - A data reader for 'main' on server 'E:\2DMMORPG\TrauzeRPG\SERVER CLIENT\Server\resources\playerdata.db' is being disposed after spending 0ms reading results.

--------------------------------------------------------------------------------
2025-02-02 23:42:30.320 [Debug] 20002 - Closing connection to database 'main' on server 'E:\2DMMORPG\TrauzeRPG\SERVER CLIENT\Server\resources\playerdata.db'.

--------------------------------------------------------------------------------
2025-02-02 23:42:30.320 [Debug] 20003 - Closed connection to database 'main' on server 'resources\playerdata.db' (0ms).

--------------------------------------------------------------------------------
2025-02-02 23:42:30.320 [Debug] 20005 - Creating DbConnection.

--------------------------------------------------------------------------------
2025-02-02 23:42:30.320 [Debug] 20006 - Created DbConnection. (0ms).

--------------------------------------------------------------------------------
2025-02-02 23:42:30.320 [Debug] 20000 - Opening connection to database 'main' on server 'resources\playerdata.db'.

--------------------------------------------------------------------------------
2025-02-02 23:42:30.320 [Debug] 20001 - Opened connection to database 'main' on server 'E:\2DMMORPG\TrauzeRPG\SERVER CLIENT\Server\resources\playerdata.db'.

--------------------------------------------------------------------------------
2025-02-02 23:42:30.320 [Debug] 20007 - Disposing connection to database 'main' on server 'resources\playerdata.db'.

--------------------------------------------------------------------------------
2025-02-02 23:42:30.320 [Debug] 20008 - Disposed connection to database 'main' on server 'resources\playerdata.db' (0ms).

--------------------------------------------------------------------------------
2025-02-02 23:42:30.320 [Debug] 20103 - Creating DbCommand for 'ExecuteScalar'.

--------------------------------------------------------------------------------
2025-02-02 23:42:30.320 [Debug] 20104 - Created DbCommand for 'ExecuteScalar' (0ms).

--------------------------------------------------------------------------------
2025-02-02 23:42:30.320 [Debug] 20106 - Initialized DbCommand for 'ExecuteScalar' (0ms).

--------------------------------------------------------------------------------
2025-02-02 23:42:30.320 [Debug] 20000 - Opening connection to database 'main' on server 'resources\playerdata.db'.

--------------------------------------------------------------------------------
2025-02-02 23:42:30.320 [Debug] 20001 - Opened connection to database 'main' on server 'E:\2DMMORPG\TrauzeRPG\SERVER CLIENT\Server\resources\playerdata.db'.

--------------------------------------------------------------------------------
2025-02-02 23:42:30.320 [Debug] 20100 - Executing DbCommand [Parameters=[], CommandType='Text', CommandTimeout='30']
SELECT COUNT(*) FROM "sqlite_master" WHERE "name" = '__EFMigrationsHistory' AND "type" = 'table';

--------------------------------------------------------------------------------
2025-02-02 23:42:30.320 [Info] 20101 - Executed DbCommand (0ms) [Parameters=[], CommandType='Text', CommandTimeout='30']
SELECT COUNT(*) FROM "sqlite_master" WHERE "name" = '__EFMigrationsHistory' AND "type" = 'table';

--------------------------------------------------------------------------------
2025-02-02 23:42:30.320 [Debug] 20002 - Closing connection to database 'main' on server 'E:\2DMMORPG\TrauzeRPG\SERVER CLIENT\Server\resources\playerdata.db'.

--------------------------------------------------------------------------------
2025-02-02 23:42:30.320 [Debug] 20003 - Closed connection to database 'main' on server 'resources\playerdata.db' (0ms).

--------------------------------------------------------------------------------
2025-02-02 23:42:30.320 [Debug] 20103 - Creating DbCommand for 'ExecuteReader'.

--------------------------------------------------------------------------------
2025-02-02 23:42:30.320 [Debug] 20104 - Created DbCommand for 'ExecuteReader' (0ms).

--------------------------------------------------------------------------------
2025-02-02 23:42:30.320 [Debug] 20106 - Initialized DbCommand for 'ExecuteReader' (0ms).

--------------------------------------------------------------------------------
2025-02-02 23:42:30.320 [Debug] 20000 - Opening connection to database 'main' on server 'resources\playerdata.db'.

--------------------------------------------------------------------------------
2025-02-02 23:42:30.320 [Debug] 20001 - Opened connection to database 'main' on server 'E:\2DMMORPG\TrauzeRPG\SERVER CLIENT\Server\resources\playerdata.db'.

--------------------------------------------------------------------------------
2025-02-02 23:42:30.320 [Debug] 20100 - Executing DbCommand [Parameters=[], CommandType='Text', CommandTimeout='30']
SELECT "MigrationId", "ProductVersion"
FROM "__EFMigrationsHistory"
ORDER BY "MigrationId";

--------------------------------------------------------------------------------
2025-02-02 23:42:30.320 [Info] 20101 - Executed DbCommand (0ms) [Parameters=[], CommandType='Text', CommandTimeout='30']
SELECT "MigrationId", "ProductVersion"
FROM "__EFMigrationsHistory"
ORDER BY "MigrationId";

--------------------------------------------------------------------------------
2025-02-02 23:42:30.320 [Debug] 20301 - Closing data reader to 'main' on server 'E:\2DMMORPG\TrauzeRPG\SERVER CLIENT\Server\resources\playerdata.db'.

--------------------------------------------------------------------------------
2025-02-02 23:42:30.320 [Debug] 20300 - A data reader for 'main' on server 'E:\2DMMORPG\TrauzeRPG\SERVER CLIENT\Server\resources\playerdata.db' is being disposed after spending 0ms reading results.

--------------------------------------------------------------------------------
2025-02-02 23:42:30.320 [Debug] 20002 - Closing connection to database 'main' on server 'E:\2DMMORPG\TrauzeRPG\SERVER CLIENT\Server\resources\playerdata.db'.

--------------------------------------------------------------------------------
2025-02-02 23:42:30.320 [Debug] 20003 - Closed connection to database 'main' on server 'resources\playerdata.db' (0ms).

--------------------------------------------------------------------------------
2025-02-02 23:42:30.324 [Debug] 20000 - Opening connection to database 'main' on server 'resources\playerdata.db'.

--------------------------------------------------------------------------------
2025-02-02 23:42:30.324 [Debug] 20001 - Opened connection to database 'main' on server 'E:\2DMMORPG\TrauzeRPG\SERVER CLIENT\Server\resources\playerdata.db'.

--------------------------------------------------------------------------------
2025-02-02 23:42:30.353 [Debug] 10403 - Entity Framework Core 7.0.11 initialized 'SqlitePlayerContext' using provider 'Microsoft.EntityFrameworkCore.Sqlite:7.0.11' with options: SensitiveDataLoggingEnabled DetailedErrorsEnabled 

--------------------------------------------------------------------------------
2025-02-02 23:42:30.353 [Debug] 20005 - Creating DbConnection.

--------------------------------------------------------------------------------
2025-02-02 23:42:30.353 [Debug] 20006 - Created DbConnection. (0ms).

--------------------------------------------------------------------------------
2025-02-02 23:42:30.355 [Debug] 10407 - 'SqlitePlayerContext' disposed.

--------------------------------------------------------------------------------
2025-02-02 23:42:30.355 [Debug] 20007 - Disposing connection to database 'main' on server 'resources\playerdata.db'.

--------------------------------------------------------------------------------
2025-02-02 23:42:30.355 [Debug] 20008 - Disposed connection to database 'main' on server 'resources\playerdata.db' (0ms).

--------------------------------------------------------------------------------
2025-02-02 23:42:30.355 [Debug] 20005 - Creating DbConnection.

--------------------------------------------------------------------------------
2025-02-02 23:42:30.356 [Debug] 20006 - Created DbConnection. (0ms).

--------------------------------------------------------------------------------
2025-02-02 23:42:30.356 [Debug] 20000 - Opening connection to database 'main' on server 'resources\playerdata.db'.

--------------------------------------------------------------------------------
2025-02-02 23:42:30.356 [Debug] 20001 - Opened connection to database 'main' on server 'E:\2DMMORPG\TrauzeRPG\SERVER CLIENT\Server\resources\playerdata.db'.

--------------------------------------------------------------------------------
2025-02-02 23:42:30.356 [Debug] 20007 - Disposing connection to database 'main' on server 'resources\playerdata.db'.

--------------------------------------------------------------------------------
2025-02-02 23:42:30.356 [Debug] 20008 - Disposed connection to database 'main' on server 'resources\playerdata.db' (0ms).

--------------------------------------------------------------------------------
2025-02-02 23:42:30.356 [Debug] 20103 - Creating DbCommand for 'ExecuteScalar'.

--------------------------------------------------------------------------------
2025-02-02 23:42:30.356 [Debug] 20104 - Created DbCommand for 'ExecuteScalar' (0ms).

--------------------------------------------------------------------------------
2025-02-02 23:42:30.356 [Debug] 20106 - Initialized DbCommand for 'ExecuteScalar' (0ms).

--------------------------------------------------------------------------------
2025-02-02 23:42:30.356 [Debug] 20100 - Executing DbCommand [Parameters=[], CommandType='Text', CommandTimeout='30']
SELECT COUNT(*) FROM "sqlite_master" WHERE "name" = '__EFMigrationsHistory' AND "type" = 'table';

--------------------------------------------------------------------------------
2025-02-02 23:42:30.356 [Info] 20101 - Executed DbCommand (0ms) [Parameters=[], CommandType='Text', CommandTimeout='30']
SELECT COUNT(*) FROM "sqlite_master" WHERE "name" = '__EFMigrationsHistory' AND "type" = 'table';

--------------------------------------------------------------------------------
2025-02-02 23:42:30.356 [Debug] 20103 - Creating DbCommand for 'ExecuteReader'.

--------------------------------------------------------------------------------
2025-02-02 23:42:30.356 [Debug] 20104 - Created DbCommand for 'ExecuteReader' (0ms).

--------------------------------------------------------------------------------
2025-02-02 23:42:30.356 [Debug] 20106 - Initialized DbCommand for 'ExecuteReader' (0ms).

--------------------------------------------------------------------------------
2025-02-02 23:42:30.356 [Debug] 20100 - Executing DbCommand [Parameters=[], CommandType='Text', CommandTimeout='30']
SELECT "MigrationId", "ProductVersion"
FROM "__EFMigrationsHistory"
ORDER BY "MigrationId";

--------------------------------------------------------------------------------
2025-02-02 23:42:30.356 [Info] 20101 - Executed DbCommand (0ms) [Parameters=[], CommandType='Text', CommandTimeout='30']
SELECT "MigrationId", "ProductVersion"
FROM "__EFMigrationsHistory"
ORDER BY "MigrationId";

--------------------------------------------------------------------------------
2025-02-02 23:42:30.356 [Debug] 20301 - Closing data reader to 'main' on server 'E:\2DMMORPG\TrauzeRPG\SERVER CLIENT\Server\resources\playerdata.db'.

--------------------------------------------------------------------------------
2025-02-02 23:42:30.356 [Debug] 20300 - A data reader for 'main' on server 'E:\2DMMORPG\TrauzeRPG\SERVER CLIENT\Server\resources\playerdata.db' is being disposed after spending 0ms reading results.

--------------------------------------------------------------------------------
2025-02-02 23:42:30.356 [Debug] 20005 - Creating DbConnection.

--------------------------------------------------------------------------------
2025-02-02 23:42:30.356 [Debug] 20006 - Created DbConnection. (0ms).

--------------------------------------------------------------------------------
2025-02-02 23:42:30.356 [Debug] 20000 - Opening connection to database 'main' on server 'resources\playerdata.db'.

--------------------------------------------------------------------------------
2025-02-02 23:42:30.356 [Debug] 20001 - Opened connection to database 'main' on server 'E:\2DMMORPG\TrauzeRPG\SERVER CLIENT\Server\resources\playerdata.db'.

--------------------------------------------------------------------------------
2025-02-02 23:42:30.356 [Debug] 20007 - Disposing connection to database 'main' on server 'resources\playerdata.db'.

--------------------------------------------------------------------------------
2025-02-02 23:42:30.356 [Debug] 20008 - Disposed connection to database 'main' on server 'resources\playerdata.db' (0ms).

--------------------------------------------------------------------------------
2025-02-02 23:42:30.356 [Debug] 20103 - Creating DbCommand for 'ExecuteScalar'.

--------------------------------------------------------------------------------
2025-02-02 23:42:30.356 [Debug] 20104 - Created DbCommand for 'ExecuteScalar' (0ms).

--------------------------------------------------------------------------------
2025-02-02 23:42:30.356 [Debug] 20106 - Initialized DbCommand for 'ExecuteScalar' (0ms).

--------------------------------------------------------------------------------
2025-02-02 23:42:30.356 [Debug] 20100 - Executing DbCommand [Parameters=[], CommandType='Text', CommandTimeout='30']
SELECT COUNT(*) FROM "sqlite_master" WHERE "name" = '__EFMigrationsHistory' AND "type" = 'table';

--------------------------------------------------------------------------------
2025-02-02 23:42:30.356 [Info] 20101 - Executed DbCommand (0ms) [Parameters=[], CommandType='Text', CommandTimeout='30']
SELECT COUNT(*) FROM "sqlite_master" WHERE "name" = '__EFMigrationsHistory' AND "type" = 'table';

--------------------------------------------------------------------------------
2025-02-02 23:42:30.356 [Debug] 20103 - Creating DbCommand for 'ExecuteReader'.

--------------------------------------------------------------------------------
2025-02-02 23:42:30.356 [Debug] 20104 - Created DbCommand for 'ExecuteReader' (0ms).

--------------------------------------------------------------------------------
2025-02-02 23:42:30.356 [Debug] 20106 - Initialized DbCommand for 'ExecuteReader' (0ms).

--------------------------------------------------------------------------------
2025-02-02 23:42:30.356 [Debug] 20100 - Executing DbCommand [Parameters=[], CommandType='Text', CommandTimeout='30']
SELECT "MigrationId", "ProductVersion"
FROM "__EFMigrationsHistory"
ORDER BY "MigrationId";

--------------------------------------------------------------------------------
2025-02-02 23:42:30.356 [Info] 20101 - Executed DbCommand (0ms) [Parameters=[], CommandType='Text', CommandTimeout='30']
SELECT "MigrationId", "ProductVersion"
FROM "__EFMigrationsHistory"
ORDER BY "MigrationId";

--------------------------------------------------------------------------------
2025-02-02 23:42:30.356 [Debug] 20301 - Closing data reader to 'main' on server 'E:\2DMMORPG\TrauzeRPG\SERVER CLIENT\Server\resources\playerdata.db'.

--------------------------------------------------------------------------------
2025-02-02 23:42:30.356 [Debug] 20300 - A data reader for 'main' on server 'E:\2DMMORPG\TrauzeRPG\SERVER CLIENT\Server\resources\playerdata.db' is being disposed after spending 0ms reading results.

--------------------------------------------------------------------------------
2025-02-02 23:42:30.357 [Debug] 10407 - 'SqlitePlayerContext' disposed.

--------------------------------------------------------------------------------
2025-02-02 23:42:30.357 [Debug] 20007 - Disposing connection to database 'main' on server 'resources\playerdata.db'.

--------------------------------------------------------------------------------
2025-02-02 23:42:30.357 [Debug] 20008 - Disposed connection to database 'main' on server 'resources\playerdata.db' (0ms).

--------------------------------------------------------------------------------
