2024-12-10 03:15:19.346 [Debug] 10607 - No relationship from 'BagSlot' to 'Bag' has been configured by convention because there are multiple properties on one entity type - {'Bag', 'ParentBag'} that could be matched with the properties on the other entity type - {'Slots'}. This message can be disregarded if explicit configuration has been specified in 'OnModelCreating'.

--------------------------------------------------------------------------------
2024-12-10 03:15:19.349 [Debug] 10607 - No relationship from 'Bag' to 'BagSlot' has been configured by convention because there are multiple properties on one entity type - {'Slots'} that could be matched with the properties on the other entity type - {'Bag', 'ParentBag'}. This message can be disregarded if explicit configuration has been specified in 'OnModelCreating'.

--------------------------------------------------------------------------------
2024-12-10 03:15:19.350 [Debug] 10607 - No relationship from 'Ban' to 'User' has been configured by convention because there are multiple properties on one entity type - {'User'} that could be matched with the properties on the other entity type - {'Ban', 'IpBan', 'UserBan'}. This message can be disregarded if explicit configuration has been specified in 'OnModelCreating'.

--------------------------------------------------------------------------------
2024-12-10 03:15:19.351 [Debug] 10607 - No relationship from 'Mute' to 'User' has been configured by convention because there are multiple properties on one entity type - {'User'} that could be matched with the properties on the other entity type - {'IpMute', 'Mute', 'UserMute'}. This message can be disregarded if explicit configuration has been specified in 'OnModelCreating'.

--------------------------------------------------------------------------------
2024-12-10 03:15:19.353 [Debug] 10607 - No relationship from 'Friend' to 'Player' has been configured by convention because there are multiple properties on one entity type - {'Owner', 'Target'} that could be matched with the properties on the other entity type - {'Friends'}. This message can be disregarded if explicit configuration has been specified in 'OnModelCreating'.

--------------------------------------------------------------------------------
2024-12-10 03:15:19.358 [Debug] 10607 - No relationship from 'Player' to 'Friend' has been configured by convention because there are multiple properties on one entity type - {'Friends'} that could be matched with the properties on the other entity type - {'Owner', 'Target'}. This message can be disregarded if explicit configuration has been specified in 'OnModelCreating'.

--------------------------------------------------------------------------------
2024-12-10 03:15:19.359 [Debug] 10607 - No relationship from 'User' to 'Ban' has been configured by convention because there are multiple properties on one entity type - {'Ban'} that could be matched with the properties on the other entity type - {'User'}. This message can be disregarded if explicit configuration has been specified in 'OnModelCreating'.

--------------------------------------------------------------------------------
2024-12-10 03:15:19.359 [Debug] 10607 - No relationship from 'User' to 'Mute' has been configured by convention because there are multiple properties on one entity type - {'Mute'} that could be matched with the properties on the other entity type - {'User'}. This message can be disregarded if explicit configuration has been specified in 'OnModelCreating'.

--------------------------------------------------------------------------------
2024-12-10 03:15:19.379 [Debug] 10607 - No relationship from 'User' to 'Mute' has been configured by convention because there are multiple properties on one entity type - {'Mute'} that could be matched with the properties on the other entity type - {'User'}. This message can be disregarded if explicit configuration has been specified in 'OnModelCreating'.

--------------------------------------------------------------------------------
2024-12-10 03:15:19.388 [Debug] 10607 - No relationship from 'Player' to 'Friend' has been configured by convention because there are multiple properties on one entity type - {'Friends'} that could be matched with the properties on the other entity type - {'Owner', 'Target'}. This message can be disregarded if explicit configuration has been specified in 'OnModelCreating'.

--------------------------------------------------------------------------------
2024-12-10 03:15:19.388 [Debug] 10607 - No relationship from 'Friend' to 'Player' has been configured by convention because there are multiple properties on one entity type - {'Owner', 'Target'} that could be matched with the properties on the other entity type - {'Friends'}. This message can be disregarded if explicit configuration has been specified in 'OnModelCreating'.

--------------------------------------------------------------------------------
2024-12-10 03:15:19.394 [Debug] 10607 - No relationship from 'Bag' to 'BagSlot' has been configured by convention because there are multiple properties on one entity type - {'Slots'} that could be matched with the properties on the other entity type - {'Bag', 'ParentBag'}. This message can be disregarded if explicit configuration has been specified in 'OnModelCreating'.

--------------------------------------------------------------------------------
2024-12-10 03:15:19.394 [Debug] 10607 - No relationship from 'BagSlot' to 'Bag' has been configured by convention because there are multiple properties on one entity type - {'Bag', 'ParentBag'} that could be matched with the properties on the other entity type - {'Slots'}. This message can be disregarded if explicit configuration has been specified in 'OnModelCreating'.

--------------------------------------------------------------------------------
2024-12-10 03:15:19.406 [Debug] 10600 - The property 'Friend.OwnerId' was created in shadow state because there are no eligible CLR members with a matching name.

--------------------------------------------------------------------------------
2024-12-10 03:15:19.406 [Debug] 10600 - The property 'Friend.TargetId' was created in shadow state because there are no eligible CLR members with a matching name.

--------------------------------------------------------------------------------
2024-12-10 03:15:19.406 [Debug] 10600 - The property 'Player.DbGuildId' was created in shadow state because there are no eligible CLR members with a matching name.

--------------------------------------------------------------------------------
2024-12-10 03:15:19.424 [Debug] 10403 - Entity Framework Core 7.0.11 initialized 'SqlitePlayerContext' using provider 'Microsoft.EntityFrameworkCore.Sqlite:7.0.11' with options: SensitiveDataLoggingEnabled DetailedErrorsEnabled 

--------------------------------------------------------------------------------
2024-12-10 03:15:19.509 [Debug] 20005 - Creating DbConnection.

--------------------------------------------------------------------------------
2024-12-10 03:15:19.509 [Debug] 20006 - Created DbConnection. (0ms).

--------------------------------------------------------------------------------
2024-12-10 03:15:19.509 [Debug] 20000 - Opening connection to database 'main' on server 'resources\playerdata.db'.

--------------------------------------------------------------------------------
2024-12-10 03:15:19.509 [Debug] 20001 - Opened connection to database 'main' on server 'C:\Users\Hanst\OneDrive\Desktop\TrauzeRPG\pipmmo\Server\resources\playerdata.db'.

--------------------------------------------------------------------------------
2024-12-10 03:15:19.509 [Debug] 20007 - Disposing connection to database 'main' on server 'resources\playerdata.db'.

--------------------------------------------------------------------------------
2024-12-10 03:15:19.509 [Debug] 20008 - Disposed connection to database 'main' on server 'resources\playerdata.db' (0ms).

--------------------------------------------------------------------------------
2024-12-10 03:15:19.509 [Debug] 20103 - Creating DbCommand for 'ExecuteScalar'.

--------------------------------------------------------------------------------
2024-12-10 03:15:19.509 [Debug] 20005 - Creating DbConnection.

--------------------------------------------------------------------------------
2024-12-10 03:15:19.509 [Debug] 20006 - Created DbConnection. (0ms).

--------------------------------------------------------------------------------
2024-12-10 03:15:19.509 [Debug] 20104 - Created DbCommand for 'ExecuteScalar' (0ms).

--------------------------------------------------------------------------------
2024-12-10 03:15:19.509 [Debug] 20106 - Initialized DbCommand for 'ExecuteScalar' (0ms).

--------------------------------------------------------------------------------
2024-12-10 03:15:19.509 [Debug] 20000 - Opening connection to database 'main' on server 'resources\playerdata.db'.

--------------------------------------------------------------------------------
2024-12-10 03:15:19.509 [Debug] 20001 - Opened connection to database 'main' on server 'C:\Users\Hanst\OneDrive\Desktop\TrauzeRPG\pipmmo\Server\resources\playerdata.db'.

--------------------------------------------------------------------------------
2024-12-10 03:15:19.509 [Debug] 20100 - Executing DbCommand [Parameters=[], CommandType='Text', CommandTimeout='30']
SELECT COUNT(*) FROM "sqlite_master" WHERE "name" = '__EFMigrationsHistory' AND "type" = 'table';

--------------------------------------------------------------------------------
2024-12-10 03:15:19.510 [Info] 20101 - Executed DbCommand (0ms) [Parameters=[], CommandType='Text', CommandTimeout='30']
SELECT COUNT(*) FROM "sqlite_master" WHERE "name" = '__EFMigrationsHistory' AND "type" = 'table';

--------------------------------------------------------------------------------
2024-12-10 03:15:19.510 [Debug] 20002 - Closing connection to database 'main' on server 'C:\Users\Hanst\OneDrive\Desktop\TrauzeRPG\pipmmo\Server\resources\playerdata.db'.

--------------------------------------------------------------------------------
2024-12-10 03:15:19.510 [Debug] 20003 - Closed connection to database 'main' on server 'resources\playerdata.db' (0ms).

--------------------------------------------------------------------------------
2024-12-10 03:15:19.510 [Debug] 20103 - Creating DbCommand for 'ExecuteReader'.

--------------------------------------------------------------------------------
2024-12-10 03:15:19.510 [Debug] 20104 - Created DbCommand for 'ExecuteReader' (0ms).

--------------------------------------------------------------------------------
2024-12-10 03:15:19.510 [Debug] 20106 - Initialized DbCommand for 'ExecuteReader' (0ms).

--------------------------------------------------------------------------------
2024-12-10 03:15:19.510 [Debug] 20000 - Opening connection to database 'main' on server 'resources\playerdata.db'.

--------------------------------------------------------------------------------
2024-12-10 03:15:19.510 [Debug] 20001 - Opened connection to database 'main' on server 'C:\Users\Hanst\OneDrive\Desktop\TrauzeRPG\pipmmo\Server\resources\playerdata.db'.

--------------------------------------------------------------------------------
2024-12-10 03:15:19.510 [Debug] 20100 - Executing DbCommand [Parameters=[], CommandType='Text', CommandTimeout='30']
SELECT "MigrationId", "ProductVersion"
FROM "__EFMigrationsHistory"
ORDER BY "MigrationId";

--------------------------------------------------------------------------------
2024-12-10 03:15:19.510 [Info] 20101 - Executed DbCommand (0ms) [Parameters=[], CommandType='Text', CommandTimeout='30']
SELECT "MigrationId", "ProductVersion"
FROM "__EFMigrationsHistory"
ORDER BY "MigrationId";

--------------------------------------------------------------------------------
2024-12-10 03:15:19.510 [Debug] 20301 - Closing data reader to 'main' on server 'C:\Users\Hanst\OneDrive\Desktop\TrauzeRPG\pipmmo\Server\resources\playerdata.db'.

--------------------------------------------------------------------------------
2024-12-10 03:15:19.510 [Debug] 20300 - A data reader for 'main' on server 'C:\Users\Hanst\OneDrive\Desktop\TrauzeRPG\pipmmo\Server\resources\playerdata.db' is being disposed after spending 0ms reading results.

--------------------------------------------------------------------------------
2024-12-10 03:15:19.510 [Debug] 20002 - Closing connection to database 'main' on server 'C:\Users\Hanst\OneDrive\Desktop\TrauzeRPG\pipmmo\Server\resources\playerdata.db'.

--------------------------------------------------------------------------------
2024-12-10 03:15:19.510 [Debug] 20003 - Closed connection to database 'main' on server 'resources\playerdata.db' (0ms).

--------------------------------------------------------------------------------
2024-12-10 03:15:19.518 [Debug] 20005 - Creating DbConnection.

--------------------------------------------------------------------------------
2024-12-10 03:15:19.518 [Debug] 20006 - Created DbConnection. (0ms).

--------------------------------------------------------------------------------
2024-12-10 03:15:19.518 [Debug] 20000 - Opening connection to database 'main' on server 'resources\playerdata.db'.

--------------------------------------------------------------------------------
2024-12-10 03:15:19.518 [Debug] 20001 - Opened connection to database 'main' on server 'C:\Users\Hanst\OneDrive\Desktop\TrauzeRPG\pipmmo\Server\resources\playerdata.db'.

--------------------------------------------------------------------------------
2024-12-10 03:15:19.518 [Debug] 20007 - Disposing connection to database 'main' on server 'resources\playerdata.db'.

--------------------------------------------------------------------------------
2024-12-10 03:15:19.518 [Debug] 20008 - Disposed connection to database 'main' on server 'resources\playerdata.db' (0ms).

--------------------------------------------------------------------------------
2024-12-10 03:15:19.518 [Debug] 20103 - Creating DbCommand for 'ExecuteScalar'.

--------------------------------------------------------------------------------
2024-12-10 03:15:19.518 [Debug] 20104 - Created DbCommand for 'ExecuteScalar' (0ms).

--------------------------------------------------------------------------------
2024-12-10 03:15:19.518 [Debug] 20106 - Initialized DbCommand for 'ExecuteScalar' (0ms).

--------------------------------------------------------------------------------
2024-12-10 03:15:19.518 [Debug] 20000 - Opening connection to database 'main' on server 'resources\playerdata.db'.

--------------------------------------------------------------------------------
2024-12-10 03:15:19.518 [Debug] 20001 - Opened connection to database 'main' on server 'C:\Users\Hanst\OneDrive\Desktop\TrauzeRPG\pipmmo\Server\resources\playerdata.db'.

--------------------------------------------------------------------------------
2024-12-10 03:15:19.518 [Debug] 20100 - Executing DbCommand [Parameters=[], CommandType='Text', CommandTimeout='30']
SELECT COUNT(*) FROM "sqlite_master" WHERE "name" = '__EFMigrationsHistory' AND "type" = 'table';

--------------------------------------------------------------------------------
2024-12-10 03:15:19.518 [Info] 20101 - Executed DbCommand (0ms) [Parameters=[], CommandType='Text', CommandTimeout='30']
SELECT COUNT(*) FROM "sqlite_master" WHERE "name" = '__EFMigrationsHistory' AND "type" = 'table';

--------------------------------------------------------------------------------
2024-12-10 03:15:19.518 [Debug] 20002 - Closing connection to database 'main' on server 'C:\Users\Hanst\OneDrive\Desktop\TrauzeRPG\pipmmo\Server\resources\playerdata.db'.

--------------------------------------------------------------------------------
2024-12-10 03:15:19.518 [Debug] 20003 - Closed connection to database 'main' on server 'resources\playerdata.db' (0ms).

--------------------------------------------------------------------------------
2024-12-10 03:15:19.518 [Debug] 20103 - Creating DbCommand for 'ExecuteReader'.

--------------------------------------------------------------------------------
2024-12-10 03:15:19.518 [Debug] 20104 - Created DbCommand for 'ExecuteReader' (0ms).

--------------------------------------------------------------------------------
2024-12-10 03:15:19.518 [Debug] 20106 - Initialized DbCommand for 'ExecuteReader' (0ms).

--------------------------------------------------------------------------------
2024-12-10 03:15:19.518 [Debug] 20000 - Opening connection to database 'main' on server 'resources\playerdata.db'.

--------------------------------------------------------------------------------
2024-12-10 03:15:19.518 [Debug] 20001 - Opened connection to database 'main' on server 'C:\Users\Hanst\OneDrive\Desktop\TrauzeRPG\pipmmo\Server\resources\playerdata.db'.

--------------------------------------------------------------------------------
2024-12-10 03:15:19.518 [Debug] 20100 - Executing DbCommand [Parameters=[], CommandType='Text', CommandTimeout='30']
SELECT "MigrationId", "ProductVersion"
FROM "__EFMigrationsHistory"
ORDER BY "MigrationId";

--------------------------------------------------------------------------------
2024-12-10 03:15:19.518 [Info] 20101 - Executed DbCommand (0ms) [Parameters=[], CommandType='Text', CommandTimeout='30']
SELECT "MigrationId", "ProductVersion"
FROM "__EFMigrationsHistory"
ORDER BY "MigrationId";

--------------------------------------------------------------------------------
2024-12-10 03:15:19.519 [Debug] 20301 - Closing data reader to 'main' on server 'C:\Users\Hanst\OneDrive\Desktop\TrauzeRPG\pipmmo\Server\resources\playerdata.db'.

--------------------------------------------------------------------------------
2024-12-10 03:15:19.519 [Debug] 20300 - A data reader for 'main' on server 'C:\Users\Hanst\OneDrive\Desktop\TrauzeRPG\pipmmo\Server\resources\playerdata.db' is being disposed after spending 0ms reading results.

--------------------------------------------------------------------------------
2024-12-10 03:15:19.519 [Debug] 20002 - Closing connection to database 'main' on server 'C:\Users\Hanst\OneDrive\Desktop\TrauzeRPG\pipmmo\Server\resources\playerdata.db'.

--------------------------------------------------------------------------------
2024-12-10 03:15:19.519 [Debug] 20003 - Closed connection to database 'main' on server 'resources\playerdata.db' (0ms).

--------------------------------------------------------------------------------
2024-12-10 03:15:19.520 [Debug] 20005 - Creating DbConnection.

--------------------------------------------------------------------------------
2024-12-10 03:15:19.520 [Debug] 20006 - Created DbConnection. (0ms).

--------------------------------------------------------------------------------
2024-12-10 03:15:19.520 [Debug] 20000 - Opening connection to database 'main' on server 'resources\playerdata.db'.

--------------------------------------------------------------------------------
2024-12-10 03:15:19.520 [Debug] 20001 - Opened connection to database 'main' on server 'C:\Users\Hanst\OneDrive\Desktop\TrauzeRPG\pipmmo\Server\resources\playerdata.db'.

--------------------------------------------------------------------------------
2024-12-10 03:15:19.520 [Debug] 20007 - Disposing connection to database 'main' on server 'resources\playerdata.db'.

--------------------------------------------------------------------------------
2024-12-10 03:15:19.520 [Debug] 20008 - Disposed connection to database 'main' on server 'resources\playerdata.db' (0ms).

--------------------------------------------------------------------------------
2024-12-10 03:15:19.520 [Debug] 20103 - Creating DbCommand for 'ExecuteScalar'.

--------------------------------------------------------------------------------
2024-12-10 03:15:19.520 [Debug] 20104 - Created DbCommand for 'ExecuteScalar' (0ms).

--------------------------------------------------------------------------------
2024-12-10 03:15:19.520 [Debug] 20106 - Initialized DbCommand for 'ExecuteScalar' (0ms).

--------------------------------------------------------------------------------
2024-12-10 03:15:19.520 [Debug] 20000 - Opening connection to database 'main' on server 'resources\playerdata.db'.

--------------------------------------------------------------------------------
2024-12-10 03:15:19.520 [Debug] 20001 - Opened connection to database 'main' on server 'C:\Users\Hanst\OneDrive\Desktop\TrauzeRPG\pipmmo\Server\resources\playerdata.db'.

--------------------------------------------------------------------------------
2024-12-10 03:15:19.520 [Debug] 20100 - Executing DbCommand [Parameters=[], CommandType='Text', CommandTimeout='30']
SELECT COUNT(*) FROM "sqlite_master" WHERE "name" = '__EFMigrationsHistory' AND "type" = 'table';

--------------------------------------------------------------------------------
2024-12-10 03:15:19.520 [Info] 20101 - Executed DbCommand (0ms) [Parameters=[], CommandType='Text', CommandTimeout='30']
SELECT COUNT(*) FROM "sqlite_master" WHERE "name" = '__EFMigrationsHistory' AND "type" = 'table';

--------------------------------------------------------------------------------
2024-12-10 03:15:19.520 [Debug] 20002 - Closing connection to database 'main' on server 'C:\Users\Hanst\OneDrive\Desktop\TrauzeRPG\pipmmo\Server\resources\playerdata.db'.

--------------------------------------------------------------------------------
2024-12-10 03:15:19.520 [Debug] 20003 - Closed connection to database 'main' on server 'resources\playerdata.db' (0ms).

--------------------------------------------------------------------------------
2024-12-10 03:15:19.520 [Debug] 20103 - Creating DbCommand for 'ExecuteReader'.

--------------------------------------------------------------------------------
2024-12-10 03:15:19.520 [Debug] 20104 - Created DbCommand for 'ExecuteReader' (0ms).

--------------------------------------------------------------------------------
2024-12-10 03:15:19.520 [Debug] 20106 - Initialized DbCommand for 'ExecuteReader' (0ms).

--------------------------------------------------------------------------------
2024-12-10 03:15:19.520 [Debug] 20000 - Opening connection to database 'main' on server 'resources\playerdata.db'.

--------------------------------------------------------------------------------
2024-12-10 03:15:19.520 [Debug] 20001 - Opened connection to database 'main' on server 'C:\Users\Hanst\OneDrive\Desktop\TrauzeRPG\pipmmo\Server\resources\playerdata.db'.

--------------------------------------------------------------------------------
2024-12-10 03:15:19.520 [Debug] 20100 - Executing DbCommand [Parameters=[], CommandType='Text', CommandTimeout='30']
SELECT "MigrationId", "ProductVersion"
FROM "__EFMigrationsHistory"
ORDER BY "MigrationId";

--------------------------------------------------------------------------------
2024-12-10 03:15:19.521 [Info] 20101 - Executed DbCommand (0ms) [Parameters=[], CommandType='Text', CommandTimeout='30']
SELECT "MigrationId", "ProductVersion"
FROM "__EFMigrationsHistory"
ORDER BY "MigrationId";

--------------------------------------------------------------------------------
2024-12-10 03:15:19.521 [Debug] 20301 - Closing data reader to 'main' on server 'C:\Users\Hanst\OneDrive\Desktop\TrauzeRPG\pipmmo\Server\resources\playerdata.db'.

--------------------------------------------------------------------------------
2024-12-10 03:15:19.521 [Debug] 20300 - A data reader for 'main' on server 'C:\Users\Hanst\OneDrive\Desktop\TrauzeRPG\pipmmo\Server\resources\playerdata.db' is being disposed after spending 0ms reading results.

--------------------------------------------------------------------------------
2024-12-10 03:15:19.521 [Debug] 20002 - Closing connection to database 'main' on server 'C:\Users\Hanst\OneDrive\Desktop\TrauzeRPG\pipmmo\Server\resources\playerdata.db'.

--------------------------------------------------------------------------------
2024-12-10 03:15:19.521 [Debug] 20003 - Closed connection to database 'main' on server 'resources\playerdata.db' (0ms).

--------------------------------------------------------------------------------
2024-12-10 03:15:19.521 [Debug] 20005 - Creating DbConnection.

--------------------------------------------------------------------------------
2024-12-10 03:15:19.521 [Debug] 20006 - Created DbConnection. (0ms).

--------------------------------------------------------------------------------
2024-12-10 03:15:19.521 [Debug] 20000 - Opening connection to database 'main' on server 'resources\playerdata.db'.

--------------------------------------------------------------------------------
2024-12-10 03:15:19.521 [Debug] 20001 - Opened connection to database 'main' on server 'C:\Users\Hanst\OneDrive\Desktop\TrauzeRPG\pipmmo\Server\resources\playerdata.db'.

--------------------------------------------------------------------------------
2024-12-10 03:15:19.521 [Debug] 20007 - Disposing connection to database 'main' on server 'resources\playerdata.db'.

--------------------------------------------------------------------------------
2024-12-10 03:15:19.521 [Debug] 20008 - Disposed connection to database 'main' on server 'resources\playerdata.db' (0ms).

--------------------------------------------------------------------------------
2024-12-10 03:15:19.521 [Debug] 20103 - Creating DbCommand for 'ExecuteScalar'.

--------------------------------------------------------------------------------
2024-12-10 03:15:19.521 [Debug] 20104 - Created DbCommand for 'ExecuteScalar' (0ms).

--------------------------------------------------------------------------------
2024-12-10 03:15:19.521 [Debug] 20106 - Initialized DbCommand for 'ExecuteScalar' (0ms).

--------------------------------------------------------------------------------
2024-12-10 03:15:19.521 [Debug] 20000 - Opening connection to database 'main' on server 'resources\playerdata.db'.

--------------------------------------------------------------------------------
2024-12-10 03:15:19.521 [Debug] 20001 - Opened connection to database 'main' on server 'C:\Users\Hanst\OneDrive\Desktop\TrauzeRPG\pipmmo\Server\resources\playerdata.db'.

--------------------------------------------------------------------------------
2024-12-10 03:15:19.521 [Debug] 20100 - Executing DbCommand [Parameters=[], CommandType='Text', CommandTimeout='30']
SELECT COUNT(*) FROM "sqlite_master" WHERE "name" = '__EFMigrationsHistory' AND "type" = 'table';

--------------------------------------------------------------------------------
2024-12-10 03:15:19.521 [Info] 20101 - Executed DbCommand (0ms) [Parameters=[], CommandType='Text', CommandTimeout='30']
SELECT COUNT(*) FROM "sqlite_master" WHERE "name" = '__EFMigrationsHistory' AND "type" = 'table';

--------------------------------------------------------------------------------
2024-12-10 03:15:19.521 [Debug] 20002 - Closing connection to database 'main' on server 'C:\Users\Hanst\OneDrive\Desktop\TrauzeRPG\pipmmo\Server\resources\playerdata.db'.

--------------------------------------------------------------------------------
2024-12-10 03:15:19.521 [Debug] 20003 - Closed connection to database 'main' on server 'resources\playerdata.db' (0ms).

--------------------------------------------------------------------------------
2024-12-10 03:15:19.521 [Debug] 20103 - Creating DbCommand for 'ExecuteReader'.

--------------------------------------------------------------------------------
2024-12-10 03:15:19.521 [Debug] 20104 - Created DbCommand for 'ExecuteReader' (0ms).

--------------------------------------------------------------------------------
2024-12-10 03:15:19.521 [Debug] 20106 - Initialized DbCommand for 'ExecuteReader' (0ms).

--------------------------------------------------------------------------------
2024-12-10 03:15:19.521 [Debug] 20000 - Opening connection to database 'main' on server 'resources\playerdata.db'.

--------------------------------------------------------------------------------
2024-12-10 03:15:19.521 [Debug] 20001 - Opened connection to database 'main' on server 'C:\Users\Hanst\OneDrive\Desktop\TrauzeRPG\pipmmo\Server\resources\playerdata.db'.

--------------------------------------------------------------------------------
2024-12-10 03:15:19.521 [Debug] 20100 - Executing DbCommand [Parameters=[], CommandType='Text', CommandTimeout='30']
SELECT "MigrationId", "ProductVersion"
FROM "__EFMigrationsHistory"
ORDER BY "MigrationId";

--------------------------------------------------------------------------------
2024-12-10 03:15:19.521 [Info] 20101 - Executed DbCommand (0ms) [Parameters=[], CommandType='Text', CommandTimeout='30']
SELECT "MigrationId", "ProductVersion"
FROM "__EFMigrationsHistory"
ORDER BY "MigrationId";

--------------------------------------------------------------------------------
2024-12-10 03:15:19.521 [Debug] 20301 - Closing data reader to 'main' on server 'C:\Users\Hanst\OneDrive\Desktop\TrauzeRPG\pipmmo\Server\resources\playerdata.db'.

--------------------------------------------------------------------------------
2024-12-10 03:15:19.522 [Debug] 20300 - A data reader for 'main' on server 'C:\Users\Hanst\OneDrive\Desktop\TrauzeRPG\pipmmo\Server\resources\playerdata.db' is being disposed after spending 0ms reading results.

--------------------------------------------------------------------------------
2024-12-10 03:15:19.522 [Debug] 20002 - Closing connection to database 'main' on server 'C:\Users\Hanst\OneDrive\Desktop\TrauzeRPG\pipmmo\Server\resources\playerdata.db'.

--------------------------------------------------------------------------------
2024-12-10 03:15:19.522 [Debug] 20003 - Closed connection to database 'main' on server 'resources\playerdata.db' (0ms).

--------------------------------------------------------------------------------
2024-12-10 03:15:19.522 [Debug] 20005 - Creating DbConnection.

--------------------------------------------------------------------------------
2024-12-10 03:15:19.522 [Debug] 20006 - Created DbConnection. (0ms).

--------------------------------------------------------------------------------
2024-12-10 03:15:19.522 [Debug] 20000 - Opening connection to database 'main' on server 'resources\playerdata.db'.

--------------------------------------------------------------------------------
2024-12-10 03:15:19.522 [Debug] 20001 - Opened connection to database 'main' on server 'C:\Users\Hanst\OneDrive\Desktop\TrauzeRPG\pipmmo\Server\resources\playerdata.db'.

--------------------------------------------------------------------------------
2024-12-10 03:15:19.522 [Debug] 20007 - Disposing connection to database 'main' on server 'resources\playerdata.db'.

--------------------------------------------------------------------------------
2024-12-10 03:15:19.522 [Debug] 20008 - Disposed connection to database 'main' on server 'resources\playerdata.db' (0ms).

--------------------------------------------------------------------------------
2024-12-10 03:15:19.522 [Debug] 20103 - Creating DbCommand for 'ExecuteScalar'.

--------------------------------------------------------------------------------
2024-12-10 03:15:19.522 [Debug] 20104 - Created DbCommand for 'ExecuteScalar' (0ms).

--------------------------------------------------------------------------------
2024-12-10 03:15:19.522 [Debug] 20106 - Initialized DbCommand for 'ExecuteScalar' (0ms).

--------------------------------------------------------------------------------
2024-12-10 03:15:19.522 [Debug] 20000 - Opening connection to database 'main' on server 'resources\playerdata.db'.

--------------------------------------------------------------------------------
2024-12-10 03:15:19.522 [Debug] 20001 - Opened connection to database 'main' on server 'C:\Users\Hanst\OneDrive\Desktop\TrauzeRPG\pipmmo\Server\resources\playerdata.db'.

--------------------------------------------------------------------------------
2024-12-10 03:15:19.522 [Debug] 20100 - Executing DbCommand [Parameters=[], CommandType='Text', CommandTimeout='30']
SELECT COUNT(*) FROM "sqlite_master" WHERE "name" = '__EFMigrationsHistory' AND "type" = 'table';

--------------------------------------------------------------------------------
2024-12-10 03:15:19.522 [Info] 20101 - Executed DbCommand (0ms) [Parameters=[], CommandType='Text', CommandTimeout='30']
SELECT COUNT(*) FROM "sqlite_master" WHERE "name" = '__EFMigrationsHistory' AND "type" = 'table';

--------------------------------------------------------------------------------
2024-12-10 03:15:19.522 [Debug] 20002 - Closing connection to database 'main' on server 'C:\Users\Hanst\OneDrive\Desktop\TrauzeRPG\pipmmo\Server\resources\playerdata.db'.

--------------------------------------------------------------------------------
2024-12-10 03:15:19.522 [Debug] 20003 - Closed connection to database 'main' on server 'resources\playerdata.db' (0ms).

--------------------------------------------------------------------------------
2024-12-10 03:15:19.522 [Debug] 20103 - Creating DbCommand for 'ExecuteReader'.

--------------------------------------------------------------------------------
2024-12-10 03:15:19.522 [Debug] 20104 - Created DbCommand for 'ExecuteReader' (0ms).

--------------------------------------------------------------------------------
2024-12-10 03:15:19.522 [Debug] 20106 - Initialized DbCommand for 'ExecuteReader' (0ms).

--------------------------------------------------------------------------------
2024-12-10 03:15:19.522 [Debug] 20000 - Opening connection to database 'main' on server 'resources\playerdata.db'.

--------------------------------------------------------------------------------
2024-12-10 03:15:19.522 [Debug] 20001 - Opened connection to database 'main' on server 'C:\Users\Hanst\OneDrive\Desktop\TrauzeRPG\pipmmo\Server\resources\playerdata.db'.

--------------------------------------------------------------------------------
2024-12-10 03:15:19.522 [Debug] 20100 - Executing DbCommand [Parameters=[], CommandType='Text', CommandTimeout='30']
SELECT "MigrationId", "ProductVersion"
FROM "__EFMigrationsHistory"
ORDER BY "MigrationId";

--------------------------------------------------------------------------------
2024-12-10 03:15:19.522 [Info] 20101 - Executed DbCommand (0ms) [Parameters=[], CommandType='Text', CommandTimeout='30']
SELECT "MigrationId", "ProductVersion"
FROM "__EFMigrationsHistory"
ORDER BY "MigrationId";

--------------------------------------------------------------------------------
2024-12-10 03:15:19.522 [Debug] 20301 - Closing data reader to 'main' on server 'C:\Users\Hanst\OneDrive\Desktop\TrauzeRPG\pipmmo\Server\resources\playerdata.db'.

--------------------------------------------------------------------------------
2024-12-10 03:15:19.522 [Debug] 20300 - A data reader for 'main' on server 'C:\Users\Hanst\OneDrive\Desktop\TrauzeRPG\pipmmo\Server\resources\playerdata.db' is being disposed after spending 0ms reading results.

--------------------------------------------------------------------------------
2024-12-10 03:15:19.522 [Debug] 20002 - Closing connection to database 'main' on server 'C:\Users\Hanst\OneDrive\Desktop\TrauzeRPG\pipmmo\Server\resources\playerdata.db'.

--------------------------------------------------------------------------------
2024-12-10 03:15:19.522 [Debug] 20003 - Closed connection to database 'main' on server 'resources\playerdata.db' (0ms).

--------------------------------------------------------------------------------
2024-12-10 03:15:19.523 [Debug] 20005 - Creating DbConnection.

--------------------------------------------------------------------------------
2024-12-10 03:15:19.523 [Debug] 20006 - Created DbConnection. (0ms).

--------------------------------------------------------------------------------
2024-12-10 03:15:19.523 [Debug] 20000 - Opening connection to database 'main' on server 'resources\playerdata.db'.

--------------------------------------------------------------------------------
2024-12-10 03:15:19.523 [Debug] 20001 - Opened connection to database 'main' on server 'C:\Users\Hanst\OneDrive\Desktop\TrauzeRPG\pipmmo\Server\resources\playerdata.db'.

--------------------------------------------------------------------------------
2024-12-10 03:15:19.523 [Debug] 20007 - Disposing connection to database 'main' on server 'resources\playerdata.db'.

--------------------------------------------------------------------------------
2024-12-10 03:15:19.523 [Debug] 20008 - Disposed connection to database 'main' on server 'resources\playerdata.db' (0ms).

--------------------------------------------------------------------------------
2024-12-10 03:15:19.523 [Debug] 20103 - Creating DbCommand for 'ExecuteScalar'.

--------------------------------------------------------------------------------
2024-12-10 03:15:19.523 [Debug] 20104 - Created DbCommand for 'ExecuteScalar' (0ms).

--------------------------------------------------------------------------------
2024-12-10 03:15:19.523 [Debug] 20106 - Initialized DbCommand for 'ExecuteScalar' (0ms).

--------------------------------------------------------------------------------
2024-12-10 03:15:19.523 [Debug] 20000 - Opening connection to database 'main' on server 'resources\playerdata.db'.

--------------------------------------------------------------------------------
2024-12-10 03:15:19.523 [Debug] 20001 - Opened connection to database 'main' on server 'C:\Users\Hanst\OneDrive\Desktop\TrauzeRPG\pipmmo\Server\resources\playerdata.db'.

--------------------------------------------------------------------------------
2024-12-10 03:15:19.523 [Debug] 20100 - Executing DbCommand [Parameters=[], CommandType='Text', CommandTimeout='30']
SELECT COUNT(*) FROM "sqlite_master" WHERE "name" = '__EFMigrationsHistory' AND "type" = 'table';

--------------------------------------------------------------------------------
2024-12-10 03:15:19.523 [Info] 20101 - Executed DbCommand (0ms) [Parameters=[], CommandType='Text', CommandTimeout='30']
SELECT COUNT(*) FROM "sqlite_master" WHERE "name" = '__EFMigrationsHistory' AND "type" = 'table';

--------------------------------------------------------------------------------
2024-12-10 03:15:19.523 [Debug] 20002 - Closing connection to database 'main' on server 'C:\Users\Hanst\OneDrive\Desktop\TrauzeRPG\pipmmo\Server\resources\playerdata.db'.

--------------------------------------------------------------------------------
2024-12-10 03:15:19.523 [Debug] 20003 - Closed connection to database 'main' on server 'resources\playerdata.db' (0ms).

--------------------------------------------------------------------------------
2024-12-10 03:15:19.523 [Debug] 20103 - Creating DbCommand for 'ExecuteReader'.

--------------------------------------------------------------------------------
2024-12-10 03:15:19.523 [Debug] 20104 - Created DbCommand for 'ExecuteReader' (0ms).

--------------------------------------------------------------------------------
2024-12-10 03:15:19.523 [Debug] 20106 - Initialized DbCommand for 'ExecuteReader' (0ms).

--------------------------------------------------------------------------------
2024-12-10 03:15:19.523 [Debug] 20000 - Opening connection to database 'main' on server 'resources\playerdata.db'.

--------------------------------------------------------------------------------
2024-12-10 03:15:19.523 [Debug] 20001 - Opened connection to database 'main' on server 'C:\Users\Hanst\OneDrive\Desktop\TrauzeRPG\pipmmo\Server\resources\playerdata.db'.

--------------------------------------------------------------------------------
2024-12-10 03:15:19.523 [Debug] 20100 - Executing DbCommand [Parameters=[], CommandType='Text', CommandTimeout='30']
SELECT "MigrationId", "ProductVersion"
FROM "__EFMigrationsHistory"
ORDER BY "MigrationId";

--------------------------------------------------------------------------------
2024-12-10 03:15:19.523 [Info] 20101 - Executed DbCommand (0ms) [Parameters=[], CommandType='Text', CommandTimeout='30']
SELECT "MigrationId", "ProductVersion"
FROM "__EFMigrationsHistory"
ORDER BY "MigrationId";

--------------------------------------------------------------------------------
2024-12-10 03:15:19.523 [Debug] 20301 - Closing data reader to 'main' on server 'C:\Users\Hanst\OneDrive\Desktop\TrauzeRPG\pipmmo\Server\resources\playerdata.db'.

--------------------------------------------------------------------------------
2024-12-10 03:15:19.523 [Debug] 20300 - A data reader for 'main' on server 'C:\Users\Hanst\OneDrive\Desktop\TrauzeRPG\pipmmo\Server\resources\playerdata.db' is being disposed after spending 0ms reading results.

--------------------------------------------------------------------------------
2024-12-10 03:15:19.523 [Debug] 20002 - Closing connection to database 'main' on server 'C:\Users\Hanst\OneDrive\Desktop\TrauzeRPG\pipmmo\Server\resources\playerdata.db'.

--------------------------------------------------------------------------------
2024-12-10 03:15:19.523 [Debug] 20003 - Closed connection to database 'main' on server 'resources\playerdata.db' (0ms).

--------------------------------------------------------------------------------
2024-12-10 03:15:19.523 [Debug] 20005 - Creating DbConnection.

--------------------------------------------------------------------------------
2024-12-10 03:15:19.523 [Debug] 20006 - Created DbConnection. (0ms).

--------------------------------------------------------------------------------
2024-12-10 03:15:19.523 [Debug] 20000 - Opening connection to database 'main' on server 'resources\playerdata.db'.

--------------------------------------------------------------------------------
2024-12-10 03:15:19.523 [Debug] 20001 - Opened connection to database 'main' on server 'C:\Users\Hanst\OneDrive\Desktop\TrauzeRPG\pipmmo\Server\resources\playerdata.db'.

--------------------------------------------------------------------------------
2024-12-10 03:15:19.523 [Debug] 20007 - Disposing connection to database 'main' on server 'resources\playerdata.db'.

--------------------------------------------------------------------------------
2024-12-10 03:15:19.523 [Debug] 20008 - Disposed connection to database 'main' on server 'resources\playerdata.db' (0ms).

--------------------------------------------------------------------------------
2024-12-10 03:15:19.523 [Debug] 20103 - Creating DbCommand for 'ExecuteScalar'.

--------------------------------------------------------------------------------
2024-12-10 03:15:19.523 [Debug] 20104 - Created DbCommand for 'ExecuteScalar' (0ms).

--------------------------------------------------------------------------------
2024-12-10 03:15:19.523 [Debug] 20106 - Initialized DbCommand for 'ExecuteScalar' (0ms).

--------------------------------------------------------------------------------
2024-12-10 03:15:19.523 [Debug] 20000 - Opening connection to database 'main' on server 'resources\playerdata.db'.

--------------------------------------------------------------------------------
2024-12-10 03:15:19.523 [Debug] 20001 - Opened connection to database 'main' on server 'C:\Users\Hanst\OneDrive\Desktop\TrauzeRPG\pipmmo\Server\resources\playerdata.db'.

--------------------------------------------------------------------------------
2024-12-10 03:15:19.523 [Debug] 20100 - Executing DbCommand [Parameters=[], CommandType='Text', CommandTimeout='30']
SELECT COUNT(*) FROM "sqlite_master" WHERE "name" = '__EFMigrationsHistory' AND "type" = 'table';

--------------------------------------------------------------------------------
2024-12-10 03:15:19.523 [Info] 20101 - Executed DbCommand (0ms) [Parameters=[], CommandType='Text', CommandTimeout='30']
SELECT COUNT(*) FROM "sqlite_master" WHERE "name" = '__EFMigrationsHistory' AND "type" = 'table';

--------------------------------------------------------------------------------
2024-12-10 03:15:19.523 [Debug] 20002 - Closing connection to database 'main' on server 'C:\Users\Hanst\OneDrive\Desktop\TrauzeRPG\pipmmo\Server\resources\playerdata.db'.

--------------------------------------------------------------------------------
2024-12-10 03:15:19.523 [Debug] 20003 - Closed connection to database 'main' on server 'resources\playerdata.db' (0ms).

--------------------------------------------------------------------------------
2024-12-10 03:15:19.523 [Debug] 20103 - Creating DbCommand for 'ExecuteReader'.

--------------------------------------------------------------------------------
2024-12-10 03:15:19.523 [Debug] 20104 - Created DbCommand for 'ExecuteReader' (0ms).

--------------------------------------------------------------------------------
2024-12-10 03:15:19.523 [Debug] 20106 - Initialized DbCommand for 'ExecuteReader' (0ms).

--------------------------------------------------------------------------------
2024-12-10 03:15:19.523 [Debug] 20000 - Opening connection to database 'main' on server 'resources\playerdata.db'.

--------------------------------------------------------------------------------
2024-12-10 03:15:19.523 [Debug] 20001 - Opened connection to database 'main' on server 'C:\Users\Hanst\OneDrive\Desktop\TrauzeRPG\pipmmo\Server\resources\playerdata.db'.

--------------------------------------------------------------------------------
2024-12-10 03:15:19.523 [Debug] 20100 - Executing DbCommand [Parameters=[], CommandType='Text', CommandTimeout='30']
SELECT "MigrationId", "ProductVersion"
FROM "__EFMigrationsHistory"
ORDER BY "MigrationId";

--------------------------------------------------------------------------------
2024-12-10 03:15:19.523 [Info] 20101 - Executed DbCommand (0ms) [Parameters=[], CommandType='Text', CommandTimeout='30']
SELECT "MigrationId", "ProductVersion"
FROM "__EFMigrationsHistory"
ORDER BY "MigrationId";

--------------------------------------------------------------------------------
2024-12-10 03:15:19.524 [Debug] 20301 - Closing data reader to 'main' on server 'C:\Users\Hanst\OneDrive\Desktop\TrauzeRPG\pipmmo\Server\resources\playerdata.db'.

--------------------------------------------------------------------------------
2024-12-10 03:15:19.524 [Debug] 20300 - A data reader for 'main' on server 'C:\Users\Hanst\OneDrive\Desktop\TrauzeRPG\pipmmo\Server\resources\playerdata.db' is being disposed after spending 0ms reading results.

--------------------------------------------------------------------------------
2024-12-10 03:15:19.524 [Debug] 20002 - Closing connection to database 'main' on server 'C:\Users\Hanst\OneDrive\Desktop\TrauzeRPG\pipmmo\Server\resources\playerdata.db'.

--------------------------------------------------------------------------------
2024-12-10 03:15:19.524 [Debug] 20003 - Closed connection to database 'main' on server 'resources\playerdata.db' (0ms).

--------------------------------------------------------------------------------
2024-12-10 03:15:19.524 [Debug] 20005 - Creating DbConnection.

--------------------------------------------------------------------------------
2024-12-10 03:15:19.524 [Debug] 20006 - Created DbConnection. (0ms).

--------------------------------------------------------------------------------
2024-12-10 03:15:19.524 [Debug] 20000 - Opening connection to database 'main' on server 'resources\playerdata.db'.

--------------------------------------------------------------------------------
2024-12-10 03:15:19.524 [Debug] 20001 - Opened connection to database 'main' on server 'C:\Users\Hanst\OneDrive\Desktop\TrauzeRPG\pipmmo\Server\resources\playerdata.db'.

--------------------------------------------------------------------------------
2024-12-10 03:15:19.524 [Debug] 20007 - Disposing connection to database 'main' on server 'resources\playerdata.db'.

--------------------------------------------------------------------------------
2024-12-10 03:15:19.524 [Debug] 20008 - Disposed connection to database 'main' on server 'resources\playerdata.db' (0ms).

--------------------------------------------------------------------------------
2024-12-10 03:15:19.524 [Debug] 20103 - Creating DbCommand for 'ExecuteScalar'.

--------------------------------------------------------------------------------
2024-12-10 03:15:19.524 [Debug] 20104 - Created DbCommand for 'ExecuteScalar' (0ms).

--------------------------------------------------------------------------------
2024-12-10 03:15:19.524 [Debug] 20106 - Initialized DbCommand for 'ExecuteScalar' (0ms).

--------------------------------------------------------------------------------
2024-12-10 03:15:19.524 [Debug] 20000 - Opening connection to database 'main' on server 'resources\playerdata.db'.

--------------------------------------------------------------------------------
2024-12-10 03:15:19.524 [Debug] 20001 - Opened connection to database 'main' on server 'C:\Users\Hanst\OneDrive\Desktop\TrauzeRPG\pipmmo\Server\resources\playerdata.db'.

--------------------------------------------------------------------------------
2024-12-10 03:15:19.524 [Debug] 20100 - Executing DbCommand [Parameters=[], CommandType='Text', CommandTimeout='30']
SELECT COUNT(*) FROM "sqlite_master" WHERE "name" = '__EFMigrationsHistory' AND "type" = 'table';

--------------------------------------------------------------------------------
2024-12-10 03:15:19.524 [Info] 20101 - Executed DbCommand (0ms) [Parameters=[], CommandType='Text', CommandTimeout='30']
SELECT COUNT(*) FROM "sqlite_master" WHERE "name" = '__EFMigrationsHistory' AND "type" = 'table';

--------------------------------------------------------------------------------
2024-12-10 03:15:19.524 [Debug] 20002 - Closing connection to database 'main' on server 'C:\Users\Hanst\OneDrive\Desktop\TrauzeRPG\pipmmo\Server\resources\playerdata.db'.

--------------------------------------------------------------------------------
2024-12-10 03:15:19.524 [Debug] 20003 - Closed connection to database 'main' on server 'resources\playerdata.db' (0ms).

--------------------------------------------------------------------------------
2024-12-10 03:15:19.524 [Debug] 20103 - Creating DbCommand for 'ExecuteReader'.

--------------------------------------------------------------------------------
2024-12-10 03:15:19.524 [Debug] 20104 - Created DbCommand for 'ExecuteReader' (0ms).

--------------------------------------------------------------------------------
2024-12-10 03:15:19.524 [Debug] 20106 - Initialized DbCommand for 'ExecuteReader' (0ms).

--------------------------------------------------------------------------------
2024-12-10 03:15:19.524 [Debug] 20000 - Opening connection to database 'main' on server 'resources\playerdata.db'.

--------------------------------------------------------------------------------
2024-12-10 03:15:19.524 [Debug] 20001 - Opened connection to database 'main' on server 'C:\Users\Hanst\OneDrive\Desktop\TrauzeRPG\pipmmo\Server\resources\playerdata.db'.

--------------------------------------------------------------------------------
2024-12-10 03:15:19.524 [Debug] 20100 - Executing DbCommand [Parameters=[], CommandType='Text', CommandTimeout='30']
SELECT "MigrationId", "ProductVersion"
FROM "__EFMigrationsHistory"
ORDER BY "MigrationId";

--------------------------------------------------------------------------------
2024-12-10 03:15:19.524 [Info] 20101 - Executed DbCommand (0ms) [Parameters=[], CommandType='Text', CommandTimeout='30']
SELECT "MigrationId", "ProductVersion"
FROM "__EFMigrationsHistory"
ORDER BY "MigrationId";

--------------------------------------------------------------------------------
2024-12-10 03:15:19.524 [Debug] 20301 - Closing data reader to 'main' on server 'C:\Users\Hanst\OneDrive\Desktop\TrauzeRPG\pipmmo\Server\resources\playerdata.db'.

--------------------------------------------------------------------------------
2024-12-10 03:15:19.524 [Debug] 20300 - A data reader for 'main' on server 'C:\Users\Hanst\OneDrive\Desktop\TrauzeRPG\pipmmo\Server\resources\playerdata.db' is being disposed after spending 0ms reading results.

--------------------------------------------------------------------------------
2024-12-10 03:15:19.524 [Debug] 20002 - Closing connection to database 'main' on server 'C:\Users\Hanst\OneDrive\Desktop\TrauzeRPG\pipmmo\Server\resources\playerdata.db'.

--------------------------------------------------------------------------------
2024-12-10 03:15:19.524 [Debug] 20003 - Closed connection to database 'main' on server 'resources\playerdata.db' (0ms).

--------------------------------------------------------------------------------
2024-12-10 03:15:19.524 [Debug] 20005 - Creating DbConnection.

--------------------------------------------------------------------------------
2024-12-10 03:15:19.524 [Debug] 20006 - Created DbConnection. (0ms).

--------------------------------------------------------------------------------
2024-12-10 03:15:19.524 [Debug] 20000 - Opening connection to database 'main' on server 'resources\playerdata.db'.

--------------------------------------------------------------------------------
2024-12-10 03:15:19.524 [Debug] 20001 - Opened connection to database 'main' on server 'C:\Users\Hanst\OneDrive\Desktop\TrauzeRPG\pipmmo\Server\resources\playerdata.db'.

--------------------------------------------------------------------------------
2024-12-10 03:15:19.524 [Debug] 20007 - Disposing connection to database 'main' on server 'resources\playerdata.db'.

--------------------------------------------------------------------------------
2024-12-10 03:15:19.524 [Debug] 20008 - Disposed connection to database 'main' on server 'resources\playerdata.db' (0ms).

--------------------------------------------------------------------------------
2024-12-10 03:15:19.524 [Debug] 20103 - Creating DbCommand for 'ExecuteScalar'.

--------------------------------------------------------------------------------
2024-12-10 03:15:19.524 [Debug] 20104 - Created DbCommand for 'ExecuteScalar' (0ms).

--------------------------------------------------------------------------------
2024-12-10 03:15:19.524 [Debug] 20106 - Initialized DbCommand for 'ExecuteScalar' (0ms).

--------------------------------------------------------------------------------
2024-12-10 03:15:19.524 [Debug] 20000 - Opening connection to database 'main' on server 'resources\playerdata.db'.

--------------------------------------------------------------------------------
2024-12-10 03:15:19.524 [Debug] 20001 - Opened connection to database 'main' on server 'C:\Users\Hanst\OneDrive\Desktop\TrauzeRPG\pipmmo\Server\resources\playerdata.db'.

--------------------------------------------------------------------------------
2024-12-10 03:15:19.524 [Debug] 20100 - Executing DbCommand [Parameters=[], CommandType='Text', CommandTimeout='30']
SELECT COUNT(*) FROM "sqlite_master" WHERE "name" = '__EFMigrationsHistory' AND "type" = 'table';

--------------------------------------------------------------------------------
2024-12-10 03:15:19.525 [Info] 20101 - Executed DbCommand (0ms) [Parameters=[], CommandType='Text', CommandTimeout='30']
SELECT COUNT(*) FROM "sqlite_master" WHERE "name" = '__EFMigrationsHistory' AND "type" = 'table';

--------------------------------------------------------------------------------
2024-12-10 03:15:19.525 [Debug] 20002 - Closing connection to database 'main' on server 'C:\Users\Hanst\OneDrive\Desktop\TrauzeRPG\pipmmo\Server\resources\playerdata.db'.

--------------------------------------------------------------------------------
2024-12-10 03:15:19.525 [Debug] 20003 - Closed connection to database 'main' on server 'resources\playerdata.db' (0ms).

--------------------------------------------------------------------------------
2024-12-10 03:15:19.525 [Debug] 20103 - Creating DbCommand for 'ExecuteReader'.

--------------------------------------------------------------------------------
2024-12-10 03:15:19.525 [Debug] 20104 - Created DbCommand for 'ExecuteReader' (0ms).

--------------------------------------------------------------------------------
2024-12-10 03:15:19.525 [Debug] 20106 - Initialized DbCommand for 'ExecuteReader' (0ms).

--------------------------------------------------------------------------------
2024-12-10 03:15:19.525 [Debug] 20000 - Opening connection to database 'main' on server 'resources\playerdata.db'.

--------------------------------------------------------------------------------
2024-12-10 03:15:19.525 [Debug] 20001 - Opened connection to database 'main' on server 'C:\Users\Hanst\OneDrive\Desktop\TrauzeRPG\pipmmo\Server\resources\playerdata.db'.

--------------------------------------------------------------------------------
2024-12-10 03:15:19.525 [Debug] 20100 - Executing DbCommand [Parameters=[], CommandType='Text', CommandTimeout='30']
SELECT "MigrationId", "ProductVersion"
FROM "__EFMigrationsHistory"
ORDER BY "MigrationId";

--------------------------------------------------------------------------------
2024-12-10 03:15:19.525 [Info] 20101 - Executed DbCommand (0ms) [Parameters=[], CommandType='Text', CommandTimeout='30']
SELECT "MigrationId", "ProductVersion"
FROM "__EFMigrationsHistory"
ORDER BY "MigrationId";

--------------------------------------------------------------------------------
2024-12-10 03:15:19.525 [Debug] 20301 - Closing data reader to 'main' on server 'C:\Users\Hanst\OneDrive\Desktop\TrauzeRPG\pipmmo\Server\resources\playerdata.db'.

--------------------------------------------------------------------------------
2024-12-10 03:15:19.525 [Debug] 20300 - A data reader for 'main' on server 'C:\Users\Hanst\OneDrive\Desktop\TrauzeRPG\pipmmo\Server\resources\playerdata.db' is being disposed after spending 0ms reading results.

--------------------------------------------------------------------------------
2024-12-10 03:15:19.525 [Debug] 20002 - Closing connection to database 'main' on server 'C:\Users\Hanst\OneDrive\Desktop\TrauzeRPG\pipmmo\Server\resources\playerdata.db'.

--------------------------------------------------------------------------------
2024-12-10 03:15:19.525 [Debug] 20003 - Closed connection to database 'main' on server 'resources\playerdata.db' (0ms).

--------------------------------------------------------------------------------
2024-12-10 03:15:19.525 [Debug] 20005 - Creating DbConnection.

--------------------------------------------------------------------------------
2024-12-10 03:15:19.525 [Debug] 20006 - Created DbConnection. (0ms).

--------------------------------------------------------------------------------
2024-12-10 03:15:19.525 [Debug] 20000 - Opening connection to database 'main' on server 'resources\playerdata.db'.

--------------------------------------------------------------------------------
2024-12-10 03:15:19.525 [Debug] 20001 - Opened connection to database 'main' on server 'C:\Users\Hanst\OneDrive\Desktop\TrauzeRPG\pipmmo\Server\resources\playerdata.db'.

--------------------------------------------------------------------------------
2024-12-10 03:15:19.526 [Debug] 20007 - Disposing connection to database 'main' on server 'resources\playerdata.db'.

--------------------------------------------------------------------------------
2024-12-10 03:15:19.526 [Debug] 20008 - Disposed connection to database 'main' on server 'resources\playerdata.db' (0ms).

--------------------------------------------------------------------------------
2024-12-10 03:15:19.526 [Debug] 20103 - Creating DbCommand for 'ExecuteScalar'.

--------------------------------------------------------------------------------
2024-12-10 03:15:19.526 [Debug] 20104 - Created DbCommand for 'ExecuteScalar' (0ms).

--------------------------------------------------------------------------------
2024-12-10 03:15:19.526 [Debug] 20106 - Initialized DbCommand for 'ExecuteScalar' (0ms).

--------------------------------------------------------------------------------
2024-12-10 03:15:19.526 [Debug] 20000 - Opening connection to database 'main' on server 'resources\playerdata.db'.

--------------------------------------------------------------------------------
2024-12-10 03:15:19.526 [Debug] 20001 - Opened connection to database 'main' on server 'C:\Users\Hanst\OneDrive\Desktop\TrauzeRPG\pipmmo\Server\resources\playerdata.db'.

--------------------------------------------------------------------------------
2024-12-10 03:15:19.526 [Debug] 20100 - Executing DbCommand [Parameters=[], CommandType='Text', CommandTimeout='30']
SELECT COUNT(*) FROM "sqlite_master" WHERE "name" = '__EFMigrationsHistory' AND "type" = 'table';

--------------------------------------------------------------------------------
2024-12-10 03:15:19.526 [Info] 20101 - Executed DbCommand (0ms) [Parameters=[], CommandType='Text', CommandTimeout='30']
SELECT COUNT(*) FROM "sqlite_master" WHERE "name" = '__EFMigrationsHistory' AND "type" = 'table';

--------------------------------------------------------------------------------
2024-12-10 03:15:19.526 [Debug] 20002 - Closing connection to database 'main' on server 'C:\Users\Hanst\OneDrive\Desktop\TrauzeRPG\pipmmo\Server\resources\playerdata.db'.

--------------------------------------------------------------------------------
2024-12-10 03:15:19.526 [Debug] 20003 - Closed connection to database 'main' on server 'resources\playerdata.db' (0ms).

--------------------------------------------------------------------------------
2024-12-10 03:15:19.526 [Debug] 20103 - Creating DbCommand for 'ExecuteReader'.

--------------------------------------------------------------------------------
2024-12-10 03:15:19.526 [Debug] 20104 - Created DbCommand for 'ExecuteReader' (0ms).

--------------------------------------------------------------------------------
2024-12-10 03:15:19.526 [Debug] 20106 - Initialized DbCommand for 'ExecuteReader' (0ms).

--------------------------------------------------------------------------------
2024-12-10 03:15:19.526 [Debug] 20000 - Opening connection to database 'main' on server 'resources\playerdata.db'.

--------------------------------------------------------------------------------
2024-12-10 03:15:19.526 [Debug] 20001 - Opened connection to database 'main' on server 'C:\Users\Hanst\OneDrive\Desktop\TrauzeRPG\pipmmo\Server\resources\playerdata.db'.

--------------------------------------------------------------------------------
2024-12-10 03:15:19.526 [Debug] 20100 - Executing DbCommand [Parameters=[], CommandType='Text', CommandTimeout='30']
SELECT "MigrationId", "ProductVersion"
FROM "__EFMigrationsHistory"
ORDER BY "MigrationId";

--------------------------------------------------------------------------------
2024-12-10 03:15:19.526 [Info] 20101 - Executed DbCommand (0ms) [Parameters=[], CommandType='Text', CommandTimeout='30']
SELECT "MigrationId", "ProductVersion"
FROM "__EFMigrationsHistory"
ORDER BY "MigrationId";

--------------------------------------------------------------------------------
2024-12-10 03:15:19.526 [Debug] 20301 - Closing data reader to 'main' on server 'C:\Users\Hanst\OneDrive\Desktop\TrauzeRPG\pipmmo\Server\resources\playerdata.db'.

--------------------------------------------------------------------------------
2024-12-10 03:15:19.526 [Debug] 20300 - A data reader for 'main' on server 'C:\Users\Hanst\OneDrive\Desktop\TrauzeRPG\pipmmo\Server\resources\playerdata.db' is being disposed after spending 0ms reading results.

--------------------------------------------------------------------------------
2024-12-10 03:15:19.526 [Debug] 20002 - Closing connection to database 'main' on server 'C:\Users\Hanst\OneDrive\Desktop\TrauzeRPG\pipmmo\Server\resources\playerdata.db'.

--------------------------------------------------------------------------------
2024-12-10 03:15:19.526 [Debug] 20003 - Closed connection to database 'main' on server 'resources\playerdata.db' (0ms).

--------------------------------------------------------------------------------
2024-12-10 03:15:19.526 [Debug] 20005 - Creating DbConnection.

--------------------------------------------------------------------------------
2024-12-10 03:15:19.526 [Debug] 20006 - Created DbConnection. (0ms).

--------------------------------------------------------------------------------
2024-12-10 03:15:19.526 [Debug] 20000 - Opening connection to database 'main' on server 'resources\playerdata.db'.

--------------------------------------------------------------------------------
2024-12-10 03:15:19.526 [Debug] 20001 - Opened connection to database 'main' on server 'C:\Users\Hanst\OneDrive\Desktop\TrauzeRPG\pipmmo\Server\resources\playerdata.db'.

--------------------------------------------------------------------------------
2024-12-10 03:15:19.526 [Debug] 20007 - Disposing connection to database 'main' on server 'resources\playerdata.db'.

--------------------------------------------------------------------------------
2024-12-10 03:15:19.526 [Debug] 20008 - Disposed connection to database 'main' on server 'resources\playerdata.db' (0ms).

--------------------------------------------------------------------------------
2024-12-10 03:15:19.526 [Debug] 20103 - Creating DbCommand for 'ExecuteScalar'.

--------------------------------------------------------------------------------
2024-12-10 03:15:19.526 [Debug] 20104 - Created DbCommand for 'ExecuteScalar' (0ms).

--------------------------------------------------------------------------------
2024-12-10 03:15:19.526 [Debug] 20106 - Initialized DbCommand for 'ExecuteScalar' (0ms).

--------------------------------------------------------------------------------
2024-12-10 03:15:19.526 [Debug] 20000 - Opening connection to database 'main' on server 'resources\playerdata.db'.

--------------------------------------------------------------------------------
2024-12-10 03:15:19.526 [Debug] 20001 - Opened connection to database 'main' on server 'C:\Users\Hanst\OneDrive\Desktop\TrauzeRPG\pipmmo\Server\resources\playerdata.db'.

--------------------------------------------------------------------------------
2024-12-10 03:15:19.526 [Debug] 20100 - Executing DbCommand [Parameters=[], CommandType='Text', CommandTimeout='30']
SELECT COUNT(*) FROM "sqlite_master" WHERE "name" = '__EFMigrationsHistory' AND "type" = 'table';

--------------------------------------------------------------------------------
2024-12-10 03:15:19.526 [Info] 20101 - Executed DbCommand (0ms) [Parameters=[], CommandType='Text', CommandTimeout='30']
SELECT COUNT(*) FROM "sqlite_master" WHERE "name" = '__EFMigrationsHistory' AND "type" = 'table';

--------------------------------------------------------------------------------
2024-12-10 03:15:19.526 [Debug] 20002 - Closing connection to database 'main' on server 'C:\Users\Hanst\OneDrive\Desktop\TrauzeRPG\pipmmo\Server\resources\playerdata.db'.

--------------------------------------------------------------------------------
2024-12-10 03:15:19.526 [Debug] 20003 - Closed connection to database 'main' on server 'resources\playerdata.db' (0ms).

--------------------------------------------------------------------------------
2024-12-10 03:15:19.526 [Debug] 20103 - Creating DbCommand for 'ExecuteReader'.

--------------------------------------------------------------------------------
2024-12-10 03:15:19.526 [Debug] 20104 - Created DbCommand for 'ExecuteReader' (0ms).

--------------------------------------------------------------------------------
2024-12-10 03:15:19.526 [Debug] 20106 - Initialized DbCommand for 'ExecuteReader' (0ms).

--------------------------------------------------------------------------------
2024-12-10 03:15:19.526 [Debug] 20000 - Opening connection to database 'main' on server 'resources\playerdata.db'.

--------------------------------------------------------------------------------
2024-12-10 03:15:19.526 [Debug] 20001 - Opened connection to database 'main' on server 'C:\Users\Hanst\OneDrive\Desktop\TrauzeRPG\pipmmo\Server\resources\playerdata.db'.

--------------------------------------------------------------------------------
2024-12-10 03:15:19.526 [Debug] 20100 - Executing DbCommand [Parameters=[], CommandType='Text', CommandTimeout='30']
SELECT "MigrationId", "ProductVersion"
FROM "__EFMigrationsHistory"
ORDER BY "MigrationId";

--------------------------------------------------------------------------------
2024-12-10 03:15:19.526 [Info] 20101 - Executed DbCommand (0ms) [Parameters=[], CommandType='Text', CommandTimeout='30']
SELECT "MigrationId", "ProductVersion"
FROM "__EFMigrationsHistory"
ORDER BY "MigrationId";

--------------------------------------------------------------------------------
2024-12-10 03:15:19.526 [Debug] 20301 - Closing data reader to 'main' on server 'C:\Users\Hanst\OneDrive\Desktop\TrauzeRPG\pipmmo\Server\resources\playerdata.db'.

--------------------------------------------------------------------------------
2024-12-10 03:15:19.526 [Debug] 20300 - A data reader for 'main' on server 'C:\Users\Hanst\OneDrive\Desktop\TrauzeRPG\pipmmo\Server\resources\playerdata.db' is being disposed after spending 0ms reading results.

--------------------------------------------------------------------------------
2024-12-10 03:15:19.526 [Debug] 20002 - Closing connection to database 'main' on server 'C:\Users\Hanst\OneDrive\Desktop\TrauzeRPG\pipmmo\Server\resources\playerdata.db'.

--------------------------------------------------------------------------------
2024-12-10 03:15:19.526 [Debug] 20003 - Closed connection to database 'main' on server 'resources\playerdata.db' (0ms).

--------------------------------------------------------------------------------
2024-12-10 03:15:19.527 [Debug] 20005 - Creating DbConnection.

--------------------------------------------------------------------------------
2024-12-10 03:15:19.527 [Debug] 20006 - Created DbConnection. (0ms).

--------------------------------------------------------------------------------
2024-12-10 03:15:19.527 [Debug] 20000 - Opening connection to database 'main' on server 'resources\playerdata.db'.

--------------------------------------------------------------------------------
2024-12-10 03:15:19.527 [Debug] 20001 - Opened connection to database 'main' on server 'C:\Users\Hanst\OneDrive\Desktop\TrauzeRPG\pipmmo\Server\resources\playerdata.db'.

--------------------------------------------------------------------------------
2024-12-10 03:15:19.527 [Debug] 20007 - Disposing connection to database 'main' on server 'resources\playerdata.db'.

--------------------------------------------------------------------------------
2024-12-10 03:15:19.527 [Debug] 20008 - Disposed connection to database 'main' on server 'resources\playerdata.db' (0ms).

--------------------------------------------------------------------------------
2024-12-10 03:15:19.527 [Debug] 20103 - Creating DbCommand for 'ExecuteScalar'.

--------------------------------------------------------------------------------
2024-12-10 03:15:19.527 [Debug] 20104 - Created DbCommand for 'ExecuteScalar' (0ms).

--------------------------------------------------------------------------------
2024-12-10 03:15:19.527 [Debug] 20106 - Initialized DbCommand for 'ExecuteScalar' (0ms).

--------------------------------------------------------------------------------
2024-12-10 03:15:19.527 [Debug] 20000 - Opening connection to database 'main' on server 'resources\playerdata.db'.

--------------------------------------------------------------------------------
2024-12-10 03:15:19.527 [Debug] 20001 - Opened connection to database 'main' on server 'C:\Users\Hanst\OneDrive\Desktop\TrauzeRPG\pipmmo\Server\resources\playerdata.db'.

--------------------------------------------------------------------------------
2024-12-10 03:15:19.527 [Debug] 20100 - Executing DbCommand [Parameters=[], CommandType='Text', CommandTimeout='30']
SELECT COUNT(*) FROM "sqlite_master" WHERE "name" = '__EFMigrationsHistory' AND "type" = 'table';

--------------------------------------------------------------------------------
2024-12-10 03:15:19.527 [Info] 20101 - Executed DbCommand (0ms) [Parameters=[], CommandType='Text', CommandTimeout='30']
SELECT COUNT(*) FROM "sqlite_master" WHERE "name" = '__EFMigrationsHistory' AND "type" = 'table';

--------------------------------------------------------------------------------
2024-12-10 03:15:19.527 [Debug] 20002 - Closing connection to database 'main' on server 'C:\Users\Hanst\OneDrive\Desktop\TrauzeRPG\pipmmo\Server\resources\playerdata.db'.

--------------------------------------------------------------------------------
2024-12-10 03:15:19.527 [Debug] 20003 - Closed connection to database 'main' on server 'resources\playerdata.db' (0ms).

--------------------------------------------------------------------------------
2024-12-10 03:15:19.527 [Debug] 20103 - Creating DbCommand for 'ExecuteReader'.

--------------------------------------------------------------------------------
2024-12-10 03:15:19.527 [Debug] 20104 - Created DbCommand for 'ExecuteReader' (0ms).

--------------------------------------------------------------------------------
2024-12-10 03:15:19.527 [Debug] 20106 - Initialized DbCommand for 'ExecuteReader' (0ms).

--------------------------------------------------------------------------------
2024-12-10 03:15:19.527 [Debug] 20000 - Opening connection to database 'main' on server 'resources\playerdata.db'.

--------------------------------------------------------------------------------
2024-12-10 03:15:19.527 [Debug] 20001 - Opened connection to database 'main' on server 'C:\Users\Hanst\OneDrive\Desktop\TrauzeRPG\pipmmo\Server\resources\playerdata.db'.

--------------------------------------------------------------------------------
2024-12-10 03:15:19.527 [Debug] 20100 - Executing DbCommand [Parameters=[], CommandType='Text', CommandTimeout='30']
SELECT "MigrationId", "ProductVersion"
FROM "__EFMigrationsHistory"
ORDER BY "MigrationId";

--------------------------------------------------------------------------------
2024-12-10 03:15:19.527 [Info] 20101 - Executed DbCommand (0ms) [Parameters=[], CommandType='Text', CommandTimeout='30']
SELECT "MigrationId", "ProductVersion"
FROM "__EFMigrationsHistory"
ORDER BY "MigrationId";

--------------------------------------------------------------------------------
2024-12-10 03:15:19.527 [Debug] 20301 - Closing data reader to 'main' on server 'C:\Users\Hanst\OneDrive\Desktop\TrauzeRPG\pipmmo\Server\resources\playerdata.db'.

--------------------------------------------------------------------------------
2024-12-10 03:15:19.527 [Debug] 20300 - A data reader for 'main' on server 'C:\Users\Hanst\OneDrive\Desktop\TrauzeRPG\pipmmo\Server\resources\playerdata.db' is being disposed after spending 0ms reading results.

--------------------------------------------------------------------------------
2024-12-10 03:15:19.527 [Debug] 20002 - Closing connection to database 'main' on server 'C:\Users\Hanst\OneDrive\Desktop\TrauzeRPG\pipmmo\Server\resources\playerdata.db'.

--------------------------------------------------------------------------------
2024-12-10 03:15:19.527 [Debug] 20003 - Closed connection to database 'main' on server 'resources\playerdata.db' (0ms).

--------------------------------------------------------------------------------
2024-12-10 03:15:19.530 [Debug] 20000 - Opening connection to database 'main' on server 'resources\playerdata.db'.

--------------------------------------------------------------------------------
2024-12-10 03:15:19.530 [Debug] 20001 - Opened connection to database 'main' on server 'C:\Users\Hanst\OneDrive\Desktop\TrauzeRPG\pipmmo\Server\resources\playerdata.db'.

--------------------------------------------------------------------------------
2024-12-10 03:15:19.559 [Debug] 10403 - Entity Framework Core 7.0.11 initialized 'SqlitePlayerContext' using provider 'Microsoft.EntityFrameworkCore.Sqlite:7.0.11' with options: SensitiveDataLoggingEnabled DetailedErrorsEnabled 

--------------------------------------------------------------------------------
2024-12-10 03:15:19.559 [Debug] 20005 - Creating DbConnection.

--------------------------------------------------------------------------------
2024-12-10 03:15:19.559 [Debug] 20006 - Created DbConnection. (0ms).

--------------------------------------------------------------------------------
2024-12-10 03:15:19.561 [Debug] 10407 - 'SqlitePlayerContext' disposed.

--------------------------------------------------------------------------------
2024-12-10 03:15:19.561 [Debug] 20007 - Disposing connection to database 'main' on server 'resources\playerdata.db'.

--------------------------------------------------------------------------------
2024-12-10 03:15:19.561 [Debug] 20008 - Disposed connection to database 'main' on server 'resources\playerdata.db' (0ms).

--------------------------------------------------------------------------------
2024-12-10 03:15:19.561 [Debug] 20005 - Creating DbConnection.

--------------------------------------------------------------------------------
2024-12-10 03:15:19.561 [Debug] 20006 - Created DbConnection. (0ms).

--------------------------------------------------------------------------------
2024-12-10 03:15:19.561 [Debug] 20000 - Opening connection to database 'main' on server 'resources\playerdata.db'.

--------------------------------------------------------------------------------
2024-12-10 03:15:19.561 [Debug] 20001 - Opened connection to database 'main' on server 'C:\Users\Hanst\OneDrive\Desktop\TrauzeRPG\pipmmo\Server\resources\playerdata.db'.

--------------------------------------------------------------------------------
2024-12-10 03:15:19.561 [Debug] 20007 - Disposing connection to database 'main' on server 'resources\playerdata.db'.

--------------------------------------------------------------------------------
2024-12-10 03:15:19.561 [Debug] 20008 - Disposed connection to database 'main' on server 'resources\playerdata.db' (0ms).

--------------------------------------------------------------------------------
2024-12-10 03:15:19.561 [Debug] 20103 - Creating DbCommand for 'ExecuteScalar'.

--------------------------------------------------------------------------------
2024-12-10 03:15:19.561 [Debug] 20104 - Created DbCommand for 'ExecuteScalar' (0ms).

--------------------------------------------------------------------------------
2024-12-10 03:15:19.561 [Debug] 20106 - Initialized DbCommand for 'ExecuteScalar' (0ms).

--------------------------------------------------------------------------------
2024-12-10 03:15:19.561 [Debug] 20100 - Executing DbCommand [Parameters=[], CommandType='Text', CommandTimeout='30']
SELECT COUNT(*) FROM "sqlite_master" WHERE "name" = '__EFMigrationsHistory' AND "type" = 'table';

--------------------------------------------------------------------------------
2024-12-10 03:15:19.561 [Info] 20101 - Executed DbCommand (0ms) [Parameters=[], CommandType='Text', CommandTimeout='30']
SELECT COUNT(*) FROM "sqlite_master" WHERE "name" = '__EFMigrationsHistory' AND "type" = 'table';

--------------------------------------------------------------------------------
2024-12-10 03:15:19.561 [Debug] 20103 - Creating DbCommand for 'ExecuteReader'.

--------------------------------------------------------------------------------
2024-12-10 03:15:19.561 [Debug] 20104 - Created DbCommand for 'ExecuteReader' (0ms).

--------------------------------------------------------------------------------
2024-12-10 03:15:19.561 [Debug] 20106 - Initialized DbCommand for 'ExecuteReader' (0ms).

--------------------------------------------------------------------------------
2024-12-10 03:15:19.561 [Debug] 20100 - Executing DbCommand [Parameters=[], CommandType='Text', CommandTimeout='30']
SELECT "MigrationId", "ProductVersion"
FROM "__EFMigrationsHistory"
ORDER BY "MigrationId";

--------------------------------------------------------------------------------
2024-12-10 03:15:19.562 [Info] 20101 - Executed DbCommand (0ms) [Parameters=[], CommandType='Text', CommandTimeout='30']
SELECT "MigrationId", "ProductVersion"
FROM "__EFMigrationsHistory"
ORDER BY "MigrationId";

--------------------------------------------------------------------------------
2024-12-10 03:15:19.562 [Debug] 20301 - Closing data reader to 'main' on server 'C:\Users\Hanst\OneDrive\Desktop\TrauzeRPG\pipmmo\Server\resources\playerdata.db'.

--------------------------------------------------------------------------------
2024-12-10 03:15:19.562 [Debug] 20300 - A data reader for 'main' on server 'C:\Users\Hanst\OneDrive\Desktop\TrauzeRPG\pipmmo\Server\resources\playerdata.db' is being disposed after spending 0ms reading results.

--------------------------------------------------------------------------------
2024-12-10 03:15:19.562 [Debug] 20005 - Creating DbConnection.

--------------------------------------------------------------------------------
2024-12-10 03:15:19.562 [Debug] 20006 - Created DbConnection. (0ms).

--------------------------------------------------------------------------------
2024-12-10 03:15:19.562 [Debug] 20000 - Opening connection to database 'main' on server 'resources\playerdata.db'.

--------------------------------------------------------------------------------
2024-12-10 03:15:19.562 [Debug] 20001 - Opened connection to database 'main' on server 'C:\Users\Hanst\OneDrive\Desktop\TrauzeRPG\pipmmo\Server\resources\playerdata.db'.

--------------------------------------------------------------------------------
2024-12-10 03:15:19.562 [Debug] 20007 - Disposing connection to database 'main' on server 'resources\playerdata.db'.

--------------------------------------------------------------------------------
2024-12-10 03:15:19.562 [Debug] 20008 - Disposed connection to database 'main' on server 'resources\playerdata.db' (0ms).

--------------------------------------------------------------------------------
2024-12-10 03:15:19.562 [Debug] 20103 - Creating DbCommand for 'ExecuteScalar'.

--------------------------------------------------------------------------------
2024-12-10 03:15:19.562 [Debug] 20104 - Created DbCommand for 'ExecuteScalar' (0ms).

--------------------------------------------------------------------------------
2024-12-10 03:15:19.562 [Debug] 20106 - Initialized DbCommand for 'ExecuteScalar' (0ms).

--------------------------------------------------------------------------------
2024-12-10 03:15:19.562 [Debug] 20100 - Executing DbCommand [Parameters=[], CommandType='Text', CommandTimeout='30']
SELECT COUNT(*) FROM "sqlite_master" WHERE "name" = '__EFMigrationsHistory' AND "type" = 'table';

--------------------------------------------------------------------------------
2024-12-10 03:15:19.562 [Info] 20101 - Executed DbCommand (0ms) [Parameters=[], CommandType='Text', CommandTimeout='30']
SELECT COUNT(*) FROM "sqlite_master" WHERE "name" = '__EFMigrationsHistory' AND "type" = 'table';

--------------------------------------------------------------------------------
2024-12-10 03:15:19.562 [Debug] 20103 - Creating DbCommand for 'ExecuteReader'.

--------------------------------------------------------------------------------
2024-12-10 03:15:19.562 [Debug] 20104 - Created DbCommand for 'ExecuteReader' (0ms).

--------------------------------------------------------------------------------
2024-12-10 03:15:19.562 [Debug] 20106 - Initialized DbCommand for 'ExecuteReader' (0ms).

--------------------------------------------------------------------------------
2024-12-10 03:15:19.562 [Debug] 20100 - Executing DbCommand [Parameters=[], CommandType='Text', CommandTimeout='30']
SELECT "MigrationId", "ProductVersion"
FROM "__EFMigrationsHistory"
ORDER BY "MigrationId";

--------------------------------------------------------------------------------
2024-12-10 03:15:19.562 [Info] 20101 - Executed DbCommand (0ms) [Parameters=[], CommandType='Text', CommandTimeout='30']
SELECT "MigrationId", "ProductVersion"
FROM "__EFMigrationsHistory"
ORDER BY "MigrationId";

--------------------------------------------------------------------------------
2024-12-10 03:15:19.562 [Debug] 20301 - Closing data reader to 'main' on server 'C:\Users\Hanst\OneDrive\Desktop\TrauzeRPG\pipmmo\Server\resources\playerdata.db'.

--------------------------------------------------------------------------------
2024-12-10 03:15:19.562 [Debug] 20300 - A data reader for 'main' on server 'C:\Users\Hanst\OneDrive\Desktop\TrauzeRPG\pipmmo\Server\resources\playerdata.db' is being disposed after spending 0ms reading results.

--------------------------------------------------------------------------------
2024-12-10 03:15:19.563 [Debug] 10407 - 'SqlitePlayerContext' disposed.

--------------------------------------------------------------------------------
2024-12-10 03:15:19.563 [Debug] 20007 - Disposing connection to database 'main' on server 'resources\playerdata.db'.

--------------------------------------------------------------------------------
2024-12-10 03:15:19.563 [Debug] 20008 - Disposed connection to database 'main' on server 'resources\playerdata.db' (0ms).

--------------------------------------------------------------------------------
