2025-02-03 04:21:14.708 [Debug] 10607 - No relationship from 'BagSlot' to 'Bag' has been configured by convention because there are multiple properties on one entity type - {'Bag', 'ParentBag'} that could be matched with the properties on the other entity type - {'Slots'}. This message can be disregarded if explicit configuration has been specified in 'OnModelCreating'.

--------------------------------------------------------------------------------
2025-02-03 04:21:14.715 [Debug] 10607 - No relationship from 'Bag' to 'BagSlot' has been configured by convention because there are multiple properties on one entity type - {'Slots'} that could be matched with the properties on the other entity type - {'Bag', 'ParentBag'}. This message can be disregarded if explicit configuration has been specified in 'OnModelCreating'.

--------------------------------------------------------------------------------
2025-02-03 04:21:14.717 [Debug] 10607 - No relationship from 'Ban' to 'User' has been configured by convention because there are multiple properties on one entity type - {'User'} that could be matched with the properties on the other entity type - {'Ban', 'IpBan', 'UserBan'}. This message can be disregarded if explicit configuration has been specified in 'OnModelCreating'.

--------------------------------------------------------------------------------
2025-02-03 04:21:14.721 [Debug] 10607 - No relationship from 'Mute' to 'User' has been configured by convention because there are multiple properties on one entity type - {'User'} that could be matched with the properties on the other entity type - {'IpMute', 'Mute', 'UserMute'}. This message can be disregarded if explicit configuration has been specified in 'OnModelCreating'.

--------------------------------------------------------------------------------
2025-02-03 04:21:14.726 [Debug] 10607 - No relationship from 'Friend' to 'Player' has been configured by convention because there are multiple properties on one entity type - {'Owner', 'Target'} that could be matched with the properties on the other entity type - {'Friends'}. This message can be disregarded if explicit configuration has been specified in 'OnModelCreating'.

--------------------------------------------------------------------------------
2025-02-03 04:21:14.738 [Debug] 10607 - No relationship from 'Player' to 'Friend' has been configured by convention because there are multiple properties on one entity type - {'Friends'} that could be matched with the properties on the other entity type - {'Owner', 'Target'}. This message can be disregarded if explicit configuration has been specified in 'OnModelCreating'.

--------------------------------------------------------------------------------
2025-02-03 04:21:14.741 [Debug] 10607 - No relationship from 'User' to 'Ban' has been configured by convention because there are multiple properties on one entity type - {'Ban'} that could be matched with the properties on the other entity type - {'User'}. This message can be disregarded if explicit configuration has been specified in 'OnModelCreating'.

--------------------------------------------------------------------------------
2025-02-03 04:21:14.741 [Debug] 10607 - No relationship from 'User' to 'Mute' has been configured by convention because there are multiple properties on one entity type - {'Mute'} that could be matched with the properties on the other entity type - {'User'}. This message can be disregarded if explicit configuration has been specified in 'OnModelCreating'.

--------------------------------------------------------------------------------
2025-02-03 04:21:14.808 [Debug] 10607 - No relationship from 'User' to 'Mute' has been configured by convention because there are multiple properties on one entity type - {'Mute'} that could be matched with the properties on the other entity type - {'User'}. This message can be disregarded if explicit configuration has been specified in 'OnModelCreating'.

--------------------------------------------------------------------------------
2025-02-03 04:21:14.835 [Debug] 10607 - No relationship from 'Player' to 'Friend' has been configured by convention because there are multiple properties on one entity type - {'Friends'} that could be matched with the properties on the other entity type - {'Owner', 'Target'}. This message can be disregarded if explicit configuration has been specified in 'OnModelCreating'.

--------------------------------------------------------------------------------
2025-02-03 04:21:14.836 [Debug] 10607 - No relationship from 'Friend' to 'Player' has been configured by convention because there are multiple properties on one entity type - {'Owner', 'Target'} that could be matched with the properties on the other entity type - {'Friends'}. This message can be disregarded if explicit configuration has been specified in 'OnModelCreating'.

--------------------------------------------------------------------------------
2025-02-03 04:21:14.851 [Debug] 10607 - No relationship from 'Bag' to 'BagSlot' has been configured by convention because there are multiple properties on one entity type - {'Slots'} that could be matched with the properties on the other entity type - {'Bag', 'ParentBag'}. This message can be disregarded if explicit configuration has been specified in 'OnModelCreating'.

--------------------------------------------------------------------------------
2025-02-03 04:21:14.851 [Debug] 10607 - No relationship from 'BagSlot' to 'Bag' has been configured by convention because there are multiple properties on one entity type - {'Bag', 'ParentBag'} that could be matched with the properties on the other entity type - {'Slots'}. This message can be disregarded if explicit configuration has been specified in 'OnModelCreating'.

--------------------------------------------------------------------------------
2025-02-03 04:21:14.885 [Debug] 10600 - The property 'Friend.OwnerId' was created in shadow state because there are no eligible CLR members with a matching name.

--------------------------------------------------------------------------------
2025-02-03 04:21:14.886 [Debug] 10600 - The property 'Friend.TargetId' was created in shadow state because there are no eligible CLR members with a matching name.

--------------------------------------------------------------------------------
2025-02-03 04:21:14.886 [Debug] 10600 - The property 'Player.DbGuildId' was created in shadow state because there are no eligible CLR members with a matching name.

--------------------------------------------------------------------------------
2025-02-03 04:21:14.934 [Debug] 10403 - Entity Framework Core 7.0.11 initialized 'SqlitePlayerContext' using provider 'Microsoft.EntityFrameworkCore.Sqlite:7.0.11' with options: SensitiveDataLoggingEnabled DetailedErrorsEnabled 

--------------------------------------------------------------------------------
2025-02-03 04:21:15.143 [Debug] 20005 - Creating DbConnection.

--------------------------------------------------------------------------------
2025-02-03 04:21:15.143 [Debug] 20006 - Created DbConnection. (0ms).

--------------------------------------------------------------------------------
2025-02-03 04:21:15.143 [Debug] 20000 - Opening connection to database 'main' on server 'resources\playerdata.db'.

--------------------------------------------------------------------------------
2025-02-03 04:21:15.143 [Debug] 20001 - Opened connection to database 'main' on server 'C:\Users\avery\OneDrive\Documents\GitHub\TrauzeRPG\SERVER CLIENT\Server\resources\playerdata.db'.

--------------------------------------------------------------------------------
2025-02-03 04:21:15.144 [Debug] 20007 - Disposing connection to database 'main' on server 'resources\playerdata.db'.

--------------------------------------------------------------------------------
2025-02-03 04:21:15.144 [Debug] 20008 - Disposed connection to database 'main' on server 'resources\playerdata.db' (0ms).

--------------------------------------------------------------------------------
2025-02-03 04:21:15.144 [Debug] 20103 - Creating DbCommand for 'ExecuteScalar'.

--------------------------------------------------------------------------------
2025-02-03 04:21:15.144 [Debug] 20005 - Creating DbConnection.

--------------------------------------------------------------------------------
2025-02-03 04:21:15.144 [Debug] 20006 - Created DbConnection. (0ms).

--------------------------------------------------------------------------------
2025-02-03 04:21:15.144 [Debug] 20104 - Created DbCommand for 'ExecuteScalar' (0ms).

--------------------------------------------------------------------------------
2025-02-03 04:21:15.144 [Debug] 20106 - Initialized DbCommand for 'ExecuteScalar' (0ms).

--------------------------------------------------------------------------------
2025-02-03 04:21:15.144 [Debug] 20000 - Opening connection to database 'main' on server 'resources\playerdata.db'.

--------------------------------------------------------------------------------
2025-02-03 04:21:15.144 [Debug] 20001 - Opened connection to database 'main' on server 'C:\Users\avery\OneDrive\Documents\GitHub\TrauzeRPG\SERVER CLIENT\Server\resources\playerdata.db'.

--------------------------------------------------------------------------------
2025-02-03 04:21:15.144 [Debug] 20100 - Executing DbCommand [Parameters=[], CommandType='Text', CommandTimeout='30']
SELECT COUNT(*) FROM "sqlite_master" WHERE "name" = '__EFMigrationsHistory' AND "type" = 'table';

--------------------------------------------------------------------------------
2025-02-03 04:21:15.145 [Info] 20101 - Executed DbCommand (1ms) [Parameters=[], CommandType='Text', CommandTimeout='30']
SELECT COUNT(*) FROM "sqlite_master" WHERE "name" = '__EFMigrationsHistory' AND "type" = 'table';

--------------------------------------------------------------------------------
2025-02-03 04:21:15.145 [Debug] 20002 - Closing connection to database 'main' on server 'C:\Users\avery\OneDrive\Documents\GitHub\TrauzeRPG\SERVER CLIENT\Server\resources\playerdata.db'.

--------------------------------------------------------------------------------
2025-02-03 04:21:15.145 [Debug] 20003 - Closed connection to database 'main' on server 'resources\playerdata.db' (0ms).

--------------------------------------------------------------------------------
2025-02-03 04:21:15.148 [Debug] 20103 - Creating DbCommand for 'ExecuteReader'.

--------------------------------------------------------------------------------
2025-02-03 04:21:15.148 [Debug] 20104 - Created DbCommand for 'ExecuteReader' (0ms).

--------------------------------------------------------------------------------
2025-02-03 04:21:15.148 [Debug] 20106 - Initialized DbCommand for 'ExecuteReader' (0ms).

--------------------------------------------------------------------------------
2025-02-03 04:21:15.148 [Debug] 20000 - Opening connection to database 'main' on server 'resources\playerdata.db'.

--------------------------------------------------------------------------------
2025-02-03 04:21:15.148 [Debug] 20001 - Opened connection to database 'main' on server 'C:\Users\avery\OneDrive\Documents\GitHub\TrauzeRPG\SERVER CLIENT\Server\resources\playerdata.db'.

--------------------------------------------------------------------------------
2025-02-03 04:21:15.148 [Debug] 20100 - Executing DbCommand [Parameters=[], CommandType='Text', CommandTimeout='30']
SELECT "MigrationId", "ProductVersion"
FROM "__EFMigrationsHistory"
ORDER BY "MigrationId";

--------------------------------------------------------------------------------
2025-02-03 04:21:15.148 [Info] 20101 - Executed DbCommand (0ms) [Parameters=[], CommandType='Text', CommandTimeout='30']
SELECT "MigrationId", "ProductVersion"
FROM "__EFMigrationsHistory"
ORDER BY "MigrationId";

--------------------------------------------------------------------------------
2025-02-03 04:21:15.148 [Debug] 20301 - Closing data reader to 'main' on server 'C:\Users\avery\OneDrive\Documents\GitHub\TrauzeRPG\SERVER CLIENT\Server\resources\playerdata.db'.

--------------------------------------------------------------------------------
2025-02-03 04:21:15.148 [Debug] 20300 - A data reader for 'main' on server 'C:\Users\avery\OneDrive\Documents\GitHub\TrauzeRPG\SERVER CLIENT\Server\resources\playerdata.db' is being disposed after spending 0ms reading results.

--------------------------------------------------------------------------------
2025-02-03 04:21:15.148 [Debug] 20002 - Closing connection to database 'main' on server 'C:\Users\avery\OneDrive\Documents\GitHub\TrauzeRPG\SERVER CLIENT\Server\resources\playerdata.db'.

--------------------------------------------------------------------------------
2025-02-03 04:21:15.148 [Debug] 20003 - Closed connection to database 'main' on server 'resources\playerdata.db' (0ms).

--------------------------------------------------------------------------------
2025-02-03 04:21:15.175 [Debug] 20005 - Creating DbConnection.

--------------------------------------------------------------------------------
2025-02-03 04:21:15.175 [Debug] 20006 - Created DbConnection. (0ms).

--------------------------------------------------------------------------------
2025-02-03 04:21:15.175 [Debug] 20000 - Opening connection to database 'main' on server 'resources\playerdata.db'.

--------------------------------------------------------------------------------
2025-02-03 04:21:15.176 [Debug] 20001 - Opened connection to database 'main' on server 'C:\Users\avery\OneDrive\Documents\GitHub\TrauzeRPG\SERVER CLIENT\Server\resources\playerdata.db'.

--------------------------------------------------------------------------------
2025-02-03 04:21:15.176 [Debug] 20007 - Disposing connection to database 'main' on server 'resources\playerdata.db'.

--------------------------------------------------------------------------------
2025-02-03 04:21:15.176 [Debug] 20008 - Disposed connection to database 'main' on server 'resources\playerdata.db' (0ms).

--------------------------------------------------------------------------------
2025-02-03 04:21:15.176 [Debug] 20103 - Creating DbCommand for 'ExecuteScalar'.

--------------------------------------------------------------------------------
2025-02-03 04:21:15.176 [Debug] 20104 - Created DbCommand for 'ExecuteScalar' (0ms).

--------------------------------------------------------------------------------
2025-02-03 04:21:15.176 [Debug] 20106 - Initialized DbCommand for 'ExecuteScalar' (0ms).

--------------------------------------------------------------------------------
2025-02-03 04:21:15.176 [Debug] 20000 - Opening connection to database 'main' on server 'resources\playerdata.db'.

--------------------------------------------------------------------------------
2025-02-03 04:21:15.176 [Debug] 20001 - Opened connection to database 'main' on server 'C:\Users\avery\OneDrive\Documents\GitHub\TrauzeRPG\SERVER CLIENT\Server\resources\playerdata.db'.

--------------------------------------------------------------------------------
2025-02-03 04:21:15.176 [Debug] 20100 - Executing DbCommand [Parameters=[], CommandType='Text', CommandTimeout='30']
SELECT COUNT(*) FROM "sqlite_master" WHERE "name" = '__EFMigrationsHistory' AND "type" = 'table';

--------------------------------------------------------------------------------
2025-02-03 04:21:15.176 [Info] 20101 - Executed DbCommand (0ms) [Parameters=[], CommandType='Text', CommandTimeout='30']
SELECT COUNT(*) FROM "sqlite_master" WHERE "name" = '__EFMigrationsHistory' AND "type" = 'table';

--------------------------------------------------------------------------------
2025-02-03 04:21:15.176 [Debug] 20002 - Closing connection to database 'main' on server 'C:\Users\avery\OneDrive\Documents\GitHub\TrauzeRPG\SERVER CLIENT\Server\resources\playerdata.db'.

--------------------------------------------------------------------------------
2025-02-03 04:21:15.176 [Debug] 20003 - Closed connection to database 'main' on server 'resources\playerdata.db' (0ms).

--------------------------------------------------------------------------------
2025-02-03 04:21:15.176 [Debug] 20103 - Creating DbCommand for 'ExecuteReader'.

--------------------------------------------------------------------------------
2025-02-03 04:21:15.176 [Debug] 20104 - Created DbCommand for 'ExecuteReader' (0ms).

--------------------------------------------------------------------------------
2025-02-03 04:21:15.176 [Debug] 20106 - Initialized DbCommand for 'ExecuteReader' (0ms).

--------------------------------------------------------------------------------
2025-02-03 04:21:15.176 [Debug] 20000 - Opening connection to database 'main' on server 'resources\playerdata.db'.

--------------------------------------------------------------------------------
2025-02-03 04:21:15.176 [Debug] 20001 - Opened connection to database 'main' on server 'C:\Users\avery\OneDrive\Documents\GitHub\TrauzeRPG\SERVER CLIENT\Server\resources\playerdata.db'.

--------------------------------------------------------------------------------
2025-02-03 04:21:15.176 [Debug] 20100 - Executing DbCommand [Parameters=[], CommandType='Text', CommandTimeout='30']
SELECT "MigrationId", "ProductVersion"
FROM "__EFMigrationsHistory"
ORDER BY "MigrationId";

--------------------------------------------------------------------------------
2025-02-03 04:21:15.176 [Info] 20101 - Executed DbCommand (0ms) [Parameters=[], CommandType='Text', CommandTimeout='30']
SELECT "MigrationId", "ProductVersion"
FROM "__EFMigrationsHistory"
ORDER BY "MigrationId";

--------------------------------------------------------------------------------
2025-02-03 04:21:15.176 [Debug] 20301 - Closing data reader to 'main' on server 'C:\Users\avery\OneDrive\Documents\GitHub\TrauzeRPG\SERVER CLIENT\Server\resources\playerdata.db'.

--------------------------------------------------------------------------------
2025-02-03 04:21:15.176 [Debug] 20300 - A data reader for 'main' on server 'C:\Users\avery\OneDrive\Documents\GitHub\TrauzeRPG\SERVER CLIENT\Server\resources\playerdata.db' is being disposed after spending 0ms reading results.

--------------------------------------------------------------------------------
2025-02-03 04:21:15.176 [Debug] 20002 - Closing connection to database 'main' on server 'C:\Users\avery\OneDrive\Documents\GitHub\TrauzeRPG\SERVER CLIENT\Server\resources\playerdata.db'.

--------------------------------------------------------------------------------
2025-02-03 04:21:15.177 [Debug] 20003 - Closed connection to database 'main' on server 'resources\playerdata.db' (0ms).

--------------------------------------------------------------------------------
2025-02-03 04:21:15.182 [Debug] 20005 - Creating DbConnection.

--------------------------------------------------------------------------------
2025-02-03 04:21:15.182 [Debug] 20006 - Created DbConnection. (0ms).

--------------------------------------------------------------------------------
2025-02-03 04:21:15.182 [Debug] 20000 - Opening connection to database 'main' on server 'resources\playerdata.db'.

--------------------------------------------------------------------------------
2025-02-03 04:21:15.182 [Debug] 20001 - Opened connection to database 'main' on server 'C:\Users\avery\OneDrive\Documents\GitHub\TrauzeRPG\SERVER CLIENT\Server\resources\playerdata.db'.

--------------------------------------------------------------------------------
2025-02-03 04:21:15.182 [Debug] 20007 - Disposing connection to database 'main' on server 'resources\playerdata.db'.

--------------------------------------------------------------------------------
2025-02-03 04:21:15.182 [Debug] 20008 - Disposed connection to database 'main' on server 'resources\playerdata.db' (0ms).

--------------------------------------------------------------------------------
2025-02-03 04:21:15.182 [Debug] 20103 - Creating DbCommand for 'ExecuteScalar'.

--------------------------------------------------------------------------------
2025-02-03 04:21:15.183 [Debug] 20104 - Created DbCommand for 'ExecuteScalar' (0ms).

--------------------------------------------------------------------------------
2025-02-03 04:21:15.183 [Debug] 20106 - Initialized DbCommand for 'ExecuteScalar' (0ms).

--------------------------------------------------------------------------------
2025-02-03 04:21:15.183 [Debug] 20000 - Opening connection to database 'main' on server 'resources\playerdata.db'.

--------------------------------------------------------------------------------
2025-02-03 04:21:15.183 [Debug] 20001 - Opened connection to database 'main' on server 'C:\Users\avery\OneDrive\Documents\GitHub\TrauzeRPG\SERVER CLIENT\Server\resources\playerdata.db'.

--------------------------------------------------------------------------------
2025-02-03 04:21:15.183 [Debug] 20100 - Executing DbCommand [Parameters=[], CommandType='Text', CommandTimeout='30']
SELECT COUNT(*) FROM "sqlite_master" WHERE "name" = '__EFMigrationsHistory' AND "type" = 'table';

--------------------------------------------------------------------------------
2025-02-03 04:21:15.183 [Info] 20101 - Executed DbCommand (0ms) [Parameters=[], CommandType='Text', CommandTimeout='30']
SELECT COUNT(*) FROM "sqlite_master" WHERE "name" = '__EFMigrationsHistory' AND "type" = 'table';

--------------------------------------------------------------------------------
2025-02-03 04:21:15.183 [Debug] 20002 - Closing connection to database 'main' on server 'C:\Users\avery\OneDrive\Documents\GitHub\TrauzeRPG\SERVER CLIENT\Server\resources\playerdata.db'.

--------------------------------------------------------------------------------
2025-02-03 04:21:15.183 [Debug] 20003 - Closed connection to database 'main' on server 'resources\playerdata.db' (0ms).

--------------------------------------------------------------------------------
2025-02-03 04:21:15.183 [Debug] 20103 - Creating DbCommand for 'ExecuteReader'.

--------------------------------------------------------------------------------
2025-02-03 04:21:15.183 [Debug] 20104 - Created DbCommand for 'ExecuteReader' (0ms).

--------------------------------------------------------------------------------
2025-02-03 04:21:15.183 [Debug] 20106 - Initialized DbCommand for 'ExecuteReader' (0ms).

--------------------------------------------------------------------------------
2025-02-03 04:21:15.183 [Debug] 20000 - Opening connection to database 'main' on server 'resources\playerdata.db'.

--------------------------------------------------------------------------------
2025-02-03 04:21:15.183 [Debug] 20001 - Opened connection to database 'main' on server 'C:\Users\avery\OneDrive\Documents\GitHub\TrauzeRPG\SERVER CLIENT\Server\resources\playerdata.db'.

--------------------------------------------------------------------------------
2025-02-03 04:21:15.183 [Debug] 20100 - Executing DbCommand [Parameters=[], CommandType='Text', CommandTimeout='30']
SELECT "MigrationId", "ProductVersion"
FROM "__EFMigrationsHistory"
ORDER BY "MigrationId";

--------------------------------------------------------------------------------
2025-02-03 04:21:15.183 [Info] 20101 - Executed DbCommand (0ms) [Parameters=[], CommandType='Text', CommandTimeout='30']
SELECT "MigrationId", "ProductVersion"
FROM "__EFMigrationsHistory"
ORDER BY "MigrationId";

--------------------------------------------------------------------------------
2025-02-03 04:21:15.183 [Debug] 20301 - Closing data reader to 'main' on server 'C:\Users\avery\OneDrive\Documents\GitHub\TrauzeRPG\SERVER CLIENT\Server\resources\playerdata.db'.

--------------------------------------------------------------------------------
2025-02-03 04:21:15.183 [Debug] 20300 - A data reader for 'main' on server 'C:\Users\avery\OneDrive\Documents\GitHub\TrauzeRPG\SERVER CLIENT\Server\resources\playerdata.db' is being disposed after spending 0ms reading results.

--------------------------------------------------------------------------------
2025-02-03 04:21:15.183 [Debug] 20002 - Closing connection to database 'main' on server 'C:\Users\avery\OneDrive\Documents\GitHub\TrauzeRPG\SERVER CLIENT\Server\resources\playerdata.db'.

--------------------------------------------------------------------------------
2025-02-03 04:21:15.183 [Debug] 20003 - Closed connection to database 'main' on server 'resources\playerdata.db' (0ms).

--------------------------------------------------------------------------------
2025-02-03 04:21:15.184 [Debug] 20005 - Creating DbConnection.

--------------------------------------------------------------------------------
2025-02-03 04:21:15.184 [Debug] 20006 - Created DbConnection. (0ms).

--------------------------------------------------------------------------------
2025-02-03 04:21:15.184 [Debug] 20000 - Opening connection to database 'main' on server 'resources\playerdata.db'.

--------------------------------------------------------------------------------
2025-02-03 04:21:15.184 [Debug] 20001 - Opened connection to database 'main' on server 'C:\Users\avery\OneDrive\Documents\GitHub\TrauzeRPG\SERVER CLIENT\Server\resources\playerdata.db'.

--------------------------------------------------------------------------------
2025-02-03 04:21:15.184 [Debug] 20007 - Disposing connection to database 'main' on server 'resources\playerdata.db'.

--------------------------------------------------------------------------------
2025-02-03 04:21:15.184 [Debug] 20008 - Disposed connection to database 'main' on server 'resources\playerdata.db' (0ms).

--------------------------------------------------------------------------------
2025-02-03 04:21:15.184 [Debug] 20103 - Creating DbCommand for 'ExecuteScalar'.

--------------------------------------------------------------------------------
2025-02-03 04:21:15.185 [Debug] 20104 - Created DbCommand for 'ExecuteScalar' (0ms).

--------------------------------------------------------------------------------
2025-02-03 04:21:15.185 [Debug] 20106 - Initialized DbCommand for 'ExecuteScalar' (0ms).

--------------------------------------------------------------------------------
2025-02-03 04:21:15.185 [Debug] 20000 - Opening connection to database 'main' on server 'resources\playerdata.db'.

--------------------------------------------------------------------------------
2025-02-03 04:21:15.185 [Debug] 20001 - Opened connection to database 'main' on server 'C:\Users\avery\OneDrive\Documents\GitHub\TrauzeRPG\SERVER CLIENT\Server\resources\playerdata.db'.

--------------------------------------------------------------------------------
2025-02-03 04:21:15.185 [Debug] 20100 - Executing DbCommand [Parameters=[], CommandType='Text', CommandTimeout='30']
SELECT COUNT(*) FROM "sqlite_master" WHERE "name" = '__EFMigrationsHistory' AND "type" = 'table';

--------------------------------------------------------------------------------
2025-02-03 04:21:15.185 [Info] 20101 - Executed DbCommand (0ms) [Parameters=[], CommandType='Text', CommandTimeout='30']
SELECT COUNT(*) FROM "sqlite_master" WHERE "name" = '__EFMigrationsHistory' AND "type" = 'table';

--------------------------------------------------------------------------------
2025-02-03 04:21:15.185 [Debug] 20002 - Closing connection to database 'main' on server 'C:\Users\avery\OneDrive\Documents\GitHub\TrauzeRPG\SERVER CLIENT\Server\resources\playerdata.db'.

--------------------------------------------------------------------------------
2025-02-03 04:21:15.185 [Debug] 20003 - Closed connection to database 'main' on server 'resources\playerdata.db' (0ms).

--------------------------------------------------------------------------------
2025-02-03 04:21:15.185 [Debug] 20103 - Creating DbCommand for 'ExecuteReader'.

--------------------------------------------------------------------------------
2025-02-03 04:21:15.185 [Debug] 20104 - Created DbCommand for 'ExecuteReader' (0ms).

--------------------------------------------------------------------------------
2025-02-03 04:21:15.185 [Debug] 20106 - Initialized DbCommand for 'ExecuteReader' (0ms).

--------------------------------------------------------------------------------
2025-02-03 04:21:15.185 [Debug] 20000 - Opening connection to database 'main' on server 'resources\playerdata.db'.

--------------------------------------------------------------------------------
2025-02-03 04:21:15.185 [Debug] 20001 - Opened connection to database 'main' on server 'C:\Users\avery\OneDrive\Documents\GitHub\TrauzeRPG\SERVER CLIENT\Server\resources\playerdata.db'.

--------------------------------------------------------------------------------
2025-02-03 04:21:15.185 [Debug] 20100 - Executing DbCommand [Parameters=[], CommandType='Text', CommandTimeout='30']
SELECT "MigrationId", "ProductVersion"
FROM "__EFMigrationsHistory"
ORDER BY "MigrationId";

--------------------------------------------------------------------------------
2025-02-03 04:21:15.185 [Info] 20101 - Executed DbCommand (0ms) [Parameters=[], CommandType='Text', CommandTimeout='30']
SELECT "MigrationId", "ProductVersion"
FROM "__EFMigrationsHistory"
ORDER BY "MigrationId";

--------------------------------------------------------------------------------
2025-02-03 04:21:15.185 [Debug] 20301 - Closing data reader to 'main' on server 'C:\Users\avery\OneDrive\Documents\GitHub\TrauzeRPG\SERVER CLIENT\Server\resources\playerdata.db'.

--------------------------------------------------------------------------------
2025-02-03 04:21:15.185 [Debug] 20300 - A data reader for 'main' on server 'C:\Users\avery\OneDrive\Documents\GitHub\TrauzeRPG\SERVER CLIENT\Server\resources\playerdata.db' is being disposed after spending 0ms reading results.

--------------------------------------------------------------------------------
2025-02-03 04:21:15.185 [Debug] 20002 - Closing connection to database 'main' on server 'C:\Users\avery\OneDrive\Documents\GitHub\TrauzeRPG\SERVER CLIENT\Server\resources\playerdata.db'.

--------------------------------------------------------------------------------
2025-02-03 04:21:15.185 [Debug] 20003 - Closed connection to database 'main' on server 'resources\playerdata.db' (0ms).

--------------------------------------------------------------------------------
2025-02-03 04:21:15.186 [Debug] 20005 - Creating DbConnection.

--------------------------------------------------------------------------------
2025-02-03 04:21:15.186 [Debug] 20006 - Created DbConnection. (0ms).

--------------------------------------------------------------------------------
2025-02-03 04:21:15.187 [Debug] 20000 - Opening connection to database 'main' on server 'resources\playerdata.db'.

--------------------------------------------------------------------------------
2025-02-03 04:21:15.187 [Debug] 20001 - Opened connection to database 'main' on server 'C:\Users\avery\OneDrive\Documents\GitHub\TrauzeRPG\SERVER CLIENT\Server\resources\playerdata.db'.

--------------------------------------------------------------------------------
2025-02-03 04:21:15.187 [Debug] 20007 - Disposing connection to database 'main' on server 'resources\playerdata.db'.

--------------------------------------------------------------------------------
2025-02-03 04:21:15.187 [Debug] 20008 - Disposed connection to database 'main' on server 'resources\playerdata.db' (0ms).

--------------------------------------------------------------------------------
2025-02-03 04:21:15.187 [Debug] 20103 - Creating DbCommand for 'ExecuteScalar'.

--------------------------------------------------------------------------------
2025-02-03 04:21:15.187 [Debug] 20104 - Created DbCommand for 'ExecuteScalar' (0ms).

--------------------------------------------------------------------------------
2025-02-03 04:21:15.187 [Debug] 20106 - Initialized DbCommand for 'ExecuteScalar' (0ms).

--------------------------------------------------------------------------------
2025-02-03 04:21:15.187 [Debug] 20000 - Opening connection to database 'main' on server 'resources\playerdata.db'.

--------------------------------------------------------------------------------
2025-02-03 04:21:15.187 [Debug] 20001 - Opened connection to database 'main' on server 'C:\Users\avery\OneDrive\Documents\GitHub\TrauzeRPG\SERVER CLIENT\Server\resources\playerdata.db'.

--------------------------------------------------------------------------------
2025-02-03 04:21:15.187 [Debug] 20100 - Executing DbCommand [Parameters=[], CommandType='Text', CommandTimeout='30']
SELECT COUNT(*) FROM "sqlite_master" WHERE "name" = '__EFMigrationsHistory' AND "type" = 'table';

--------------------------------------------------------------------------------
2025-02-03 04:21:15.187 [Info] 20101 - Executed DbCommand (0ms) [Parameters=[], CommandType='Text', CommandTimeout='30']
SELECT COUNT(*) FROM "sqlite_master" WHERE "name" = '__EFMigrationsHistory' AND "type" = 'table';

--------------------------------------------------------------------------------
2025-02-03 04:21:15.188 [Debug] 20002 - Closing connection to database 'main' on server 'C:\Users\avery\OneDrive\Documents\GitHub\TrauzeRPG\SERVER CLIENT\Server\resources\playerdata.db'.

--------------------------------------------------------------------------------
2025-02-03 04:21:15.188 [Debug] 20003 - Closed connection to database 'main' on server 'resources\playerdata.db' (0ms).

--------------------------------------------------------------------------------
2025-02-03 04:21:15.188 [Debug] 20103 - Creating DbCommand for 'ExecuteReader'.

--------------------------------------------------------------------------------
2025-02-03 04:21:15.188 [Debug] 20104 - Created DbCommand for 'ExecuteReader' (0ms).

--------------------------------------------------------------------------------
2025-02-03 04:21:15.188 [Debug] 20106 - Initialized DbCommand for 'ExecuteReader' (0ms).

--------------------------------------------------------------------------------
2025-02-03 04:21:15.188 [Debug] 20000 - Opening connection to database 'main' on server 'resources\playerdata.db'.

--------------------------------------------------------------------------------
2025-02-03 04:21:15.188 [Debug] 20001 - Opened connection to database 'main' on server 'C:\Users\avery\OneDrive\Documents\GitHub\TrauzeRPG\SERVER CLIENT\Server\resources\playerdata.db'.

--------------------------------------------------------------------------------
2025-02-03 04:21:15.188 [Debug] 20100 - Executing DbCommand [Parameters=[], CommandType='Text', CommandTimeout='30']
SELECT "MigrationId", "ProductVersion"
FROM "__EFMigrationsHistory"
ORDER BY "MigrationId";

--------------------------------------------------------------------------------
2025-02-03 04:21:15.188 [Info] 20101 - Executed DbCommand (0ms) [Parameters=[], CommandType='Text', CommandTimeout='30']
SELECT "MigrationId", "ProductVersion"
FROM "__EFMigrationsHistory"
ORDER BY "MigrationId";

--------------------------------------------------------------------------------
2025-02-03 04:21:15.188 [Debug] 20301 - Closing data reader to 'main' on server 'C:\Users\avery\OneDrive\Documents\GitHub\TrauzeRPG\SERVER CLIENT\Server\resources\playerdata.db'.

--------------------------------------------------------------------------------
2025-02-03 04:21:15.188 [Debug] 20300 - A data reader for 'main' on server 'C:\Users\avery\OneDrive\Documents\GitHub\TrauzeRPG\SERVER CLIENT\Server\resources\playerdata.db' is being disposed after spending 0ms reading results.

--------------------------------------------------------------------------------
2025-02-03 04:21:15.188 [Debug] 20002 - Closing connection to database 'main' on server 'C:\Users\avery\OneDrive\Documents\GitHub\TrauzeRPG\SERVER CLIENT\Server\resources\playerdata.db'.

--------------------------------------------------------------------------------
2025-02-03 04:21:15.188 [Debug] 20003 - Closed connection to database 'main' on server 'resources\playerdata.db' (0ms).

--------------------------------------------------------------------------------
2025-02-03 04:21:15.188 [Debug] 20005 - Creating DbConnection.

--------------------------------------------------------------------------------
2025-02-03 04:21:15.188 [Debug] 20006 - Created DbConnection. (0ms).

--------------------------------------------------------------------------------
2025-02-03 04:21:15.188 [Debug] 20000 - Opening connection to database 'main' on server 'resources\playerdata.db'.

--------------------------------------------------------------------------------
2025-02-03 04:21:15.188 [Debug] 20001 - Opened connection to database 'main' on server 'C:\Users\avery\OneDrive\Documents\GitHub\TrauzeRPG\SERVER CLIENT\Server\resources\playerdata.db'.

--------------------------------------------------------------------------------
2025-02-03 04:21:15.189 [Debug] 20007 - Disposing connection to database 'main' on server 'resources\playerdata.db'.

--------------------------------------------------------------------------------
2025-02-03 04:21:15.189 [Debug] 20008 - Disposed connection to database 'main' on server 'resources\playerdata.db' (0ms).

--------------------------------------------------------------------------------
2025-02-03 04:21:15.189 [Debug] 20103 - Creating DbCommand for 'ExecuteScalar'.

--------------------------------------------------------------------------------
2025-02-03 04:21:15.189 [Debug] 20104 - Created DbCommand for 'ExecuteScalar' (0ms).

--------------------------------------------------------------------------------
2025-02-03 04:21:15.189 [Debug] 20106 - Initialized DbCommand for 'ExecuteScalar' (0ms).

--------------------------------------------------------------------------------
2025-02-03 04:21:15.189 [Debug] 20000 - Opening connection to database 'main' on server 'resources\playerdata.db'.

--------------------------------------------------------------------------------
2025-02-03 04:21:15.189 [Debug] 20001 - Opened connection to database 'main' on server 'C:\Users\avery\OneDrive\Documents\GitHub\TrauzeRPG\SERVER CLIENT\Server\resources\playerdata.db'.

--------------------------------------------------------------------------------
2025-02-03 04:21:15.189 [Debug] 20100 - Executing DbCommand [Parameters=[], CommandType='Text', CommandTimeout='30']
SELECT COUNT(*) FROM "sqlite_master" WHERE "name" = '__EFMigrationsHistory' AND "type" = 'table';

--------------------------------------------------------------------------------
2025-02-03 04:21:15.189 [Info] 20101 - Executed DbCommand (0ms) [Parameters=[], CommandType='Text', CommandTimeout='30']
SELECT COUNT(*) FROM "sqlite_master" WHERE "name" = '__EFMigrationsHistory' AND "type" = 'table';

--------------------------------------------------------------------------------
2025-02-03 04:21:15.189 [Debug] 20002 - Closing connection to database 'main' on server 'C:\Users\avery\OneDrive\Documents\GitHub\TrauzeRPG\SERVER CLIENT\Server\resources\playerdata.db'.

--------------------------------------------------------------------------------
2025-02-03 04:21:15.189 [Debug] 20003 - Closed connection to database 'main' on server 'resources\playerdata.db' (0ms).

--------------------------------------------------------------------------------
2025-02-03 04:21:15.189 [Debug] 20103 - Creating DbCommand for 'ExecuteReader'.

--------------------------------------------------------------------------------
2025-02-03 04:21:15.189 [Debug] 20104 - Created DbCommand for 'ExecuteReader' (0ms).

--------------------------------------------------------------------------------
2025-02-03 04:21:15.189 [Debug] 20106 - Initialized DbCommand for 'ExecuteReader' (0ms).

--------------------------------------------------------------------------------
2025-02-03 04:21:15.189 [Debug] 20000 - Opening connection to database 'main' on server 'resources\playerdata.db'.

--------------------------------------------------------------------------------
2025-02-03 04:21:15.189 [Debug] 20001 - Opened connection to database 'main' on server 'C:\Users\avery\OneDrive\Documents\GitHub\TrauzeRPG\SERVER CLIENT\Server\resources\playerdata.db'.

--------------------------------------------------------------------------------
2025-02-03 04:21:15.189 [Debug] 20100 - Executing DbCommand [Parameters=[], CommandType='Text', CommandTimeout='30']
SELECT "MigrationId", "ProductVersion"
FROM "__EFMigrationsHistory"
ORDER BY "MigrationId";

--------------------------------------------------------------------------------
2025-02-03 04:21:15.189 [Info] 20101 - Executed DbCommand (0ms) [Parameters=[], CommandType='Text', CommandTimeout='30']
SELECT "MigrationId", "ProductVersion"
FROM "__EFMigrationsHistory"
ORDER BY "MigrationId";

--------------------------------------------------------------------------------
2025-02-03 04:21:15.189 [Debug] 20301 - Closing data reader to 'main' on server 'C:\Users\avery\OneDrive\Documents\GitHub\TrauzeRPG\SERVER CLIENT\Server\resources\playerdata.db'.

--------------------------------------------------------------------------------
2025-02-03 04:21:15.189 [Debug] 20300 - A data reader for 'main' on server 'C:\Users\avery\OneDrive\Documents\GitHub\TrauzeRPG\SERVER CLIENT\Server\resources\playerdata.db' is being disposed after spending 0ms reading results.

--------------------------------------------------------------------------------
2025-02-03 04:21:15.189 [Debug] 20002 - Closing connection to database 'main' on server 'C:\Users\avery\OneDrive\Documents\GitHub\TrauzeRPG\SERVER CLIENT\Server\resources\playerdata.db'.

--------------------------------------------------------------------------------
2025-02-03 04:21:15.189 [Debug] 20003 - Closed connection to database 'main' on server 'resources\playerdata.db' (0ms).

--------------------------------------------------------------------------------
2025-02-03 04:21:15.189 [Debug] 20005 - Creating DbConnection.

--------------------------------------------------------------------------------
2025-02-03 04:21:15.190 [Debug] 20006 - Created DbConnection. (0ms).

--------------------------------------------------------------------------------
2025-02-03 04:21:15.190 [Debug] 20000 - Opening connection to database 'main' on server 'resources\playerdata.db'.

--------------------------------------------------------------------------------
2025-02-03 04:21:15.190 [Debug] 20001 - Opened connection to database 'main' on server 'C:\Users\avery\OneDrive\Documents\GitHub\TrauzeRPG\SERVER CLIENT\Server\resources\playerdata.db'.

--------------------------------------------------------------------------------
2025-02-03 04:21:15.190 [Debug] 20007 - Disposing connection to database 'main' on server 'resources\playerdata.db'.

--------------------------------------------------------------------------------
2025-02-03 04:21:15.190 [Debug] 20008 - Disposed connection to database 'main' on server 'resources\playerdata.db' (0ms).

--------------------------------------------------------------------------------
2025-02-03 04:21:15.190 [Debug] 20103 - Creating DbCommand for 'ExecuteScalar'.

--------------------------------------------------------------------------------
2025-02-03 04:21:15.190 [Debug] 20104 - Created DbCommand for 'ExecuteScalar' (0ms).

--------------------------------------------------------------------------------
2025-02-03 04:21:15.190 [Debug] 20106 - Initialized DbCommand for 'ExecuteScalar' (0ms).

--------------------------------------------------------------------------------
2025-02-03 04:21:15.190 [Debug] 20000 - Opening connection to database 'main' on server 'resources\playerdata.db'.

--------------------------------------------------------------------------------
2025-02-03 04:21:15.190 [Debug] 20001 - Opened connection to database 'main' on server 'C:\Users\avery\OneDrive\Documents\GitHub\TrauzeRPG\SERVER CLIENT\Server\resources\playerdata.db'.

--------------------------------------------------------------------------------
2025-02-03 04:21:15.190 [Debug] 20100 - Executing DbCommand [Parameters=[], CommandType='Text', CommandTimeout='30']
SELECT COUNT(*) FROM "sqlite_master" WHERE "name" = '__EFMigrationsHistory' AND "type" = 'table';

--------------------------------------------------------------------------------
2025-02-03 04:21:15.190 [Info] 20101 - Executed DbCommand (0ms) [Parameters=[], CommandType='Text', CommandTimeout='30']
SELECT COUNT(*) FROM "sqlite_master" WHERE "name" = '__EFMigrationsHistory' AND "type" = 'table';

--------------------------------------------------------------------------------
2025-02-03 04:21:15.190 [Debug] 20002 - Closing connection to database 'main' on server 'C:\Users\avery\OneDrive\Documents\GitHub\TrauzeRPG\SERVER CLIENT\Server\resources\playerdata.db'.

--------------------------------------------------------------------------------
2025-02-03 04:21:15.190 [Debug] 20003 - Closed connection to database 'main' on server 'resources\playerdata.db' (0ms).

--------------------------------------------------------------------------------
2025-02-03 04:21:15.190 [Debug] 20103 - Creating DbCommand for 'ExecuteReader'.

--------------------------------------------------------------------------------
2025-02-03 04:21:15.190 [Debug] 20104 - Created DbCommand for 'ExecuteReader' (0ms).

--------------------------------------------------------------------------------
2025-02-03 04:21:15.190 [Debug] 20106 - Initialized DbCommand for 'ExecuteReader' (0ms).

--------------------------------------------------------------------------------
2025-02-03 04:21:15.190 [Debug] 20000 - Opening connection to database 'main' on server 'resources\playerdata.db'.

--------------------------------------------------------------------------------
2025-02-03 04:21:15.190 [Debug] 20001 - Opened connection to database 'main' on server 'C:\Users\avery\OneDrive\Documents\GitHub\TrauzeRPG\SERVER CLIENT\Server\resources\playerdata.db'.

--------------------------------------------------------------------------------
2025-02-03 04:21:15.190 [Debug] 20100 - Executing DbCommand [Parameters=[], CommandType='Text', CommandTimeout='30']
SELECT "MigrationId", "ProductVersion"
FROM "__EFMigrationsHistory"
ORDER BY "MigrationId";

--------------------------------------------------------------------------------
2025-02-03 04:21:15.190 [Info] 20101 - Executed DbCommand (0ms) [Parameters=[], CommandType='Text', CommandTimeout='30']
SELECT "MigrationId", "ProductVersion"
FROM "__EFMigrationsHistory"
ORDER BY "MigrationId";

--------------------------------------------------------------------------------
2025-02-03 04:21:15.190 [Debug] 20301 - Closing data reader to 'main' on server 'C:\Users\avery\OneDrive\Documents\GitHub\TrauzeRPG\SERVER CLIENT\Server\resources\playerdata.db'.

--------------------------------------------------------------------------------
2025-02-03 04:21:15.191 [Debug] 20300 - A data reader for 'main' on server 'C:\Users\avery\OneDrive\Documents\GitHub\TrauzeRPG\SERVER CLIENT\Server\resources\playerdata.db' is being disposed after spending 0ms reading results.

--------------------------------------------------------------------------------
2025-02-03 04:21:15.191 [Debug] 20002 - Closing connection to database 'main' on server 'C:\Users\avery\OneDrive\Documents\GitHub\TrauzeRPG\SERVER CLIENT\Server\resources\playerdata.db'.

--------------------------------------------------------------------------------
2025-02-03 04:21:15.191 [Debug] 20003 - Closed connection to database 'main' on server 'resources\playerdata.db' (0ms).

--------------------------------------------------------------------------------
2025-02-03 04:21:15.191 [Debug] 20005 - Creating DbConnection.

--------------------------------------------------------------------------------
2025-02-03 04:21:15.191 [Debug] 20006 - Created DbConnection. (0ms).

--------------------------------------------------------------------------------
2025-02-03 04:21:15.191 [Debug] 20000 - Opening connection to database 'main' on server 'resources\playerdata.db'.

--------------------------------------------------------------------------------
2025-02-03 04:21:15.191 [Debug] 20001 - Opened connection to database 'main' on server 'C:\Users\avery\OneDrive\Documents\GitHub\TrauzeRPG\SERVER CLIENT\Server\resources\playerdata.db'.

--------------------------------------------------------------------------------
2025-02-03 04:21:15.192 [Debug] 20007 - Disposing connection to database 'main' on server 'resources\playerdata.db'.

--------------------------------------------------------------------------------
2025-02-03 04:21:15.192 [Debug] 20008 - Disposed connection to database 'main' on server 'resources\playerdata.db' (0ms).

--------------------------------------------------------------------------------
2025-02-03 04:21:15.192 [Debug] 20103 - Creating DbCommand for 'ExecuteScalar'.

--------------------------------------------------------------------------------
2025-02-03 04:21:15.192 [Debug] 20104 - Created DbCommand for 'ExecuteScalar' (0ms).

--------------------------------------------------------------------------------
2025-02-03 04:21:15.192 [Debug] 20106 - Initialized DbCommand for 'ExecuteScalar' (0ms).

--------------------------------------------------------------------------------
2025-02-03 04:21:15.192 [Debug] 20000 - Opening connection to database 'main' on server 'resources\playerdata.db'.

--------------------------------------------------------------------------------
2025-02-03 04:21:15.192 [Debug] 20001 - Opened connection to database 'main' on server 'C:\Users\avery\OneDrive\Documents\GitHub\TrauzeRPG\SERVER CLIENT\Server\resources\playerdata.db'.

--------------------------------------------------------------------------------
2025-02-03 04:21:15.192 [Debug] 20100 - Executing DbCommand [Parameters=[], CommandType='Text', CommandTimeout='30']
SELECT COUNT(*) FROM "sqlite_master" WHERE "name" = '__EFMigrationsHistory' AND "type" = 'table';

--------------------------------------------------------------------------------
2025-02-03 04:21:15.192 [Info] 20101 - Executed DbCommand (0ms) [Parameters=[], CommandType='Text', CommandTimeout='30']
SELECT COUNT(*) FROM "sqlite_master" WHERE "name" = '__EFMigrationsHistory' AND "type" = 'table';

--------------------------------------------------------------------------------
2025-02-03 04:21:15.192 [Debug] 20002 - Closing connection to database 'main' on server 'C:\Users\avery\OneDrive\Documents\GitHub\TrauzeRPG\SERVER CLIENT\Server\resources\playerdata.db'.

--------------------------------------------------------------------------------
2025-02-03 04:21:15.192 [Debug] 20003 - Closed connection to database 'main' on server 'resources\playerdata.db' (0ms).

--------------------------------------------------------------------------------
2025-02-03 04:21:15.192 [Debug] 20103 - Creating DbCommand for 'ExecuteReader'.

--------------------------------------------------------------------------------
2025-02-03 04:21:15.192 [Debug] 20104 - Created DbCommand for 'ExecuteReader' (0ms).

--------------------------------------------------------------------------------
2025-02-03 04:21:15.192 [Debug] 20106 - Initialized DbCommand for 'ExecuteReader' (0ms).

--------------------------------------------------------------------------------
2025-02-03 04:21:15.192 [Debug] 20000 - Opening connection to database 'main' on server 'resources\playerdata.db'.

--------------------------------------------------------------------------------
2025-02-03 04:21:15.192 [Debug] 20001 - Opened connection to database 'main' on server 'C:\Users\avery\OneDrive\Documents\GitHub\TrauzeRPG\SERVER CLIENT\Server\resources\playerdata.db'.

--------------------------------------------------------------------------------
2025-02-03 04:21:15.192 [Debug] 20100 - Executing DbCommand [Parameters=[], CommandType='Text', CommandTimeout='30']
SELECT "MigrationId", "ProductVersion"
FROM "__EFMigrationsHistory"
ORDER BY "MigrationId";

--------------------------------------------------------------------------------
2025-02-03 04:21:15.192 [Info] 20101 - Executed DbCommand (0ms) [Parameters=[], CommandType='Text', CommandTimeout='30']
SELECT "MigrationId", "ProductVersion"
FROM "__EFMigrationsHistory"
ORDER BY "MigrationId";

--------------------------------------------------------------------------------
2025-02-03 04:21:15.192 [Debug] 20301 - Closing data reader to 'main' on server 'C:\Users\avery\OneDrive\Documents\GitHub\TrauzeRPG\SERVER CLIENT\Server\resources\playerdata.db'.

--------------------------------------------------------------------------------
2025-02-03 04:21:15.192 [Debug] 20300 - A data reader for 'main' on server 'C:\Users\avery\OneDrive\Documents\GitHub\TrauzeRPG\SERVER CLIENT\Server\resources\playerdata.db' is being disposed after spending 0ms reading results.

--------------------------------------------------------------------------------
2025-02-03 04:21:15.192 [Debug] 20002 - Closing connection to database 'main' on server 'C:\Users\avery\OneDrive\Documents\GitHub\TrauzeRPG\SERVER CLIENT\Server\resources\playerdata.db'.

--------------------------------------------------------------------------------
2025-02-03 04:21:15.192 [Debug] 20003 - Closed connection to database 'main' on server 'resources\playerdata.db' (0ms).

--------------------------------------------------------------------------------
2025-02-03 04:21:15.193 [Debug] 20005 - Creating DbConnection.

--------------------------------------------------------------------------------
2025-02-03 04:21:15.193 [Debug] 20006 - Created DbConnection. (0ms).

--------------------------------------------------------------------------------
2025-02-03 04:21:15.193 [Debug] 20000 - Opening connection to database 'main' on server 'resources\playerdata.db'.

--------------------------------------------------------------------------------
2025-02-03 04:21:15.193 [Debug] 20001 - Opened connection to database 'main' on server 'C:\Users\avery\OneDrive\Documents\GitHub\TrauzeRPG\SERVER CLIENT\Server\resources\playerdata.db'.

--------------------------------------------------------------------------------
2025-02-03 04:21:15.193 [Debug] 20007 - Disposing connection to database 'main' on server 'resources\playerdata.db'.

--------------------------------------------------------------------------------
2025-02-03 04:21:15.193 [Debug] 20008 - Disposed connection to database 'main' on server 'resources\playerdata.db' (0ms).

--------------------------------------------------------------------------------
2025-02-03 04:21:15.193 [Debug] 20103 - Creating DbCommand for 'ExecuteScalar'.

--------------------------------------------------------------------------------
2025-02-03 04:21:15.193 [Debug] 20104 - Created DbCommand for 'ExecuteScalar' (0ms).

--------------------------------------------------------------------------------
2025-02-03 04:21:15.193 [Debug] 20106 - Initialized DbCommand for 'ExecuteScalar' (0ms).

--------------------------------------------------------------------------------
2025-02-03 04:21:15.193 [Debug] 20000 - Opening connection to database 'main' on server 'resources\playerdata.db'.

--------------------------------------------------------------------------------
2025-02-03 04:21:15.193 [Debug] 20001 - Opened connection to database 'main' on server 'C:\Users\avery\OneDrive\Documents\GitHub\TrauzeRPG\SERVER CLIENT\Server\resources\playerdata.db'.

--------------------------------------------------------------------------------
2025-02-03 04:21:15.193 [Debug] 20100 - Executing DbCommand [Parameters=[], CommandType='Text', CommandTimeout='30']
SELECT COUNT(*) FROM "sqlite_master" WHERE "name" = '__EFMigrationsHistory' AND "type" = 'table';

--------------------------------------------------------------------------------
2025-02-03 04:21:15.193 [Info] 20101 - Executed DbCommand (0ms) [Parameters=[], CommandType='Text', CommandTimeout='30']
SELECT COUNT(*) FROM "sqlite_master" WHERE "name" = '__EFMigrationsHistory' AND "type" = 'table';

--------------------------------------------------------------------------------
2025-02-03 04:21:15.193 [Debug] 20002 - Closing connection to database 'main' on server 'C:\Users\avery\OneDrive\Documents\GitHub\TrauzeRPG\SERVER CLIENT\Server\resources\playerdata.db'.

--------------------------------------------------------------------------------
2025-02-03 04:21:15.193 [Debug] 20003 - Closed connection to database 'main' on server 'resources\playerdata.db' (0ms).

--------------------------------------------------------------------------------
2025-02-03 04:21:15.193 [Debug] 20103 - Creating DbCommand for 'ExecuteReader'.

--------------------------------------------------------------------------------
2025-02-03 04:21:15.193 [Debug] 20104 - Created DbCommand for 'ExecuteReader' (0ms).

--------------------------------------------------------------------------------
2025-02-03 04:21:15.193 [Debug] 20106 - Initialized DbCommand for 'ExecuteReader' (0ms).

--------------------------------------------------------------------------------
2025-02-03 04:21:15.193 [Debug] 20000 - Opening connection to database 'main' on server 'resources\playerdata.db'.

--------------------------------------------------------------------------------
2025-02-03 04:21:15.193 [Debug] 20001 - Opened connection to database 'main' on server 'C:\Users\avery\OneDrive\Documents\GitHub\TrauzeRPG\SERVER CLIENT\Server\resources\playerdata.db'.

--------------------------------------------------------------------------------
2025-02-03 04:21:15.193 [Debug] 20100 - Executing DbCommand [Parameters=[], CommandType='Text', CommandTimeout='30']
SELECT "MigrationId", "ProductVersion"
FROM "__EFMigrationsHistory"
ORDER BY "MigrationId";

--------------------------------------------------------------------------------
2025-02-03 04:21:15.193 [Info] 20101 - Executed DbCommand (0ms) [Parameters=[], CommandType='Text', CommandTimeout='30']
SELECT "MigrationId", "ProductVersion"
FROM "__EFMigrationsHistory"
ORDER BY "MigrationId";

--------------------------------------------------------------------------------
2025-02-03 04:21:15.194 [Debug] 20301 - Closing data reader to 'main' on server 'C:\Users\avery\OneDrive\Documents\GitHub\TrauzeRPG\SERVER CLIENT\Server\resources\playerdata.db'.

--------------------------------------------------------------------------------
2025-02-03 04:21:15.194 [Debug] 20300 - A data reader for 'main' on server 'C:\Users\avery\OneDrive\Documents\GitHub\TrauzeRPG\SERVER CLIENT\Server\resources\playerdata.db' is being disposed after spending 0ms reading results.

--------------------------------------------------------------------------------
2025-02-03 04:21:15.194 [Debug] 20002 - Closing connection to database 'main' on server 'C:\Users\avery\OneDrive\Documents\GitHub\TrauzeRPG\SERVER CLIENT\Server\resources\playerdata.db'.

--------------------------------------------------------------------------------
2025-02-03 04:21:15.194 [Debug] 20003 - Closed connection to database 'main' on server 'resources\playerdata.db' (0ms).

--------------------------------------------------------------------------------
2025-02-03 04:21:15.195 [Debug] 20005 - Creating DbConnection.

--------------------------------------------------------------------------------
2025-02-03 04:21:15.195 [Debug] 20006 - Created DbConnection. (0ms).

--------------------------------------------------------------------------------
2025-02-03 04:21:15.195 [Debug] 20000 - Opening connection to database 'main' on server 'resources\playerdata.db'.

--------------------------------------------------------------------------------
2025-02-03 04:21:15.196 [Debug] 20001 - Opened connection to database 'main' on server 'C:\Users\avery\OneDrive\Documents\GitHub\TrauzeRPG\SERVER CLIENT\Server\resources\playerdata.db'.

--------------------------------------------------------------------------------
2025-02-03 04:21:15.196 [Debug] 20007 - Disposing connection to database 'main' on server 'resources\playerdata.db'.

--------------------------------------------------------------------------------
2025-02-03 04:21:15.196 [Debug] 20008 - Disposed connection to database 'main' on server 'resources\playerdata.db' (0ms).

--------------------------------------------------------------------------------
2025-02-03 04:21:15.196 [Debug] 20103 - Creating DbCommand for 'ExecuteScalar'.

--------------------------------------------------------------------------------
2025-02-03 04:21:15.196 [Debug] 20104 - Created DbCommand for 'ExecuteScalar' (0ms).

--------------------------------------------------------------------------------
2025-02-03 04:21:15.196 [Debug] 20106 - Initialized DbCommand for 'ExecuteScalar' (0ms).

--------------------------------------------------------------------------------
2025-02-03 04:21:15.196 [Debug] 20000 - Opening connection to database 'main' on server 'resources\playerdata.db'.

--------------------------------------------------------------------------------
2025-02-03 04:21:15.196 [Debug] 20001 - Opened connection to database 'main' on server 'C:\Users\avery\OneDrive\Documents\GitHub\TrauzeRPG\SERVER CLIENT\Server\resources\playerdata.db'.

--------------------------------------------------------------------------------
2025-02-03 04:21:15.196 [Debug] 20100 - Executing DbCommand [Parameters=[], CommandType='Text', CommandTimeout='30']
SELECT COUNT(*) FROM "sqlite_master" WHERE "name" = '__EFMigrationsHistory' AND "type" = 'table';

--------------------------------------------------------------------------------
2025-02-03 04:21:15.196 [Info] 20101 - Executed DbCommand (0ms) [Parameters=[], CommandType='Text', CommandTimeout='30']
SELECT COUNT(*) FROM "sqlite_master" WHERE "name" = '__EFMigrationsHistory' AND "type" = 'table';

--------------------------------------------------------------------------------
2025-02-03 04:21:15.196 [Debug] 20002 - Closing connection to database 'main' on server 'C:\Users\avery\OneDrive\Documents\GitHub\TrauzeRPG\SERVER CLIENT\Server\resources\playerdata.db'.

--------------------------------------------------------------------------------
2025-02-03 04:21:15.196 [Debug] 20003 - Closed connection to database 'main' on server 'resources\playerdata.db' (0ms).

--------------------------------------------------------------------------------
2025-02-03 04:21:15.196 [Debug] 20103 - Creating DbCommand for 'ExecuteReader'.

--------------------------------------------------------------------------------
2025-02-03 04:21:15.196 [Debug] 20104 - Created DbCommand for 'ExecuteReader' (0ms).

--------------------------------------------------------------------------------
2025-02-03 04:21:15.196 [Debug] 20106 - Initialized DbCommand for 'ExecuteReader' (0ms).

--------------------------------------------------------------------------------
2025-02-03 04:21:15.196 [Debug] 20000 - Opening connection to database 'main' on server 'resources\playerdata.db'.

--------------------------------------------------------------------------------
2025-02-03 04:21:15.196 [Debug] 20001 - Opened connection to database 'main' on server 'C:\Users\avery\OneDrive\Documents\GitHub\TrauzeRPG\SERVER CLIENT\Server\resources\playerdata.db'.

--------------------------------------------------------------------------------
2025-02-03 04:21:15.196 [Debug] 20100 - Executing DbCommand [Parameters=[], CommandType='Text', CommandTimeout='30']
SELECT "MigrationId", "ProductVersion"
FROM "__EFMigrationsHistory"
ORDER BY "MigrationId";

--------------------------------------------------------------------------------
2025-02-03 04:21:15.197 [Info] 20101 - Executed DbCommand (0ms) [Parameters=[], CommandType='Text', CommandTimeout='30']
SELECT "MigrationId", "ProductVersion"
FROM "__EFMigrationsHistory"
ORDER BY "MigrationId";

--------------------------------------------------------------------------------
2025-02-03 04:21:15.197 [Debug] 20301 - Closing data reader to 'main' on server 'C:\Users\avery\OneDrive\Documents\GitHub\TrauzeRPG\SERVER CLIENT\Server\resources\playerdata.db'.

--------------------------------------------------------------------------------
2025-02-03 04:21:15.197 [Debug] 20300 - A data reader for 'main' on server 'C:\Users\avery\OneDrive\Documents\GitHub\TrauzeRPG\SERVER CLIENT\Server\resources\playerdata.db' is being disposed after spending 0ms reading results.

--------------------------------------------------------------------------------
2025-02-03 04:21:15.197 [Debug] 20002 - Closing connection to database 'main' on server 'C:\Users\avery\OneDrive\Documents\GitHub\TrauzeRPG\SERVER CLIENT\Server\resources\playerdata.db'.

--------------------------------------------------------------------------------
2025-02-03 04:21:15.197 [Debug] 20003 - Closed connection to database 'main' on server 'resources\playerdata.db' (0ms).

--------------------------------------------------------------------------------
2025-02-03 04:21:15.197 [Debug] 20005 - Creating DbConnection.

--------------------------------------------------------------------------------
2025-02-03 04:21:15.197 [Debug] 20006 - Created DbConnection. (0ms).

--------------------------------------------------------------------------------
2025-02-03 04:21:15.197 [Debug] 20000 - Opening connection to database 'main' on server 'resources\playerdata.db'.

--------------------------------------------------------------------------------
2025-02-03 04:21:15.197 [Debug] 20001 - Opened connection to database 'main' on server 'C:\Users\avery\OneDrive\Documents\GitHub\TrauzeRPG\SERVER CLIENT\Server\resources\playerdata.db'.

--------------------------------------------------------------------------------
2025-02-03 04:21:15.198 [Debug] 20007 - Disposing connection to database 'main' on server 'resources\playerdata.db'.

--------------------------------------------------------------------------------
2025-02-03 04:21:15.198 [Debug] 20008 - Disposed connection to database 'main' on server 'resources\playerdata.db' (0ms).

--------------------------------------------------------------------------------
2025-02-03 04:21:15.198 [Debug] 20103 - Creating DbCommand for 'ExecuteScalar'.

--------------------------------------------------------------------------------
2025-02-03 04:21:15.198 [Debug] 20104 - Created DbCommand for 'ExecuteScalar' (0ms).

--------------------------------------------------------------------------------
2025-02-03 04:21:15.198 [Debug] 20106 - Initialized DbCommand for 'ExecuteScalar' (0ms).

--------------------------------------------------------------------------------
2025-02-03 04:21:15.198 [Debug] 20000 - Opening connection to database 'main' on server 'resources\playerdata.db'.

--------------------------------------------------------------------------------
2025-02-03 04:21:15.198 [Debug] 20001 - Opened connection to database 'main' on server 'C:\Users\avery\OneDrive\Documents\GitHub\TrauzeRPG\SERVER CLIENT\Server\resources\playerdata.db'.

--------------------------------------------------------------------------------
2025-02-03 04:21:15.198 [Debug] 20100 - Executing DbCommand [Parameters=[], CommandType='Text', CommandTimeout='30']
SELECT COUNT(*) FROM "sqlite_master" WHERE "name" = '__EFMigrationsHistory' AND "type" = 'table';

--------------------------------------------------------------------------------
2025-02-03 04:21:15.198 [Info] 20101 - Executed DbCommand (0ms) [Parameters=[], CommandType='Text', CommandTimeout='30']
SELECT COUNT(*) FROM "sqlite_master" WHERE "name" = '__EFMigrationsHistory' AND "type" = 'table';

--------------------------------------------------------------------------------
2025-02-03 04:21:15.198 [Debug] 20002 - Closing connection to database 'main' on server 'C:\Users\avery\OneDrive\Documents\GitHub\TrauzeRPG\SERVER CLIENT\Server\resources\playerdata.db'.

--------------------------------------------------------------------------------
2025-02-03 04:21:15.198 [Debug] 20003 - Closed connection to database 'main' on server 'resources\playerdata.db' (0ms).

--------------------------------------------------------------------------------
2025-02-03 04:21:15.198 [Debug] 20103 - Creating DbCommand for 'ExecuteReader'.

--------------------------------------------------------------------------------
2025-02-03 04:21:15.198 [Debug] 20104 - Created DbCommand for 'ExecuteReader' (0ms).

--------------------------------------------------------------------------------
2025-02-03 04:21:15.198 [Debug] 20106 - Initialized DbCommand for 'ExecuteReader' (0ms).

--------------------------------------------------------------------------------
2025-02-03 04:21:15.198 [Debug] 20000 - Opening connection to database 'main' on server 'resources\playerdata.db'.

--------------------------------------------------------------------------------
2025-02-03 04:21:15.198 [Debug] 20001 - Opened connection to database 'main' on server 'C:\Users\avery\OneDrive\Documents\GitHub\TrauzeRPG\SERVER CLIENT\Server\resources\playerdata.db'.

--------------------------------------------------------------------------------
2025-02-03 04:21:15.198 [Debug] 20100 - Executing DbCommand [Parameters=[], CommandType='Text', CommandTimeout='30']
SELECT "MigrationId", "ProductVersion"
FROM "__EFMigrationsHistory"
ORDER BY "MigrationId";

--------------------------------------------------------------------------------
2025-02-03 04:21:15.198 [Info] 20101 - Executed DbCommand (0ms) [Parameters=[], CommandType='Text', CommandTimeout='30']
SELECT "MigrationId", "ProductVersion"
FROM "__EFMigrationsHistory"
ORDER BY "MigrationId";

--------------------------------------------------------------------------------
2025-02-03 04:21:15.199 [Debug] 20301 - Closing data reader to 'main' on server 'C:\Users\avery\OneDrive\Documents\GitHub\TrauzeRPG\SERVER CLIENT\Server\resources\playerdata.db'.

--------------------------------------------------------------------------------
2025-02-03 04:21:15.199 [Debug] 20300 - A data reader for 'main' on server 'C:\Users\avery\OneDrive\Documents\GitHub\TrauzeRPG\SERVER CLIENT\Server\resources\playerdata.db' is being disposed after spending 0ms reading results.

--------------------------------------------------------------------------------
2025-02-03 04:21:15.199 [Debug] 20002 - Closing connection to database 'main' on server 'C:\Users\avery\OneDrive\Documents\GitHub\TrauzeRPG\SERVER CLIENT\Server\resources\playerdata.db'.

--------------------------------------------------------------------------------
2025-02-03 04:21:15.199 [Debug] 20003 - Closed connection to database 'main' on server 'resources\playerdata.db' (0ms).

--------------------------------------------------------------------------------
2025-02-03 04:21:15.199 [Debug] 20005 - Creating DbConnection.

--------------------------------------------------------------------------------
2025-02-03 04:21:15.199 [Debug] 20006 - Created DbConnection. (0ms).

--------------------------------------------------------------------------------
2025-02-03 04:21:15.199 [Debug] 20000 - Opening connection to database 'main' on server 'resources\playerdata.db'.

--------------------------------------------------------------------------------
2025-02-03 04:21:15.199 [Debug] 20001 - Opened connection to database 'main' on server 'C:\Users\avery\OneDrive\Documents\GitHub\TrauzeRPG\SERVER CLIENT\Server\resources\playerdata.db'.

--------------------------------------------------------------------------------
2025-02-03 04:21:15.199 [Debug] 20007 - Disposing connection to database 'main' on server 'resources\playerdata.db'.

--------------------------------------------------------------------------------
2025-02-03 04:21:15.199 [Debug] 20008 - Disposed connection to database 'main' on server 'resources\playerdata.db' (0ms).

--------------------------------------------------------------------------------
2025-02-03 04:21:15.199 [Debug] 20103 - Creating DbCommand for 'ExecuteScalar'.

--------------------------------------------------------------------------------
2025-02-03 04:21:15.199 [Debug] 20104 - Created DbCommand for 'ExecuteScalar' (0ms).

--------------------------------------------------------------------------------
2025-02-03 04:21:15.199 [Debug] 20106 - Initialized DbCommand for 'ExecuteScalar' (0ms).

--------------------------------------------------------------------------------
2025-02-03 04:21:15.199 [Debug] 20000 - Opening connection to database 'main' on server 'resources\playerdata.db'.

--------------------------------------------------------------------------------
2025-02-03 04:21:15.199 [Debug] 20001 - Opened connection to database 'main' on server 'C:\Users\avery\OneDrive\Documents\GitHub\TrauzeRPG\SERVER CLIENT\Server\resources\playerdata.db'.

--------------------------------------------------------------------------------
2025-02-03 04:21:15.199 [Debug] 20100 - Executing DbCommand [Parameters=[], CommandType='Text', CommandTimeout='30']
SELECT COUNT(*) FROM "sqlite_master" WHERE "name" = '__EFMigrationsHistory' AND "type" = 'table';

--------------------------------------------------------------------------------
2025-02-03 04:21:15.200 [Info] 20101 - Executed DbCommand (0ms) [Parameters=[], CommandType='Text', CommandTimeout='30']
SELECT COUNT(*) FROM "sqlite_master" WHERE "name" = '__EFMigrationsHistory' AND "type" = 'table';

--------------------------------------------------------------------------------
2025-02-03 04:21:15.200 [Debug] 20002 - Closing connection to database 'main' on server 'C:\Users\avery\OneDrive\Documents\GitHub\TrauzeRPG\SERVER CLIENT\Server\resources\playerdata.db'.

--------------------------------------------------------------------------------
2025-02-03 04:21:15.200 [Debug] 20003 - Closed connection to database 'main' on server 'resources\playerdata.db' (0ms).

--------------------------------------------------------------------------------
2025-02-03 04:21:15.200 [Debug] 20103 - Creating DbCommand for 'ExecuteReader'.

--------------------------------------------------------------------------------
2025-02-03 04:21:15.200 [Debug] 20104 - Created DbCommand for 'ExecuteReader' (0ms).

--------------------------------------------------------------------------------
2025-02-03 04:21:15.200 [Debug] 20106 - Initialized DbCommand for 'ExecuteReader' (0ms).

--------------------------------------------------------------------------------
2025-02-03 04:21:15.200 [Debug] 20000 - Opening connection to database 'main' on server 'resources\playerdata.db'.

--------------------------------------------------------------------------------
2025-02-03 04:21:15.200 [Debug] 20001 - Opened connection to database 'main' on server 'C:\Users\avery\OneDrive\Documents\GitHub\TrauzeRPG\SERVER CLIENT\Server\resources\playerdata.db'.

--------------------------------------------------------------------------------
2025-02-03 04:21:15.200 [Debug] 20100 - Executing DbCommand [Parameters=[], CommandType='Text', CommandTimeout='30']
SELECT "MigrationId", "ProductVersion"
FROM "__EFMigrationsHistory"
ORDER BY "MigrationId";

--------------------------------------------------------------------------------
2025-02-03 04:21:15.200 [Info] 20101 - Executed DbCommand (0ms) [Parameters=[], CommandType='Text', CommandTimeout='30']
SELECT "MigrationId", "ProductVersion"
FROM "__EFMigrationsHistory"
ORDER BY "MigrationId";

--------------------------------------------------------------------------------
2025-02-03 04:21:15.200 [Debug] 20301 - Closing data reader to 'main' on server 'C:\Users\avery\OneDrive\Documents\GitHub\TrauzeRPG\SERVER CLIENT\Server\resources\playerdata.db'.

--------------------------------------------------------------------------------
2025-02-03 04:21:15.200 [Debug] 20300 - A data reader for 'main' on server 'C:\Users\avery\OneDrive\Documents\GitHub\TrauzeRPG\SERVER CLIENT\Server\resources\playerdata.db' is being disposed after spending 0ms reading results.

--------------------------------------------------------------------------------
2025-02-03 04:21:15.200 [Debug] 20002 - Closing connection to database 'main' on server 'C:\Users\avery\OneDrive\Documents\GitHub\TrauzeRPG\SERVER CLIENT\Server\resources\playerdata.db'.

--------------------------------------------------------------------------------
2025-02-03 04:21:15.200 [Debug] 20003 - Closed connection to database 'main' on server 'resources\playerdata.db' (0ms).

--------------------------------------------------------------------------------
2025-02-03 04:21:15.208 [Debug] 20000 - Opening connection to database 'main' on server 'resources\playerdata.db'.

--------------------------------------------------------------------------------
2025-02-03 04:21:15.208 [Debug] 20001 - Opened connection to database 'main' on server 'C:\Users\avery\OneDrive\Documents\GitHub\TrauzeRPG\SERVER CLIENT\Server\resources\playerdata.db'.

--------------------------------------------------------------------------------
2025-02-03 04:21:15.280 [Debug] 10403 - Entity Framework Core 7.0.11 initialized 'SqlitePlayerContext' using provider 'Microsoft.EntityFrameworkCore.Sqlite:7.0.11' with options: SensitiveDataLoggingEnabled DetailedErrorsEnabled 

--------------------------------------------------------------------------------
2025-02-03 04:21:15.281 [Debug] 20005 - Creating DbConnection.

--------------------------------------------------------------------------------
2025-02-03 04:21:15.281 [Debug] 20006 - Created DbConnection. (0ms).

--------------------------------------------------------------------------------
2025-02-03 04:21:15.286 [Debug] 10407 - 'SqlitePlayerContext' disposed.

--------------------------------------------------------------------------------
2025-02-03 04:21:15.286 [Debug] 20007 - Disposing connection to database 'main' on server 'resources\playerdata.db'.

--------------------------------------------------------------------------------
2025-02-03 04:21:15.286 [Debug] 20008 - Disposed connection to database 'main' on server 'resources\playerdata.db' (0ms).

--------------------------------------------------------------------------------
2025-02-03 04:21:15.286 [Debug] 20005 - Creating DbConnection.

--------------------------------------------------------------------------------
2025-02-03 04:21:15.286 [Debug] 20006 - Created DbConnection. (0ms).

--------------------------------------------------------------------------------
2025-02-03 04:21:15.286 [Debug] 20000 - Opening connection to database 'main' on server 'resources\playerdata.db'.

--------------------------------------------------------------------------------
2025-02-03 04:21:15.287 [Debug] 20001 - Opened connection to database 'main' on server 'C:\Users\avery\OneDrive\Documents\GitHub\TrauzeRPG\SERVER CLIENT\Server\resources\playerdata.db'.

--------------------------------------------------------------------------------
2025-02-03 04:21:15.287 [Debug] 20007 - Disposing connection to database 'main' on server 'resources\playerdata.db'.

--------------------------------------------------------------------------------
2025-02-03 04:21:15.287 [Debug] 20008 - Disposed connection to database 'main' on server 'resources\playerdata.db' (0ms).

--------------------------------------------------------------------------------
2025-02-03 04:21:15.287 [Debug] 20103 - Creating DbCommand for 'ExecuteScalar'.

--------------------------------------------------------------------------------
2025-02-03 04:21:15.287 [Debug] 20104 - Created DbCommand for 'ExecuteScalar' (0ms).

--------------------------------------------------------------------------------
2025-02-03 04:21:15.287 [Debug] 20106 - Initialized DbCommand for 'ExecuteScalar' (0ms).

--------------------------------------------------------------------------------
2025-02-03 04:21:15.287 [Debug] 20100 - Executing DbCommand [Parameters=[], CommandType='Text', CommandTimeout='30']
SELECT COUNT(*) FROM "sqlite_master" WHERE "name" = '__EFMigrationsHistory' AND "type" = 'table';

--------------------------------------------------------------------------------
2025-02-03 04:21:15.287 [Info] 20101 - Executed DbCommand (0ms) [Parameters=[], CommandType='Text', CommandTimeout='30']
SELECT COUNT(*) FROM "sqlite_master" WHERE "name" = '__EFMigrationsHistory' AND "type" = 'table';

--------------------------------------------------------------------------------
2025-02-03 04:21:15.287 [Debug] 20103 - Creating DbCommand for 'ExecuteReader'.

--------------------------------------------------------------------------------
2025-02-03 04:21:15.287 [Debug] 20104 - Created DbCommand for 'ExecuteReader' (0ms).

--------------------------------------------------------------------------------
2025-02-03 04:21:15.287 [Debug] 20106 - Initialized DbCommand for 'ExecuteReader' (0ms).

--------------------------------------------------------------------------------
2025-02-03 04:21:15.287 [Debug] 20100 - Executing DbCommand [Parameters=[], CommandType='Text', CommandTimeout='30']
SELECT "MigrationId", "ProductVersion"
FROM "__EFMigrationsHistory"
ORDER BY "MigrationId";

--------------------------------------------------------------------------------
2025-02-03 04:21:15.287 [Info] 20101 - Executed DbCommand (0ms) [Parameters=[], CommandType='Text', CommandTimeout='30']
SELECT "MigrationId", "ProductVersion"
FROM "__EFMigrationsHistory"
ORDER BY "MigrationId";

--------------------------------------------------------------------------------
2025-02-03 04:21:15.288 [Debug] 20301 - Closing data reader to 'main' on server 'C:\Users\avery\OneDrive\Documents\GitHub\TrauzeRPG\SERVER CLIENT\Server\resources\playerdata.db'.

--------------------------------------------------------------------------------
2025-02-03 04:21:15.288 [Debug] 20300 - A data reader for 'main' on server 'C:\Users\avery\OneDrive\Documents\GitHub\TrauzeRPG\SERVER CLIENT\Server\resources\playerdata.db' is being disposed after spending 0ms reading results.

--------------------------------------------------------------------------------
2025-02-03 04:21:15.288 [Debug] 20005 - Creating DbConnection.

--------------------------------------------------------------------------------
2025-02-03 04:21:15.288 [Debug] 20006 - Created DbConnection. (0ms).

--------------------------------------------------------------------------------
2025-02-03 04:21:15.288 [Debug] 20000 - Opening connection to database 'main' on server 'resources\playerdata.db'.

--------------------------------------------------------------------------------
2025-02-03 04:21:15.288 [Debug] 20001 - Opened connection to database 'main' on server 'C:\Users\avery\OneDrive\Documents\GitHub\TrauzeRPG\SERVER CLIENT\Server\resources\playerdata.db'.

--------------------------------------------------------------------------------
2025-02-03 04:21:15.288 [Debug] 20007 - Disposing connection to database 'main' on server 'resources\playerdata.db'.

--------------------------------------------------------------------------------
2025-02-03 04:21:15.288 [Debug] 20008 - Disposed connection to database 'main' on server 'resources\playerdata.db' (0ms).

--------------------------------------------------------------------------------
2025-02-03 04:21:15.288 [Debug] 20103 - Creating DbCommand for 'ExecuteScalar'.

--------------------------------------------------------------------------------
2025-02-03 04:21:15.288 [Debug] 20104 - Created DbCommand for 'ExecuteScalar' (0ms).

--------------------------------------------------------------------------------
2025-02-03 04:21:15.288 [Debug] 20106 - Initialized DbCommand for 'ExecuteScalar' (0ms).

--------------------------------------------------------------------------------
2025-02-03 04:21:15.288 [Debug] 20100 - Executing DbCommand [Parameters=[], CommandType='Text', CommandTimeout='30']
SELECT COUNT(*) FROM "sqlite_master" WHERE "name" = '__EFMigrationsHistory' AND "type" = 'table';

--------------------------------------------------------------------------------
2025-02-03 04:21:15.288 [Info] 20101 - Executed DbCommand (0ms) [Parameters=[], CommandType='Text', CommandTimeout='30']
SELECT COUNT(*) FROM "sqlite_master" WHERE "name" = '__EFMigrationsHistory' AND "type" = 'table';

--------------------------------------------------------------------------------
2025-02-03 04:21:15.288 [Debug] 20103 - Creating DbCommand for 'ExecuteReader'.

--------------------------------------------------------------------------------
2025-02-03 04:21:15.288 [Debug] 20104 - Created DbCommand for 'ExecuteReader' (0ms).

--------------------------------------------------------------------------------
2025-02-03 04:21:15.288 [Debug] 20106 - Initialized DbCommand for 'ExecuteReader' (0ms).

--------------------------------------------------------------------------------
2025-02-03 04:21:15.288 [Debug] 20100 - Executing DbCommand [Parameters=[], CommandType='Text', CommandTimeout='30']
SELECT "MigrationId", "ProductVersion"
FROM "__EFMigrationsHistory"
ORDER BY "MigrationId";

--------------------------------------------------------------------------------
2025-02-03 04:21:15.289 [Info] 20101 - Executed DbCommand (0ms) [Parameters=[], CommandType='Text', CommandTimeout='30']
SELECT "MigrationId", "ProductVersion"
FROM "__EFMigrationsHistory"
ORDER BY "MigrationId";

--------------------------------------------------------------------------------
2025-02-03 04:21:15.289 [Debug] 20301 - Closing data reader to 'main' on server 'C:\Users\avery\OneDrive\Documents\GitHub\TrauzeRPG\SERVER CLIENT\Server\resources\playerdata.db'.

--------------------------------------------------------------------------------
2025-02-03 04:21:15.289 [Debug] 20300 - A data reader for 'main' on server 'C:\Users\avery\OneDrive\Documents\GitHub\TrauzeRPG\SERVER CLIENT\Server\resources\playerdata.db' is being disposed after spending 0ms reading results.

--------------------------------------------------------------------------------
2025-02-03 04:21:15.291 [Debug] 10407 - 'SqlitePlayerContext' disposed.

--------------------------------------------------------------------------------
2025-02-03 04:21:15.291 [Debug] 20007 - Disposing connection to database 'main' on server 'resources\playerdata.db'.

--------------------------------------------------------------------------------
2025-02-03 04:21:15.291 [Debug] 20008 - Disposed connection to database 'main' on server 'resources\playerdata.db' (0ms).

--------------------------------------------------------------------------------
