2025-01-14 03:44:22.875 [Debug] 10607 - No relationship from 'BagSlot' to 'Bag' has been configured by convention because there are multiple properties on one entity type - {'Bag', 'ParentBag'} that could be matched with the properties on the other entity type - {'Slots'}. This message can be disregarded if explicit configuration has been specified in 'OnModelCreating'.

--------------------------------------------------------------------------------
2025-01-14 03:44:22.878 [Debug] 10607 - No relationship from 'Bag' to 'BagSlot' has been configured by convention because there are multiple properties on one entity type - {'Slots'} that could be matched with the properties on the other entity type - {'Bag', 'ParentBag'}. This message can be disregarded if explicit configuration has been specified in 'OnModelCreating'.

--------------------------------------------------------------------------------
2025-01-14 03:44:22.878 [Debug] 10607 - No relationship from 'Ban' to 'User' has been configured by convention because there are multiple properties on one entity type - {'User'} that could be matched with the properties on the other entity type - {'Ban', 'IpBan', 'UserBan'}. This message can be disregarded if explicit configuration has been specified in 'OnModelCreating'.

--------------------------------------------------------------------------------
2025-01-14 03:44:22.880 [Debug] 10607 - No relationship from 'Mute' to 'User' has been configured by convention because there are multiple properties on one entity type - {'User'} that could be matched with the properties on the other entity type - {'IpMute', 'Mute', 'UserMute'}. This message can be disregarded if explicit configuration has been specified in 'OnModelCreating'.

--------------------------------------------------------------------------------
2025-01-14 03:44:22.882 [Debug] 10607 - No relationship from 'Friend' to 'Player' has been configured by convention because there are multiple properties on one entity type - {'Owner', 'Target'} that could be matched with the properties on the other entity type - {'Friends'}. This message can be disregarded if explicit configuration has been specified in 'OnModelCreating'.

--------------------------------------------------------------------------------
2025-01-14 03:44:22.887 [Debug] 10607 - No relationship from 'Player' to 'Friend' has been configured by convention because there are multiple properties on one entity type - {'Friends'} that could be matched with the properties on the other entity type - {'Owner', 'Target'}. This message can be disregarded if explicit configuration has been specified in 'OnModelCreating'.

--------------------------------------------------------------------------------
2025-01-14 03:44:22.888 [Debug] 10607 - No relationship from 'User' to 'Ban' has been configured by convention because there are multiple properties on one entity type - {'Ban'} that could be matched with the properties on the other entity type - {'User'}. This message can be disregarded if explicit configuration has been specified in 'OnModelCreating'.

--------------------------------------------------------------------------------
2025-01-14 03:44:22.888 [Debug] 10607 - No relationship from 'User' to 'Mute' has been configured by convention because there are multiple properties on one entity type - {'Mute'} that could be matched with the properties on the other entity type - {'User'}. This message can be disregarded if explicit configuration has been specified in 'OnModelCreating'.

--------------------------------------------------------------------------------
2025-01-14 03:44:22.907 [Debug] 10607 - No relationship from 'User' to 'Mute' has been configured by convention because there are multiple properties on one entity type - {'Mute'} that could be matched with the properties on the other entity type - {'User'}. This message can be disregarded if explicit configuration has been specified in 'OnModelCreating'.

--------------------------------------------------------------------------------
2025-01-14 03:44:22.917 [Debug] 10607 - No relationship from 'Player' to 'Friend' has been configured by convention because there are multiple properties on one entity type - {'Friends'} that could be matched with the properties on the other entity type - {'Owner', 'Target'}. This message can be disregarded if explicit configuration has been specified in 'OnModelCreating'.

--------------------------------------------------------------------------------
2025-01-14 03:44:22.917 [Debug] 10607 - No relationship from 'Friend' to 'Player' has been configured by convention because there are multiple properties on one entity type - {'Owner', 'Target'} that could be matched with the properties on the other entity type - {'Friends'}. This message can be disregarded if explicit configuration has been specified in 'OnModelCreating'.

--------------------------------------------------------------------------------
2025-01-14 03:44:22.922 [Debug] 10607 - No relationship from 'Bag' to 'BagSlot' has been configured by convention because there are multiple properties on one entity type - {'Slots'} that could be matched with the properties on the other entity type - {'Bag', 'ParentBag'}. This message can be disregarded if explicit configuration has been specified in 'OnModelCreating'.

--------------------------------------------------------------------------------
2025-01-14 03:44:22.922 [Debug] 10607 - No relationship from 'BagSlot' to 'Bag' has been configured by convention because there are multiple properties on one entity type - {'Bag', 'ParentBag'} that could be matched with the properties on the other entity type - {'Slots'}. This message can be disregarded if explicit configuration has been specified in 'OnModelCreating'.

--------------------------------------------------------------------------------
2025-01-14 03:44:22.934 [Debug] 10600 - The property 'Friend.OwnerId' was created in shadow state because there are no eligible CLR members with a matching name.

--------------------------------------------------------------------------------
2025-01-14 03:44:22.934 [Debug] 10600 - The property 'Friend.TargetId' was created in shadow state because there are no eligible CLR members with a matching name.

--------------------------------------------------------------------------------
2025-01-14 03:44:22.934 [Debug] 10600 - The property 'Player.DbGuildId' was created in shadow state because there are no eligible CLR members with a matching name.

--------------------------------------------------------------------------------
2025-01-14 03:44:22.953 [Debug] 10403 - Entity Framework Core 7.0.11 initialized 'SqlitePlayerContext' using provider 'Microsoft.EntityFrameworkCore.Sqlite:7.0.11' with options: SensitiveDataLoggingEnabled DetailedErrorsEnabled 

--------------------------------------------------------------------------------
2025-01-14 03:44:23.041 [Debug] 20005 - Creating DbConnection.

--------------------------------------------------------------------------------
2025-01-14 03:44:23.041 [Debug] 20006 - Created DbConnection. (0ms).

--------------------------------------------------------------------------------
2025-01-14 03:44:23.041 [Debug] 20000 - Opening connection to database 'main' on server 'resources\playerdata.db'.

--------------------------------------------------------------------------------
2025-01-14 03:44:23.043 [Debug] 20001 - Opened connection to database 'main' on server 'C:\Users\Hanst\OneDrive\Desktop\TrauzeRPG\pipmmo\Server\resources\playerdata.db'.

--------------------------------------------------------------------------------
2025-01-14 03:44:23.044 [Debug] 20007 - Disposing connection to database 'main' on server 'resources\playerdata.db'.

--------------------------------------------------------------------------------
2025-01-14 03:44:23.044 [Debug] 20008 - Disposed connection to database 'main' on server 'resources\playerdata.db' (0ms).

--------------------------------------------------------------------------------
2025-01-14 03:44:23.044 [Debug] 20103 - Creating DbCommand for 'ExecuteScalar'.

--------------------------------------------------------------------------------
2025-01-14 03:44:23.044 [Debug] 20005 - Creating DbConnection.

--------------------------------------------------------------------------------
2025-01-14 03:44:23.044 [Debug] 20006 - Created DbConnection. (0ms).

--------------------------------------------------------------------------------
2025-01-14 03:44:23.044 [Debug] 20104 - Created DbCommand for 'ExecuteScalar' (0ms).

--------------------------------------------------------------------------------
2025-01-14 03:44:23.044 [Debug] 20106 - Initialized DbCommand for 'ExecuteScalar' (0ms).

--------------------------------------------------------------------------------
2025-01-14 03:44:23.044 [Debug] 20000 - Opening connection to database 'main' on server 'resources\playerdata.db'.

--------------------------------------------------------------------------------
2025-01-14 03:44:23.044 [Debug] 20001 - Opened connection to database 'main' on server 'C:\Users\Hanst\OneDrive\Desktop\TrauzeRPG\pipmmo\Server\resources\playerdata.db'.

--------------------------------------------------------------------------------
2025-01-14 03:44:23.044 [Debug] 20100 - Executing DbCommand [Parameters=[], CommandType='Text', CommandTimeout='30']
SELECT COUNT(*) FROM "sqlite_master" WHERE "name" = '__EFMigrationsHistory' AND "type" = 'table';

--------------------------------------------------------------------------------
2025-01-14 03:44:23.045 [Info] 20101 - Executed DbCommand (1ms) [Parameters=[], CommandType='Text', CommandTimeout='30']
SELECT COUNT(*) FROM "sqlite_master" WHERE "name" = '__EFMigrationsHistory' AND "type" = 'table';

--------------------------------------------------------------------------------
2025-01-14 03:44:23.045 [Debug] 20002 - Closing connection to database 'main' on server 'C:\Users\Hanst\OneDrive\Desktop\TrauzeRPG\pipmmo\Server\resources\playerdata.db'.

--------------------------------------------------------------------------------
2025-01-14 03:44:23.045 [Debug] 20003 - Closed connection to database 'main' on server 'resources\playerdata.db' (0ms).

--------------------------------------------------------------------------------
2025-01-14 03:44:23.046 [Debug] 20103 - Creating DbCommand for 'ExecuteReader'.

--------------------------------------------------------------------------------
2025-01-14 03:44:23.046 [Debug] 20104 - Created DbCommand for 'ExecuteReader' (0ms).

--------------------------------------------------------------------------------
2025-01-14 03:44:23.046 [Debug] 20106 - Initialized DbCommand for 'ExecuteReader' (0ms).

--------------------------------------------------------------------------------
2025-01-14 03:44:23.046 [Debug] 20000 - Opening connection to database 'main' on server 'resources\playerdata.db'.

--------------------------------------------------------------------------------
2025-01-14 03:44:23.046 [Debug] 20001 - Opened connection to database 'main' on server 'C:\Users\Hanst\OneDrive\Desktop\TrauzeRPG\pipmmo\Server\resources\playerdata.db'.

--------------------------------------------------------------------------------
2025-01-14 03:44:23.046 [Debug] 20100 - Executing DbCommand [Parameters=[], CommandType='Text', CommandTimeout='30']
SELECT "MigrationId", "ProductVersion"
FROM "__EFMigrationsHistory"
ORDER BY "MigrationId";

--------------------------------------------------------------------------------
2025-01-14 03:44:23.046 [Info] 20101 - Executed DbCommand (0ms) [Parameters=[], CommandType='Text', CommandTimeout='30']
SELECT "MigrationId", "ProductVersion"
FROM "__EFMigrationsHistory"
ORDER BY "MigrationId";

--------------------------------------------------------------------------------
2025-01-14 03:44:23.046 [Debug] 20301 - Closing data reader to 'main' on server 'C:\Users\Hanst\OneDrive\Desktop\TrauzeRPG\pipmmo\Server\resources\playerdata.db'.

--------------------------------------------------------------------------------
2025-01-14 03:44:23.046 [Debug] 20300 - A data reader for 'main' on server 'C:\Users\Hanst\OneDrive\Desktop\TrauzeRPG\pipmmo\Server\resources\playerdata.db' is being disposed after spending 0ms reading results.

--------------------------------------------------------------------------------
2025-01-14 03:44:23.046 [Debug] 20002 - Closing connection to database 'main' on server 'C:\Users\Hanst\OneDrive\Desktop\TrauzeRPG\pipmmo\Server\resources\playerdata.db'.

--------------------------------------------------------------------------------
2025-01-14 03:44:23.046 [Debug] 20003 - Closed connection to database 'main' on server 'resources\playerdata.db' (0ms).

--------------------------------------------------------------------------------
2025-01-14 03:44:23.055 [Debug] 20005 - Creating DbConnection.

--------------------------------------------------------------------------------
2025-01-14 03:44:23.055 [Debug] 20006 - Created DbConnection. (0ms).

--------------------------------------------------------------------------------
2025-01-14 03:44:23.055 [Debug] 20000 - Opening connection to database 'main' on server 'resources\playerdata.db'.

--------------------------------------------------------------------------------
2025-01-14 03:44:23.055 [Debug] 20001 - Opened connection to database 'main' on server 'C:\Users\Hanst\OneDrive\Desktop\TrauzeRPG\pipmmo\Server\resources\playerdata.db'.

--------------------------------------------------------------------------------
2025-01-14 03:44:23.055 [Debug] 20007 - Disposing connection to database 'main' on server 'resources\playerdata.db'.

--------------------------------------------------------------------------------
2025-01-14 03:44:23.055 [Debug] 20008 - Disposed connection to database 'main' on server 'resources\playerdata.db' (0ms).

--------------------------------------------------------------------------------
2025-01-14 03:44:23.055 [Debug] 20103 - Creating DbCommand for 'ExecuteScalar'.

--------------------------------------------------------------------------------
2025-01-14 03:44:23.055 [Debug] 20104 - Created DbCommand for 'ExecuteScalar' (0ms).

--------------------------------------------------------------------------------
2025-01-14 03:44:23.055 [Debug] 20106 - Initialized DbCommand for 'ExecuteScalar' (0ms).

--------------------------------------------------------------------------------
2025-01-14 03:44:23.055 [Debug] 20000 - Opening connection to database 'main' on server 'resources\playerdata.db'.

--------------------------------------------------------------------------------
2025-01-14 03:44:23.055 [Debug] 20001 - Opened connection to database 'main' on server 'C:\Users\Hanst\OneDrive\Desktop\TrauzeRPG\pipmmo\Server\resources\playerdata.db'.

--------------------------------------------------------------------------------
2025-01-14 03:44:23.055 [Debug] 20100 - Executing DbCommand [Parameters=[], CommandType='Text', CommandTimeout='30']
SELECT COUNT(*) FROM "sqlite_master" WHERE "name" = '__EFMigrationsHistory' AND "type" = 'table';

--------------------------------------------------------------------------------
2025-01-14 03:44:23.055 [Info] 20101 - Executed DbCommand (0ms) [Parameters=[], CommandType='Text', CommandTimeout='30']
SELECT COUNT(*) FROM "sqlite_master" WHERE "name" = '__EFMigrationsHistory' AND "type" = 'table';

--------------------------------------------------------------------------------
2025-01-14 03:44:23.055 [Debug] 20002 - Closing connection to database 'main' on server 'C:\Users\Hanst\OneDrive\Desktop\TrauzeRPG\pipmmo\Server\resources\playerdata.db'.

--------------------------------------------------------------------------------
2025-01-14 03:44:23.055 [Debug] 20003 - Closed connection to database 'main' on server 'resources\playerdata.db' (0ms).

--------------------------------------------------------------------------------
2025-01-14 03:44:23.055 [Debug] 20103 - Creating DbCommand for 'ExecuteReader'.

--------------------------------------------------------------------------------
2025-01-14 03:44:23.055 [Debug] 20104 - Created DbCommand for 'ExecuteReader' (0ms).

--------------------------------------------------------------------------------
2025-01-14 03:44:23.055 [Debug] 20106 - Initialized DbCommand for 'ExecuteReader' (0ms).

--------------------------------------------------------------------------------
2025-01-14 03:44:23.055 [Debug] 20000 - Opening connection to database 'main' on server 'resources\playerdata.db'.

--------------------------------------------------------------------------------
2025-01-14 03:44:23.055 [Debug] 20001 - Opened connection to database 'main' on server 'C:\Users\Hanst\OneDrive\Desktop\TrauzeRPG\pipmmo\Server\resources\playerdata.db'.

--------------------------------------------------------------------------------
2025-01-14 03:44:23.055 [Debug] 20100 - Executing DbCommand [Parameters=[], CommandType='Text', CommandTimeout='30']
SELECT "MigrationId", "ProductVersion"
FROM "__EFMigrationsHistory"
ORDER BY "MigrationId";

--------------------------------------------------------------------------------
2025-01-14 03:44:23.055 [Info] 20101 - Executed DbCommand (0ms) [Parameters=[], CommandType='Text', CommandTimeout='30']
SELECT "MigrationId", "ProductVersion"
FROM "__EFMigrationsHistory"
ORDER BY "MigrationId";

--------------------------------------------------------------------------------
2025-01-14 03:44:23.055 [Debug] 20301 - Closing data reader to 'main' on server 'C:\Users\Hanst\OneDrive\Desktop\TrauzeRPG\pipmmo\Server\resources\playerdata.db'.

--------------------------------------------------------------------------------
2025-01-14 03:44:23.055 [Debug] 20300 - A data reader for 'main' on server 'C:\Users\Hanst\OneDrive\Desktop\TrauzeRPG\pipmmo\Server\resources\playerdata.db' is being disposed after spending 0ms reading results.

--------------------------------------------------------------------------------
2025-01-14 03:44:23.055 [Debug] 20002 - Closing connection to database 'main' on server 'C:\Users\Hanst\OneDrive\Desktop\TrauzeRPG\pipmmo\Server\resources\playerdata.db'.

--------------------------------------------------------------------------------
2025-01-14 03:44:23.055 [Debug] 20003 - Closed connection to database 'main' on server 'resources\playerdata.db' (0ms).

--------------------------------------------------------------------------------
2025-01-14 03:44:23.057 [Debug] 20005 - Creating DbConnection.

--------------------------------------------------------------------------------
2025-01-14 03:44:23.057 [Debug] 20006 - Created DbConnection. (0ms).

--------------------------------------------------------------------------------
2025-01-14 03:44:23.057 [Debug] 20000 - Opening connection to database 'main' on server 'resources\playerdata.db'.

--------------------------------------------------------------------------------
2025-01-14 03:44:23.057 [Debug] 20001 - Opened connection to database 'main' on server 'C:\Users\Hanst\OneDrive\Desktop\TrauzeRPG\pipmmo\Server\resources\playerdata.db'.

--------------------------------------------------------------------------------
2025-01-14 03:44:23.057 [Debug] 20007 - Disposing connection to database 'main' on server 'resources\playerdata.db'.

--------------------------------------------------------------------------------
2025-01-14 03:44:23.057 [Debug] 20008 - Disposed connection to database 'main' on server 'resources\playerdata.db' (0ms).

--------------------------------------------------------------------------------
2025-01-14 03:44:23.057 [Debug] 20103 - Creating DbCommand for 'ExecuteScalar'.

--------------------------------------------------------------------------------
2025-01-14 03:44:23.057 [Debug] 20104 - Created DbCommand for 'ExecuteScalar' (0ms).

--------------------------------------------------------------------------------
2025-01-14 03:44:23.057 [Debug] 20106 - Initialized DbCommand for 'ExecuteScalar' (0ms).

--------------------------------------------------------------------------------
2025-01-14 03:44:23.057 [Debug] 20000 - Opening connection to database 'main' on server 'resources\playerdata.db'.

--------------------------------------------------------------------------------
2025-01-14 03:44:23.057 [Debug] 20001 - Opened connection to database 'main' on server 'C:\Users\Hanst\OneDrive\Desktop\TrauzeRPG\pipmmo\Server\resources\playerdata.db'.

--------------------------------------------------------------------------------
2025-01-14 03:44:23.057 [Debug] 20100 - Executing DbCommand [Parameters=[], CommandType='Text', CommandTimeout='30']
SELECT COUNT(*) FROM "sqlite_master" WHERE "name" = '__EFMigrationsHistory' AND "type" = 'table';

--------------------------------------------------------------------------------
2025-01-14 03:44:23.057 [Info] 20101 - Executed DbCommand (0ms) [Parameters=[], CommandType='Text', CommandTimeout='30']
SELECT COUNT(*) FROM "sqlite_master" WHERE "name" = '__EFMigrationsHistory' AND "type" = 'table';

--------------------------------------------------------------------------------
2025-01-14 03:44:23.057 [Debug] 20002 - Closing connection to database 'main' on server 'C:\Users\Hanst\OneDrive\Desktop\TrauzeRPG\pipmmo\Server\resources\playerdata.db'.

--------------------------------------------------------------------------------
2025-01-14 03:44:23.057 [Debug] 20003 - Closed connection to database 'main' on server 'resources\playerdata.db' (0ms).

--------------------------------------------------------------------------------
2025-01-14 03:44:23.057 [Debug] 20103 - Creating DbCommand for 'ExecuteReader'.

--------------------------------------------------------------------------------
2025-01-14 03:44:23.057 [Debug] 20104 - Created DbCommand for 'ExecuteReader' (0ms).

--------------------------------------------------------------------------------
2025-01-14 03:44:23.057 [Debug] 20106 - Initialized DbCommand for 'ExecuteReader' (0ms).

--------------------------------------------------------------------------------
2025-01-14 03:44:23.057 [Debug] 20000 - Opening connection to database 'main' on server 'resources\playerdata.db'.

--------------------------------------------------------------------------------
2025-01-14 03:44:23.057 [Debug] 20001 - Opened connection to database 'main' on server 'C:\Users\Hanst\OneDrive\Desktop\TrauzeRPG\pipmmo\Server\resources\playerdata.db'.

--------------------------------------------------------------------------------
2025-01-14 03:44:23.057 [Debug] 20100 - Executing DbCommand [Parameters=[], CommandType='Text', CommandTimeout='30']
SELECT "MigrationId", "ProductVersion"
FROM "__EFMigrationsHistory"
ORDER BY "MigrationId";

--------------------------------------------------------------------------------
2025-01-14 03:44:23.058 [Info] 20101 - Executed DbCommand (0ms) [Parameters=[], CommandType='Text', CommandTimeout='30']
SELECT "MigrationId", "ProductVersion"
FROM "__EFMigrationsHistory"
ORDER BY "MigrationId";

--------------------------------------------------------------------------------
2025-01-14 03:44:23.058 [Debug] 20301 - Closing data reader to 'main' on server 'C:\Users\Hanst\OneDrive\Desktop\TrauzeRPG\pipmmo\Server\resources\playerdata.db'.

--------------------------------------------------------------------------------
2025-01-14 03:44:23.058 [Debug] 20300 - A data reader for 'main' on server 'C:\Users\Hanst\OneDrive\Desktop\TrauzeRPG\pipmmo\Server\resources\playerdata.db' is being disposed after spending 0ms reading results.

--------------------------------------------------------------------------------
2025-01-14 03:44:23.058 [Debug] 20002 - Closing connection to database 'main' on server 'C:\Users\Hanst\OneDrive\Desktop\TrauzeRPG\pipmmo\Server\resources\playerdata.db'.

--------------------------------------------------------------------------------
2025-01-14 03:44:23.058 [Debug] 20003 - Closed connection to database 'main' on server 'resources\playerdata.db' (0ms).

--------------------------------------------------------------------------------
2025-01-14 03:44:23.058 [Debug] 20005 - Creating DbConnection.

--------------------------------------------------------------------------------
2025-01-14 03:44:23.058 [Debug] 20006 - Created DbConnection. (0ms).

--------------------------------------------------------------------------------
2025-01-14 03:44:23.058 [Debug] 20000 - Opening connection to database 'main' on server 'resources\playerdata.db'.

--------------------------------------------------------------------------------
2025-01-14 03:44:23.059 [Debug] 20001 - Opened connection to database 'main' on server 'C:\Users\Hanst\OneDrive\Desktop\TrauzeRPG\pipmmo\Server\resources\playerdata.db'.

--------------------------------------------------------------------------------
2025-01-14 03:44:23.059 [Debug] 20007 - Disposing connection to database 'main' on server 'resources\playerdata.db'.

--------------------------------------------------------------------------------
2025-01-14 03:44:23.059 [Debug] 20008 - Disposed connection to database 'main' on server 'resources\playerdata.db' (0ms).

--------------------------------------------------------------------------------
2025-01-14 03:44:23.059 [Debug] 20103 - Creating DbCommand for 'ExecuteScalar'.

--------------------------------------------------------------------------------
2025-01-14 03:44:23.059 [Debug] 20104 - Created DbCommand for 'ExecuteScalar' (0ms).

--------------------------------------------------------------------------------
2025-01-14 03:44:23.059 [Debug] 20106 - Initialized DbCommand for 'ExecuteScalar' (0ms).

--------------------------------------------------------------------------------
2025-01-14 03:44:23.059 [Debug] 20000 - Opening connection to database 'main' on server 'resources\playerdata.db'.

--------------------------------------------------------------------------------
2025-01-14 03:44:23.059 [Debug] 20001 - Opened connection to database 'main' on server 'C:\Users\Hanst\OneDrive\Desktop\TrauzeRPG\pipmmo\Server\resources\playerdata.db'.

--------------------------------------------------------------------------------
2025-01-14 03:44:23.059 [Debug] 20100 - Executing DbCommand [Parameters=[], CommandType='Text', CommandTimeout='30']
SELECT COUNT(*) FROM "sqlite_master" WHERE "name" = '__EFMigrationsHistory' AND "type" = 'table';

--------------------------------------------------------------------------------
2025-01-14 03:44:23.059 [Info] 20101 - Executed DbCommand (0ms) [Parameters=[], CommandType='Text', CommandTimeout='30']
SELECT COUNT(*) FROM "sqlite_master" WHERE "name" = '__EFMigrationsHistory' AND "type" = 'table';

--------------------------------------------------------------------------------
2025-01-14 03:44:23.059 [Debug] 20002 - Closing connection to database 'main' on server 'C:\Users\Hanst\OneDrive\Desktop\TrauzeRPG\pipmmo\Server\resources\playerdata.db'.

--------------------------------------------------------------------------------
2025-01-14 03:44:23.059 [Debug] 20003 - Closed connection to database 'main' on server 'resources\playerdata.db' (0ms).

--------------------------------------------------------------------------------
2025-01-14 03:44:23.059 [Debug] 20103 - Creating DbCommand for 'ExecuteReader'.

--------------------------------------------------------------------------------
2025-01-14 03:44:23.059 [Debug] 20104 - Created DbCommand for 'ExecuteReader' (0ms).

--------------------------------------------------------------------------------
2025-01-14 03:44:23.059 [Debug] 20106 - Initialized DbCommand for 'ExecuteReader' (0ms).

--------------------------------------------------------------------------------
2025-01-14 03:44:23.059 [Debug] 20000 - Opening connection to database 'main' on server 'resources\playerdata.db'.

--------------------------------------------------------------------------------
2025-01-14 03:44:23.059 [Debug] 20001 - Opened connection to database 'main' on server 'C:\Users\Hanst\OneDrive\Desktop\TrauzeRPG\pipmmo\Server\resources\playerdata.db'.

--------------------------------------------------------------------------------
2025-01-14 03:44:23.059 [Debug] 20100 - Executing DbCommand [Parameters=[], CommandType='Text', CommandTimeout='30']
SELECT "MigrationId", "ProductVersion"
FROM "__EFMigrationsHistory"
ORDER BY "MigrationId";

--------------------------------------------------------------------------------
2025-01-14 03:44:23.059 [Info] 20101 - Executed DbCommand (0ms) [Parameters=[], CommandType='Text', CommandTimeout='30']
SELECT "MigrationId", "ProductVersion"
FROM "__EFMigrationsHistory"
ORDER BY "MigrationId";

--------------------------------------------------------------------------------
2025-01-14 03:44:23.059 [Debug] 20301 - Closing data reader to 'main' on server 'C:\Users\Hanst\OneDrive\Desktop\TrauzeRPG\pipmmo\Server\resources\playerdata.db'.

--------------------------------------------------------------------------------
2025-01-14 03:44:23.059 [Debug] 20300 - A data reader for 'main' on server 'C:\Users\Hanst\OneDrive\Desktop\TrauzeRPG\pipmmo\Server\resources\playerdata.db' is being disposed after spending 0ms reading results.

--------------------------------------------------------------------------------
2025-01-14 03:44:23.059 [Debug] 20002 - Closing connection to database 'main' on server 'C:\Users\Hanst\OneDrive\Desktop\TrauzeRPG\pipmmo\Server\resources\playerdata.db'.

--------------------------------------------------------------------------------
2025-01-14 03:44:23.059 [Debug] 20003 - Closed connection to database 'main' on server 'resources\playerdata.db' (0ms).

--------------------------------------------------------------------------------
2025-01-14 03:44:23.060 [Debug] 20005 - Creating DbConnection.

--------------------------------------------------------------------------------
2025-01-14 03:44:23.060 [Debug] 20006 - Created DbConnection. (0ms).

--------------------------------------------------------------------------------
2025-01-14 03:44:23.060 [Debug] 20000 - Opening connection to database 'main' on server 'resources\playerdata.db'.

--------------------------------------------------------------------------------
2025-01-14 03:44:23.060 [Debug] 20001 - Opened connection to database 'main' on server 'C:\Users\Hanst\OneDrive\Desktop\TrauzeRPG\pipmmo\Server\resources\playerdata.db'.

--------------------------------------------------------------------------------
2025-01-14 03:44:23.060 [Debug] 20007 - Disposing connection to database 'main' on server 'resources\playerdata.db'.

--------------------------------------------------------------------------------
2025-01-14 03:44:23.060 [Debug] 20008 - Disposed connection to database 'main' on server 'resources\playerdata.db' (0ms).

--------------------------------------------------------------------------------
2025-01-14 03:44:23.060 [Debug] 20103 - Creating DbCommand for 'ExecuteScalar'.

--------------------------------------------------------------------------------
2025-01-14 03:44:23.060 [Debug] 20104 - Created DbCommand for 'ExecuteScalar' (0ms).

--------------------------------------------------------------------------------
2025-01-14 03:44:23.060 [Debug] 20106 - Initialized DbCommand for 'ExecuteScalar' (0ms).

--------------------------------------------------------------------------------
2025-01-14 03:44:23.060 [Debug] 20000 - Opening connection to database 'main' on server 'resources\playerdata.db'.

--------------------------------------------------------------------------------
2025-01-14 03:44:23.060 [Debug] 20001 - Opened connection to database 'main' on server 'C:\Users\Hanst\OneDrive\Desktop\TrauzeRPG\pipmmo\Server\resources\playerdata.db'.

--------------------------------------------------------------------------------
2025-01-14 03:44:23.060 [Debug] 20100 - Executing DbCommand [Parameters=[], CommandType='Text', CommandTimeout='30']
SELECT COUNT(*) FROM "sqlite_master" WHERE "name" = '__EFMigrationsHistory' AND "type" = 'table';

--------------------------------------------------------------------------------
2025-01-14 03:44:23.060 [Info] 20101 - Executed DbCommand (0ms) [Parameters=[], CommandType='Text', CommandTimeout='30']
SELECT COUNT(*) FROM "sqlite_master" WHERE "name" = '__EFMigrationsHistory' AND "type" = 'table';

--------------------------------------------------------------------------------
2025-01-14 03:44:23.060 [Debug] 20002 - Closing connection to database 'main' on server 'C:\Users\Hanst\OneDrive\Desktop\TrauzeRPG\pipmmo\Server\resources\playerdata.db'.

--------------------------------------------------------------------------------
2025-01-14 03:44:23.060 [Debug] 20003 - Closed connection to database 'main' on server 'resources\playerdata.db' (0ms).

--------------------------------------------------------------------------------
2025-01-14 03:44:23.060 [Debug] 20103 - Creating DbCommand for 'ExecuteReader'.

--------------------------------------------------------------------------------
2025-01-14 03:44:23.060 [Debug] 20104 - Created DbCommand for 'ExecuteReader' (0ms).

--------------------------------------------------------------------------------
2025-01-14 03:44:23.060 [Debug] 20106 - Initialized DbCommand for 'ExecuteReader' (0ms).

--------------------------------------------------------------------------------
2025-01-14 03:44:23.060 [Debug] 20000 - Opening connection to database 'main' on server 'resources\playerdata.db'.

--------------------------------------------------------------------------------
2025-01-14 03:44:23.060 [Debug] 20001 - Opened connection to database 'main' on server 'C:\Users\Hanst\OneDrive\Desktop\TrauzeRPG\pipmmo\Server\resources\playerdata.db'.

--------------------------------------------------------------------------------
2025-01-14 03:44:23.060 [Debug] 20100 - Executing DbCommand [Parameters=[], CommandType='Text', CommandTimeout='30']
SELECT "MigrationId", "ProductVersion"
FROM "__EFMigrationsHistory"
ORDER BY "MigrationId";

--------------------------------------------------------------------------------
2025-01-14 03:44:23.060 [Info] 20101 - Executed DbCommand (0ms) [Parameters=[], CommandType='Text', CommandTimeout='30']
SELECT "MigrationId", "ProductVersion"
FROM "__EFMigrationsHistory"
ORDER BY "MigrationId";

--------------------------------------------------------------------------------
2025-01-14 03:44:23.060 [Debug] 20301 - Closing data reader to 'main' on server 'C:\Users\Hanst\OneDrive\Desktop\TrauzeRPG\pipmmo\Server\resources\playerdata.db'.

--------------------------------------------------------------------------------
2025-01-14 03:44:23.060 [Debug] 20300 - A data reader for 'main' on server 'C:\Users\Hanst\OneDrive\Desktop\TrauzeRPG\pipmmo\Server\resources\playerdata.db' is being disposed after spending 0ms reading results.

--------------------------------------------------------------------------------
2025-01-14 03:44:23.060 [Debug] 20002 - Closing connection to database 'main' on server 'C:\Users\Hanst\OneDrive\Desktop\TrauzeRPG\pipmmo\Server\resources\playerdata.db'.

--------------------------------------------------------------------------------
2025-01-14 03:44:23.060 [Debug] 20003 - Closed connection to database 'main' on server 'resources\playerdata.db' (0ms).

--------------------------------------------------------------------------------
2025-01-14 03:44:23.060 [Debug] 20005 - Creating DbConnection.

--------------------------------------------------------------------------------
2025-01-14 03:44:23.060 [Debug] 20006 - Created DbConnection. (0ms).

--------------------------------------------------------------------------------
2025-01-14 03:44:23.060 [Debug] 20000 - Opening connection to database 'main' on server 'resources\playerdata.db'.

--------------------------------------------------------------------------------
2025-01-14 03:44:23.061 [Debug] 20001 - Opened connection to database 'main' on server 'C:\Users\Hanst\OneDrive\Desktop\TrauzeRPG\pipmmo\Server\resources\playerdata.db'.

--------------------------------------------------------------------------------
2025-01-14 03:44:23.061 [Debug] 20007 - Disposing connection to database 'main' on server 'resources\playerdata.db'.

--------------------------------------------------------------------------------
2025-01-14 03:44:23.061 [Debug] 20008 - Disposed connection to database 'main' on server 'resources\playerdata.db' (0ms).

--------------------------------------------------------------------------------
2025-01-14 03:44:23.061 [Debug] 20103 - Creating DbCommand for 'ExecuteScalar'.

--------------------------------------------------------------------------------
2025-01-14 03:44:23.061 [Debug] 20104 - Created DbCommand for 'ExecuteScalar' (0ms).

--------------------------------------------------------------------------------
2025-01-14 03:44:23.061 [Debug] 20106 - Initialized DbCommand for 'ExecuteScalar' (0ms).

--------------------------------------------------------------------------------
2025-01-14 03:44:23.061 [Debug] 20000 - Opening connection to database 'main' on server 'resources\playerdata.db'.

--------------------------------------------------------------------------------
2025-01-14 03:44:23.061 [Debug] 20001 - Opened connection to database 'main' on server 'C:\Users\Hanst\OneDrive\Desktop\TrauzeRPG\pipmmo\Server\resources\playerdata.db'.

--------------------------------------------------------------------------------
2025-01-14 03:44:23.061 [Debug] 20100 - Executing DbCommand [Parameters=[], CommandType='Text', CommandTimeout='30']
SELECT COUNT(*) FROM "sqlite_master" WHERE "name" = '__EFMigrationsHistory' AND "type" = 'table';

--------------------------------------------------------------------------------
2025-01-14 03:44:23.061 [Info] 20101 - Executed DbCommand (0ms) [Parameters=[], CommandType='Text', CommandTimeout='30']
SELECT COUNT(*) FROM "sqlite_master" WHERE "name" = '__EFMigrationsHistory' AND "type" = 'table';

--------------------------------------------------------------------------------
2025-01-14 03:44:23.061 [Debug] 20002 - Closing connection to database 'main' on server 'C:\Users\Hanst\OneDrive\Desktop\TrauzeRPG\pipmmo\Server\resources\playerdata.db'.

--------------------------------------------------------------------------------
2025-01-14 03:44:23.061 [Debug] 20003 - Closed connection to database 'main' on server 'resources\playerdata.db' (0ms).

--------------------------------------------------------------------------------
2025-01-14 03:44:23.061 [Debug] 20103 - Creating DbCommand for 'ExecuteReader'.

--------------------------------------------------------------------------------
2025-01-14 03:44:23.061 [Debug] 20104 - Created DbCommand for 'ExecuteReader' (0ms).

--------------------------------------------------------------------------------
2025-01-14 03:44:23.061 [Debug] 20106 - Initialized DbCommand for 'ExecuteReader' (0ms).

--------------------------------------------------------------------------------
2025-01-14 03:44:23.061 [Debug] 20000 - Opening connection to database 'main' on server 'resources\playerdata.db'.

--------------------------------------------------------------------------------
2025-01-14 03:44:23.061 [Debug] 20001 - Opened connection to database 'main' on server 'C:\Users\Hanst\OneDrive\Desktop\TrauzeRPG\pipmmo\Server\resources\playerdata.db'.

--------------------------------------------------------------------------------
2025-01-14 03:44:23.061 [Debug] 20100 - Executing DbCommand [Parameters=[], CommandType='Text', CommandTimeout='30']
SELECT "MigrationId", "ProductVersion"
FROM "__EFMigrationsHistory"
ORDER BY "MigrationId";

--------------------------------------------------------------------------------
2025-01-14 03:44:23.061 [Info] 20101 - Executed DbCommand (0ms) [Parameters=[], CommandType='Text', CommandTimeout='30']
SELECT "MigrationId", "ProductVersion"
FROM "__EFMigrationsHistory"
ORDER BY "MigrationId";

--------------------------------------------------------------------------------
2025-01-14 03:44:23.061 [Debug] 20301 - Closing data reader to 'main' on server 'C:\Users\Hanst\OneDrive\Desktop\TrauzeRPG\pipmmo\Server\resources\playerdata.db'.

--------------------------------------------------------------------------------
2025-01-14 03:44:23.061 [Debug] 20300 - A data reader for 'main' on server 'C:\Users\Hanst\OneDrive\Desktop\TrauzeRPG\pipmmo\Server\resources\playerdata.db' is being disposed after spending 0ms reading results.

--------------------------------------------------------------------------------
2025-01-14 03:44:23.061 [Debug] 20002 - Closing connection to database 'main' on server 'C:\Users\Hanst\OneDrive\Desktop\TrauzeRPG\pipmmo\Server\resources\playerdata.db'.

--------------------------------------------------------------------------------
2025-01-14 03:44:23.061 [Debug] 20003 - Closed connection to database 'main' on server 'resources\playerdata.db' (0ms).

--------------------------------------------------------------------------------
2025-01-14 03:44:23.061 [Debug] 20005 - Creating DbConnection.

--------------------------------------------------------------------------------
2025-01-14 03:44:23.061 [Debug] 20006 - Created DbConnection. (0ms).

--------------------------------------------------------------------------------
2025-01-14 03:44:23.061 [Debug] 20000 - Opening connection to database 'main' on server 'resources\playerdata.db'.

--------------------------------------------------------------------------------
2025-01-14 03:44:23.061 [Debug] 20001 - Opened connection to database 'main' on server 'C:\Users\Hanst\OneDrive\Desktop\TrauzeRPG\pipmmo\Server\resources\playerdata.db'.

--------------------------------------------------------------------------------
2025-01-14 03:44:23.061 [Debug] 20007 - Disposing connection to database 'main' on server 'resources\playerdata.db'.

--------------------------------------------------------------------------------
2025-01-14 03:44:23.061 [Debug] 20008 - Disposed connection to database 'main' on server 'resources\playerdata.db' (0ms).

--------------------------------------------------------------------------------
2025-01-14 03:44:23.061 [Debug] 20103 - Creating DbCommand for 'ExecuteScalar'.

--------------------------------------------------------------------------------
2025-01-14 03:44:23.061 [Debug] 20104 - Created DbCommand for 'ExecuteScalar' (0ms).

--------------------------------------------------------------------------------
2025-01-14 03:44:23.061 [Debug] 20106 - Initialized DbCommand for 'ExecuteScalar' (0ms).

--------------------------------------------------------------------------------
2025-01-14 03:44:23.061 [Debug] 20000 - Opening connection to database 'main' on server 'resources\playerdata.db'.

--------------------------------------------------------------------------------
2025-01-14 03:44:23.061 [Debug] 20001 - Opened connection to database 'main' on server 'C:\Users\Hanst\OneDrive\Desktop\TrauzeRPG\pipmmo\Server\resources\playerdata.db'.

--------------------------------------------------------------------------------
2025-01-14 03:44:23.061 [Debug] 20100 - Executing DbCommand [Parameters=[], CommandType='Text', CommandTimeout='30']
SELECT COUNT(*) FROM "sqlite_master" WHERE "name" = '__EFMigrationsHistory' AND "type" = 'table';

--------------------------------------------------------------------------------
2025-01-14 03:44:23.061 [Info] 20101 - Executed DbCommand (0ms) [Parameters=[], CommandType='Text', CommandTimeout='30']
SELECT COUNT(*) FROM "sqlite_master" WHERE "name" = '__EFMigrationsHistory' AND "type" = 'table';

--------------------------------------------------------------------------------
2025-01-14 03:44:23.061 [Debug] 20002 - Closing connection to database 'main' on server 'C:\Users\Hanst\OneDrive\Desktop\TrauzeRPG\pipmmo\Server\resources\playerdata.db'.

--------------------------------------------------------------------------------
2025-01-14 03:44:23.061 [Debug] 20003 - Closed connection to database 'main' on server 'resources\playerdata.db' (0ms).

--------------------------------------------------------------------------------
2025-01-14 03:44:23.061 [Debug] 20103 - Creating DbCommand for 'ExecuteReader'.

--------------------------------------------------------------------------------
2025-01-14 03:44:23.061 [Debug] 20104 - Created DbCommand for 'ExecuteReader' (0ms).

--------------------------------------------------------------------------------
2025-01-14 03:44:23.061 [Debug] 20106 - Initialized DbCommand for 'ExecuteReader' (0ms).

--------------------------------------------------------------------------------
2025-01-14 03:44:23.061 [Debug] 20000 - Opening connection to database 'main' on server 'resources\playerdata.db'.

--------------------------------------------------------------------------------
2025-01-14 03:44:23.061 [Debug] 20001 - Opened connection to database 'main' on server 'C:\Users\Hanst\OneDrive\Desktop\TrauzeRPG\pipmmo\Server\resources\playerdata.db'.

--------------------------------------------------------------------------------
2025-01-14 03:44:23.061 [Debug] 20100 - Executing DbCommand [Parameters=[], CommandType='Text', CommandTimeout='30']
SELECT "MigrationId", "ProductVersion"
FROM "__EFMigrationsHistory"
ORDER BY "MigrationId";

--------------------------------------------------------------------------------
2025-01-14 03:44:23.061 [Info] 20101 - Executed DbCommand (0ms) [Parameters=[], CommandType='Text', CommandTimeout='30']
SELECT "MigrationId", "ProductVersion"
FROM "__EFMigrationsHistory"
ORDER BY "MigrationId";

--------------------------------------------------------------------------------
2025-01-14 03:44:23.061 [Debug] 20301 - Closing data reader to 'main' on server 'C:\Users\Hanst\OneDrive\Desktop\TrauzeRPG\pipmmo\Server\resources\playerdata.db'.

--------------------------------------------------------------------------------
2025-01-14 03:44:23.061 [Debug] 20300 - A data reader for 'main' on server 'C:\Users\Hanst\OneDrive\Desktop\TrauzeRPG\pipmmo\Server\resources\playerdata.db' is being disposed after spending 0ms reading results.

--------------------------------------------------------------------------------
2025-01-14 03:44:23.061 [Debug] 20002 - Closing connection to database 'main' on server 'C:\Users\Hanst\OneDrive\Desktop\TrauzeRPG\pipmmo\Server\resources\playerdata.db'.

--------------------------------------------------------------------------------
2025-01-14 03:44:23.061 [Debug] 20003 - Closed connection to database 'main' on server 'resources\playerdata.db' (0ms).

--------------------------------------------------------------------------------
2025-01-14 03:44:23.062 [Debug] 20005 - Creating DbConnection.

--------------------------------------------------------------------------------
2025-01-14 03:44:23.062 [Debug] 20006 - Created DbConnection. (0ms).

--------------------------------------------------------------------------------
2025-01-14 03:44:23.062 [Debug] 20000 - Opening connection to database 'main' on server 'resources\playerdata.db'.

--------------------------------------------------------------------------------
2025-01-14 03:44:23.062 [Debug] 20001 - Opened connection to database 'main' on server 'C:\Users\Hanst\OneDrive\Desktop\TrauzeRPG\pipmmo\Server\resources\playerdata.db'.

--------------------------------------------------------------------------------
2025-01-14 03:44:23.062 [Debug] 20007 - Disposing connection to database 'main' on server 'resources\playerdata.db'.

--------------------------------------------------------------------------------
2025-01-14 03:44:23.062 [Debug] 20008 - Disposed connection to database 'main' on server 'resources\playerdata.db' (0ms).

--------------------------------------------------------------------------------
2025-01-14 03:44:23.062 [Debug] 20103 - Creating DbCommand for 'ExecuteScalar'.

--------------------------------------------------------------------------------
2025-01-14 03:44:23.062 [Debug] 20104 - Created DbCommand for 'ExecuteScalar' (0ms).

--------------------------------------------------------------------------------
2025-01-14 03:44:23.062 [Debug] 20106 - Initialized DbCommand for 'ExecuteScalar' (0ms).

--------------------------------------------------------------------------------
2025-01-14 03:44:23.062 [Debug] 20000 - Opening connection to database 'main' on server 'resources\playerdata.db'.

--------------------------------------------------------------------------------
2025-01-14 03:44:23.062 [Debug] 20001 - Opened connection to database 'main' on server 'C:\Users\Hanst\OneDrive\Desktop\TrauzeRPG\pipmmo\Server\resources\playerdata.db'.

--------------------------------------------------------------------------------
2025-01-14 03:44:23.062 [Debug] 20100 - Executing DbCommand [Parameters=[], CommandType='Text', CommandTimeout='30']
SELECT COUNT(*) FROM "sqlite_master" WHERE "name" = '__EFMigrationsHistory' AND "type" = 'table';

--------------------------------------------------------------------------------
2025-01-14 03:44:23.062 [Info] 20101 - Executed DbCommand (0ms) [Parameters=[], CommandType='Text', CommandTimeout='30']
SELECT COUNT(*) FROM "sqlite_master" WHERE "name" = '__EFMigrationsHistory' AND "type" = 'table';

--------------------------------------------------------------------------------
2025-01-14 03:44:23.062 [Debug] 20002 - Closing connection to database 'main' on server 'C:\Users\Hanst\OneDrive\Desktop\TrauzeRPG\pipmmo\Server\resources\playerdata.db'.

--------------------------------------------------------------------------------
2025-01-14 03:44:23.062 [Debug] 20003 - Closed connection to database 'main' on server 'resources\playerdata.db' (0ms).

--------------------------------------------------------------------------------
2025-01-14 03:44:23.062 [Debug] 20103 - Creating DbCommand for 'ExecuteReader'.

--------------------------------------------------------------------------------
2025-01-14 03:44:23.062 [Debug] 20104 - Created DbCommand for 'ExecuteReader' (0ms).

--------------------------------------------------------------------------------
2025-01-14 03:44:23.062 [Debug] 20106 - Initialized DbCommand for 'ExecuteReader' (0ms).

--------------------------------------------------------------------------------
2025-01-14 03:44:23.062 [Debug] 20000 - Opening connection to database 'main' on server 'resources\playerdata.db'.

--------------------------------------------------------------------------------
2025-01-14 03:44:23.062 [Debug] 20001 - Opened connection to database 'main' on server 'C:\Users\Hanst\OneDrive\Desktop\TrauzeRPG\pipmmo\Server\resources\playerdata.db'.

--------------------------------------------------------------------------------
2025-01-14 03:44:23.062 [Debug] 20100 - Executing DbCommand [Parameters=[], CommandType='Text', CommandTimeout='30']
SELECT "MigrationId", "ProductVersion"
FROM "__EFMigrationsHistory"
ORDER BY "MigrationId";

--------------------------------------------------------------------------------
2025-01-14 03:44:23.062 [Info] 20101 - Executed DbCommand (0ms) [Parameters=[], CommandType='Text', CommandTimeout='30']
SELECT "MigrationId", "ProductVersion"
FROM "__EFMigrationsHistory"
ORDER BY "MigrationId";

--------------------------------------------------------------------------------
2025-01-14 03:44:23.062 [Debug] 20301 - Closing data reader to 'main' on server 'C:\Users\Hanst\OneDrive\Desktop\TrauzeRPG\pipmmo\Server\resources\playerdata.db'.

--------------------------------------------------------------------------------
2025-01-14 03:44:23.062 [Debug] 20300 - A data reader for 'main' on server 'C:\Users\Hanst\OneDrive\Desktop\TrauzeRPG\pipmmo\Server\resources\playerdata.db' is being disposed after spending 0ms reading results.

--------------------------------------------------------------------------------
2025-01-14 03:44:23.062 [Debug] 20002 - Closing connection to database 'main' on server 'C:\Users\Hanst\OneDrive\Desktop\TrauzeRPG\pipmmo\Server\resources\playerdata.db'.

--------------------------------------------------------------------------------
2025-01-14 03:44:23.062 [Debug] 20003 - Closed connection to database 'main' on server 'resources\playerdata.db' (0ms).

--------------------------------------------------------------------------------
2025-01-14 03:44:23.062 [Debug] 20005 - Creating DbConnection.

--------------------------------------------------------------------------------
2025-01-14 03:44:23.062 [Debug] 20006 - Created DbConnection. (0ms).

--------------------------------------------------------------------------------
2025-01-14 03:44:23.062 [Debug] 20000 - Opening connection to database 'main' on server 'resources\playerdata.db'.

--------------------------------------------------------------------------------
2025-01-14 03:44:23.062 [Debug] 20001 - Opened connection to database 'main' on server 'C:\Users\Hanst\OneDrive\Desktop\TrauzeRPG\pipmmo\Server\resources\playerdata.db'.

--------------------------------------------------------------------------------
2025-01-14 03:44:23.062 [Debug] 20007 - Disposing connection to database 'main' on server 'resources\playerdata.db'.

--------------------------------------------------------------------------------
2025-01-14 03:44:23.062 [Debug] 20008 - Disposed connection to database 'main' on server 'resources\playerdata.db' (0ms).

--------------------------------------------------------------------------------
2025-01-14 03:44:23.062 [Debug] 20103 - Creating DbCommand for 'ExecuteScalar'.

--------------------------------------------------------------------------------
2025-01-14 03:44:23.062 [Debug] 20104 - Created DbCommand for 'ExecuteScalar' (0ms).

--------------------------------------------------------------------------------
2025-01-14 03:44:23.062 [Debug] 20106 - Initialized DbCommand for 'ExecuteScalar' (0ms).

--------------------------------------------------------------------------------
2025-01-14 03:44:23.062 [Debug] 20000 - Opening connection to database 'main' on server 'resources\playerdata.db'.

--------------------------------------------------------------------------------
2025-01-14 03:44:23.062 [Debug] 20001 - Opened connection to database 'main' on server 'C:\Users\Hanst\OneDrive\Desktop\TrauzeRPG\pipmmo\Server\resources\playerdata.db'.

--------------------------------------------------------------------------------
2025-01-14 03:44:23.062 [Debug] 20100 - Executing DbCommand [Parameters=[], CommandType='Text', CommandTimeout='30']
SELECT COUNT(*) FROM "sqlite_master" WHERE "name" = '__EFMigrationsHistory' AND "type" = 'table';

--------------------------------------------------------------------------------
2025-01-14 03:44:23.062 [Info] 20101 - Executed DbCommand (0ms) [Parameters=[], CommandType='Text', CommandTimeout='30']
SELECT COUNT(*) FROM "sqlite_master" WHERE "name" = '__EFMigrationsHistory' AND "type" = 'table';

--------------------------------------------------------------------------------
2025-01-14 03:44:23.062 [Debug] 20002 - Closing connection to database 'main' on server 'C:\Users\Hanst\OneDrive\Desktop\TrauzeRPG\pipmmo\Server\resources\playerdata.db'.

--------------------------------------------------------------------------------
2025-01-14 03:44:23.062 [Debug] 20003 - Closed connection to database 'main' on server 'resources\playerdata.db' (0ms).

--------------------------------------------------------------------------------
2025-01-14 03:44:23.062 [Debug] 20103 - Creating DbCommand for 'ExecuteReader'.

--------------------------------------------------------------------------------
2025-01-14 03:44:23.062 [Debug] 20104 - Created DbCommand for 'ExecuteReader' (0ms).

--------------------------------------------------------------------------------
2025-01-14 03:44:23.063 [Debug] 20106 - Initialized DbCommand for 'ExecuteReader' (0ms).

--------------------------------------------------------------------------------
2025-01-14 03:44:23.063 [Debug] 20000 - Opening connection to database 'main' on server 'resources\playerdata.db'.

--------------------------------------------------------------------------------
2025-01-14 03:44:23.063 [Debug] 20001 - Opened connection to database 'main' on server 'C:\Users\Hanst\OneDrive\Desktop\TrauzeRPG\pipmmo\Server\resources\playerdata.db'.

--------------------------------------------------------------------------------
2025-01-14 03:44:23.063 [Debug] 20100 - Executing DbCommand [Parameters=[], CommandType='Text', CommandTimeout='30']
SELECT "MigrationId", "ProductVersion"
FROM "__EFMigrationsHistory"
ORDER BY "MigrationId";

--------------------------------------------------------------------------------
2025-01-14 03:44:23.063 [Info] 20101 - Executed DbCommand (0ms) [Parameters=[], CommandType='Text', CommandTimeout='30']
SELECT "MigrationId", "ProductVersion"
FROM "__EFMigrationsHistory"
ORDER BY "MigrationId";

--------------------------------------------------------------------------------
2025-01-14 03:44:23.063 [Debug] 20301 - Closing data reader to 'main' on server 'C:\Users\Hanst\OneDrive\Desktop\TrauzeRPG\pipmmo\Server\resources\playerdata.db'.

--------------------------------------------------------------------------------
2025-01-14 03:44:23.063 [Debug] 20300 - A data reader for 'main' on server 'C:\Users\Hanst\OneDrive\Desktop\TrauzeRPG\pipmmo\Server\resources\playerdata.db' is being disposed after spending 0ms reading results.

--------------------------------------------------------------------------------
2025-01-14 03:44:23.063 [Debug] 20002 - Closing connection to database 'main' on server 'C:\Users\Hanst\OneDrive\Desktop\TrauzeRPG\pipmmo\Server\resources\playerdata.db'.

--------------------------------------------------------------------------------
2025-01-14 03:44:23.063 [Debug] 20003 - Closed connection to database 'main' on server 'resources\playerdata.db' (0ms).

--------------------------------------------------------------------------------
2025-01-14 03:44:23.063 [Debug] 20005 - Creating DbConnection.

--------------------------------------------------------------------------------
2025-01-14 03:44:23.063 [Debug] 20006 - Created DbConnection. (0ms).

--------------------------------------------------------------------------------
2025-01-14 03:44:23.063 [Debug] 20000 - Opening connection to database 'main' on server 'resources\playerdata.db'.

--------------------------------------------------------------------------------
2025-01-14 03:44:23.063 [Debug] 20001 - Opened connection to database 'main' on server 'C:\Users\Hanst\OneDrive\Desktop\TrauzeRPG\pipmmo\Server\resources\playerdata.db'.

--------------------------------------------------------------------------------
2025-01-14 03:44:23.063 [Debug] 20007 - Disposing connection to database 'main' on server 'resources\playerdata.db'.

--------------------------------------------------------------------------------
2025-01-14 03:44:23.063 [Debug] 20008 - Disposed connection to database 'main' on server 'resources\playerdata.db' (0ms).

--------------------------------------------------------------------------------
2025-01-14 03:44:23.063 [Debug] 20103 - Creating DbCommand for 'ExecuteScalar'.

--------------------------------------------------------------------------------
2025-01-14 03:44:23.063 [Debug] 20104 - Created DbCommand for 'ExecuteScalar' (0ms).

--------------------------------------------------------------------------------
2025-01-14 03:44:23.063 [Debug] 20106 - Initialized DbCommand for 'ExecuteScalar' (0ms).

--------------------------------------------------------------------------------
2025-01-14 03:44:23.063 [Debug] 20000 - Opening connection to database 'main' on server 'resources\playerdata.db'.

--------------------------------------------------------------------------------
2025-01-14 03:44:23.063 [Debug] 20001 - Opened connection to database 'main' on server 'C:\Users\Hanst\OneDrive\Desktop\TrauzeRPG\pipmmo\Server\resources\playerdata.db'.

--------------------------------------------------------------------------------
2025-01-14 03:44:23.063 [Debug] 20100 - Executing DbCommand [Parameters=[], CommandType='Text', CommandTimeout='30']
SELECT COUNT(*) FROM "sqlite_master" WHERE "name" = '__EFMigrationsHistory' AND "type" = 'table';

--------------------------------------------------------------------------------
2025-01-14 03:44:23.064 [Info] 20101 - Executed DbCommand (0ms) [Parameters=[], CommandType='Text', CommandTimeout='30']
SELECT COUNT(*) FROM "sqlite_master" WHERE "name" = '__EFMigrationsHistory' AND "type" = 'table';

--------------------------------------------------------------------------------
2025-01-14 03:44:23.064 [Debug] 20002 - Closing connection to database 'main' on server 'C:\Users\Hanst\OneDrive\Desktop\TrauzeRPG\pipmmo\Server\resources\playerdata.db'.

--------------------------------------------------------------------------------
2025-01-14 03:44:23.064 [Debug] 20003 - Closed connection to database 'main' on server 'resources\playerdata.db' (0ms).

--------------------------------------------------------------------------------
2025-01-14 03:44:23.064 [Debug] 20103 - Creating DbCommand for 'ExecuteReader'.

--------------------------------------------------------------------------------
2025-01-14 03:44:23.064 [Debug] 20104 - Created DbCommand for 'ExecuteReader' (0ms).

--------------------------------------------------------------------------------
2025-01-14 03:44:23.064 [Debug] 20106 - Initialized DbCommand for 'ExecuteReader' (0ms).

--------------------------------------------------------------------------------
2025-01-14 03:44:23.064 [Debug] 20000 - Opening connection to database 'main' on server 'resources\playerdata.db'.

--------------------------------------------------------------------------------
2025-01-14 03:44:23.064 [Debug] 20001 - Opened connection to database 'main' on server 'C:\Users\Hanst\OneDrive\Desktop\TrauzeRPG\pipmmo\Server\resources\playerdata.db'.

--------------------------------------------------------------------------------
2025-01-14 03:44:23.064 [Debug] 20100 - Executing DbCommand [Parameters=[], CommandType='Text', CommandTimeout='30']
SELECT "MigrationId", "ProductVersion"
FROM "__EFMigrationsHistory"
ORDER BY "MigrationId";

--------------------------------------------------------------------------------
2025-01-14 03:44:23.064 [Info] 20101 - Executed DbCommand (0ms) [Parameters=[], CommandType='Text', CommandTimeout='30']
SELECT "MigrationId", "ProductVersion"
FROM "__EFMigrationsHistory"
ORDER BY "MigrationId";

--------------------------------------------------------------------------------
2025-01-14 03:44:23.064 [Debug] 20301 - Closing data reader to 'main' on server 'C:\Users\Hanst\OneDrive\Desktop\TrauzeRPG\pipmmo\Server\resources\playerdata.db'.

--------------------------------------------------------------------------------
2025-01-14 03:44:23.064 [Debug] 20300 - A data reader for 'main' on server 'C:\Users\Hanst\OneDrive\Desktop\TrauzeRPG\pipmmo\Server\resources\playerdata.db' is being disposed after spending 0ms reading results.

--------------------------------------------------------------------------------
2025-01-14 03:44:23.064 [Debug] 20002 - Closing connection to database 'main' on server 'C:\Users\Hanst\OneDrive\Desktop\TrauzeRPG\pipmmo\Server\resources\playerdata.db'.

--------------------------------------------------------------------------------
2025-01-14 03:44:23.064 [Debug] 20003 - Closed connection to database 'main' on server 'resources\playerdata.db' (0ms).

--------------------------------------------------------------------------------
2025-01-14 03:44:23.064 [Debug] 20005 - Creating DbConnection.

--------------------------------------------------------------------------------
2025-01-14 03:44:23.064 [Debug] 20006 - Created DbConnection. (0ms).

--------------------------------------------------------------------------------
2025-01-14 03:44:23.064 [Debug] 20000 - Opening connection to database 'main' on server 'resources\playerdata.db'.

--------------------------------------------------------------------------------
2025-01-14 03:44:23.064 [Debug] 20001 - Opened connection to database 'main' on server 'C:\Users\Hanst\OneDrive\Desktop\TrauzeRPG\pipmmo\Server\resources\playerdata.db'.

--------------------------------------------------------------------------------
2025-01-14 03:44:23.064 [Debug] 20007 - Disposing connection to database 'main' on server 'resources\playerdata.db'.

--------------------------------------------------------------------------------
2025-01-14 03:44:23.064 [Debug] 20008 - Disposed connection to database 'main' on server 'resources\playerdata.db' (0ms).

--------------------------------------------------------------------------------
2025-01-14 03:44:23.064 [Debug] 20103 - Creating DbCommand for 'ExecuteScalar'.

--------------------------------------------------------------------------------
2025-01-14 03:44:23.064 [Debug] 20104 - Created DbCommand for 'ExecuteScalar' (0ms).

--------------------------------------------------------------------------------
2025-01-14 03:44:23.064 [Debug] 20106 - Initialized DbCommand for 'ExecuteScalar' (0ms).

--------------------------------------------------------------------------------
2025-01-14 03:44:23.064 [Debug] 20000 - Opening connection to database 'main' on server 'resources\playerdata.db'.

--------------------------------------------------------------------------------
2025-01-14 03:44:23.064 [Debug] 20001 - Opened connection to database 'main' on server 'C:\Users\Hanst\OneDrive\Desktop\TrauzeRPG\pipmmo\Server\resources\playerdata.db'.

--------------------------------------------------------------------------------
2025-01-14 03:44:23.064 [Debug] 20100 - Executing DbCommand [Parameters=[], CommandType='Text', CommandTimeout='30']
SELECT COUNT(*) FROM "sqlite_master" WHERE "name" = '__EFMigrationsHistory' AND "type" = 'table';

--------------------------------------------------------------------------------
2025-01-14 03:44:23.064 [Info] 20101 - Executed DbCommand (0ms) [Parameters=[], CommandType='Text', CommandTimeout='30']
SELECT COUNT(*) FROM "sqlite_master" WHERE "name" = '__EFMigrationsHistory' AND "type" = 'table';

--------------------------------------------------------------------------------
2025-01-14 03:44:23.064 [Debug] 20002 - Closing connection to database 'main' on server 'C:\Users\Hanst\OneDrive\Desktop\TrauzeRPG\pipmmo\Server\resources\playerdata.db'.

--------------------------------------------------------------------------------
2025-01-14 03:44:23.064 [Debug] 20003 - Closed connection to database 'main' on server 'resources\playerdata.db' (0ms).

--------------------------------------------------------------------------------
2025-01-14 03:44:23.064 [Debug] 20103 - Creating DbCommand for 'ExecuteReader'.

--------------------------------------------------------------------------------
2025-01-14 03:44:23.064 [Debug] 20104 - Created DbCommand for 'ExecuteReader' (0ms).

--------------------------------------------------------------------------------
2025-01-14 03:44:23.064 [Debug] 20106 - Initialized DbCommand for 'ExecuteReader' (0ms).

--------------------------------------------------------------------------------
2025-01-14 03:44:23.064 [Debug] 20000 - Opening connection to database 'main' on server 'resources\playerdata.db'.

--------------------------------------------------------------------------------
2025-01-14 03:44:23.064 [Debug] 20001 - Opened connection to database 'main' on server 'C:\Users\Hanst\OneDrive\Desktop\TrauzeRPG\pipmmo\Server\resources\playerdata.db'.

--------------------------------------------------------------------------------
2025-01-14 03:44:23.064 [Debug] 20100 - Executing DbCommand [Parameters=[], CommandType='Text', CommandTimeout='30']
SELECT "MigrationId", "ProductVersion"
FROM "__EFMigrationsHistory"
ORDER BY "MigrationId";

--------------------------------------------------------------------------------
2025-01-14 03:44:23.064 [Info] 20101 - Executed DbCommand (0ms) [Parameters=[], CommandType='Text', CommandTimeout='30']
SELECT "MigrationId", "ProductVersion"
FROM "__EFMigrationsHistory"
ORDER BY "MigrationId";

--------------------------------------------------------------------------------
2025-01-14 03:44:23.064 [Debug] 20301 - Closing data reader to 'main' on server 'C:\Users\Hanst\OneDrive\Desktop\TrauzeRPG\pipmmo\Server\resources\playerdata.db'.

--------------------------------------------------------------------------------
2025-01-14 03:44:23.064 [Debug] 20300 - A data reader for 'main' on server 'C:\Users\Hanst\OneDrive\Desktop\TrauzeRPG\pipmmo\Server\resources\playerdata.db' is being disposed after spending 0ms reading results.

--------------------------------------------------------------------------------
2025-01-14 03:44:23.064 [Debug] 20002 - Closing connection to database 'main' on server 'C:\Users\Hanst\OneDrive\Desktop\TrauzeRPG\pipmmo\Server\resources\playerdata.db'.

--------------------------------------------------------------------------------
2025-01-14 03:44:23.064 [Debug] 20003 - Closed connection to database 'main' on server 'resources\playerdata.db' (0ms).

--------------------------------------------------------------------------------
2025-01-14 03:44:23.064 [Debug] 20005 - Creating DbConnection.

--------------------------------------------------------------------------------
2025-01-14 03:44:23.064 [Debug] 20006 - Created DbConnection. (0ms).

--------------------------------------------------------------------------------
2025-01-14 03:44:23.064 [Debug] 20000 - Opening connection to database 'main' on server 'resources\playerdata.db'.

--------------------------------------------------------------------------------
2025-01-14 03:44:23.065 [Debug] 20001 - Opened connection to database 'main' on server 'C:\Users\Hanst\OneDrive\Desktop\TrauzeRPG\pipmmo\Server\resources\playerdata.db'.

--------------------------------------------------------------------------------
2025-01-14 03:44:23.065 [Debug] 20007 - Disposing connection to database 'main' on server 'resources\playerdata.db'.

--------------------------------------------------------------------------------
2025-01-14 03:44:23.065 [Debug] 20008 - Disposed connection to database 'main' on server 'resources\playerdata.db' (0ms).

--------------------------------------------------------------------------------
2025-01-14 03:44:23.065 [Debug] 20103 - Creating DbCommand for 'ExecuteScalar'.

--------------------------------------------------------------------------------
2025-01-14 03:44:23.065 [Debug] 20104 - Created DbCommand for 'ExecuteScalar' (0ms).

--------------------------------------------------------------------------------
2025-01-14 03:44:23.065 [Debug] 20106 - Initialized DbCommand for 'ExecuteScalar' (0ms).

--------------------------------------------------------------------------------
2025-01-14 03:44:23.065 [Debug] 20000 - Opening connection to database 'main' on server 'resources\playerdata.db'.

--------------------------------------------------------------------------------
2025-01-14 03:44:23.065 [Debug] 20001 - Opened connection to database 'main' on server 'C:\Users\Hanst\OneDrive\Desktop\TrauzeRPG\pipmmo\Server\resources\playerdata.db'.

--------------------------------------------------------------------------------
2025-01-14 03:44:23.065 [Debug] 20100 - Executing DbCommand [Parameters=[], CommandType='Text', CommandTimeout='30']
SELECT COUNT(*) FROM "sqlite_master" WHERE "name" = '__EFMigrationsHistory' AND "type" = 'table';

--------------------------------------------------------------------------------
2025-01-14 03:44:23.065 [Info] 20101 - Executed DbCommand (0ms) [Parameters=[], CommandType='Text', CommandTimeout='30']
SELECT COUNT(*) FROM "sqlite_master" WHERE "name" = '__EFMigrationsHistory' AND "type" = 'table';

--------------------------------------------------------------------------------
2025-01-14 03:44:23.065 [Debug] 20002 - Closing connection to database 'main' on server 'C:\Users\Hanst\OneDrive\Desktop\TrauzeRPG\pipmmo\Server\resources\playerdata.db'.

--------------------------------------------------------------------------------
2025-01-14 03:44:23.065 [Debug] 20003 - Closed connection to database 'main' on server 'resources\playerdata.db' (0ms).

--------------------------------------------------------------------------------
2025-01-14 03:44:23.065 [Debug] 20103 - Creating DbCommand for 'ExecuteReader'.

--------------------------------------------------------------------------------
2025-01-14 03:44:23.065 [Debug] 20104 - Created DbCommand for 'ExecuteReader' (0ms).

--------------------------------------------------------------------------------
2025-01-14 03:44:23.065 [Debug] 20106 - Initialized DbCommand for 'ExecuteReader' (0ms).

--------------------------------------------------------------------------------
2025-01-14 03:44:23.065 [Debug] 20000 - Opening connection to database 'main' on server 'resources\playerdata.db'.

--------------------------------------------------------------------------------
2025-01-14 03:44:23.065 [Debug] 20001 - Opened connection to database 'main' on server 'C:\Users\Hanst\OneDrive\Desktop\TrauzeRPG\pipmmo\Server\resources\playerdata.db'.

--------------------------------------------------------------------------------
2025-01-14 03:44:23.065 [Debug] 20100 - Executing DbCommand [Parameters=[], CommandType='Text', CommandTimeout='30']
SELECT "MigrationId", "ProductVersion"
FROM "__EFMigrationsHistory"
ORDER BY "MigrationId";

--------------------------------------------------------------------------------
2025-01-14 03:44:23.065 [Info] 20101 - Executed DbCommand (0ms) [Parameters=[], CommandType='Text', CommandTimeout='30']
SELECT "MigrationId", "ProductVersion"
FROM "__EFMigrationsHistory"
ORDER BY "MigrationId";

--------------------------------------------------------------------------------
2025-01-14 03:44:23.065 [Debug] 20301 - Closing data reader to 'main' on server 'C:\Users\Hanst\OneDrive\Desktop\TrauzeRPG\pipmmo\Server\resources\playerdata.db'.

--------------------------------------------------------------------------------
2025-01-14 03:44:23.065 [Debug] 20300 - A data reader for 'main' on server 'C:\Users\Hanst\OneDrive\Desktop\TrauzeRPG\pipmmo\Server\resources\playerdata.db' is being disposed after spending 0ms reading results.

--------------------------------------------------------------------------------
2025-01-14 03:44:23.065 [Debug] 20002 - Closing connection to database 'main' on server 'C:\Users\Hanst\OneDrive\Desktop\TrauzeRPG\pipmmo\Server\resources\playerdata.db'.

--------------------------------------------------------------------------------
2025-01-14 03:44:23.065 [Debug] 20003 - Closed connection to database 'main' on server 'resources\playerdata.db' (0ms).

--------------------------------------------------------------------------------
2025-01-14 03:44:23.068 [Debug] 20000 - Opening connection to database 'main' on server 'resources\playerdata.db'.

--------------------------------------------------------------------------------
2025-01-14 03:44:23.068 [Debug] 20001 - Opened connection to database 'main' on server 'C:\Users\Hanst\OneDrive\Desktop\TrauzeRPG\pipmmo\Server\resources\playerdata.db'.

--------------------------------------------------------------------------------
2025-01-14 03:44:23.097 [Debug] 10403 - Entity Framework Core 7.0.11 initialized 'SqlitePlayerContext' using provider 'Microsoft.EntityFrameworkCore.Sqlite:7.0.11' with options: SensitiveDataLoggingEnabled DetailedErrorsEnabled 

--------------------------------------------------------------------------------
2025-01-14 03:44:23.097 [Debug] 20005 - Creating DbConnection.

--------------------------------------------------------------------------------
2025-01-14 03:44:23.097 [Debug] 20006 - Created DbConnection. (0ms).

--------------------------------------------------------------------------------
2025-01-14 03:44:23.099 [Debug] 10407 - 'SqlitePlayerContext' disposed.

--------------------------------------------------------------------------------
2025-01-14 03:44:23.099 [Debug] 20007 - Disposing connection to database 'main' on server 'resources\playerdata.db'.

--------------------------------------------------------------------------------
2025-01-14 03:44:23.099 [Debug] 20008 - Disposed connection to database 'main' on server 'resources\playerdata.db' (0ms).

--------------------------------------------------------------------------------
2025-01-14 03:44:23.100 [Debug] 20005 - Creating DbConnection.

--------------------------------------------------------------------------------
2025-01-14 03:44:23.100 [Debug] 20006 - Created DbConnection. (0ms).

--------------------------------------------------------------------------------
2025-01-14 03:44:23.100 [Debug] 20000 - Opening connection to database 'main' on server 'resources\playerdata.db'.

--------------------------------------------------------------------------------
2025-01-14 03:44:23.100 [Debug] 20001 - Opened connection to database 'main' on server 'C:\Users\Hanst\OneDrive\Desktop\TrauzeRPG\pipmmo\Server\resources\playerdata.db'.

--------------------------------------------------------------------------------
2025-01-14 03:44:23.100 [Debug] 20007 - Disposing connection to database 'main' on server 'resources\playerdata.db'.

--------------------------------------------------------------------------------
2025-01-14 03:44:23.100 [Debug] 20008 - Disposed connection to database 'main' on server 'resources\playerdata.db' (0ms).

--------------------------------------------------------------------------------
2025-01-14 03:44:23.100 [Debug] 20103 - Creating DbCommand for 'ExecuteScalar'.

--------------------------------------------------------------------------------
2025-01-14 03:44:23.100 [Debug] 20104 - Created DbCommand for 'ExecuteScalar' (0ms).

--------------------------------------------------------------------------------
2025-01-14 03:44:23.100 [Debug] 20106 - Initialized DbCommand for 'ExecuteScalar' (0ms).

--------------------------------------------------------------------------------
2025-01-14 03:44:23.100 [Debug] 20100 - Executing DbCommand [Parameters=[], CommandType='Text', CommandTimeout='30']
SELECT COUNT(*) FROM "sqlite_master" WHERE "name" = '__EFMigrationsHistory' AND "type" = 'table';

--------------------------------------------------------------------------------
2025-01-14 03:44:23.100 [Info] 20101 - Executed DbCommand (0ms) [Parameters=[], CommandType='Text', CommandTimeout='30']
SELECT COUNT(*) FROM "sqlite_master" WHERE "name" = '__EFMigrationsHistory' AND "type" = 'table';

--------------------------------------------------------------------------------
2025-01-14 03:44:23.100 [Debug] 20103 - Creating DbCommand for 'ExecuteReader'.

--------------------------------------------------------------------------------
2025-01-14 03:44:23.100 [Debug] 20104 - Created DbCommand for 'ExecuteReader' (0ms).

--------------------------------------------------------------------------------
2025-01-14 03:44:23.100 [Debug] 20106 - Initialized DbCommand for 'ExecuteReader' (0ms).

--------------------------------------------------------------------------------
2025-01-14 03:44:23.100 [Debug] 20100 - Executing DbCommand [Parameters=[], CommandType='Text', CommandTimeout='30']
SELECT "MigrationId", "ProductVersion"
FROM "__EFMigrationsHistory"
ORDER BY "MigrationId";

--------------------------------------------------------------------------------
2025-01-14 03:44:23.100 [Info] 20101 - Executed DbCommand (0ms) [Parameters=[], CommandType='Text', CommandTimeout='30']
SELECT "MigrationId", "ProductVersion"
FROM "__EFMigrationsHistory"
ORDER BY "MigrationId";

--------------------------------------------------------------------------------
2025-01-14 03:44:23.100 [Debug] 20301 - Closing data reader to 'main' on server 'C:\Users\Hanst\OneDrive\Desktop\TrauzeRPG\pipmmo\Server\resources\playerdata.db'.

--------------------------------------------------------------------------------
2025-01-14 03:44:23.100 [Debug] 20300 - A data reader for 'main' on server 'C:\Users\Hanst\OneDrive\Desktop\TrauzeRPG\pipmmo\Server\resources\playerdata.db' is being disposed after spending 0ms reading results.

--------------------------------------------------------------------------------
2025-01-14 03:44:23.100 [Debug] 20005 - Creating DbConnection.

--------------------------------------------------------------------------------
2025-01-14 03:44:23.100 [Debug] 20006 - Created DbConnection. (0ms).

--------------------------------------------------------------------------------
2025-01-14 03:44:23.100 [Debug] 20000 - Opening connection to database 'main' on server 'resources\playerdata.db'.

--------------------------------------------------------------------------------
2025-01-14 03:44:23.100 [Debug] 20001 - Opened connection to database 'main' on server 'C:\Users\Hanst\OneDrive\Desktop\TrauzeRPG\pipmmo\Server\resources\playerdata.db'.

--------------------------------------------------------------------------------
2025-01-14 03:44:23.100 [Debug] 20007 - Disposing connection to database 'main' on server 'resources\playerdata.db'.

--------------------------------------------------------------------------------
2025-01-14 03:44:23.100 [Debug] 20008 - Disposed connection to database 'main' on server 'resources\playerdata.db' (0ms).

--------------------------------------------------------------------------------
2025-01-14 03:44:23.100 [Debug] 20103 - Creating DbCommand for 'ExecuteScalar'.

--------------------------------------------------------------------------------
2025-01-14 03:44:23.100 [Debug] 20104 - Created DbCommand for 'ExecuteScalar' (0ms).

--------------------------------------------------------------------------------
2025-01-14 03:44:23.100 [Debug] 20106 - Initialized DbCommand for 'ExecuteScalar' (0ms).

--------------------------------------------------------------------------------
2025-01-14 03:44:23.100 [Debug] 20100 - Executing DbCommand [Parameters=[], CommandType='Text', CommandTimeout='30']
SELECT COUNT(*) FROM "sqlite_master" WHERE "name" = '__EFMigrationsHistory' AND "type" = 'table';

--------------------------------------------------------------------------------
2025-01-14 03:44:23.100 [Info] 20101 - Executed DbCommand (0ms) [Parameters=[], CommandType='Text', CommandTimeout='30']
SELECT COUNT(*) FROM "sqlite_master" WHERE "name" = '__EFMigrationsHistory' AND "type" = 'table';

--------------------------------------------------------------------------------
2025-01-14 03:44:23.100 [Debug] 20103 - Creating DbCommand for 'ExecuteReader'.

--------------------------------------------------------------------------------
2025-01-14 03:44:23.100 [Debug] 20104 - Created DbCommand for 'ExecuteReader' (0ms).

--------------------------------------------------------------------------------
2025-01-14 03:44:23.100 [Debug] 20106 - Initialized DbCommand for 'ExecuteReader' (0ms).

--------------------------------------------------------------------------------
2025-01-14 03:44:23.100 [Debug] 20100 - Executing DbCommand [Parameters=[], CommandType='Text', CommandTimeout='30']
SELECT "MigrationId", "ProductVersion"
FROM "__EFMigrationsHistory"
ORDER BY "MigrationId";

--------------------------------------------------------------------------------
2025-01-14 03:44:23.100 [Info] 20101 - Executed DbCommand (0ms) [Parameters=[], CommandType='Text', CommandTimeout='30']
SELECT "MigrationId", "ProductVersion"
FROM "__EFMigrationsHistory"
ORDER BY "MigrationId";

--------------------------------------------------------------------------------
2025-01-14 03:44:23.101 [Debug] 20301 - Closing data reader to 'main' on server 'C:\Users\Hanst\OneDrive\Desktop\TrauzeRPG\pipmmo\Server\resources\playerdata.db'.

--------------------------------------------------------------------------------
2025-01-14 03:44:23.101 [Debug] 20300 - A data reader for 'main' on server 'C:\Users\Hanst\OneDrive\Desktop\TrauzeRPG\pipmmo\Server\resources\playerdata.db' is being disposed after spending 0ms reading results.

--------------------------------------------------------------------------------
2025-01-14 03:44:23.102 [Debug] 10407 - 'SqlitePlayerContext' disposed.

--------------------------------------------------------------------------------
2025-01-14 03:44:23.102 [Debug] 20007 - Disposing connection to database 'main' on server 'resources\playerdata.db'.

--------------------------------------------------------------------------------
2025-01-14 03:44:23.102 [Debug] 20008 - Disposed connection to database 'main' on server 'resources\playerdata.db' (0ms).

--------------------------------------------------------------------------------
