2025-02-02 07:00:31.142 [Info] Acquiring context lock... (0ms)

--------------------------------------------------------------------------------
2025-02-02 07:00:31.143 [Info] Acquired. (0ms)

--------------------------------------------------------------------------------
2025-02-02 07:00:31.143 [Info] Beginning context dispose. (0ms)

--------------------------------------------------------------------------------
2025-02-02 07:00:31.144 [Info] Disposing network... (0ms)

--------------------------------------------------------------------------------
2025-02-02 07:00:31.145 [Info] Saving updated server variable values

--------------------------------------------------------------------------------
2025-02-02 07:00:31.145 [Info] Saving online users/players... (1ms)

--------------------------------------------------------------------------------
2025-02-02 07:00:31.158 [Info] Saving loaded guilds....

--------------------------------------------------------------------------------
2025-02-02 07:00:31.159 [Info] Online users/players saved. (14ms)

--------------------------------------------------------------------------------
2025-02-02 07:00:31.160 [Error] Received unhandled exception from : The given key 'Intersect.Server.Core.Services.IConsoleService' was not present in the dictionary.

--------------------------------------------------------------------------------
2025-02-02 07:00:31.161 [Error] KeyNotFoundException: The given key 'Intersect.Server.Core.Services.IConsoleService' was not present in the dictionary.
    Stack:    at System.Collections.Concurrent.ConcurrentDictionary`2.ThrowKeyNotFoundException(TKey key)
   at System.Collections.Concurrent.ConcurrentDictionary`2.get_Item(TKey key)
   at Intersect.Core.ApplicationContext`2.GetExpectedService[TApplicationService]() in D:\a\Intersect-Engine\Intersect-Engine\Intersect (Core)\Core\ApplicationContext`2.cs:line 125
   at Intersect.Server.Core.FullServerContext.get_ConsoleService() in D:\a\Intersect-Engine\Intersect-Engine\Intersect.Server\Core\FullServerContext.cs:line 37
   at Intersect.Server.Core.FullServerContext.get_ThreadConsole() in D:\a\Intersect-Engine\Intersect-Engine\Intersect.Server\Core\FullServerContext.cs:line 39
   at Intersect.Server.Core.FullServerContext.JoinOrKillConsoleThread(Stopwatch stopwatch) in D:\a\Intersect-Engine\Intersect-Engine\Intersect.Server\Core\FullServerContext.cs:line 68
   at Intersect.Server.Core.ServerContext.Dispose(Boolean disposing) in D:\a\Intersect-Engine\Intersect-Engine\Intersect.Server.Core\Core\ServerContext.cs:line 155
   at Intersect.Core.ApplicationContext`2.InternalDispose() in D:\a\Intersect-Engine\Intersect-Engine\Intersect (Core)\Core\ApplicationContext`2.cs:line 548
   at Intersect.Threading.ConcurrentInstance`1.ClearWith(TInstance instance, Action action) in D:\a\Intersect-Engine\Intersect-Engine\Intersect (Core)\Threading\ConcurrentInstance.cs:line 38
   at Intersect.Core.ApplicationContext`2.Dispose() in D:\a\Intersect-Engine\Intersect-Engine\Intersect (Core)\Core\ApplicationContext`2.cs:line 531
   at Intersect.Server.Core.Bootstrapper.ConsoleCtrlCheck(CtrlTypes ctrlType) in D:\a\Intersect-Engine\Intersect-Engine\Intersect.Server.Core\Core\Bootstrapper.cs:line 485


--------------------------------------------------------------------------------
