2025-02-05 15:01:38.003 [Info] Discovered service type: Intersect.Plugins.PluginService

--------------------------------------------------------------------------------
2025-02-05 15:01:38.004 [Info] Discovered service type: Intersect.Server.Core.LogicService

--------------------------------------------------------------------------------
2025-02-05 15:01:38.005 [Info] Discovered service type: Intersect.Server.Web.ApiService

--------------------------------------------------------------------------------
2025-02-05 15:01:38.005 [Info] Discovered service type: Intersect.Server.Core.ConsoleService

--------------------------------------------------------------------------------
2025-02-05 15:01:38.017 [Warn] Directory was specified as a plugin directory but does not exist: 'resources\plugins'

--------------------------------------------------------------------------------
2025-02-05 15:01:38.017 [Info] Discovered 0 plugins:


--------------------------------------------------------------------------------
InvalidPortCheckerResponse

--------------------------------------------------------------------------------
Port 5400 is not open, but UPnP is disabled. Check your router port forwarding and computer firewall configurations.

--------------------------------------------------------------------------------
2025-02-05 15:01:39.684 [Info] Unpacking appsettings...

--------------------------------------------------------------------------------
2025-02-05 16:59:36.067 [Info] Connection approved [4a422423-54ee-40a9-bd6d-4b005f94cad0].

--------------------------------------------------------------------------------
2025-02-05 16:59:36.067 [Info] Connected [4a422423-54ee-40a9-bd6d-4b005f94cad0].

--------------------------------------------------------------------------------
2025-02-05 17:29:32.101 [Info] Connection approved [06042874-69ac-4eef-b75c-3dcf9258a6a0].

--------------------------------------------------------------------------------
2025-02-05 17:29:32.101 [Info] Connected [06042874-69ac-4eef-b75c-3dcf9258a6a0].

--------------------------------------------------------------------------------
2025-02-05 18:41:13.996 [Info] Disconnected [06042874-69ac-4eef-b75c-3dcf9258a6a0].

--------------------------------------------------------------------------------
2025-02-05 18:42:20.620 [Info] Connection approved [f83a8f6d-871e-4329-bcc7-8cc3b434e79b].

--------------------------------------------------------------------------------
2025-02-05 18:42:20.620 [Info] Connected [f83a8f6d-871e-4329-bcc7-8cc3b434e79b].

--------------------------------------------------------------------------------
2025-02-05 18:45:40.849 [Info] Disconnected [f83a8f6d-871e-4329-bcc7-8cc3b434e79b].

--------------------------------------------------------------------------------
2025-02-05 18:45:42.747 [Info] Disconnected [4a422423-54ee-40a9-bd6d-4b005f94cad0].

--------------------------------------------------------------------------------
2025-02-05 18:50:47.268 [Info] Connection approved [6ffcc723-1d63-46d3-aca5-99fbf2185f09].

--------------------------------------------------------------------------------
2025-02-05 18:50:47.268 [Info] Connected [6ffcc723-1d63-46d3-aca5-99fbf2185f09].

--------------------------------------------------------------------------------
2025-02-05 18:50:50.527 [Info] Disconnected [6ffcc723-1d63-46d3-aca5-99fbf2185f09].

--------------------------------------------------------------------------------
2025-02-05 18:58:52.617 [Info] Connection approved [ab7e66e3-de6c-4b18-b723-d7cc388544da].

--------------------------------------------------------------------------------
2025-02-05 18:58:52.617 [Info] Connected [ab7e66e3-de6c-4b18-b723-d7cc388544da].

--------------------------------------------------------------------------------
2025-02-05 18:59:08.553 [Info] Disconnected [ab7e66e3-de6c-4b18-b723-d7cc388544da].

--------------------------------------------------------------------------------
2025-02-05 19:04:35.939 [Info] Connection approved [8675c2f9-0f11-465e-a7fc-67e78d410958].

--------------------------------------------------------------------------------
2025-02-05 19:04:35.939 [Info] Connected [8675c2f9-0f11-465e-a7fc-67e78d410958].

--------------------------------------------------------------------------------
2025-02-05 19:05:03.402 [Info] Disconnected [8675c2f9-0f11-465e-a7fc-67e78d410958].

--------------------------------------------------------------------------------
2025-02-05 19:06:06.204 [Info] Connection approved [6e3d2c45-7347-4d45-b0a0-86b16bb16b7d].

--------------------------------------------------------------------------------
2025-02-05 19:06:06.204 [Info] Connected [6e3d2c45-7347-4d45-b0a0-86b16bb16b7d].

--------------------------------------------------------------------------------
2025-02-05 19:06:21.227 [Info] Disconnected [6e3d2c45-7347-4d45-b0a0-86b16bb16b7d].

--------------------------------------------------------------------------------
2025-02-05 19:13:18.581 [Info] Acquiring context lock... (0ms)

--------------------------------------------------------------------------------
2025-02-05 19:13:18.581 [Info] Acquired. (0ms)

--------------------------------------------------------------------------------
2025-02-05 19:13:18.582 [Info] Beginning context dispose. (0ms)

--------------------------------------------------------------------------------
2025-02-05 19:13:18.583 [Info] Disposing network... (0ms)

--------------------------------------------------------------------------------
2025-02-05 19:13:18.584 [Info] Saving updated server variable values

--------------------------------------------------------------------------------
2025-02-05 19:13:18.584 [Info] Saving online users/players... (1ms)

--------------------------------------------------------------------------------
2025-02-05 19:13:18.584 [Info] Saving loaded guilds....

--------------------------------------------------------------------------------
2025-02-05 19:13:18.584 [Info] Online users/players saved. (1ms)

--------------------------------------------------------------------------------
2025-02-05 19:13:18.584 [Info] Shutting down the console thread... (1ms)

--------------------------------------------------------------------------------
2025-02-05 19:13:19.598 [Info] Base dispose. (1015ms)

--------------------------------------------------------------------------------
2025-02-05 19:13:19.598 [Info] Finished disposing server context. (1015ms)

--------------------------------------------------------------------------------
