2025-02-03 04:21:16.678 [Info] Discovered service type: Intersect.Plugins.PluginService

--------------------------------------------------------------------------------
2025-02-03 04:21:16.681 [Info] Discovered service type: Intersect.Server.Core.LogicService

--------------------------------------------------------------------------------
2025-02-03 04:21:16.683 [Info] Discovered service type: Intersect.Server.Web.ApiService

--------------------------------------------------------------------------------
2025-02-03 04:21:16.683 [Info] Discovered service type: Intersect.Server.Core.ConsoleService

--------------------------------------------------------------------------------
2025-02-03 04:21:16.713 [Warn] Directory was specified as a plugin directory but does not exist: 'resources\plugins'

--------------------------------------------------------------------------------
2025-02-03 04:21:16.714 [Info] Discovered 0 plugins:


--------------------------------------------------------------------------------
InvalidPortCheckerResponse

--------------------------------------------------------------------------------
Port 5400 is not open, trying UPnP...

--------------------------------------------------------------------------------
UPnP Service Initialization Succeeded.

--------------------------------------------------------------------------------
Successfully auto port forwarded UDP port 5400 using UPnP.

--------------------------------------------------------------------------------
InvalidPortCheckerResponse

--------------------------------------------------------------------------------
UPnP supposedly succeeded but the server is not accessible on port 5400. Check the firewall of the machine this server is running on.

--------------------------------------------------------------------------------
2025-02-03 04:21:20.240 [Info] Unpacking appsettings...

--------------------------------------------------------------------------------
2025-02-03 04:21:47.502 [Info] Connection approved [90050a5f-848e-4537-8670-e38133c05673].

--------------------------------------------------------------------------------
2025-02-03 04:21:47.502 [Info] Connected [90050a5f-848e-4537-8670-e38133c05673].

--------------------------------------------------------------------------------
2025-02-03 04:24:17.921 [Info] Connection approved [8fe279ca-cfe7-47af-8fba-c95c0fbd16dc].

--------------------------------------------------------------------------------
2025-02-03 04:24:17.921 [Info] Connected [8fe279ca-cfe7-47af-8fba-c95c0fbd16dc].

--------------------------------------------------------------------------------
2025-02-03 04:26:02.211 [Info] Disconnected [8fe279ca-cfe7-47af-8fba-c95c0fbd16dc].

--------------------------------------------------------------------------------
2025-02-03 04:26:05.021 [Info] Connection approved [9e7bf6b2-ffd8-426d-93f5-bbec394d8b90].

--------------------------------------------------------------------------------
2025-02-03 04:26:05.021 [Info] Connected [9e7bf6b2-ffd8-426d-93f5-bbec394d8b90].

--------------------------------------------------------------------------------
2025-02-03 04:26:05.048 [Warn] RIEP: 9e7bf6b2-ffd8-426d-93f5-bbec394d8b90 Error

--------------------------------------------------------------------------------
2025-02-03 04:26:05.048 [Warn] FPIM: 127.0.0.1:52744 / 9e7bf6b2-ffd8-426d-93f5-bbec394d8b90

--------------------------------------------------------------------------------
2025-02-03 04:28:08.530 [Info] Disconnected [9e7bf6b2-ffd8-426d-93f5-bbec394d8b90].

--------------------------------------------------------------------------------
2025-02-03 04:32:54.449 [Info] Connection approved [9586ffe2-fa59-448b-b6d5-8e616c82f1bb].

--------------------------------------------------------------------------------
2025-02-03 04:32:54.450 [Info] Connected [9586ffe2-fa59-448b-b6d5-8e616c82f1bb].

--------------------------------------------------------------------------------
2025-02-03 04:32:54.480 [Warn] RIEP: 9586ffe2-fa59-448b-b6d5-8e616c82f1bb Error

--------------------------------------------------------------------------------
2025-02-03 04:32:54.480 [Warn] FPIM: 127.0.0.1:50152 / 9586ffe2-fa59-448b-b6d5-8e616c82f1bb

--------------------------------------------------------------------------------
