2025-02-04 04:17:00.186 [Info] Discovered service type: Intersect.Plugins.PluginService

--------------------------------------------------------------------------------
2025-02-04 04:17:00.191 [Info] Discovered service type: Intersect.Server.Core.LogicService

--------------------------------------------------------------------------------
2025-02-04 04:17:00.192 [Info] Discovered service type: Intersect.Server.Web.ApiService

--------------------------------------------------------------------------------
2025-02-04 04:17:00.193 [Info] Discovered service type: Intersect.Server.Core.ConsoleService

--------------------------------------------------------------------------------
2025-02-04 04:17:00.232 [Warn] Directory was specified as a plugin directory but does not exist: 'resources\plugins'

--------------------------------------------------------------------------------
2025-02-04 04:17:00.233 [Info] Discovered 0 plugins:


--------------------------------------------------------------------------------
InvalidPortCheckerResponse

--------------------------------------------------------------------------------
Port 5400 is not open, trying UPnP...

--------------------------------------------------------------------------------
UPnP Service Initialization Succeeded.

--------------------------------------------------------------------------------
Successfully auto port forwarded UDP port 5400 using UPnP.

--------------------------------------------------------------------------------
InvalidPortCheckerResponse

--------------------------------------------------------------------------------
UPnP supposedly succeeded but the server is not accessible on port 5400. Check the firewall of the machine this server is running on.

--------------------------------------------------------------------------------
2025-02-04 04:17:03.945 [Info] Unpacking appsettings...

--------------------------------------------------------------------------------
2025-02-04 04:17:29.636 [Info] Connection approved [22b734e3-fa9b-4915-a29c-b0d4c98dec06].

--------------------------------------------------------------------------------
2025-02-04 04:17:29.637 [Info] Connected [22b734e3-fa9b-4915-a29c-b0d4c98dec06].

--------------------------------------------------------------------------------
