2025-02-02 05:24:00.626 [Info] Discovered service type: Intersect.Plugins.PluginService

--------------------------------------------------------------------------------
2025-02-02 05:24:00.627 [Info] Discovered service type: Intersect.Server.Core.LogicService

--------------------------------------------------------------------------------
2025-02-02 05:24:00.627 [Info] Discovered service type: Intersect.Server.Web.ApiService

--------------------------------------------------------------------------------
2025-02-02 05:24:00.627 [Info] Discovered service type: Intersect.Server.Core.ConsoleService

--------------------------------------------------------------------------------
2025-02-02 05:24:00.639 [Warn] Directory was specified as a plugin directory but does not exist: 'resources\plugins'

--------------------------------------------------------------------------------
2025-02-02 05:24:00.640 [Info] Discovered 0 plugins:


--------------------------------------------------------------------------------
InvalidPortCheckerResponse

--------------------------------------------------------------------------------
Port 5400 is not open, trying UPnP...

--------------------------------------------------------------------------------
UPnP Service Initialization Succeeded.

--------------------------------------------------------------------------------
Failed to automatically port forward UDP port 5400 using UPnP. UPnP might be disabled in your router settings, or this port might already be forwarded.

--------------------------------------------------------------------------------
2025-02-02 05:24:04.298 [Warn] UPnP Could Not Open UDP Port 5400
System.InvalidOperationException: The response is invalid: GetSpecificPortMappingEntryResponse
   at Open.Nat.ResponseMessageBase.GetNode()
   at Open.Nat.GetPortMappingEntryResponseMessage..ctor(XmlDocument response, String serviceType, Boolean genericMapping)
   at Open.Nat.UpnpNatDevice.GetSpecificMappingAsync(Protocol protocol, Int32 publicPort)
   at Intersect.Server.Networking.Helpers.UpnP.OpenServerPort(Int32 port, Protocol protocol) in D:\a\Intersect-Engine\Intersect-Engine\Intersect.Server\Networking\Helpers\UPnP.cs:line 55

--------------------------------------------------------------------------------
UPnP failed. Please verify the server status manually using a client.

--------------------------------------------------------------------------------
2025-02-02 05:24:04.325 [Info] Unpacking appsettings...

--------------------------------------------------------------------------------
2025-02-02 05:26:28.347 [Info] Connection approved [a074dc84-11e2-4450-b8ba-47fe0d54dd01].

--------------------------------------------------------------------------------
2025-02-02 05:26:28.347 [Info] Connected [a074dc84-11e2-4450-b8ba-47fe0d54dd01].

--------------------------------------------------------------------------------
2025-02-02 05:38:46.463 [Info] Connection approved [a9a1f4bb-0eb2-478d-945c-0d3f479276a4].

--------------------------------------------------------------------------------
2025-02-02 05:38:46.463 [Info] Connected [a9a1f4bb-0eb2-478d-945c-0d3f479276a4].

--------------------------------------------------------------------------------
2025-02-02 05:40:04.706 [Info] Disconnected [a9a1f4bb-0eb2-478d-945c-0d3f479276a4].

--------------------------------------------------------------------------------
2025-02-02 05:47:22.151 [Info] Disconnected [a074dc84-11e2-4450-b8ba-47fe0d54dd01].

--------------------------------------------------------------------------------
2025-02-02 05:47:29.501 [Info] Connection approved [e07ad449-688c-4b36-ae99-1359dc82662f].

--------------------------------------------------------------------------------
2025-02-02 05:47:29.501 [Info] Connected [e07ad449-688c-4b36-ae99-1359dc82662f].

--------------------------------------------------------------------------------
2025-02-02 05:47:29.517 [Warn] RIEP: e07ad449-688c-4b36-ae99-1359dc82662f Error

--------------------------------------------------------------------------------
2025-02-02 05:47:29.517 [Warn] FPIM: 127.0.0.1:58059 / e07ad449-688c-4b36-ae99-1359dc82662f

--------------------------------------------------------------------------------
2025-02-02 05:50:24.776 [Info] Connection approved [d85d9280-da7c-4518-9d49-4ea915e85c76].

--------------------------------------------------------------------------------
2025-02-02 05:50:24.776 [Info] Connected [d85d9280-da7c-4518-9d49-4ea915e85c76].

--------------------------------------------------------------------------------
2025-02-02 06:26:19.394 [Warn] Successfully removed 35 items from slot Intersect.Server.Database.PlayerData.Players.InventorySlot for player 77edcd56-ea25-4fbf-8dcf-42c62e575245 at BuyItem(int slot, int amount)

--------------------------------------------------------------------------------
2025-02-02 06:26:24.100 [Warn] Successfully removed 10 items from slot Intersect.Server.Database.PlayerData.Players.InventorySlot for player 77edcd56-ea25-4fbf-8dcf-42c62e575245 at BuyItem(int slot, int amount)

--------------------------------------------------------------------------------
2025-02-02 06:31:23.801 [Info] Disconnected [d85d9280-da7c-4518-9d49-4ea915e85c76].

--------------------------------------------------------------------------------
2025-02-02 06:31:27.727 [Info] Disconnected [e07ad449-688c-4b36-ae99-1359dc82662f].

--------------------------------------------------------------------------------
2025-02-02 06:31:35.579 [Info] Acquiring context lock... (0ms)

--------------------------------------------------------------------------------
2025-02-02 06:31:35.580 [Info] Acquired. (0ms)

--------------------------------------------------------------------------------
2025-02-02 06:31:35.580 [Info] Beginning context dispose. (0ms)

--------------------------------------------------------------------------------
2025-02-02 06:31:35.581 [Info] Disposing network... (0ms)

--------------------------------------------------------------------------------
2025-02-02 06:31:35.582 [Info] Saving updated server variable values

--------------------------------------------------------------------------------
2025-02-02 06:31:35.582 [Info] Saving online users/players... (0ms)

--------------------------------------------------------------------------------
2025-02-02 06:31:35.582 [Info] Saving loaded guilds....

--------------------------------------------------------------------------------
2025-02-02 06:31:35.582 [Info] Online users/players saved. (0ms)

--------------------------------------------------------------------------------
2025-02-02 06:31:35.582 [Info] Shutting down the console thread... (1ms)

--------------------------------------------------------------------------------
2025-02-02 06:31:36.586 [Info] Base dispose. (1004ms)

--------------------------------------------------------------------------------
2025-02-02 06:31:36.586 [Info] Finished disposing server context. (1005ms)

--------------------------------------------------------------------------------
