2025-01-31 05:34:00.621 [Info] Discovered service type: Intersect.Plugins.PluginService

--------------------------------------------------------------------------------
2025-01-31 05:34:00.622 [Info] Discovered service type: Intersect.Server.Core.LogicService

--------------------------------------------------------------------------------
2025-01-31 05:34:00.622 [Info] Discovered service type: Intersect.Server.Web.ApiService

--------------------------------------------------------------------------------
2025-01-31 05:34:00.622 [Info] Discovered service type: Intersect.Server.Core.ConsoleService

--------------------------------------------------------------------------------
2025-01-31 05:34:00.635 [Warn] Directory was specified as a plugin directory but does not exist: 'resources\plugins'

--------------------------------------------------------------------------------
2025-01-31 05:34:00.635 [Info] Discovered 0 plugins:


--------------------------------------------------------------------------------
InvalidPortCheckerResponse

--------------------------------------------------------------------------------
Port 5400 is not open, trying UPnP...

--------------------------------------------------------------------------------
UPnP Service Initialization Succeeded.

--------------------------------------------------------------------------------
Failed to automatically port forward UDP port 5400 using UPnP. UPnP might be disabled in your router settings, or this port might already be forwarded.

--------------------------------------------------------------------------------
2025-01-31 05:34:04.365 [Warn] UPnP Could Not Open UDP Port 5400
System.InvalidOperationException: The response is invalid: GetSpecificPortMappingEntryResponse
   at Open.Nat.ResponseMessageBase.GetNode()
   at Open.Nat.GetPortMappingEntryResponseMessage..ctor(XmlDocument response, String serviceType, Boolean genericMapping)
   at Open.Nat.UpnpNatDevice.GetSpecificMappingAsync(Protocol protocol, Int32 publicPort)
   at Intersect.Server.Networking.Helpers.UpnP.OpenServerPort(Int32 port, Protocol protocol) in D:\a\Intersect-Engine\Intersect-Engine\Intersect.Server\Networking\Helpers\UPnP.cs:line 55

--------------------------------------------------------------------------------
UPnP failed. Please verify the server status manually using a client.

--------------------------------------------------------------------------------
2025-01-31 05:34:04.390 [Info] Unpacking appsettings...

--------------------------------------------------------------------------------
2025-01-31 05:34:07.410 [Info] Connection approved [ca19ec4e-6c85-4a02-bcf8-553de111439d].

--------------------------------------------------------------------------------
2025-01-31 05:34:07.410 [Info] Connected [ca19ec4e-6c85-4a02-bcf8-553de111439d].

--------------------------------------------------------------------------------
2025-01-31 05:40:48.966 [Info] Disconnected [ca19ec4e-6c85-4a02-bcf8-553de111439d].

--------------------------------------------------------------------------------
2025-01-31 05:40:55.258 [Info] Connection approved [0e2399fc-6abe-493d-adca-9adbefb91313].

--------------------------------------------------------------------------------
2025-01-31 05:40:55.258 [Info] Connected [0e2399fc-6abe-493d-adca-9adbefb91313].

--------------------------------------------------------------------------------
2025-01-31 05:41:20.379 [Info] Disconnected [0e2399fc-6abe-493d-adca-9adbefb91313].

--------------------------------------------------------------------------------
2025-01-31 05:45:25.163 [Info] Connection approved [d83cccbf-d952-4cc0-bbfc-b149399d420d].

--------------------------------------------------------------------------------
2025-01-31 05:45:25.163 [Info] Connected [d83cccbf-d952-4cc0-bbfc-b149399d420d].

--------------------------------------------------------------------------------
2025-01-31 05:45:25.191 [Warn] RIEP: d83cccbf-d952-4cc0-bbfc-b149399d420d Error

--------------------------------------------------------------------------------
2025-01-31 05:45:25.191 [Warn] FPIM: 127.0.0.1:53543 / d83cccbf-d952-4cc0-bbfc-b149399d420d

--------------------------------------------------------------------------------
2025-01-31 05:58:34.385 [Info] Disconnected [d83cccbf-d952-4cc0-bbfc-b149399d420d].

--------------------------------------------------------------------------------
2025-01-31 05:58:35.981 [Info] Acquiring context lock... (0ms)

--------------------------------------------------------------------------------
2025-01-31 05:58:35.981 [Info] Acquired. (0ms)

--------------------------------------------------------------------------------
2025-01-31 05:58:35.982 [Info] Beginning context dispose. (0ms)

--------------------------------------------------------------------------------
2025-01-31 05:58:35.983 [Info] Disposing network... (0ms)

--------------------------------------------------------------------------------
2025-01-31 05:58:35.983 [Info] Saving updated server variable values

--------------------------------------------------------------------------------
2025-01-31 05:58:35.983 [Info] Saving online users/players... (1ms)

--------------------------------------------------------------------------------
2025-01-31 05:58:35.984 [Info] Saving loaded guilds....

--------------------------------------------------------------------------------
2025-01-31 05:58:35.984 [Info] Online users/players saved. (1ms)

--------------------------------------------------------------------------------
2025-01-31 05:58:35.984 [Info] Shutting down the console thread... (1ms)

--------------------------------------------------------------------------------
2025-01-31 05:58:36.995 [Info] Base dispose. (1013ms)

--------------------------------------------------------------------------------
2025-01-31 05:58:36.996 [Info] Finished disposing server context. (1013ms)

--------------------------------------------------------------------------------
