2025-02-05 19:13:47.481 [Info] Discovered service type: Intersect.Plugins.PluginService

--------------------------------------------------------------------------------
2025-02-05 19:13:47.482 [Info] Discovered service type: Intersect.Server.Core.LogicService

--------------------------------------------------------------------------------
2025-02-05 19:13:47.483 [Info] Discovered service type: Intersect.Server.Web.ApiService

--------------------------------------------------------------------------------
2025-02-05 19:13:47.483 [Info] Discovered service type: Intersect.Server.Core.ConsoleService

--------------------------------------------------------------------------------
2025-02-05 19:13:47.495 [Warn] Directory was specified as a plugin directory but does not exist: 'resources\plugins'

--------------------------------------------------------------------------------
2025-02-05 19:13:47.495 [Info] Discovered 0 plugins:


--------------------------------------------------------------------------------
InvalidPortCheckerResponse

--------------------------------------------------------------------------------
Port 5400 is not open, but UPnP is disabled. Check your router port forwarding and computer firewall configurations.

--------------------------------------------------------------------------------
2025-02-05 19:13:49.112 [Info] Unpacking appsettings...

--------------------------------------------------------------------------------
2025-02-05 19:13:50.924 [Info] Connection approved [30e7a359-aec1-4e56-830c-348e43794042].

--------------------------------------------------------------------------------
2025-02-05 19:13:50.924 [Info] Connected [30e7a359-aec1-4e56-830c-348e43794042].

--------------------------------------------------------------------------------
2025-02-05 19:13:54.366 [Info] Disconnected [30e7a359-aec1-4e56-830c-348e43794042].

--------------------------------------------------------------------------------
