2025-02-05 19:30:46.994 [Info] Discovered service type: Intersect.Plugins.PluginService

--------------------------------------------------------------------------------
2025-02-05 19:30:46.995 [Info] Discovered service type: Intersect.Server.Core.LogicService

--------------------------------------------------------------------------------
2025-02-05 19:30:46.996 [Info] Discovered service type: Intersect.Server.Web.ApiService

--------------------------------------------------------------------------------
2025-02-05 19:30:46.996 [Info] Discovered service type: Intersect.Server.Core.ConsoleService

--------------------------------------------------------------------------------
2025-02-05 19:30:47.008 [Warn] Directory was specified as a plugin directory but does not exist: 'resources\plugins'

--------------------------------------------------------------------------------
2025-02-05 19:30:47.008 [Info] Discovered 0 plugins:


--------------------------------------------------------------------------------
InvalidPortCheckerResponse

--------------------------------------------------------------------------------
Port 5400 is not open, but UPnP is disabled. Check your router port forwarding and computer firewall configurations.

--------------------------------------------------------------------------------
2025-02-05 19:30:48.658 [Info] Unpacking appsettings...

--------------------------------------------------------------------------------
2025-02-05 19:31:07.160 [Info] Connection approved [132e76db-3dca-4a24-ae1e-72e9500bd98c].

--------------------------------------------------------------------------------
2025-02-05 19:31:07.160 [Info] Connected [132e76db-3dca-4a24-ae1e-72e9500bd98c].

--------------------------------------------------------------------------------
2025-02-05 19:31:16.411 [Info] Disconnected [132e76db-3dca-4a24-ae1e-72e9500bd98c].

--------------------------------------------------------------------------------
