2025-01-30 16:32:10.234 [Info] Discovered service type: Intersect.Plugins.PluginService

--------------------------------------------------------------------------------
2025-01-30 16:32:10.235 [Info] Discovered service type: Intersect.Server.Core.LogicService

--------------------------------------------------------------------------------
2025-01-30 16:32:10.235 [Info] Discovered service type: Intersect.Server.Web.ApiService

--------------------------------------------------------------------------------
2025-01-30 16:32:10.235 [Info] Discovered service type: Intersect.Server.Core.ConsoleService

--------------------------------------------------------------------------------
2025-01-30 16:32:10.248 [Warn] Directory was specified as a plugin directory but does not exist: 'resources\plugins'

--------------------------------------------------------------------------------
2025-01-30 16:32:10.248 [Info] Discovered 0 plugins:


--------------------------------------------------------------------------------
InvalidPortCheckerResponse

--------------------------------------------------------------------------------
Port 5400 is not open, trying UPnP...

--------------------------------------------------------------------------------
UPnP Service Initialization Succeeded.

--------------------------------------------------------------------------------
Failed to automatically port forward UDP port 5400 using UPnP. UPnP might be disabled in your router settings, or this port might already be forwarded.

--------------------------------------------------------------------------------
2025-01-30 16:32:13.974 [Warn] UPnP Could Not Open UDP Port 5400
System.InvalidOperationException: The response is invalid: GetSpecificPortMappingEntryResponse
   at Open.Nat.ResponseMessageBase.GetNode()
   at Open.Nat.GetPortMappingEntryResponseMessage..ctor(XmlDocument response, String serviceType, Boolean genericMapping)
   at Open.Nat.UpnpNatDevice.GetSpecificMappingAsync(Protocol protocol, Int32 publicPort)
   at Intersect.Server.Networking.Helpers.UpnP.OpenServerPort(Int32 port, Protocol protocol) in D:\a\Intersect-Engine\Intersect-Engine\Intersect.Server\Networking\Helpers\UPnP.cs:line 55

--------------------------------------------------------------------------------
UPnP failed. Please verify the server status manually using a client.

--------------------------------------------------------------------------------
2025-01-30 16:32:13.998 [Info] Unpacking appsettings...

--------------------------------------------------------------------------------
2025-01-30 16:32:16.066 [Info] Connection approved [6765a386-dc1f-471f-97dc-a7106e28a305].

--------------------------------------------------------------------------------
2025-01-30 16:32:16.066 [Info] Connected [6765a386-dc1f-471f-97dc-a7106e28a305].

--------------------------------------------------------------------------------
2025-01-30 16:55:40.616 [Info] Connection approved [404ff0e3-042e-408c-ae76-010fef4f3531].

--------------------------------------------------------------------------------
2025-01-30 16:55:40.616 [Info] Connected [404ff0e3-042e-408c-ae76-010fef4f3531].

--------------------------------------------------------------------------------
2025-01-30 16:56:27.212 [Info] Disconnected [404ff0e3-042e-408c-ae76-010fef4f3531].

--------------------------------------------------------------------------------
2025-01-30 17:08:44.470 [Info] Connection approved [319a4046-ff2c-4666-ac2d-5f6683d7123e].

--------------------------------------------------------------------------------
2025-01-30 17:08:44.470 [Info] Connected [319a4046-ff2c-4666-ac2d-5f6683d7123e].

--------------------------------------------------------------------------------
2025-01-30 17:09:10.931 [Info] Disconnected [319a4046-ff2c-4666-ac2d-5f6683d7123e].

--------------------------------------------------------------------------------
2025-01-30 17:38:18.643 [Info] Disconnected [6765a386-dc1f-471f-97dc-a7106e28a305].

--------------------------------------------------------------------------------
2025-01-30 17:38:26.967 [Info] Connection approved [d9938913-a8c9-431e-89d6-c8f794914feb].

--------------------------------------------------------------------------------
2025-01-30 17:38:26.967 [Info] Connected [d9938913-a8c9-431e-89d6-c8f794914feb].

--------------------------------------------------------------------------------
2025-01-30 17:38:26.987 [Warn] RIEP: d9938913-a8c9-431e-89d6-c8f794914feb Error

--------------------------------------------------------------------------------
2025-01-30 17:38:26.987 [Warn] FPIM: 127.0.0.1:59552 / d9938913-a8c9-431e-89d6-c8f794914feb

--------------------------------------------------------------------------------
2025-01-30 17:42:06.719 [Info] Connection approved [e2d21543-0161-4c5e-89bb-17542276cfdf].

--------------------------------------------------------------------------------
2025-01-30 17:42:06.719 [Info] Connected [e2d21543-0161-4c5e-89bb-17542276cfdf].

--------------------------------------------------------------------------------
2025-01-30 17:42:45.340 [Info] Disconnected [e2d21543-0161-4c5e-89bb-17542276cfdf].

--------------------------------------------------------------------------------
2025-01-30 17:48:48.451 [Info] Connection approved [8c9cc133-22e6-4512-b60f-9e2f286664b3].

--------------------------------------------------------------------------------
2025-01-30 17:48:48.451 [Info] Connected [8c9cc133-22e6-4512-b60f-9e2f286664b3].

--------------------------------------------------------------------------------
2025-01-30 18:12:10.404 [Info] Disconnected [d9938913-a8c9-431e-89d6-c8f794914feb].

--------------------------------------------------------------------------------
2025-01-30 18:12:12.284 [Info] Disconnected [8c9cc133-22e6-4512-b60f-9e2f286664b3].

--------------------------------------------------------------------------------
2025-01-30 18:12:12.930 [Info] Acquiring context lock... (0ms)

--------------------------------------------------------------------------------
2025-01-30 18:12:12.930 [Info] Acquired. (0ms)

--------------------------------------------------------------------------------
2025-01-30 18:12:12.931 [Info] Beginning context dispose. (0ms)

--------------------------------------------------------------------------------
2025-01-30 18:12:12.932 [Info] Disposing network... (0ms)

--------------------------------------------------------------------------------
2025-01-30 18:12:12.933 [Info] Saving updated server variable values

--------------------------------------------------------------------------------
2025-01-30 18:12:12.933 [Info] Saving online users/players... (1ms)

--------------------------------------------------------------------------------
2025-01-30 18:12:12.933 [Info] Saving loaded guilds....

--------------------------------------------------------------------------------
2025-01-30 18:12:12.933 [Info] Online users/players saved. (1ms)

--------------------------------------------------------------------------------
2025-01-30 18:12:12.933 [Info] Shutting down the console thread... (1ms)

--------------------------------------------------------------------------------
2025-01-30 18:12:13.946 [Info] Base dispose. (1014ms)

--------------------------------------------------------------------------------
2025-01-30 18:12:13.946 [Info] Finished disposing server context. (1014ms)

--------------------------------------------------------------------------------
