2025-02-01 04:53:58.020 [Info] Discovered service type: Intersect.Plugins.PluginService

--------------------------------------------------------------------------------
2025-02-01 04:53:58.021 [Info] Discovered service type: Intersect.Server.Core.LogicService

--------------------------------------------------------------------------------
2025-02-01 04:53:58.021 [Info] Discovered service type: Intersect.Server.Web.ApiService

--------------------------------------------------------------------------------
2025-02-01 04:53:58.021 [Info] Discovered service type: Intersect.Server.Core.ConsoleService

--------------------------------------------------------------------------------
2025-02-01 04:53:58.036 [Warn] Directory was specified as a plugin directory but does not exist: 'resources\plugins'

--------------------------------------------------------------------------------
2025-02-01 04:53:58.036 [Info] Discovered 0 plugins:


--------------------------------------------------------------------------------
InvalidPortCheckerResponse

--------------------------------------------------------------------------------
Port 5400 is not open, trying UPnP...

--------------------------------------------------------------------------------
UPnP Service Initialization Succeeded.

--------------------------------------------------------------------------------
Failed to automatically port forward UDP port 5400 using UPnP. UPnP might be disabled in your router settings, or this port might already be forwarded.

--------------------------------------------------------------------------------
2025-02-01 04:54:01.686 [Warn] UPnP Could Not Open UDP Port 5400
System.InvalidOperationException: The response is invalid: GetSpecificPortMappingEntryResponse
   at Open.Nat.ResponseMessageBase.GetNode()
   at Open.Nat.GetPortMappingEntryResponseMessage..ctor(XmlDocument response, String serviceType, Boolean genericMapping)
   at Open.Nat.UpnpNatDevice.GetSpecificMappingAsync(Protocol protocol, Int32 publicPort)
   at Intersect.Server.Networking.Helpers.UpnP.OpenServerPort(Int32 port, Protocol protocol) in D:\a\Intersect-Engine\Intersect-Engine\Intersect.Server\Networking\Helpers\UPnP.cs:line 55

--------------------------------------------------------------------------------
UPnP failed. Please verify the server status manually using a client.

--------------------------------------------------------------------------------
2025-02-01 04:54:01.718 [Info] Unpacking appsettings...

--------------------------------------------------------------------------------
2025-02-01 04:54:01.802 [Info] Connection approved [4d3b3dcd-37e3-43ab-bbb6-ca2059897eb9].

--------------------------------------------------------------------------------
2025-02-01 04:54:01.802 [Info] Connected [4d3b3dcd-37e3-43ab-bbb6-ca2059897eb9].

--------------------------------------------------------------------------------
2025-02-01 04:55:25.299 [Info] Connection approved [f5e0b731-1d2a-462a-90c5-cc798e4034cc].

--------------------------------------------------------------------------------
2025-02-01 04:55:25.299 [Info] Connected [f5e0b731-1d2a-462a-90c5-cc798e4034cc].

--------------------------------------------------------------------------------
2025-02-01 04:57:43.540 [Info] Disconnected [f5e0b731-1d2a-462a-90c5-cc798e4034cc].

--------------------------------------------------------------------------------
2025-02-01 05:00:31.232 [Info] Connection approved [8d4506b5-0025-488d-b94a-7ce20804244e].

--------------------------------------------------------------------------------
2025-02-01 05:00:31.232 [Info] Connected [8d4506b5-0025-488d-b94a-7ce20804244e].

--------------------------------------------------------------------------------
2025-02-01 05:01:10.760 [Info] Disconnected [8d4506b5-0025-488d-b94a-7ce20804244e].

--------------------------------------------------------------------------------
2025-02-01 05:01:13.913 [Info] Disconnected [4d3b3dcd-37e3-43ab-bbb6-ca2059897eb9].

--------------------------------------------------------------------------------
2025-02-01 05:01:15.905 [Info] Acquiring context lock... (0ms)

--------------------------------------------------------------------------------
2025-02-01 05:01:15.905 [Info] Acquired. (0ms)

--------------------------------------------------------------------------------
2025-02-01 05:01:15.906 [Info] Beginning context dispose. (0ms)

--------------------------------------------------------------------------------
2025-02-01 05:01:15.907 [Info] Disposing network... (0ms)

--------------------------------------------------------------------------------
2025-02-01 05:01:15.908 [Info] Saving updated server variable values

--------------------------------------------------------------------------------
2025-02-01 05:01:15.908 [Info] Saving online users/players... (0ms)

--------------------------------------------------------------------------------
2025-02-01 05:01:15.908 [Info] Saving loaded guilds....

--------------------------------------------------------------------------------
2025-02-01 05:01:15.908 [Info] Online users/players saved. (1ms)

--------------------------------------------------------------------------------
2025-02-01 05:01:15.908 [Info] Shutting down the console thread... (1ms)

--------------------------------------------------------------------------------
2025-02-01 05:01:16.912 [Info] Base dispose. (1005ms)

--------------------------------------------------------------------------------
2025-02-01 05:01:16.912 [Info] Finished disposing server context. (1005ms)

--------------------------------------------------------------------------------
