2025-02-03 04:09:57.341 [Info] Discovered service type: Intersect.Plugins.PluginService

--------------------------------------------------------------------------------
2025-02-03 04:09:57.342 [Info] Discovered service type: Intersect.Server.Core.LogicService

--------------------------------------------------------------------------------
2025-02-03 04:09:57.343 [Info] Discovered service type: Intersect.Server.Web.ApiService

--------------------------------------------------------------------------------
2025-02-03 04:09:57.343 [Info] Discovered service type: Intersect.Server.Core.ConsoleService

--------------------------------------------------------------------------------
2025-02-03 04:09:57.355 [Warn] Directory was specified as a plugin directory but does not exist: 'resources\plugins'

--------------------------------------------------------------------------------
2025-02-03 04:09:57.355 [Info] Discovered 0 plugins:


--------------------------------------------------------------------------------
InvalidPortCheckerResponse

--------------------------------------------------------------------------------
Port 5400 is not open, trying UPnP...

--------------------------------------------------------------------------------
UPnP Service Initialization Succeeded.

--------------------------------------------------------------------------------
Failed to automatically port forward UDP port 5400 using UPnP. UPnP might be disabled in your router settings, or this port might already be forwarded.

--------------------------------------------------------------------------------
2025-02-03 04:10:00.987 [Warn] UPnP Could Not Open UDP Port 5400
System.InvalidOperationException: The response is invalid: GetSpecificPortMappingEntryResponse
   at Open.Nat.ResponseMessageBase.GetNode()
   at Open.Nat.GetPortMappingEntryResponseMessage..ctor(XmlDocument response, String serviceType, Boolean genericMapping)
   at Open.Nat.UpnpNatDevice.GetSpecificMappingAsync(Protocol protocol, Int32 publicPort)
   at Intersect.Server.Networking.Helpers.UpnP.OpenServerPort(Int32 port, Protocol protocol) in D:\a\Intersect-Engine\Intersect-Engine\Intersect.Server\Networking\Helpers\UPnP.cs:line 55

--------------------------------------------------------------------------------
UPnP failed. Please verify the server status manually using a client.

--------------------------------------------------------------------------------
2025-02-03 04:10:01.012 [Info] Unpacking appsettings...

--------------------------------------------------------------------------------
2025-02-03 04:10:34.299 [Info] Connection approved [43fa370b-a364-4b0f-81c2-248afc969109].

--------------------------------------------------------------------------------
2025-02-03 04:10:34.300 [Info] Connected [43fa370b-a364-4b0f-81c2-248afc969109].

--------------------------------------------------------------------------------
2025-02-03 04:13:21.468 [Info] Connection approved [b25def58-07c2-422d-8eb5-c7994e0c88cb].

--------------------------------------------------------------------------------
2025-02-03 04:13:21.468 [Info] Connected [b25def58-07c2-422d-8eb5-c7994e0c88cb].

--------------------------------------------------------------------------------
2025-02-03 05:03:01.569 [Info] Disconnected [43fa370b-a364-4b0f-81c2-248afc969109].

--------------------------------------------------------------------------------
2025-02-03 05:15:32.583 [Info] Connection approved [4e2912b6-a99a-47b3-80a0-8376e72ffee5].

--------------------------------------------------------------------------------
2025-02-03 05:15:32.583 [Info] Connected [4e2912b6-a99a-47b3-80a0-8376e72ffee5].

--------------------------------------------------------------------------------
2025-02-03 05:15:32.655 [Info] Disconnected [b25def58-07c2-422d-8eb5-c7994e0c88cb].

--------------------------------------------------------------------------------
2025-02-03 05:36:13.581 [Info] Disconnected [4e2912b6-a99a-47b3-80a0-8376e72ffee5].

--------------------------------------------------------------------------------
2025-02-03 05:36:24.752 [Info] Connection approved [69639bb4-785d-4bc6-ba6c-f4614374b10e].

--------------------------------------------------------------------------------
2025-02-03 05:36:24.752 [Info] Connected [69639bb4-785d-4bc6-ba6c-f4614374b10e].

--------------------------------------------------------------------------------
2025-02-03 05:36:24.778 [Warn] RIEP: 69639bb4-785d-4bc6-ba6c-f4614374b10e Error

--------------------------------------------------------------------------------
2025-02-03 05:36:24.778 [Warn] FPIM: 127.0.0.1:64535 / 69639bb4-785d-4bc6-ba6c-f4614374b10e

--------------------------------------------------------------------------------
2025-02-03 05:37:41.111 [Info] Connection approved [0470c096-9736-4f06-bc25-38080067bc1c].

--------------------------------------------------------------------------------
2025-02-03 05:37:41.111 [Info] Connected [0470c096-9736-4f06-bc25-38080067bc1c].

--------------------------------------------------------------------------------
2025-02-03 05:38:21.619 [Info] Disconnected [0470c096-9736-4f06-bc25-38080067bc1c].

--------------------------------------------------------------------------------
2025-02-03 05:38:22.429 [Info] Connection approved [9d317d49-93c7-42ab-bf37-04073f054f51].

--------------------------------------------------------------------------------
2025-02-03 05:38:22.429 [Info] Connected [9d317d49-93c7-42ab-bf37-04073f054f51].

--------------------------------------------------------------------------------
2025-02-03 06:38:30.073 [Info] Disconnected [69639bb4-785d-4bc6-ba6c-f4614374b10e].

--------------------------------------------------------------------------------
2025-02-03 06:38:33.355 [Info] Disconnected [9d317d49-93c7-42ab-bf37-04073f054f51].

--------------------------------------------------------------------------------
2025-02-03 06:38:35.143 [Info] Acquiring context lock... (0ms)

--------------------------------------------------------------------------------
2025-02-03 06:38:35.143 [Info] Acquired. (0ms)

--------------------------------------------------------------------------------
2025-02-03 06:38:35.144 [Info] Beginning context dispose. (0ms)

--------------------------------------------------------------------------------
2025-02-03 06:38:35.145 [Info] Disposing network... (0ms)

--------------------------------------------------------------------------------
2025-02-03 06:38:35.146 [Info] Saving updated server variable values

--------------------------------------------------------------------------------
2025-02-03 06:38:35.146 [Info] Saving online users/players... (0ms)

--------------------------------------------------------------------------------
2025-02-03 06:38:35.146 [Info] Saving loaded guilds....

--------------------------------------------------------------------------------
2025-02-03 06:38:35.146 [Info] Online users/players saved. (1ms)

--------------------------------------------------------------------------------
2025-02-03 06:38:35.146 [Info] Shutting down the console thread... (1ms)

--------------------------------------------------------------------------------
2025-02-03 06:38:36.159 [Info] Base dispose. (1013ms)

--------------------------------------------------------------------------------
2025-02-03 06:38:36.159 [Info] Finished disposing server context. (1014ms)

--------------------------------------------------------------------------------
