2025-02-05 19:17:19.287 [Info] Discovered service type: Intersect.Plugins.PluginService

--------------------------------------------------------------------------------
2025-02-05 19:17:19.288 [Info] Discovered service type: Intersect.Server.Core.LogicService

--------------------------------------------------------------------------------
2025-02-05 19:17:19.289 [Info] Discovered service type: Intersect.Server.Web.ApiService

--------------------------------------------------------------------------------
2025-02-05 19:17:19.289 [Info] Discovered service type: Intersect.Server.Core.ConsoleService

--------------------------------------------------------------------------------
2025-02-05 19:17:19.302 [Warn] Directory was specified as a plugin directory but does not exist: 'resources\plugins'

--------------------------------------------------------------------------------
2025-02-05 19:17:19.302 [Info] Discovered 0 plugins:


--------------------------------------------------------------------------------
InvalidPortCheckerResponse

--------------------------------------------------------------------------------
Port 5400 is not open, but UPnP is disabled. Check your router port forwarding and computer firewall configurations.

--------------------------------------------------------------------------------
2025-02-05 19:17:20.954 [Info] Unpacking appsettings...

--------------------------------------------------------------------------------
2025-02-05 19:24:17.836 [Info] Acquiring context lock... (0ms)

--------------------------------------------------------------------------------
2025-02-05 19:24:17.837 [Info] Acquired. (0ms)

--------------------------------------------------------------------------------
2025-02-05 19:24:17.837 [Info] Beginning context dispose. (0ms)

--------------------------------------------------------------------------------
2025-02-05 19:24:17.838 [Info] Disposing network... (0ms)

--------------------------------------------------------------------------------
2025-02-05 19:24:17.839 [Info] Saving updated server variable values

--------------------------------------------------------------------------------
2025-02-05 19:24:17.839 [Info] Saving online users/players... (1ms)

--------------------------------------------------------------------------------
2025-02-05 19:24:17.842 [Info] Saving loaded guilds....

--------------------------------------------------------------------------------
2025-02-05 19:24:17.842 [Info] Online users/players saved. (3ms)

--------------------------------------------------------------------------------
2025-02-05 19:24:17.842 [Info] Shutting down the console thread... (4ms)

--------------------------------------------------------------------------------
2025-02-05 19:24:18.857 [Info] Base dispose. (1018ms)

--------------------------------------------------------------------------------
2025-02-05 19:24:18.857 [Info] Finished disposing server context. (1018ms)

--------------------------------------------------------------------------------
