2025-02-05 03:26:20.906 [Info] Discovered service type: Intersect.Plugins.PluginService

--------------------------------------------------------------------------------
2025-02-05 03:26:20.907 [Info] Discovered service type: Intersect.Server.Core.LogicService

--------------------------------------------------------------------------------
2025-02-05 03:26:20.908 [Info] Discovered service type: Intersect.Server.Web.ApiService

--------------------------------------------------------------------------------
2025-02-05 03:26:20.908 [Info] Discovered service type: Intersect.Server.Core.ConsoleService

--------------------------------------------------------------------------------
2025-02-05 03:26:20.920 [Warn] Directory was specified as a plugin directory but does not exist: 'resources\plugins'

--------------------------------------------------------------------------------
2025-02-05 03:26:20.920 [Info] Discovered 0 plugins:


--------------------------------------------------------------------------------
InvalidPortCheckerResponse

--------------------------------------------------------------------------------
Port 5400 is not open, but UPnP is disabled. Check your router port forwarding and computer firewall configurations.

--------------------------------------------------------------------------------
2025-02-05 03:26:22.484 [Info] Unpacking appsettings...

--------------------------------------------------------------------------------
2025-02-05 03:27:46.412 [Info] Connection approved [ace60b30-7a73-4ad0-aee2-2907e6053f05].

--------------------------------------------------------------------------------
2025-02-05 03:27:46.412 [Info] Connected [ace60b30-7a73-4ad0-aee2-2907e6053f05].

--------------------------------------------------------------------------------
2025-02-05 03:28:20.823 [Info] Connection approved [801c5b33-32bd-45c7-be83-4e96c9ccc690].

--------------------------------------------------------------------------------
2025-02-05 03:28:20.823 [Info] Connected [801c5b33-32bd-45c7-be83-4e96c9ccc690].

--------------------------------------------------------------------------------
2025-02-05 03:28:36.946 [Info] Connection approved [04486610-5783-41ae-bcd4-e962a303ad7e].

--------------------------------------------------------------------------------
2025-02-05 03:28:36.946 [Info] Connected [04486610-5783-41ae-bcd4-e962a303ad7e].

--------------------------------------------------------------------------------
2025-02-05 03:29:13.906 [Info] Disconnected [04486610-5783-41ae-bcd4-e962a303ad7e].

--------------------------------------------------------------------------------
2025-02-05 04:00:43.886 [Info] Disconnected [ace60b30-7a73-4ad0-aee2-2907e6053f05].

--------------------------------------------------------------------------------
2025-02-05 04:05:14.084 [Info] Connection approved [0e20a308-72a2-4f5d-a90c-cb27725844fd].

--------------------------------------------------------------------------------
2025-02-05 04:05:14.085 [Info] Connected [0e20a308-72a2-4f5d-a90c-cb27725844fd].

--------------------------------------------------------------------------------
2025-02-05 04:46:04.108 [Info] Disconnected [0e20a308-72a2-4f5d-a90c-cb27725844fd].

--------------------------------------------------------------------------------
2025-02-05 04:46:08.921 [Info] Connection approved [d461cb81-e33d-4ebc-8cdf-6a6f28711066].

--------------------------------------------------------------------------------
2025-02-05 04:46:08.921 [Info] Connected [d461cb81-e33d-4ebc-8cdf-6a6f28711066].

--------------------------------------------------------------------------------
2025-02-05 05:35:43.535 [Info] Disconnected [801c5b33-32bd-45c7-be83-4e96c9ccc690].

--------------------------------------------------------------------------------
2025-02-05 05:35:52.452 [Info] Connection approved [b1958228-129b-49b4-8b43-037ac185d2e3].

--------------------------------------------------------------------------------
2025-02-05 05:35:52.452 [Info] Connected [b1958228-129b-49b4-8b43-037ac185d2e3].

--------------------------------------------------------------------------------
2025-02-05 05:36:18.324 [Info] Disconnected [d461cb81-e33d-4ebc-8cdf-6a6f28711066].

--------------------------------------------------------------------------------
2025-02-05 05:36:31.313 [Info] Connection approved [8b356657-e29d-49de-90a9-7ad4d47f32e4].

--------------------------------------------------------------------------------
2025-02-05 05:36:31.313 [Info] Connected [8b356657-e29d-49de-90a9-7ad4d47f32e4].

--------------------------------------------------------------------------------
2025-02-05 05:38:10.366 [Info] Disconnected [8b356657-e29d-49de-90a9-7ad4d47f32e4].

--------------------------------------------------------------------------------
2025-02-05 05:38:33.052 [Info] Disconnected [b1958228-129b-49b4-8b43-037ac185d2e3].

--------------------------------------------------------------------------------
2025-02-05 05:40:08.242 [Info] Connection approved [468436d4-04b2-49e8-9e2d-ef7d453e6e9f].

--------------------------------------------------------------------------------
2025-02-05 05:40:08.242 [Info] Connected [468436d4-04b2-49e8-9e2d-ef7d453e6e9f].

--------------------------------------------------------------------------------
2025-02-05 05:46:23.994 [Info] Connection approved [34603d12-e461-414b-9633-5f38036f3335].

--------------------------------------------------------------------------------
2025-02-05 05:46:23.994 [Info] Connected [34603d12-e461-414b-9633-5f38036f3335].

--------------------------------------------------------------------------------
2025-02-05 05:53:56.716 [Info] Disconnected [34603d12-e461-414b-9633-5f38036f3335].

--------------------------------------------------------------------------------
2025-02-05 05:54:06.314 [Info] Connection approved [ade0c9be-125a-4307-85d5-5ea33aeb6805].

--------------------------------------------------------------------------------
2025-02-05 05:54:06.314 [Info] Connected [ade0c9be-125a-4307-85d5-5ea33aeb6805].

--------------------------------------------------------------------------------
2025-02-05 05:56:08.696 [Info] Disconnected [ade0c9be-125a-4307-85d5-5ea33aeb6805].

--------------------------------------------------------------------------------
2025-02-05 05:56:11.526 [Info] Disconnected [468436d4-04b2-49e8-9e2d-ef7d453e6e9f].

--------------------------------------------------------------------------------
2025-02-05 05:56:55.348 [Info] Connection approved [0c51aca4-8dde-442b-a227-fd3b2351edbc].

--------------------------------------------------------------------------------
2025-02-05 05:56:55.348 [Info] Connected [0c51aca4-8dde-442b-a227-fd3b2351edbc].

--------------------------------------------------------------------------------
2025-02-05 05:59:50.996 [Info] Disconnected [0c51aca4-8dde-442b-a227-fd3b2351edbc].

--------------------------------------------------------------------------------
2025-02-05 06:01:21.660 [Info] Connection approved [0c61edd7-93d8-4815-85c9-2faa2dbc69a1].

--------------------------------------------------------------------------------
2025-02-05 06:01:21.660 [Info] Connected [0c61edd7-93d8-4815-85c9-2faa2dbc69a1].

--------------------------------------------------------------------------------
2025-02-05 06:01:44.078 [Info] Connection approved [0ed6f24d-1bf0-4a5f-8db3-4910390e61c1].

--------------------------------------------------------------------------------
2025-02-05 06:01:44.078 [Info] Connected [0ed6f24d-1bf0-4a5f-8db3-4910390e61c1].

--------------------------------------------------------------------------------
2025-02-05 06:06:27.292 [Info] Disconnected [0ed6f24d-1bf0-4a5f-8db3-4910390e61c1].

--------------------------------------------------------------------------------
2025-02-05 06:17:22.317 [Info] Disconnected [0c61edd7-93d8-4815-85c9-2faa2dbc69a1].

--------------------------------------------------------------------------------
2025-02-05 06:17:28.405 [Info] Connection approved [04b6ed4f-91a7-458b-863d-8770d6d671ca].

--------------------------------------------------------------------------------
2025-02-05 06:17:28.405 [Info] Connected [04b6ed4f-91a7-458b-863d-8770d6d671ca].

--------------------------------------------------------------------------------
2025-02-05 06:17:28.429 [Warn] RIEP: 04b6ed4f-91a7-458b-863d-8770d6d671ca Error

--------------------------------------------------------------------------------
2025-02-05 06:17:28.429 [Warn] FPIM: 98.161.230.236:60982 / 04b6ed4f-91a7-458b-863d-8770d6d671ca

--------------------------------------------------------------------------------
2025-02-05 06:18:39.004 [Info] Connection approved [631bc472-081a-491a-8586-5ea8d9ca6a62].

--------------------------------------------------------------------------------
2025-02-05 06:18:39.004 [Info] Connected [631bc472-081a-491a-8586-5ea8d9ca6a62].

--------------------------------------------------------------------------------
2025-02-05 06:37:52.583 [Info] Disconnected [04b6ed4f-91a7-458b-863d-8770d6d671ca].

--------------------------------------------------------------------------------
2025-02-05 06:37:54.053 [Info] Disconnected [631bc472-081a-491a-8586-5ea8d9ca6a62].

--------------------------------------------------------------------------------
2025-02-05 06:37:55.686 [Info] Acquiring context lock... (0ms)

--------------------------------------------------------------------------------
2025-02-05 06:37:55.686 [Info] Acquired. (0ms)

--------------------------------------------------------------------------------
2025-02-05 06:37:55.687 [Info] Beginning context dispose. (0ms)

--------------------------------------------------------------------------------
2025-02-05 06:37:55.688 [Info] Disposing network... (0ms)

--------------------------------------------------------------------------------
2025-02-05 06:37:55.688 [Info] Saving updated server variable values

--------------------------------------------------------------------------------
2025-02-05 06:37:55.688 [Info] Saving online users/players... (1ms)

--------------------------------------------------------------------------------
2025-02-05 06:37:55.688 [Info] Saving loaded guilds....

--------------------------------------------------------------------------------
2025-02-05 06:37:55.688 [Info] Online users/players saved. (1ms)

--------------------------------------------------------------------------------
2025-02-05 06:37:55.689 [Info] Shutting down the console thread... (1ms)

--------------------------------------------------------------------------------
2025-02-05 06:37:56.699 [Info] Base dispose. (1011ms)

--------------------------------------------------------------------------------
2025-02-05 06:37:56.699 [Info] Finished disposing server context. (1011ms)

--------------------------------------------------------------------------------
