2025-02-04 00:04:49.286 [Info] Discovered service type: Intersect.Plugins.PluginService

--------------------------------------------------------------------------------
2025-02-04 00:04:49.288 [Info] Discovered service type: Intersect.Server.Core.LogicService

--------------------------------------------------------------------------------
2025-02-04 00:04:49.290 [Info] Discovered service type: Intersect.Server.Web.ApiService

--------------------------------------------------------------------------------
2025-02-04 00:04:49.290 [Info] Discovered service type: Intersect.Server.Core.ConsoleService

--------------------------------------------------------------------------------
2025-02-04 00:04:49.323 [Warn] Directory was specified as a plugin directory but does not exist: 'resources\plugins'

--------------------------------------------------------------------------------
2025-02-04 00:04:49.324 [Info] Discovered 0 plugins:


--------------------------------------------------------------------------------
InvalidPortCheckerResponse

--------------------------------------------------------------------------------
Port 5400 is not open, trying UPnP...

--------------------------------------------------------------------------------
UPnP Service Initialization Succeeded.

--------------------------------------------------------------------------------
Successfully auto port forwarded UDP port 5400 using UPnP.

--------------------------------------------------------------------------------
InvalidPortCheckerResponse

--------------------------------------------------------------------------------
UPnP supposedly succeeded but the server is not accessible on port 5400. Check the firewall of the machine this server is running on.

--------------------------------------------------------------------------------
2025-02-04 00:04:52.909 [Info] Unpacking appsettings...

--------------------------------------------------------------------------------
2025-02-04 00:05:18.105 [Info] Connection approved [e8a2e0b8-8977-48eb-9a04-874baecd0073].

--------------------------------------------------------------------------------
2025-02-04 00:05:18.105 [Info] Connected [e8a2e0b8-8977-48eb-9a04-874baecd0073].

--------------------------------------------------------------------------------
2025-02-04 03:31:21.026 [Info] Disconnected [e8a2e0b8-8977-48eb-9a04-874baecd0073].

--------------------------------------------------------------------------------
2025-02-04 03:31:27.100 [Info] Acquiring context lock... (0ms)

--------------------------------------------------------------------------------
2025-02-04 03:31:27.100 [Info] Acquired. (0ms)

--------------------------------------------------------------------------------
2025-02-04 03:31:27.103 [Info] Beginning context dispose. (0ms)

--------------------------------------------------------------------------------
2025-02-04 03:31:27.104 [Info] Disposing network... (0ms)

--------------------------------------------------------------------------------
2025-02-04 03:31:27.106 [Info] Saving updated server variable values

--------------------------------------------------------------------------------
2025-02-04 03:31:27.106 [Info] Saving online users/players... (2ms)

--------------------------------------------------------------------------------
2025-02-04 03:31:27.106 [Info] Saving loaded guilds....

--------------------------------------------------------------------------------
2025-02-04 03:31:27.106 [Info] Online users/players saved. (2ms)

--------------------------------------------------------------------------------
2025-02-04 03:31:27.107 [Info] Base dispose. (3ms)

--------------------------------------------------------------------------------
2025-02-04 03:31:27.107 [Info] Finished disposing server context. (3ms)

--------------------------------------------------------------------------------
