2025-02-03 04:19:55.706 [Info] Discovered service type: Intersect.Plugins.PluginService

--------------------------------------------------------------------------------
2025-02-03 04:19:55.708 [Info] Discovered service type: Intersect.Server.Core.LogicService

--------------------------------------------------------------------------------
2025-02-03 04:19:55.710 [Info] Discovered service type: Intersect.Server.Web.ApiService

--------------------------------------------------------------------------------
2025-02-03 04:19:55.710 [Info] Discovered service type: Intersect.Server.Core.ConsoleService

--------------------------------------------------------------------------------
2025-02-03 04:19:55.740 [Warn] Directory was specified as a plugin directory but does not exist: 'resources\plugins'

--------------------------------------------------------------------------------
2025-02-03 04:19:55.741 [Info] Discovered 0 plugins:


--------------------------------------------------------------------------------
InvalidPortCheckerResponse

--------------------------------------------------------------------------------
Port 5400 is not open, trying UPnP...

--------------------------------------------------------------------------------
UPnP Service Initialization Succeeded.

--------------------------------------------------------------------------------
Successfully auto port forwarded UDP port 5400 using UPnP.

--------------------------------------------------------------------------------
InvalidPortCheckerResponse

--------------------------------------------------------------------------------
UPnP supposedly succeeded but the server is not accessible on port 5400. Check the firewall of the machine this server is running on.

--------------------------------------------------------------------------------
2025-02-03 04:20:00.041 [Info] Unpacking appsettings...

--------------------------------------------------------------------------------
2025-02-03 04:21:08.269 [Info] Acquiring context lock... (0ms)

--------------------------------------------------------------------------------
2025-02-03 04:21:08.269 [Info] Acquired. (0ms)

--------------------------------------------------------------------------------
2025-02-03 04:21:08.271 [Info] Beginning context dispose. (0ms)

--------------------------------------------------------------------------------
2025-02-03 04:21:08.272 [Info] Disposing network... (0ms)

--------------------------------------------------------------------------------
2025-02-03 04:21:08.274 [Info] Saving updated server variable values

--------------------------------------------------------------------------------
2025-02-03 04:21:08.274 [Info] Saving online users/players... (1ms)

--------------------------------------------------------------------------------
2025-02-03 04:21:08.280 [Info] Saving loaded guilds....

--------------------------------------------------------------------------------
2025-02-03 04:21:08.280 [Info] Online users/players saved. (8ms)

--------------------------------------------------------------------------------
2025-02-03 04:21:08.282 [Info] Shutting down the console thread... (10ms)

--------------------------------------------------------------------------------
2025-02-03 04:21:09.298 [Info] Base dispose. (1026ms)

--------------------------------------------------------------------------------
2025-02-03 04:21:09.298 [Info] Finished disposing server context. (1026ms)

--------------------------------------------------------------------------------
