2025-02-05 19:28:55.519 [Info] Discovered service type: Intersect.Plugins.PluginService

--------------------------------------------------------------------------------
2025-02-05 19:28:55.520 [Info] Discovered service type: Intersect.Server.Core.LogicService

--------------------------------------------------------------------------------
2025-02-05 19:28:55.521 [Info] Discovered service type: Intersect.Server.Web.ApiService

--------------------------------------------------------------------------------
2025-02-05 19:28:55.521 [Info] Discovered service type: Intersect.Server.Core.ConsoleService

--------------------------------------------------------------------------------
2025-02-05 19:28:55.532 [Warn] Directory was specified as a plugin directory but does not exist: 'resources\plugins'

--------------------------------------------------------------------------------
2025-02-05 19:28:55.533 [Info] Discovered 0 plugins:


--------------------------------------------------------------------------------
InvalidPortCheckerResponse

--------------------------------------------------------------------------------
Port 5400 is not open, but UPnP is disabled. Check your router port forwarding and computer firewall configurations.

--------------------------------------------------------------------------------
2025-02-05 19:28:57.157 [Info] Unpacking appsettings...

--------------------------------------------------------------------------------
2025-02-05 19:29:06.683 [Info] Connection approved [8ba9f1e2-d5c1-48e4-b743-9b80c06e3ef5].

--------------------------------------------------------------------------------
2025-02-05 19:29:06.683 [Info] Connected [8ba9f1e2-d5c1-48e4-b743-9b80c06e3ef5].

--------------------------------------------------------------------------------
2025-02-05 19:29:15.117 [Info] Disconnected [8ba9f1e2-d5c1-48e4-b743-9b80c06e3ef5].

--------------------------------------------------------------------------------
2025-02-05 19:29:20.142 [Info] Acquiring context lock... (0ms)

--------------------------------------------------------------------------------
2025-02-05 19:29:20.142 [Info] Acquired. (0ms)

--------------------------------------------------------------------------------
2025-02-05 19:29:20.143 [Info] Beginning context dispose. (0ms)

--------------------------------------------------------------------------------
2025-02-05 19:29:20.144 [Info] Disposing network... (0ms)

--------------------------------------------------------------------------------
2025-02-05 19:29:20.145 [Info] Saving updated server variable values

--------------------------------------------------------------------------------
2025-02-05 19:29:20.145 [Info] Saving online users/players... (1ms)

--------------------------------------------------------------------------------
2025-02-05 19:29:20.145 [Info] Saving loaded guilds....

--------------------------------------------------------------------------------
2025-02-05 19:29:20.145 [Info] Online users/players saved. (1ms)

--------------------------------------------------------------------------------
2025-02-05 19:29:20.145 [Info] Shutting down the console thread... (1ms)

--------------------------------------------------------------------------------
2025-02-05 19:29:21.159 [Info] Base dispose. (1015ms)

--------------------------------------------------------------------------------
2025-02-05 19:29:21.159 [Info] Finished disposing server context. (1016ms)

--------------------------------------------------------------------------------
