2025-01-31 00:13:36.625 [Info] Discovered service type: Intersect.Plugins.PluginService

--------------------------------------------------------------------------------
2025-01-31 00:13:36.626 [Info] Discovered service type: Intersect.Server.Core.LogicService

--------------------------------------------------------------------------------
2025-01-31 00:13:36.626 [Info] Discovered service type: Intersect.Server.Web.ApiService

--------------------------------------------------------------------------------
2025-01-31 00:13:36.626 [Info] Discovered service type: Intersect.Server.Core.ConsoleService

--------------------------------------------------------------------------------
2025-01-31 00:13:36.638 [Warn] Directory was specified as a plugin directory but does not exist: 'resources\plugins'

--------------------------------------------------------------------------------
2025-01-31 00:13:36.638 [Info] Discovered 0 plugins:


--------------------------------------------------------------------------------
InvalidPortCheckerResponse

--------------------------------------------------------------------------------
Port 5400 is not open, trying UPnP...

--------------------------------------------------------------------------------
UPnP Service Initialization Succeeded.

--------------------------------------------------------------------------------
Failed to automatically port forward UDP port 5400 using UPnP. UPnP might be disabled in your router settings, or this port might already be forwarded.

--------------------------------------------------------------------------------
2025-01-31 00:13:40.295 [Warn] UPnP Could Not Open UDP Port 5400
System.InvalidOperationException: The response is invalid: GetSpecificPortMappingEntryResponse
   at Open.Nat.ResponseMessageBase.GetNode()
   at Open.Nat.GetPortMappingEntryResponseMessage..ctor(XmlDocument response, String serviceType, Boolean genericMapping)
   at Open.Nat.UpnpNatDevice.GetSpecificMappingAsync(Protocol protocol, Int32 publicPort)
   at Intersect.Server.Networking.Helpers.UpnP.OpenServerPort(Int32 port, Protocol protocol) in D:\a\Intersect-Engine\Intersect-Engine\Intersect.Server\Networking\Helpers\UPnP.cs:line 55

--------------------------------------------------------------------------------
UPnP failed. Please verify the server status manually using a client.

--------------------------------------------------------------------------------
2025-01-31 00:13:40.319 [Info] Unpacking appsettings...

--------------------------------------------------------------------------------
2025-01-31 00:13:46.944 [Info] Connection approved [3e4234af-9baa-4868-8e29-bdfe55b801ba].

--------------------------------------------------------------------------------
2025-01-31 00:13:46.944 [Info] Connected [3e4234af-9baa-4868-8e29-bdfe55b801ba].

--------------------------------------------------------------------------------
2025-01-31 00:14:03.065 [Info] Disconnected [3e4234af-9baa-4868-8e29-bdfe55b801ba].

--------------------------------------------------------------------------------
2025-01-31 00:14:21.892 [Info] Connection approved [dba6ef79-2395-482e-8152-05c86ad288c0].

--------------------------------------------------------------------------------
2025-01-31 00:14:21.892 [Info] Connected [dba6ef79-2395-482e-8152-05c86ad288c0].

--------------------------------------------------------------------------------
2025-01-31 00:14:21.904 [Warn] RIEP: dba6ef79-2395-482e-8152-05c86ad288c0 Error

--------------------------------------------------------------------------------
2025-01-31 00:14:21.904 [Warn] FPIM: 127.0.0.1:63682 / dba6ef79-2395-482e-8152-05c86ad288c0

--------------------------------------------------------------------------------
2025-01-31 00:33:29.947 [Info] Disconnected [dba6ef79-2395-482e-8152-05c86ad288c0].

--------------------------------------------------------------------------------
2025-01-31 00:33:35.368 [Info] Connection approved [0408e666-efd4-4617-b39f-17f2a2490e5f].

--------------------------------------------------------------------------------
2025-01-31 00:33:35.368 [Info] Connected [0408e666-efd4-4617-b39f-17f2a2490e5f].

--------------------------------------------------------------------------------
2025-01-31 00:33:53.650 [Info] Connection approved [17372296-67c2-4b94-b516-52caaf6f8fc9].

--------------------------------------------------------------------------------
2025-01-31 00:33:53.650 [Info] Connected [17372296-67c2-4b94-b516-52caaf6f8fc9].

--------------------------------------------------------------------------------
2025-01-31 00:37:33.419 [Info] Disconnected [0408e666-efd4-4617-b39f-17f2a2490e5f].

--------------------------------------------------------------------------------
2025-01-31 00:37:46.283 [Info] Connection approved [31b8d250-8d4b-4032-8b5a-4f68d84d5d7b].

--------------------------------------------------------------------------------
2025-01-31 00:37:46.283 [Info] Connected [31b8d250-8d4b-4032-8b5a-4f68d84d5d7b].

--------------------------------------------------------------------------------
2025-01-31 00:38:10.588 [Info] Disconnected [17372296-67c2-4b94-b516-52caaf6f8fc9].

--------------------------------------------------------------------------------
2025-01-31 00:38:15.430 [Info] Connection approved [d9b64b6b-2aa0-422b-8c7c-cd7edd875bda].

--------------------------------------------------------------------------------
2025-01-31 00:38:15.430 [Info] Connected [d9b64b6b-2aa0-422b-8c7c-cd7edd875bda].

--------------------------------------------------------------------------------
2025-01-31 00:38:32.387 [Info] Disconnected [d9b64b6b-2aa0-422b-8c7c-cd7edd875bda].

--------------------------------------------------------------------------------
2025-01-31 00:38:34.348 [Info] Disconnected [31b8d250-8d4b-4032-8b5a-4f68d84d5d7b].

--------------------------------------------------------------------------------
2025-01-31 00:38:36.642 [Info] Acquiring context lock... (0ms)

--------------------------------------------------------------------------------
2025-01-31 00:38:36.642 [Info] Acquired. (0ms)

--------------------------------------------------------------------------------
2025-01-31 00:38:36.643 [Info] Beginning context dispose. (0ms)

--------------------------------------------------------------------------------
2025-01-31 00:38:36.644 [Info] Disposing network... (0ms)

--------------------------------------------------------------------------------
2025-01-31 00:38:36.644 [Info] Saving updated server variable values

--------------------------------------------------------------------------------
2025-01-31 00:38:36.645 [Info] Saving online users/players... (1ms)

--------------------------------------------------------------------------------
2025-01-31 00:38:36.645 [Info] Saving loaded guilds....

--------------------------------------------------------------------------------
2025-01-31 00:38:36.645 [Info] Online users/players saved. (1ms)

--------------------------------------------------------------------------------
2025-01-31 00:38:36.645 [Info] Shutting down the console thread... (1ms)

--------------------------------------------------------------------------------
2025-01-31 00:38:37.652 [Info] Base dispose. (1008ms)

--------------------------------------------------------------------------------
2025-01-31 00:38:37.652 [Info] Finished disposing server context. (1008ms)

--------------------------------------------------------------------------------
