2025-02-01 00:51:51.280 [Info] Discovered service type: Intersect.Plugins.PluginService

--------------------------------------------------------------------------------
2025-02-01 00:51:51.281 [Info] Discovered service type: Intersect.Server.Core.LogicService

--------------------------------------------------------------------------------
2025-02-01 00:51:51.281 [Info] Discovered service type: Intersect.Server.Web.ApiService

--------------------------------------------------------------------------------
2025-02-01 00:51:51.281 [Info] Discovered service type: Intersect.Server.Core.ConsoleService

--------------------------------------------------------------------------------
2025-02-01 00:51:51.293 [Warn] Directory was specified as a plugin directory but does not exist: 'resources\plugins'

--------------------------------------------------------------------------------
2025-02-01 00:51:51.293 [Info] Discovered 0 plugins:


--------------------------------------------------------------------------------
InvalidPortCheckerResponse

--------------------------------------------------------------------------------
Port 5400 is not open, trying UPnP...

--------------------------------------------------------------------------------
UPnP Service Initialization Succeeded.

--------------------------------------------------------------------------------
Failed to automatically port forward UDP port 5400 using UPnP. UPnP might be disabled in your router settings, or this port might already be forwarded.

--------------------------------------------------------------------------------
2025-02-01 00:51:54.964 [Warn] UPnP Could Not Open UDP Port 5400
System.InvalidOperationException: The response is invalid: GetSpecificPortMappingEntryResponse
   at Open.Nat.ResponseMessageBase.GetNode()
   at Open.Nat.GetPortMappingEntryResponseMessage..ctor(XmlDocument response, String serviceType, Boolean genericMapping)
   at Open.Nat.UpnpNatDevice.GetSpecificMappingAsync(Protocol protocol, Int32 publicPort)
   at Intersect.Server.Networking.Helpers.UpnP.OpenServerPort(Int32 port, Protocol protocol) in D:\a\Intersect-Engine\Intersect-Engine\Intersect.Server\Networking\Helpers\UPnP.cs:line 55

--------------------------------------------------------------------------------
UPnP failed. Please verify the server status manually using a client.

--------------------------------------------------------------------------------
2025-02-01 00:51:54.988 [Info] Unpacking appsettings...

--------------------------------------------------------------------------------
2025-02-01 00:51:56.075 [Info] Connection approved [3514d17a-f059-4e10-a930-6e37a228d174].

--------------------------------------------------------------------------------
2025-02-01 00:51:56.075 [Info] Connected [3514d17a-f059-4e10-a930-6e37a228d174].

--------------------------------------------------------------------------------
2025-02-01 00:54:17.101 [Info] Disconnected [3514d17a-f059-4e10-a930-6e37a228d174].

--------------------------------------------------------------------------------
2025-02-01 00:54:28.421 [Info] Acquiring context lock... (0ms)

--------------------------------------------------------------------------------
2025-02-01 00:54:28.421 [Info] Acquired. (0ms)

--------------------------------------------------------------------------------
2025-02-01 00:54:28.422 [Info] Beginning context dispose. (0ms)

--------------------------------------------------------------------------------
2025-02-01 00:54:28.423 [Info] Disposing network... (0ms)

--------------------------------------------------------------------------------
2025-02-01 00:54:28.424 [Info] Saving updated server variable values

--------------------------------------------------------------------------------
2025-02-01 00:54:28.424 [Info] Saving online users/players... (1ms)

--------------------------------------------------------------------------------
2025-02-01 00:54:28.424 [Info] Saving loaded guilds....

--------------------------------------------------------------------------------
2025-02-01 00:54:28.424 [Info] Online users/players saved. (1ms)

--------------------------------------------------------------------------------
2025-02-01 00:54:28.424 [Info] Shutting down the console thread... (2ms)

--------------------------------------------------------------------------------
2025-02-01 00:54:29.430 [Info] Base dispose. (1007ms)

--------------------------------------------------------------------------------
2025-02-01 00:54:29.430 [Info] Finished disposing server context. (1007ms)

--------------------------------------------------------------------------------
