2024-12-10 02:54:39.610 [Warn] FileNotFoundException: Could not find file 'C:\Users\Hanst\OneDrive\Desktop\TrauzeRPG\pipmmo\Client and Editor\resources\editor_strings.json'.
    Stack:    at Microsoft.Win32.SafeHandles.SafeFileHandle.CreateFile(String fullPath, FileMode mode, FileAccess access, FileShare share, FileOptions options)
   at Microsoft.Win32.SafeHandles.SafeFileHandle.Open(String fullPath, FileMode mode, FileAccess access, FileShare share, FileOptions options, Int64 preallocationSize, Nullable`1 unixCreateMode)
   at System.IO.Strategies.OSFileStreamStrategy..ctor(String path, FileMode mode, FileAccess access, FileShare share, FileOptions options, Int64 preallocationSize, Nullable`1 unixCreateMode)
   at System.IO.Strategies.FileStreamHelpers.ChooseStrategyCore(String path, FileMode mode, FileAccess access, FileShare share, FileOptions options, Int64 preallocationSize, Nullable`1 unixCreateMode)
   at System.IO.StreamReader.ValidateArgsAndOpenPath(String path, Encoding encoding, Int32 bufferSize)
   at System.IO.File.ReadAllText(String path, Encoding encoding)
   at Intersect.Editor.Localization.Strings.Load() in D:\a\Intersect-Engine\Intersect-Engine\Intersect.Editor\Localization\Strings.cs:line 518


--------------------------------------------------------------------------------
2024-12-10 02:54:39.690 [Warn] FileNotFoundException: Missing configuration file.
    Stack:    at Intersect.Configuration.ConfigurationHelper.Load[T](T configuration, String filePath, Boolean failQuietly) in D:\a\Intersect-Engine\Intersect-Engine\Intersect (Core)\Configuration\ConfigurationHelper.cs:line 17
   at Intersect.Configuration.ClientConfiguration.Load(String filePath, Boolean failQuietly) in D:\a\Intersect-Engine\Intersect-Engine\Intersect (Core)\Configuration\ClientConfiguration.cs:line 24
   at Intersect.Configuration.ConfigurationHelper.LoadSafely[T](T configuration, String filePath) in D:\a\Intersect-Engine\Intersect-Engine\Intersect (Core)\Configuration\ConfigurationHelper.cs:line 76


--------------------------------------------------------------------------------
2024-12-10 02:54:39.844 [Warn] Missing strings, overwriting strings file:
	Direction.dir (string dictionary),
	ItemEditor.EventTriggerNames (string dictionary),
	ItemEditor.EventTriggerSelections (string dictionary),
	MapInstance.InstanceTypes (string dictionary),
	NpcEditor.Immunities (string dictionary),
	ProjectileEditor.GrappleOpts (string dictionary)

--------------------------------------------------------------------------------
2024-12-10 02:54:39.974 [Info] No network created to poll for server status.

--------------------------------------------------------------------------------
2024-12-10 02:54:43.216 [Info] Connecting to 127.0.0.1:5400...

--------------------------------------------------------------------------------
2024-12-10 02:54:43.230 [Info] Connected [2d89d55f-3eb5-4391-bfe6-c4b88e98bfac].

--------------------------------------------------------------------------------
2024-12-10 02:54:43.241 [Info] Connection approved [2d89d55f-3eb5-4391-bfe6-c4b88e98bfac].

--------------------------------------------------------------------------------
2024-12-10 02:54:43.305 [Warn] Missing strings, overwriting strings file:
	Direction.dir[None],
	Direction.dir[Up],
	Direction.dir[Down],
	Direction.dir[Left],
	Direction.dir[Right],
	ItemEditor.EventTriggerNames[OnPickup],
	ItemEditor.EventTriggerNames[OnDrop],
	ItemEditor.EventTriggerNames[OnUse],
	ItemEditor.EventTriggerNames[OnEquip],
	ItemEditor.EventTriggerNames[OnUnequip],
	ItemEditor.EventTriggerNames[OnHit],
	ItemEditor.EventTriggerNames[OnDamageReceived],
	ItemEditor.EventTriggerSelections[OnPickup],
	ItemEditor.EventTriggerSelections[OnDrop],
	ItemEditor.EventTriggerSelections[OnUse],
	ItemEditor.EventTriggerSelections[OnEquip],
	ItemEditor.EventTriggerSelections[OnUnequip],
	ItemEditor.EventTriggerSelections[OnHit],
	ItemEditor.EventTriggerSelections[OnDamageReceived],
	MapInstance.InstanceTypes[Overworld],
	MapInstance.InstanceTypes[Personal],
	MapInstance.InstanceTypes[Guild],
	MapInstance.InstanceTypes[Shared],
	NpcEditor.Immunities[Knockback],
	NpcEditor.Immunities[Silence],
	NpcEditor.Immunities[Stun],
	NpcEditor.Immunities[Snare],
	NpcEditor.Immunities[Blind],
	NpcEditor.Immunities[Transform],
	NpcEditor.Immunities[Sleep],
	NpcEditor.Immunities[Taunt],
	ProjectileEditor.GrappleOpts[MapAttribute],
	ProjectileEditor.GrappleOpts[Player],
	ProjectileEditor.GrappleOpts[NPC],
	ProjectileEditor.GrappleOpts[Resource]

--------------------------------------------------------------------------------
2024-12-10 02:55:27.157 [Info] Updating list

--------------------------------------------------------------------------------
2024-12-10 02:57:57.620 [Info] Disconnected [2d89d55f-3eb5-4391-bfe6-c4b88e98bfac].

--------------------------------------------------------------------------------
