2025-01-30 17:48:45.922 [Info] Discovered service type: Intersect.Plugins.PluginService

--------------------------------------------------------------------------------
2025-01-30 17:48:45.929 [Warn] Directory was specified as a plugin directory but does not exist: 'resources\plugins'

--------------------------------------------------------------------------------
2025-01-30 17:48:45.930 [Info] Discovered 0 plugins:


--------------------------------------------------------------------------------
2025-01-30 17:48:48.445 [Info] Connecting to 127.0.0.1:5400...

--------------------------------------------------------------------------------
2025-01-30 17:48:48.451 [Info] Connected [0c12e7cc-1b1d-4ee5-a06f-5a672f9228ce].

--------------------------------------------------------------------------------
2025-01-30 17:48:48.458 [Info] Connection approved [0c12e7cc-1b1d-4ee5-a06f-5a672f9228ce].

--------------------------------------------------------------------------------
2025-01-30 17:48:49.816 [Warn] 'Me' is null.

--------------------------------------------------------------------------------
2025-01-30 18:12:12.283 [Info] System window closing (due to user interaction most likely).

--------------------------------------------------------------------------------
2025-01-30 18:12:12.285 [Info] Disconnected [0c12e7cc-1b1d-4ee5-a06f-5a672f9228ce].

--------------------------------------------------------------------------------
2025-01-30 18:12:12.311 [Info] Acquiring context lock... (0ms)

--------------------------------------------------------------------------------
2025-01-30 18:12:12.311 [Info] Acquired. (0ms)

--------------------------------------------------------------------------------
2025-01-30 18:12:12.312 [Info] Beginning context dispose. (0ms)

--------------------------------------------------------------------------------
2025-01-30 18:12:12.312 [Info] GC.SuppressFinalize (0ms)

--------------------------------------------------------------------------------
2025-01-30 18:12:12.312 [Info] InternalDispose() completed. (0ms)

--------------------------------------------------------------------------------
2025-01-30 18:12:12.312 [Info] Clearing instance... (0ms)

--------------------------------------------------------------------------------
2025-01-30 18:12:12.312 [Info] Releasing context lock... (0ms)

--------------------------------------------------------------------------------
2025-01-30 18:12:12.312 [Info] Released. (0ms)

--------------------------------------------------------------------------------
