2025-01-30 17:42:03.510 [Info] Discovered service type: Intersect.Plugins.PluginService

--------------------------------------------------------------------------------
2025-01-30 17:42:03.518 [Warn] Directory was specified as a plugin directory but does not exist: 'resources\plugins'

--------------------------------------------------------------------------------
2025-01-30 17:42:03.519 [Info] Discovered 0 plugins:


--------------------------------------------------------------------------------
2025-01-30 17:42:06.713 [Info] Connecting to 127.0.0.1:5400...

--------------------------------------------------------------------------------
2025-01-30 17:42:06.720 [Info] Connected [731e699d-f39c-4107-9e12-4bd24dcf3c6a].

--------------------------------------------------------------------------------
2025-01-30 17:42:06.734 [Info] Connection approved [731e699d-f39c-4107-9e12-4bd24dcf3c6a].

--------------------------------------------------------------------------------
2025-01-30 17:42:08.284 [Warn] 'Me' is null.

--------------------------------------------------------------------------------
2025-01-30 17:42:45.339 [Info] System window closing (due to user interaction most likely).

--------------------------------------------------------------------------------
2025-01-30 17:42:45.341 [Info] Disconnected [731e699d-f39c-4107-9e12-4bd24dcf3c6a].

--------------------------------------------------------------------------------
2025-01-30 17:42:45.373 [Info] Acquiring context lock... (0ms)

--------------------------------------------------------------------------------
2025-01-30 17:42:45.374 [Info] Acquired. (0ms)

--------------------------------------------------------------------------------
2025-01-30 17:42:45.374 [Info] Beginning context dispose. (0ms)

--------------------------------------------------------------------------------
2025-01-30 17:42:45.374 [Info] GC.SuppressFinalize (0ms)

--------------------------------------------------------------------------------
2025-01-30 17:42:45.374 [Info] InternalDispose() completed. (0ms)

--------------------------------------------------------------------------------
2025-01-30 17:42:45.374 [Info] Clearing instance... (0ms)

--------------------------------------------------------------------------------
2025-01-30 17:42:45.374 [Info] Releasing context lock... (0ms)

--------------------------------------------------------------------------------
2025-01-30 17:42:45.374 [Info] Released. (0ms)

--------------------------------------------------------------------------------
