2025-01-14 03:44:29.564 [Info] No network created to poll for server status.

--------------------------------------------------------------------------------
2025-01-14 03:44:31.104 [Info] Connecting to 127.0.0.1:5400...

--------------------------------------------------------------------------------
2025-01-14 03:44:31.118 [Info] Connected [5c7d7628-9806-4fb2-b69a-df5d8f7a99e9].

--------------------------------------------------------------------------------
2025-01-14 03:44:31.126 [Info] Connection approved [5c7d7628-9806-4fb2-b69a-df5d8f7a99e9].

--------------------------------------------------------------------------------
2025-01-14 03:44:31.596 [Info] Updating list

--------------------------------------------------------------------------------
2025-01-14 03:45:05.189 [Info] Updating list

--------------------------------------------------------------------------------
2025-01-14 03:45:08.756 [Info] Updating list

--------------------------------------------------------------------------------
2025-01-14 03:45:12.435 [Info] Updating list

--------------------------------------------------------------------------------
2025-01-14 03:45:17.626 [Info] Updating list

--------------------------------------------------------------------------------
2025-01-14 03:45:20.206 [Info] Updating list

--------------------------------------------------------------------------------
2025-01-14 03:46:48.343 [Info] Updating list

--------------------------------------------------------------------------------
2025-01-14 03:51:45.255 [Info] Disconnected [5c7d7628-9806-4fb2-b69a-df5d8f7a99e9].

--------------------------------------------------------------------------------
