2025-01-30 17:38:22.291 [Info] No network created to poll for server status.

--------------------------------------------------------------------------------
2025-01-30 17:38:26.962 [Info] Connecting to 127.0.0.1:5400...

--------------------------------------------------------------------------------
2025-01-30 17:38:26.968 [Info] Connected [1d3fe0ce-f2a8-47b2-aaa2-3d14816858c6].

--------------------------------------------------------------------------------
2025-01-30 17:38:26.988 [Info] Connection approved [1d3fe0ce-f2a8-47b2-aaa2-3d14816858c6].

--------------------------------------------------------------------------------
2025-01-30 17:38:31.862 [Info] Updating list

--------------------------------------------------------------------------------
2025-01-30 17:42:00.963 [Info] Updating list

--------------------------------------------------------------------------------
2025-01-30 17:48:42.942 [Info] Updating list

--------------------------------------------------------------------------------
2025-01-30 17:52:29.159 [Info] Updating list

--------------------------------------------------------------------------------
2025-01-30 17:52:49.349 [Info] Updating list

--------------------------------------------------------------------------------
2025-01-30 17:57:55.593 [Info] Updating list

--------------------------------------------------------------------------------
2025-01-30 18:06:18.492 [Info] Updating list

--------------------------------------------------------------------------------
2025-01-30 18:12:10.405 [Info] Disconnected [1d3fe0ce-f2a8-47b2-aaa2-3d14816858c6].

--------------------------------------------------------------------------------
