2025-01-30 00:27:16.615 [Info] Discovered service type: Intersect.Plugins.PluginService

--------------------------------------------------------------------------------
2025-01-30 00:27:16.623 [Warn] Directory was specified as a plugin directory but does not exist: 'resources\plugins'

--------------------------------------------------------------------------------
2025-01-30 00:27:16.624 [Info] Discovered 0 plugins:


--------------------------------------------------------------------------------
2025-01-30 00:27:18.724 [Info] Connecting to 127.0.0.1:5400...

--------------------------------------------------------------------------------
2025-01-30 00:27:18.730 [Info] Connected [92bf442f-f7d8-4ca6-882a-fd26bc449d65].

--------------------------------------------------------------------------------
2025-01-30 00:27:18.736 [Info] Connection approved [92bf442f-f7d8-4ca6-882a-fd26bc449d65].

--------------------------------------------------------------------------------
2025-01-30 00:27:29.447 [Warn] 'Me' is null.

--------------------------------------------------------------------------------
2025-01-30 00:27:56.673 [Warn] 'Me' is null.

--------------------------------------------------------------------------------
2025-01-30 00:27:56.683 [Warn] 'GameUi' is null.

--------------------------------------------------------------------------------
2025-01-30 00:27:56.683 [Warn] 'GameUi' is null.

--------------------------------------------------------------------------------
2025-01-30 00:31:27.824 [Info] System window closing (due to user interaction most likely).

--------------------------------------------------------------------------------
2025-01-30 00:31:27.827 [Info] Disconnected [92bf442f-f7d8-4ca6-882a-fd26bc449d65].

--------------------------------------------------------------------------------
2025-01-30 00:31:27.855 [Info] Acquiring context lock... (0ms)

--------------------------------------------------------------------------------
2025-01-30 00:31:27.855 [Info] Acquired. (0ms)

--------------------------------------------------------------------------------
2025-01-30 00:31:27.855 [Info] Beginning context dispose. (0ms)

--------------------------------------------------------------------------------
2025-01-30 00:31:27.855 [Info] GC.SuppressFinalize (0ms)

--------------------------------------------------------------------------------
2025-01-30 00:31:27.855 [Info] InternalDispose() completed. (0ms)

--------------------------------------------------------------------------------
2025-01-30 00:31:27.855 [Info] Clearing instance... (0ms)

--------------------------------------------------------------------------------
2025-01-30 00:31:27.855 [Info] Releasing context lock... (0ms)

--------------------------------------------------------------------------------
2025-01-30 00:31:27.855 [Info] Released. (0ms)

--------------------------------------------------------------------------------
