2025-02-05 03:28:15.199 [Info] No network created to poll for server status.

--------------------------------------------------------------------------------
2025-02-05 03:28:20.809 [Info] Connecting to 98.161.230.236:5400...

--------------------------------------------------------------------------------
2025-02-05 03:28:20.818 [Info] Connected [0e054121-e08d-4655-80f2-bce4977bbc62].

--------------------------------------------------------------------------------
2025-02-05 03:28:20.832 [Info] Connection approved [0e054121-e08d-4655-80f2-bce4977bbc62].

--------------------------------------------------------------------------------
2025-02-05 03:29:59.960 [Info] Updating list

--------------------------------------------------------------------------------
2025-02-05 03:30:08.744 [Info] Updating list

--------------------------------------------------------------------------------
2025-02-05 03:30:41.043 [Info] Updating list

--------------------------------------------------------------------------------
2025-02-05 03:58:06.842 [Info] Updating list

--------------------------------------------------------------------------------
2025-02-05 03:58:10.180 [Info] Updating list

--------------------------------------------------------------------------------
2025-02-05 03:58:14.449 [Info] Updating list

--------------------------------------------------------------------------------
2025-02-05 03:58:22.620 [Info] Updating list

--------------------------------------------------------------------------------
2025-02-05 03:58:28.015 [Info] Updating list

--------------------------------------------------------------------------------
2025-02-05 03:58:33.308 [Info] Updating list

--------------------------------------------------------------------------------
2025-02-05 03:58:38.592 [Info] Updating list

--------------------------------------------------------------------------------
2025-02-05 03:59:09.016 [Info] Updating list

--------------------------------------------------------------------------------
2025-02-05 03:59:11.161 [Info] Updating list

--------------------------------------------------------------------------------
2025-02-05 03:59:28.070 [Info] Updating list

--------------------------------------------------------------------------------
2025-02-05 03:59:36.692 [Info] Updating list

--------------------------------------------------------------------------------
2025-02-05 04:06:07.221 [Info] Updating list

--------------------------------------------------------------------------------
2025-02-05 04:34:40.432 [Info] Updating list

--------------------------------------------------------------------------------
2025-02-05 04:36:24.663 [Info] Updating list

--------------------------------------------------------------------------------
2025-02-05 04:37:37.769 [Info] Updating list

--------------------------------------------------------------------------------
2025-02-05 04:38:10.909 [Info] Updating list

--------------------------------------------------------------------------------
2025-02-05 04:38:31.565 [Info] Updating list

--------------------------------------------------------------------------------
2025-02-05 04:39:44.161 [Info] Updating list

--------------------------------------------------------------------------------
2025-02-05 04:40:57.561 [Info] Updating list

--------------------------------------------------------------------------------
2025-02-05 04:40:57.561 [Info] Updating list

--------------------------------------------------------------------------------
2025-02-05 04:40:57.580 [Info] Updating list

--------------------------------------------------------------------------------
2025-02-05 04:41:24.745 [Info] Updating list

--------------------------------------------------------------------------------
2025-02-05 04:41:24.745 [Info] Updating list

--------------------------------------------------------------------------------
2025-02-05 04:41:24.771 [Info] Updating list

--------------------------------------------------------------------------------
2025-02-05 04:41:27.308 [Info] Updating list

--------------------------------------------------------------------------------
2025-02-05 04:41:28.831 [Info] Updating list

--------------------------------------------------------------------------------
2025-02-05 04:41:30.744 [Info] Updating list

--------------------------------------------------------------------------------
2025-02-05 04:42:00.337 [Info] Updating list

--------------------------------------------------------------------------------
2025-02-05 04:42:00.337 [Info] Updating list

--------------------------------------------------------------------------------
2025-02-05 04:42:00.362 [Info] Updating list

--------------------------------------------------------------------------------
2025-02-05 04:42:01.778 [Info] Updating list

--------------------------------------------------------------------------------
2025-02-05 04:42:11.448 [Info] Updating list

--------------------------------------------------------------------------------
2025-02-05 04:42:50.584 [Info] Updating list

--------------------------------------------------------------------------------
2025-02-05 04:43:15.287 [Info] Updating list

--------------------------------------------------------------------------------
2025-02-05 04:43:15.287 [Info] Updating list

--------------------------------------------------------------------------------
2025-02-05 04:43:15.313 [Info] Updating list

--------------------------------------------------------------------------------
2025-02-05 04:43:16.634 [Info] Updating list

--------------------------------------------------------------------------------
2025-02-05 04:43:34.085 [Info] Updating list

--------------------------------------------------------------------------------
2025-02-05 04:43:34.085 [Info] Updating list

--------------------------------------------------------------------------------
2025-02-05 04:43:34.111 [Info] Updating list

--------------------------------------------------------------------------------
2025-02-05 04:43:35.462 [Info] Updating list

--------------------------------------------------------------------------------
2025-02-05 04:43:35.929 [Info] Updating list

--------------------------------------------------------------------------------
2025-02-05 04:43:43.382 [Info] Updating list

--------------------------------------------------------------------------------
2025-02-05 04:44:51.146 [Info] Updating list

--------------------------------------------------------------------------------
2025-02-05 04:45:54.249 [Info] Updating list

--------------------------------------------------------------------------------
2025-02-05 04:46:47.642 [Info] Updating list

--------------------------------------------------------------------------------
2025-02-05 04:46:47.642 [Info] Updating list

--------------------------------------------------------------------------------
2025-02-05 04:46:47.669 [Info] Updating list

--------------------------------------------------------------------------------
2025-02-05 04:46:48.710 [Info] Updating list

--------------------------------------------------------------------------------
2025-02-05 04:46:49.505 [Info] Updating list

--------------------------------------------------------------------------------
2025-02-05 04:46:56.845 [Info] Updating list

--------------------------------------------------------------------------------
2025-02-05 04:47:36.822 [Info] Updating list

--------------------------------------------------------------------------------
2025-02-05 04:47:36.822 [Info] Updating list

--------------------------------------------------------------------------------
2025-02-05 04:47:36.846 [Info] Updating list

--------------------------------------------------------------------------------
2025-02-05 04:47:37.990 [Info] Updating list

--------------------------------------------------------------------------------
2025-02-05 04:47:44.345 [Info] Updating list

--------------------------------------------------------------------------------
2025-02-05 04:47:59.720 [Info] Updating list

--------------------------------------------------------------------------------
2025-02-05 04:48:23.881 [Info] Updating list

--------------------------------------------------------------------------------
2025-02-05 04:48:23.881 [Info] Updating list

--------------------------------------------------------------------------------
2025-02-05 04:48:23.906 [Info] Updating list

--------------------------------------------------------------------------------
2025-02-05 04:48:25.048 [Info] Updating list

--------------------------------------------------------------------------------
2025-02-05 04:48:25.523 [Info] Updating list

--------------------------------------------------------------------------------
2025-02-05 04:48:42.975 [Info] Updating list

--------------------------------------------------------------------------------
2025-02-05 04:48:42.975 [Info] Updating list

--------------------------------------------------------------------------------
2025-02-05 04:48:43.001 [Info] Updating list

--------------------------------------------------------------------------------
2025-02-05 04:48:44.126 [Info] Updating list

--------------------------------------------------------------------------------
2025-02-05 04:48:51.823 [Info] Updating list

--------------------------------------------------------------------------------
2025-02-05 04:49:03.032 [Info] Updating list

--------------------------------------------------------------------------------
2025-02-05 04:49:21.122 [Info] Updating list

--------------------------------------------------------------------------------
2025-02-05 04:51:11.758 [Info] Updating list

--------------------------------------------------------------------------------
2025-02-05 04:51:45.120 [Info] Updating list

--------------------------------------------------------------------------------
2025-02-05 04:52:24.015 [Info] Updating list

--------------------------------------------------------------------------------
2025-02-05 04:53:05.189 [Info] Updating list

--------------------------------------------------------------------------------
2025-02-05 04:53:43.761 [Info] Updating list

--------------------------------------------------------------------------------
2025-02-05 04:54:11.153 [Info] Updating list

--------------------------------------------------------------------------------
2025-02-05 04:54:21.063 [Info] Updating list

--------------------------------------------------------------------------------
2025-02-05 04:55:16.853 [Info] Updating list

--------------------------------------------------------------------------------
2025-02-05 04:55:26.771 [Info] Updating list

--------------------------------------------------------------------------------
2025-02-05 04:55:32.522 [Info] Updating list

--------------------------------------------------------------------------------
2025-02-05 04:57:13.738 [Info] Updating list

--------------------------------------------------------------------------------
2025-02-05 04:58:04.967 [Info] Updating list

--------------------------------------------------------------------------------
2025-02-05 05:00:21.624 [Info] Updating list

--------------------------------------------------------------------------------
2025-02-05 05:00:34.073 [Info] Updating list

--------------------------------------------------------------------------------
2025-02-05 05:01:51.037 [Info] Updating list

--------------------------------------------------------------------------------
2025-02-05 05:03:27.274 [Info] Updating list

--------------------------------------------------------------------------------
2025-02-05 05:04:52.748 [Info] Updating list

--------------------------------------------------------------------------------
2025-02-05 05:05:04.871 [Info] Updating list

--------------------------------------------------------------------------------
2025-02-05 05:05:34.885 [Info] Updating list

--------------------------------------------------------------------------------
2025-02-05 05:06:00.113 [Info] Updating list

--------------------------------------------------------------------------------
2025-02-05 05:06:13.167 [Info] Updating list

--------------------------------------------------------------------------------
2025-02-05 05:06:28.390 [Info] Updating list

--------------------------------------------------------------------------------
2025-02-05 05:11:51.483 [Info] Updating list

--------------------------------------------------------------------------------
2025-02-05 05:12:42.270 [Info] Updating list

--------------------------------------------------------------------------------
2025-02-05 05:13:04.448 [Info] Updating list

--------------------------------------------------------------------------------
2025-02-05 05:13:54.937 [Info] Updating list

--------------------------------------------------------------------------------
2025-02-05 05:14:07.505 [Info] Updating list

--------------------------------------------------------------------------------
2025-02-05 05:14:21.990 [Info] Updating list

--------------------------------------------------------------------------------
2025-02-05 05:16:03.925 [Info] Updating list

--------------------------------------------------------------------------------
2025-02-05 05:16:07.554 [Info] Updating list

--------------------------------------------------------------------------------
2025-02-05 05:17:02.696 [Info] Updating list

--------------------------------------------------------------------------------
2025-02-05 05:17:23.524 [Info] Updating list

--------------------------------------------------------------------------------
2025-02-05 05:18:18.999 [Info] Updating list

--------------------------------------------------------------------------------
2025-02-05 05:18:34.615 [Info] Updating list

--------------------------------------------------------------------------------
2025-02-05 05:18:48.429 [Info] Updating list

--------------------------------------------------------------------------------
2025-02-05 05:19:17.086 [Info] Updating list

--------------------------------------------------------------------------------
2025-02-05 05:20:22.154 [Info] Updating list

--------------------------------------------------------------------------------
2025-02-05 05:20:34.059 [Info] Updating list

--------------------------------------------------------------------------------
2025-02-05 05:23:11.071 [Info] Updating list

--------------------------------------------------------------------------------
2025-02-05 05:23:46.668 [Info] Updating list

--------------------------------------------------------------------------------
2025-02-05 05:24:21.144 [Info] Updating list

--------------------------------------------------------------------------------
2025-02-05 05:25:16.004 [Info] Updating list

--------------------------------------------------------------------------------
2025-02-05 05:25:43.466 [Info] Updating list

--------------------------------------------------------------------------------
2025-02-05 05:26:01.411 [Info] Updating list

--------------------------------------------------------------------------------
2025-02-05 05:26:22.894 [Info] Updating list

--------------------------------------------------------------------------------
2025-02-05 05:26:39.476 [Info] Updating list

--------------------------------------------------------------------------------
2025-02-05 05:33:54.656 [Info] Updating list

--------------------------------------------------------------------------------
2025-02-05 05:35:42.844 [Info] Updating list

--------------------------------------------------------------------------------
2025-02-05 05:35:43.534 [Info] Disconnected [0e054121-e08d-4655-80f2-bce4977bbc62].

--------------------------------------------------------------------------------
