2025-02-03 04:24:10.257 [Info] No network created to poll for server status.

--------------------------------------------------------------------------------
2025-02-03 04:24:17.908 [Info] Connecting to 127.0.0.1:5400...

--------------------------------------------------------------------------------
2025-02-03 04:24:17.922 [Info] Connected [25ffbbf5-ed66-47f3-941c-fdadf053e754].

--------------------------------------------------------------------------------
2025-02-03 04:24:17.931 [Info] Connection approved [25ffbbf5-ed66-47f3-941c-fdadf053e754].

--------------------------------------------------------------------------------
2025-02-03 04:25:30.018 [Info] Disconnected [25ffbbf5-ed66-47f3-941c-fdadf053e754].

--------------------------------------------------------------------------------
2025-02-03 04:26:05.014 [Info] Connecting to 127.0.0.1:5400...

--------------------------------------------------------------------------------
2025-02-03 04:26:05.019 [Info] Connected [29c7e6cc-21fe-47e0-a2d6-86ba74043db7].

--------------------------------------------------------------------------------
2025-02-03 04:26:05.048 [Info] Connection approved [29c7e6cc-21fe-47e0-a2d6-86ba74043db7].

--------------------------------------------------------------------------------
2025-02-03 04:27:11.367 [Info] Disconnected [29c7e6cc-21fe-47e0-a2d6-86ba74043db7].

--------------------------------------------------------------------------------
2025-02-03 04:32:54.441 [Info] Connecting to 127.0.0.1:5400...

--------------------------------------------------------------------------------
2025-02-03 04:32:54.448 [Info] Connected [f458985a-b3a8-489b-ad1d-01cdd054a2e5].

--------------------------------------------------------------------------------
2025-02-03 04:32:54.480 [Info] Connection approved [f458985a-b3a8-489b-ad1d-01cdd054a2e5].

--------------------------------------------------------------------------------
2025-02-03 04:32:59.425 [Info] Updating list

--------------------------------------------------------------------------------
2025-02-03 04:34:10.786 [Info] Updating list

--------------------------------------------------------------------------------
2025-02-03 05:17:32.035 [Info] Updating list

--------------------------------------------------------------------------------
2025-02-03 05:20:17.102 [Info] Updating list

--------------------------------------------------------------------------------
2025-02-03 05:20:17.193 [Info] Updating list

--------------------------------------------------------------------------------
2025-02-03 05:44:48.264 [Info] Updating list

--------------------------------------------------------------------------------
2025-02-03 05:45:09.490 [Info] Updating list

--------------------------------------------------------------------------------
2025-02-03 06:07:32.027 [Info] Updating list

--------------------------------------------------------------------------------
2025-02-03 06:07:42.951 [Info] Updating list

--------------------------------------------------------------------------------
2025-02-03 06:34:22.334 [Info] Updating list

--------------------------------------------------------------------------------
2025-02-03 06:43:20.655 [Info] Updating list

--------------------------------------------------------------------------------
2025-02-03 07:05:48.623 [Info] Updating list

--------------------------------------------------------------------------------
2025-02-03 07:20:37.746 [Info] Updating list

--------------------------------------------------------------------------------
2025-02-03 07:20:41.311 [Info] Updating list

--------------------------------------------------------------------------------
2025-02-03 07:42:53.244 [Info] Updating list

--------------------------------------------------------------------------------
2025-02-03 07:42:59.068 [Info] Updating list

--------------------------------------------------------------------------------
2025-02-03 07:51:40.384 [Info] Updating list

--------------------------------------------------------------------------------
2025-02-03 07:54:51.642 [Info] Updating list

--------------------------------------------------------------------------------
2025-02-03 07:54:57.598 [Info] Updating list

--------------------------------------------------------------------------------
2025-02-03 08:05:17.738 [Info] Updating list

--------------------------------------------------------------------------------
2025-02-03 08:05:20.899 [Info] Updating list

--------------------------------------------------------------------------------
2025-02-03 08:18:47.730 [Info] Updating list

--------------------------------------------------------------------------------
2025-02-03 08:19:43.406 [Info] Updating list

--------------------------------------------------------------------------------
2025-02-03 08:21:08.500 [Info] Updating list

--------------------------------------------------------------------------------
2025-02-03 08:22:28.717 [Info] Updating list

--------------------------------------------------------------------------------
2025-02-03 08:22:45.798 [Info] Updating list

--------------------------------------------------------------------------------
2025-02-03 08:27:06.111 [Info] Updating list

--------------------------------------------------------------------------------
2025-02-03 08:31:26.031 [Info] Updating list

--------------------------------------------------------------------------------
2025-02-03 08:50:12.313 [Info] Updating list

--------------------------------------------------------------------------------
2025-02-03 08:50:43.983 [Info] Updating list

--------------------------------------------------------------------------------
2025-02-03 09:10:52.312 [Info] Updating list

--------------------------------------------------------------------------------
2025-02-03 09:11:12.119 [Info] Updating list

--------------------------------------------------------------------------------
2025-02-03 09:11:46.617 [Info] Updating list

--------------------------------------------------------------------------------
2025-02-03 09:15:52.627 [Info] Updating list

--------------------------------------------------------------------------------
2025-02-03 09:16:21.371 [Info] Updating list

--------------------------------------------------------------------------------
2025-02-03 09:26:48.984 [Info] Updating list

--------------------------------------------------------------------------------
2025-02-03 09:44:57.875 [Info] Updating list

--------------------------------------------------------------------------------
2025-02-03 09:45:06.660 [Info] Disconnected [f458985a-b3a8-489b-ad1d-01cdd054a2e5].

--------------------------------------------------------------------------------
