2025-02-05 06:01:42.273 [Info] Discovered service type: Intersect.Plugins.PluginService

--------------------------------------------------------------------------------
2025-02-05 06:01:42.281 [Warn] Directory was specified as a plugin directory but does not exist: 'resources\plugins'

--------------------------------------------------------------------------------
2025-02-05 06:01:42.282 [Info] Discovered 0 plugins:


--------------------------------------------------------------------------------
2025-02-05 06:01:44.072 [Info] Connecting to 98.161.230.236:5400...

--------------------------------------------------------------------------------
2025-02-05 06:01:44.080 [Info] Connected [e4581408-0327-4c2e-acd9-6b2fe2f67975].

--------------------------------------------------------------------------------
2025-02-05 06:01:44.086 [Info] Connection approved [e4581408-0327-4c2e-acd9-6b2fe2f67975].

--------------------------------------------------------------------------------
2025-02-05 06:01:51.394 [Warn] 'Me' is null.

--------------------------------------------------------------------------------
2025-02-05 06:06:27.289 [Info] System window closing (due to user interaction most likely).

--------------------------------------------------------------------------------
2025-02-05 06:06:27.291 [Info] Disconnected [e4581408-0327-4c2e-acd9-6b2fe2f67975].

--------------------------------------------------------------------------------
2025-02-05 06:06:27.313 [Info] Acquiring context lock... (0ms)

--------------------------------------------------------------------------------
2025-02-05 06:06:27.313 [Info] Acquired. (0ms)

--------------------------------------------------------------------------------
2025-02-05 06:06:27.313 [Info] Beginning context dispose. (0ms)

--------------------------------------------------------------------------------
2025-02-05 06:06:27.314 [Info] GC.SuppressFinalize (0ms)

--------------------------------------------------------------------------------
2025-02-05 06:06:27.314 [Info] InternalDispose() completed. (0ms)

--------------------------------------------------------------------------------
2025-02-05 06:06:27.314 [Info] Clearing instance... (0ms)

--------------------------------------------------------------------------------
2025-02-05 06:06:27.314 [Info] Releasing context lock... (0ms)

--------------------------------------------------------------------------------
2025-02-05 06:06:27.314 [Info] Released. (0ms)

--------------------------------------------------------------------------------
