2025-01-12 06:23:58.420 [Info] Discovered service type: Intersect.Plugins.PluginService

--------------------------------------------------------------------------------
2025-01-12 06:23:58.428 [Warn] Directory was specified as a plugin directory but does not exist: 'resources\plugins'

--------------------------------------------------------------------------------
2025-01-12 06:23:58.428 [Info] Discovered 0 plugins:


--------------------------------------------------------------------------------
2025-01-12 06:24:02.332 [Info] Connecting to 127.0.0.1:5400...

--------------------------------------------------------------------------------
2025-01-12 06:24:02.347 [Info] Connected [c7bcfe0e-48de-4e6c-b4d6-1678e7bf1dbc].

--------------------------------------------------------------------------------
2025-01-12 06:24:02.363 [Info] Connection approved [c7bcfe0e-48de-4e6c-b4d6-1678e7bf1dbc].

--------------------------------------------------------------------------------
2025-01-12 06:24:31.020 [Warn] 'Me' is null.

--------------------------------------------------------------------------------
2025-01-12 06:24:53.641 [Info] System window closing (due to user interaction most likely).

--------------------------------------------------------------------------------
2025-01-12 06:24:53.643 [Info] Disconnected [c7bcfe0e-48de-4e6c-b4d6-1678e7bf1dbc].

--------------------------------------------------------------------------------
2025-01-12 06:24:53.672 [Info] Acquiring context lock... (0ms)

--------------------------------------------------------------------------------
2025-01-12 06:24:53.672 [Info] Acquired. (0ms)

--------------------------------------------------------------------------------
2025-01-12 06:24:53.673 [Info] Beginning context dispose. (0ms)

--------------------------------------------------------------------------------
2025-01-12 06:24:53.673 [Info] GC.SuppressFinalize (0ms)

--------------------------------------------------------------------------------
2025-01-12 06:24:53.673 [Info] InternalDispose() completed. (0ms)

--------------------------------------------------------------------------------
2025-01-12 06:24:53.673 [Info] Clearing instance... (0ms)

--------------------------------------------------------------------------------
2025-01-12 06:24:53.673 [Info] Releasing context lock... (0ms)

--------------------------------------------------------------------------------
2025-01-12 06:24:53.673 [Info] Released. (0ms)

--------------------------------------------------------------------------------
