2025-02-05 22:49:11.380 [Info] No network created to poll for server status.

--------------------------------------------------------------------------------
2025-02-05 22:49:12.325 [Info] Connecting to 98.161.230.236:5400...

--------------------------------------------------------------------------------
2025-02-05 22:49:12.333 [Info] Connected [d04571c5-3c1c-4427-9894-1664e7cfcafd].

--------------------------------------------------------------------------------
2025-02-05 22:49:12.343 [Info] Connection approved [d04571c5-3c1c-4427-9894-1664e7cfcafd].

--------------------------------------------------------------------------------
2025-02-05 22:49:16.622 [Info] Updating list

--------------------------------------------------------------------------------
2025-02-05 22:54:36.139 [Info] Updating list

--------------------------------------------------------------------------------
2025-02-05 22:55:01.075 [Info] Updating list

--------------------------------------------------------------------------------
2025-02-05 22:55:11.103 [Info] Updating list

--------------------------------------------------------------------------------
2025-02-05 22:57:13.827 [Info] Updating list

--------------------------------------------------------------------------------
2025-02-05 23:35:28.985 [Info] Updating list

--------------------------------------------------------------------------------
2025-02-05 23:45:36.998 [Info] Updating list

--------------------------------------------------------------------------------
2025-02-05 23:45:47.496 [Info] Updating list

--------------------------------------------------------------------------------
2025-02-05 23:45:56.336 [Info] Updating list

--------------------------------------------------------------------------------
2025-02-05 23:47:24.289 [Info] Updating list

--------------------------------------------------------------------------------
2025-02-05 23:47:25.030 [Info] Updating list

--------------------------------------------------------------------------------
2025-02-05 23:47:25.490 [Info] Updating list

--------------------------------------------------------------------------------
2025-02-05 23:47:26.259 [Info] Updating list

--------------------------------------------------------------------------------
2025-02-05 23:47:31.614 [Info] Updating list

--------------------------------------------------------------------------------
2025-02-05 23:47:32.670 [Info] Updating list

--------------------------------------------------------------------------------
2025-02-05 23:50:34.085 [Info] Updating list

--------------------------------------------------------------------------------
2025-02-05 23:50:36.798 [Info] Updating list

--------------------------------------------------------------------------------
2025-02-05 23:50:38.373 [Info] Updating list

--------------------------------------------------------------------------------
2025-02-05 23:50:40.800 [Info] Updating list

--------------------------------------------------------------------------------
2025-02-05 23:50:42.237 [Info] Updating list

--------------------------------------------------------------------------------
2025-02-05 23:50:43.614 [Info] Updating list

--------------------------------------------------------------------------------
2025-02-05 23:50:45.513 [Info] Updating list

--------------------------------------------------------------------------------
2025-02-05 23:50:47.998 [Info] Updating list

--------------------------------------------------------------------------------
2025-02-05 23:51:00.943 [Info] Updating list

--------------------------------------------------------------------------------
2025-02-06 00:00:32.004 [Info] Disconnected [d04571c5-3c1c-4427-9894-1664e7cfcafd].

--------------------------------------------------------------------------------
