2025-02-02 06:46:19.628 [Info] Discovered service type: Intersect.Plugins.PluginService

--------------------------------------------------------------------------------
2025-02-02 06:46:19.635 [Warn] Directory was specified as a plugin directory but does not exist: 'resources\plugins'

--------------------------------------------------------------------------------
2025-02-02 06:46:19.635 [Info] Discovered 0 plugins:


--------------------------------------------------------------------------------
2025-02-02 06:46:28.694 [Info] System window closing (due to user interaction most likely).

--------------------------------------------------------------------------------
2025-02-02 06:46:28.725 [Info] Acquiring context lock... (0ms)

--------------------------------------------------------------------------------
2025-02-02 06:46:28.725 [Info] Acquired. (0ms)

--------------------------------------------------------------------------------
2025-02-02 06:46:28.725 [Info] Beginning context dispose. (0ms)

--------------------------------------------------------------------------------
2025-02-02 06:46:28.725 [Info] GC.SuppressFinalize (0ms)

--------------------------------------------------------------------------------
2025-02-02 06:46:28.725 [Info] InternalDispose() completed. (0ms)

--------------------------------------------------------------------------------
2025-02-02 06:46:28.725 [Info] Clearing instance... (0ms)

--------------------------------------------------------------------------------
2025-02-02 06:46:28.725 [Info] Releasing context lock... (0ms)

--------------------------------------------------------------------------------
2025-02-02 06:46:28.725 [Info] Released. (0ms)

--------------------------------------------------------------------------------
