2025-01-30 22:26:58.470 [Info] No network created to poll for server status.

--------------------------------------------------------------------------------
2025-01-30 22:27:00.777 [Info] Connecting to 127.0.0.1:5400...

--------------------------------------------------------------------------------
2025-01-30 22:27:00.791 [Info] Connected [1de4c9c9-edf8-4940-9c27-4fd4e338fe53].

--------------------------------------------------------------------------------
2025-01-30 22:27:00.806 [Info] Connection approved [1de4c9c9-edf8-4940-9c27-4fd4e338fe53].

--------------------------------------------------------------------------------
2025-01-30 22:27:01.070 [Info] Updating list

--------------------------------------------------------------------------------
2025-01-30 22:28:46.970 [Info] Updating list

--------------------------------------------------------------------------------
2025-01-30 22:28:46.970 [Info] Updating list

--------------------------------------------------------------------------------
2025-01-30 22:28:46.992 [Info] Updating list

--------------------------------------------------------------------------------
2025-01-30 22:28:51.896 [Info] Updating list

--------------------------------------------------------------------------------
2025-01-30 22:28:51.896 [Info] Updating list

--------------------------------------------------------------------------------
2025-01-30 22:28:51.918 [Info] Updating list

--------------------------------------------------------------------------------
2025-01-30 22:34:58.106 [Info] Updating list

--------------------------------------------------------------------------------
2025-01-30 22:34:58.106 [Info] Updating list

--------------------------------------------------------------------------------
2025-01-30 22:34:58.127 [Info] Updating list

--------------------------------------------------------------------------------
2025-01-30 22:37:10.847 [Info] Updating list

--------------------------------------------------------------------------------
2025-01-30 22:37:43.666 [Info] Updating list

--------------------------------------------------------------------------------
2025-01-30 22:39:12.573 [Info] Disconnected [1de4c9c9-edf8-4940-9c27-4fd4e338fe53].

--------------------------------------------------------------------------------
