2025-02-06 18:45:20.923 [Info] Discovered service type: Intersect.Plugins.PluginService

--------------------------------------------------------------------------------
2025-02-06 18:45:20.931 [Warn] Directory was specified as a plugin directory but does not exist: 'resources\plugins'

--------------------------------------------------------------------------------
2025-02-06 18:45:20.931 [Info] Discovered 0 plugins:


--------------------------------------------------------------------------------
2025-02-06 18:45:24.109 [Info] Connecting to 98.161.230.236:5400...

--------------------------------------------------------------------------------
2025-02-06 18:45:24.124 [Info] Connected [84a08f0b-97b9-4fe7-aa06-650b7eac1629].

--------------------------------------------------------------------------------
2025-02-06 18:45:24.132 [Info] Connection approved [84a08f0b-97b9-4fe7-aa06-650b7eac1629].

--------------------------------------------------------------------------------
2025-02-06 18:45:26.532 [Warn] 'Me' is null.

--------------------------------------------------------------------------------
2025-02-06 18:47:08.985 [Info] Disconnected [84a08f0b-97b9-4fe7-aa06-650b7eac1629].

--------------------------------------------------------------------------------
2025-02-06 18:47:10.094 [Info] Connecting to 98.161.230.236:5400...

--------------------------------------------------------------------------------
2025-02-06 18:47:10.110 [Info] Connected [8d0585f1-c8d7-4845-9609-2d85de7b0aae].

--------------------------------------------------------------------------------
2025-02-06 18:47:10.115 [Info] Connection approved [8d0585f1-c8d7-4845-9609-2d85de7b0aae].

--------------------------------------------------------------------------------
2025-02-06 18:47:17.368 [Warn] 'Me' is null.

--------------------------------------------------------------------------------
2025-02-06 18:49:22.963 [Info] System window closing (due to user interaction most likely).

--------------------------------------------------------------------------------
2025-02-06 18:49:22.964 [Info] Disconnected [8d0585f1-c8d7-4845-9609-2d85de7b0aae].

--------------------------------------------------------------------------------
2025-02-06 18:49:22.995 [Info] Acquiring context lock... (0ms)

--------------------------------------------------------------------------------
2025-02-06 18:49:22.995 [Info] Acquired. (0ms)

--------------------------------------------------------------------------------
2025-02-06 18:49:22.995 [Info] Beginning context dispose. (0ms)

--------------------------------------------------------------------------------
2025-02-06 18:49:22.996 [Info] GC.SuppressFinalize (0ms)

--------------------------------------------------------------------------------
2025-02-06 18:49:22.996 [Info] InternalDispose() completed. (0ms)

--------------------------------------------------------------------------------
2025-02-06 18:49:22.996 [Info] Clearing instance... (0ms)

--------------------------------------------------------------------------------
2025-02-06 18:49:22.996 [Info] Releasing context lock... (0ms)

--------------------------------------------------------------------------------
2025-02-06 18:49:22.996 [Info] Released. (0ms)

--------------------------------------------------------------------------------
