2025-02-05 19:33:36.939 [Info] Discovered service type: Intersect.Plugins.PluginService

--------------------------------------------------------------------------------
2025-02-05 19:33:36.946 [Warn] Directory was specified as a plugin directory but does not exist: 'resources\plugins'

--------------------------------------------------------------------------------
2025-02-05 19:33:36.947 [Info] Discovered 0 plugins:


--------------------------------------------------------------------------------
2025-02-05 19:33:51.893 [Info] Connecting to 98.161.230.236:5400...

--------------------------------------------------------------------------------
2025-02-05 19:33:51.905 [Info] Connected [893443b1-4200-4347-b7f5-85923c6926e5].

--------------------------------------------------------------------------------
2025-02-05 19:33:51.912 [Info] Connection approved [893443b1-4200-4347-b7f5-85923c6926e5].

--------------------------------------------------------------------------------
2025-02-05 19:33:53.421 [Warn] 'Me' is null.

--------------------------------------------------------------------------------
2025-02-05 19:35:03.326 [Info] System window closing (due to user interaction most likely).

--------------------------------------------------------------------------------
2025-02-05 19:35:03.328 [Info] Disconnected [893443b1-4200-4347-b7f5-85923c6926e5].

--------------------------------------------------------------------------------
2025-02-05 19:35:03.357 [Info] Acquiring context lock... (0ms)

--------------------------------------------------------------------------------
2025-02-05 19:35:03.357 [Info] Acquired. (0ms)

--------------------------------------------------------------------------------
2025-02-05 19:35:03.358 [Info] Beginning context dispose. (0ms)

--------------------------------------------------------------------------------
2025-02-05 19:35:03.358 [Info] GC.SuppressFinalize (0ms)

--------------------------------------------------------------------------------
2025-02-05 19:35:03.358 [Info] InternalDispose() completed. (0ms)

--------------------------------------------------------------------------------
2025-02-05 19:35:03.358 [Info] Clearing instance... (0ms)

--------------------------------------------------------------------------------
2025-02-05 19:35:03.358 [Info] Releasing context lock... (0ms)

--------------------------------------------------------------------------------
2025-02-05 19:35:03.358 [Info] Released. (0ms)

--------------------------------------------------------------------------------
