2025-01-31 00:33:51.211 [Info] Discovered service type: Intersect.Plugins.PluginService

--------------------------------------------------------------------------------
2025-01-31 00:33:51.218 [Warn] Directory was specified as a plugin directory but does not exist: 'resources\plugins'

--------------------------------------------------------------------------------
2025-01-31 00:33:51.219 [Info] Discovered 0 plugins:


--------------------------------------------------------------------------------
2025-01-31 00:33:53.645 [Info] Connecting to 127.0.0.1:5400...

--------------------------------------------------------------------------------
2025-01-31 00:33:53.651 [Info] Connected [431d241e-d918-4e55-b624-e79e77c7e6c8].

--------------------------------------------------------------------------------
2025-01-31 00:33:53.668 [Info] Connection approved [431d241e-d918-4e55-b624-e79e77c7e6c8].

--------------------------------------------------------------------------------
2025-01-31 00:34:04.448 [Warn] 'Me' is null.

--------------------------------------------------------------------------------
2025-01-31 00:38:10.587 [Info] System window closing (due to user interaction most likely).

--------------------------------------------------------------------------------
2025-01-31 00:38:10.589 [Info] Disconnected [431d241e-d918-4e55-b624-e79e77c7e6c8].

--------------------------------------------------------------------------------
2025-01-31 00:38:10.607 [Info] Acquiring context lock... (0ms)

--------------------------------------------------------------------------------
2025-01-31 00:38:10.607 [Info] Acquired. (0ms)

--------------------------------------------------------------------------------
2025-01-31 00:38:10.608 [Info] Beginning context dispose. (0ms)

--------------------------------------------------------------------------------
2025-01-31 00:38:10.608 [Info] GC.SuppressFinalize (0ms)

--------------------------------------------------------------------------------
2025-01-31 00:38:10.608 [Info] InternalDispose() completed. (0ms)

--------------------------------------------------------------------------------
2025-01-31 00:38:10.608 [Info] Clearing instance... (0ms)

--------------------------------------------------------------------------------
2025-01-31 00:38:10.608 [Info] Releasing context lock... (0ms)

--------------------------------------------------------------------------------
2025-01-31 00:38:10.608 [Info] Released. (0ms)

--------------------------------------------------------------------------------
