2025-02-05 05:40:07.090 [Info] No network created to poll for server status.

--------------------------------------------------------------------------------
2025-02-05 05:40:08.235 [Info] Connecting to 98.161.230.236:5400...

--------------------------------------------------------------------------------
2025-02-05 05:40:08.244 [Info] Connected [f7412252-4476-432a-86ea-58c9fd8748b7].

--------------------------------------------------------------------------------
2025-02-05 05:40:08.261 [Info] Connection approved [f7412252-4476-432a-86ea-58c9fd8748b7].

--------------------------------------------------------------------------------
2025-02-05 05:40:08.768 [Info] Updating list

--------------------------------------------------------------------------------
2025-02-05 05:41:57.437 [Info] Updating list

--------------------------------------------------------------------------------
2025-02-05 05:42:24.337 [Info] Updating list

--------------------------------------------------------------------------------
2025-02-05 05:45:46.763 [Info] Updating list

--------------------------------------------------------------------------------
2025-02-05 05:45:54.994 [Info] Updating list

--------------------------------------------------------------------------------
2025-02-05 05:46:04.873 [Info] Updating list

--------------------------------------------------------------------------------
2025-02-05 05:46:12.659 [Info] Updating list

--------------------------------------------------------------------------------
2025-02-05 05:56:11.526 [Info] Disconnected [f7412252-4476-432a-86ea-58c9fd8748b7].

--------------------------------------------------------------------------------
