2025-02-05 05:36:28.797 [Info] Discovered service type: Intersect.Plugins.PluginService

--------------------------------------------------------------------------------
2025-02-05 05:36:28.805 [Warn] Directory was specified as a plugin directory but does not exist: 'resources\plugins'

--------------------------------------------------------------------------------
2025-02-05 05:36:28.805 [Info] Discovered 0 plugins:


--------------------------------------------------------------------------------
2025-02-05 05:36:31.306 [Info] Connecting to 98.161.230.236:5400...

--------------------------------------------------------------------------------
2025-02-05 05:36:31.315 [Info] Connected [1e9bf5a4-1143-4ced-97b0-533af18a051c].

--------------------------------------------------------------------------------
2025-02-05 05:36:31.329 [Info] Connection approved [1e9bf5a4-1143-4ced-97b0-533af18a051c].

--------------------------------------------------------------------------------
2025-02-05 05:36:32.875 [Warn] 'Me' is null.

--------------------------------------------------------------------------------
2025-02-05 05:38:10.364 [Info] System window closing (due to user interaction most likely).

--------------------------------------------------------------------------------
2025-02-05 05:38:10.366 [Info] Disconnected [1e9bf5a4-1143-4ced-97b0-533af18a051c].

--------------------------------------------------------------------------------
2025-02-05 05:38:10.394 [Info] Acquiring context lock... (0ms)

--------------------------------------------------------------------------------
2025-02-05 05:38:10.394 [Info] Acquired. (0ms)

--------------------------------------------------------------------------------
2025-02-05 05:38:10.395 [Info] Beginning context dispose. (0ms)

--------------------------------------------------------------------------------
2025-02-05 05:38:10.395 [Info] GC.SuppressFinalize (0ms)

--------------------------------------------------------------------------------
2025-02-05 05:38:10.395 [Info] InternalDispose() completed. (0ms)

--------------------------------------------------------------------------------
2025-02-05 05:38:10.395 [Info] Clearing instance... (0ms)

--------------------------------------------------------------------------------
2025-02-05 05:38:10.395 [Info] Releasing context lock... (0ms)

--------------------------------------------------------------------------------
2025-02-05 05:38:10.395 [Info] Released. (0ms)

--------------------------------------------------------------------------------
