2025-02-06 16:44:11.157 [Info] No network created to poll for server status.

--------------------------------------------------------------------------------
2025-02-06 16:44:12.304 [Info] Connecting to 98.161.230.236:5400...

--------------------------------------------------------------------------------
2025-02-06 16:44:12.321 [Info] Connected [d0c7581b-f17a-47db-b489-c751ac780d18].

--------------------------------------------------------------------------------
2025-02-06 16:44:12.324 [Info] Connection approved [d0c7581b-f17a-47db-b489-c751ac780d18].

--------------------------------------------------------------------------------
2025-02-06 16:44:13.370 [Info] Updating list

--------------------------------------------------------------------------------
2025-02-06 16:46:47.459 [Info] Updating list

--------------------------------------------------------------------------------
2025-02-06 16:49:04.957 [Info] Updating list

--------------------------------------------------------------------------------
2025-02-06 17:05:06.536 [Info] Updating list

--------------------------------------------------------------------------------
2025-02-06 17:06:22.802 [Info] Updating list

--------------------------------------------------------------------------------
2025-02-06 17:07:08.337 [Info] Updating list

--------------------------------------------------------------------------------
2025-02-06 17:07:12.758 [Info] Updating list

--------------------------------------------------------------------------------
2025-02-06 17:08:46.167 [Info] Updating list

--------------------------------------------------------------------------------
2025-02-06 17:08:48.130 [Info] Updating list

--------------------------------------------------------------------------------
2025-02-06 17:08:52.376 [Info] Updating list

--------------------------------------------------------------------------------
2025-02-06 17:08:54.372 [Info] Updating list

--------------------------------------------------------------------------------
2025-02-06 17:08:59.220 [Info] Updating list

--------------------------------------------------------------------------------
2025-02-06 17:09:01.591 [Info] Updating list

--------------------------------------------------------------------------------
2025-02-06 17:09:06.622 [Info] Updating list

--------------------------------------------------------------------------------
2025-02-06 17:09:09.005 [Info] Updating list

--------------------------------------------------------------------------------
2025-02-06 17:09:13.399 [Info] Updating list

--------------------------------------------------------------------------------
2025-02-06 17:09:15.473 [Info] Updating list

--------------------------------------------------------------------------------
2025-02-06 17:09:19.398 [Info] Updating list

--------------------------------------------------------------------------------
2025-02-06 17:09:21.852 [Info] Updating list

--------------------------------------------------------------------------------
2025-02-06 17:09:43.134 [Info] Updating list

--------------------------------------------------------------------------------
2025-02-06 17:09:58.668 [Info] Updating list

--------------------------------------------------------------------------------
2025-02-06 17:10:02.949 [Info] Updating list

--------------------------------------------------------------------------------
2025-02-06 17:10:05.640 [Info] Updating list

--------------------------------------------------------------------------------
2025-02-06 17:10:11.498 [Info] Updating list

--------------------------------------------------------------------------------
2025-02-06 17:10:14.559 [Info] Updating list

--------------------------------------------------------------------------------
2025-02-06 17:10:18.783 [Info] Updating list

--------------------------------------------------------------------------------
2025-02-06 17:10:21.707 [Info] Updating list

--------------------------------------------------------------------------------
2025-02-06 17:10:26.326 [Info] Updating list

--------------------------------------------------------------------------------
2025-02-06 17:10:28.442 [Info] Updating list

--------------------------------------------------------------------------------
2025-02-06 17:10:31.962 [Info] Updating list

--------------------------------------------------------------------------------
2025-02-06 17:10:34.175 [Info] Updating list

--------------------------------------------------------------------------------
2025-02-06 17:10:37.970 [Info] Updating list

--------------------------------------------------------------------------------
2025-02-06 17:10:40.137 [Info] Updating list

--------------------------------------------------------------------------------
2025-02-06 17:10:44.118 [Info] Updating list

--------------------------------------------------------------------------------
2025-02-06 17:10:45.969 [Info] Updating list

--------------------------------------------------------------------------------
2025-02-06 17:10:51.301 [Info] Updating list

--------------------------------------------------------------------------------
2025-02-06 17:10:53.429 [Info] Updating list

--------------------------------------------------------------------------------
2025-02-06 17:10:57.189 [Info] Updating list

--------------------------------------------------------------------------------
2025-02-06 17:10:59.622 [Info] Updating list

--------------------------------------------------------------------------------
2025-02-06 17:12:17.399 [Info] Disconnected [d0c7581b-f17a-47db-b489-c751ac780d18].

--------------------------------------------------------------------------------
