2025-02-05 05:46:21.253 [Info] Discovered service type: Intersect.Plugins.PluginService

--------------------------------------------------------------------------------
2025-02-05 05:46:21.260 [Warn] Directory was specified as a plugin directory but does not exist: 'resources\plugins'

--------------------------------------------------------------------------------
2025-02-05 05:46:21.261 [Info] Discovered 0 plugins:


--------------------------------------------------------------------------------
2025-02-05 05:46:23.987 [Info] Connecting to 98.161.230.236:5400...

--------------------------------------------------------------------------------
2025-02-05 05:46:23.995 [Info] Connected [e8da861e-6486-4785-b597-3f741d552070].

--------------------------------------------------------------------------------
2025-02-05 05:46:24.011 [Info] Connection approved [e8da861e-6486-4785-b597-3f741d552070].

--------------------------------------------------------------------------------
2025-02-05 05:46:25.473 [Warn] 'Me' is null.

--------------------------------------------------------------------------------
2025-02-05 05:53:56.713 [Info] System window closing (due to user interaction most likely).

--------------------------------------------------------------------------------
2025-02-05 05:53:56.716 [Info] Disconnected [e8da861e-6486-4785-b597-3f741d552070].

--------------------------------------------------------------------------------
2025-02-05 05:53:56.742 [Info] Acquiring context lock... (0ms)

--------------------------------------------------------------------------------
2025-02-05 05:53:56.742 [Info] Acquired. (0ms)

--------------------------------------------------------------------------------
2025-02-05 05:53:56.742 [Info] Beginning context dispose. (0ms)

--------------------------------------------------------------------------------
2025-02-05 05:53:56.743 [Info] GC.SuppressFinalize (0ms)

--------------------------------------------------------------------------------
2025-02-05 05:53:56.743 [Info] InternalDispose() completed. (0ms)

--------------------------------------------------------------------------------
2025-02-05 05:53:56.743 [Info] Clearing instance... (0ms)

--------------------------------------------------------------------------------
2025-02-05 05:53:56.743 [Info] Releasing context lock... (0ms)

--------------------------------------------------------------------------------
2025-02-05 05:53:56.743 [Info] Released. (0ms)

--------------------------------------------------------------------------------
