2025-02-05 05:54:04.373 [Info] Discovered service type: Intersect.Plugins.PluginService

--------------------------------------------------------------------------------
2025-02-05 05:54:04.381 [Warn] Directory was specified as a plugin directory but does not exist: 'resources\plugins'

--------------------------------------------------------------------------------
2025-02-05 05:54:04.381 [Info] Discovered 0 plugins:


--------------------------------------------------------------------------------
2025-02-05 05:54:06.307 [Info] Connecting to 98.161.230.236:5400...

--------------------------------------------------------------------------------
2025-02-05 05:54:06.316 [Info] Connected [3b96185a-9d5f-4599-b186-dd1f341d1124].

--------------------------------------------------------------------------------
2025-02-05 05:54:06.332 [Info] Connection approved [3b96185a-9d5f-4599-b186-dd1f341d1124].

--------------------------------------------------------------------------------
2025-02-05 05:54:07.995 [Warn] 'Me' is null.

--------------------------------------------------------------------------------
2025-02-05 05:56:08.694 [Info] System window closing (due to user interaction most likely).

--------------------------------------------------------------------------------
2025-02-05 05:56:08.697 [Info] Disconnected [3b96185a-9d5f-4599-b186-dd1f341d1124].

--------------------------------------------------------------------------------
2025-02-05 05:56:08.734 [Info] Acquiring context lock... (0ms)

--------------------------------------------------------------------------------
2025-02-05 05:56:08.734 [Info] Acquired. (0ms)

--------------------------------------------------------------------------------
2025-02-05 05:56:08.735 [Info] Beginning context dispose. (0ms)

--------------------------------------------------------------------------------
2025-02-05 05:56:08.735 [Info] GC.SuppressFinalize (0ms)

--------------------------------------------------------------------------------
2025-02-05 05:56:08.735 [Info] InternalDispose() completed. (0ms)

--------------------------------------------------------------------------------
2025-02-05 05:56:08.735 [Info] Clearing instance... (0ms)

--------------------------------------------------------------------------------
2025-02-05 05:56:08.735 [Info] Releasing context lock... (1ms)

--------------------------------------------------------------------------------
2025-02-05 05:56:08.735 [Info] Released. (1ms)

--------------------------------------------------------------------------------
