2025-02-02 07:05:43.620 [Info] Discovered service type: Intersect.Plugins.PluginService

--------------------------------------------------------------------------------
2025-02-02 07:05:43.628 [Warn] Directory was specified as a plugin directory but does not exist: 'resources\plugins'

--------------------------------------------------------------------------------
2025-02-02 07:05:43.629 [Info] Discovered 0 plugins:


--------------------------------------------------------------------------------
2025-02-02 07:05:45.640 [Info] Connecting to 127.0.0.1:5400...

--------------------------------------------------------------------------------
2025-02-02 07:05:45.647 [Info] Connected [b56b0d71-e983-4b9f-a488-0afe1a8b7231].

--------------------------------------------------------------------------------
2025-02-02 07:05:45.663 [Info] Connection approved [b56b0d71-e983-4b9f-a488-0afe1a8b7231].

--------------------------------------------------------------------------------
2025-02-02 07:05:48.046 [Warn] 'Me' is null.

--------------------------------------------------------------------------------
2025-02-02 07:06:02.807 [Info] System window closing (due to user interaction most likely).

--------------------------------------------------------------------------------
2025-02-02 07:06:02.809 [Info] Disconnected [b56b0d71-e983-4b9f-a488-0afe1a8b7231].

--------------------------------------------------------------------------------
2025-02-02 07:06:02.842 [Info] Acquiring context lock... (0ms)

--------------------------------------------------------------------------------
2025-02-02 07:06:02.842 [Info] Acquired. (0ms)

--------------------------------------------------------------------------------
2025-02-02 07:06:02.843 [Info] Beginning context dispose. (0ms)

--------------------------------------------------------------------------------
2025-02-02 07:06:02.843 [Info] GC.SuppressFinalize (0ms)

--------------------------------------------------------------------------------
2025-02-02 07:06:02.843 [Info] InternalDispose() completed. (0ms)

--------------------------------------------------------------------------------
2025-02-02 07:06:02.843 [Info] Clearing instance... (0ms)

--------------------------------------------------------------------------------
2025-02-02 07:06:02.843 [Info] Releasing context lock... (0ms)

--------------------------------------------------------------------------------
2025-02-02 07:06:02.843 [Info] Released. (0ms)

--------------------------------------------------------------------------------
