2024-12-10 03:15:26.134 [Info] No network created to poll for server status.

--------------------------------------------------------------------------------
2024-12-10 03:15:27.103 [Info] Connecting to 127.0.0.1:5400...

--------------------------------------------------------------------------------
2024-12-10 03:15:27.117 [Info] Connected [f5629dba-ac7b-4723-938c-db72e3bb8766].

--------------------------------------------------------------------------------
2024-12-10 03:15:27.149 [Info] Connection approved [f5629dba-ac7b-4723-938c-db72e3bb8766].

--------------------------------------------------------------------------------
2024-12-10 03:15:27.544 [Info] Updating list

--------------------------------------------------------------------------------
2024-12-10 04:18:51.635 [Info] Updating list

--------------------------------------------------------------------------------
2024-12-10 04:19:12.198 [Info] Updating list

--------------------------------------------------------------------------------
2024-12-10 04:19:12.267 [Info] Updating list

--------------------------------------------------------------------------------
2024-12-10 04:19:22.650 [Info] Updating list

--------------------------------------------------------------------------------
2024-12-10 04:22:28.186 [Info] Disconnected [f5629dba-ac7b-4723-938c-db72e3bb8766].

--------------------------------------------------------------------------------
