2025-02-03 05:36:56.743 [Info] Discovered service type: Intersect.Plugins.PluginService

--------------------------------------------------------------------------------
2025-02-03 05:36:56.751 [Warn] Directory was specified as a plugin directory but does not exist: 'resources\plugins'

--------------------------------------------------------------------------------
2025-02-03 05:36:56.752 [Info] Discovered 0 plugins:


--------------------------------------------------------------------------------
2025-02-03 05:37:41.105 [Info] Connecting to 127.0.0.1:5400...

--------------------------------------------------------------------------------
2025-02-03 05:37:41.111 [Info] Connected [89031f64-bc48-462b-a9f0-3d099cad89e7].

--------------------------------------------------------------------------------
2025-02-03 05:37:41.116 [Info] Connection approved [89031f64-bc48-462b-a9f0-3d099cad89e7].

--------------------------------------------------------------------------------
2025-02-03 05:38:21.621 [Info] Disconnected [89031f64-bc48-462b-a9f0-3d099cad89e7].

--------------------------------------------------------------------------------
2025-02-03 05:38:22.424 [Info] Connecting to 127.0.0.1:5400...

--------------------------------------------------------------------------------
2025-02-03 05:38:22.428 [Info] Connected [6875b96b-c885-4b94-ae6a-f3dd757ef831].

--------------------------------------------------------------------------------
2025-02-03 05:38:22.441 [Info] Connection approved [6875b96b-c885-4b94-ae6a-f3dd757ef831].

--------------------------------------------------------------------------------
2025-02-03 05:38:37.790 [Warn] 'Me' is null.

--------------------------------------------------------------------------------
2025-02-03 06:38:33.346 [Info] System window closing (due to user interaction most likely).

--------------------------------------------------------------------------------
2025-02-03 06:38:33.347 [Info] Disconnected [6875b96b-c885-4b94-ae6a-f3dd757ef831].

--------------------------------------------------------------------------------
2025-02-03 06:38:33.371 [Info] Acquiring context lock... (0ms)

--------------------------------------------------------------------------------
2025-02-03 06:38:33.371 [Info] Acquired. (0ms)

--------------------------------------------------------------------------------
2025-02-03 06:38:33.372 [Info] Beginning context dispose. (0ms)

--------------------------------------------------------------------------------
2025-02-03 06:38:33.372 [Info] GC.SuppressFinalize (0ms)

--------------------------------------------------------------------------------
2025-02-03 06:38:33.372 [Info] InternalDispose() completed. (0ms)

--------------------------------------------------------------------------------
2025-02-03 06:38:33.372 [Info] Clearing instance... (0ms)

--------------------------------------------------------------------------------
2025-02-03 06:38:33.372 [Info] Releasing context lock... (0ms)

--------------------------------------------------------------------------------
2025-02-03 06:38:33.372 [Info] Released. (1ms)

--------------------------------------------------------------------------------
