2025-02-05 03:26:43.418 [Info] Discovered service type: Intersect.Plugins.PluginService

--------------------------------------------------------------------------------
2025-02-05 03:26:43.425 [Warn] Directory was specified as a plugin directory but does not exist: 'resources\plugins'

--------------------------------------------------------------------------------
2025-02-05 03:26:43.426 [Info] Discovered 0 plugins:


--------------------------------------------------------------------------------
2025-02-05 03:26:53.137 [Info] User clicked exit button.

--------------------------------------------------------------------------------
2025-02-05 03:26:53.145 [Info] System window closing (due to user interaction most likely).

--------------------------------------------------------------------------------
2025-02-05 03:26:53.164 [Info] Acquiring context lock... (0ms)

--------------------------------------------------------------------------------
2025-02-05 03:26:53.164 [Info] Acquired. (0ms)

--------------------------------------------------------------------------------
2025-02-05 03:26:53.165 [Info] Beginning context dispose. (0ms)

--------------------------------------------------------------------------------
2025-02-05 03:26:53.165 [Info] GC.SuppressFinalize (0ms)

--------------------------------------------------------------------------------
2025-02-05 03:26:53.165 [Info] InternalDispose() completed. (0ms)

--------------------------------------------------------------------------------
2025-02-05 03:26:53.165 [Info] Clearing instance... (1ms)

--------------------------------------------------------------------------------
2025-02-05 03:26:53.165 [Info] Releasing context lock... (1ms)

--------------------------------------------------------------------------------
2025-02-05 03:26:53.165 [Info] Released. (1ms)

--------------------------------------------------------------------------------
