2025-02-02 17:16:52.081 [Info] Discovered service type: Intersect.Plugins.PluginService

--------------------------------------------------------------------------------
2025-02-02 17:16:52.089 [Warn] Directory was specified as a plugin directory but does not exist: 'resources\plugins'

--------------------------------------------------------------------------------
2025-02-02 17:16:52.090 [Info] Discovered 0 plugins:


--------------------------------------------------------------------------------
2025-02-02 17:16:55.873 [Info] Connecting to 127.0.0.1:5400...

--------------------------------------------------------------------------------
2025-02-02 17:16:55.888 [Info] Connected [2e1d5448-4c48-4b17-b510-19ad55bf0364].

--------------------------------------------------------------------------------
2025-02-02 17:16:55.904 [Info] Connection approved [2e1d5448-4c48-4b17-b510-19ad55bf0364].

--------------------------------------------------------------------------------
2025-02-02 17:16:58.028 [Warn] 'Me' is null.

--------------------------------------------------------------------------------
2025-02-02 17:18:26.368 [Warn] 'Me' is null.

--------------------------------------------------------------------------------
2025-02-02 17:18:26.375 [Warn] 'GameUi' is null.

--------------------------------------------------------------------------------
2025-02-02 17:19:23.661 [Info] System window closing (due to user interaction most likely).

--------------------------------------------------------------------------------
2025-02-02 17:19:23.664 [Info] Disconnected [2e1d5448-4c48-4b17-b510-19ad55bf0364].

--------------------------------------------------------------------------------
2025-02-02 17:19:23.803 [Info] Acquiring context lock... (0ms)

--------------------------------------------------------------------------------
2025-02-02 17:19:23.803 [Info] Acquired. (0ms)

--------------------------------------------------------------------------------
2025-02-02 17:19:23.803 [Info] Beginning context dispose. (0ms)

--------------------------------------------------------------------------------
2025-02-02 17:19:23.803 [Info] GC.SuppressFinalize (0ms)

--------------------------------------------------------------------------------
2025-02-02 17:19:23.804 [Info] InternalDispose() completed. (0ms)

--------------------------------------------------------------------------------
2025-02-02 17:19:23.804 [Info] Clearing instance... (0ms)

--------------------------------------------------------------------------------
2025-02-02 17:19:23.804 [Info] Releasing context lock... (0ms)

--------------------------------------------------------------------------------
2025-02-02 17:19:23.804 [Info] Released. (0ms)

--------------------------------------------------------------------------------
