2025-01-30 17:08:41.376 [Info] Discovered service type: Intersect.Plugins.PluginService

--------------------------------------------------------------------------------
2025-01-30 17:08:41.384 [Warn] Directory was specified as a plugin directory but does not exist: 'resources\plugins'

--------------------------------------------------------------------------------
2025-01-30 17:08:41.384 [Info] Discovered 0 plugins:


--------------------------------------------------------------------------------
2025-01-30 17:08:44.464 [Info] Connecting to 127.0.0.1:5400...

--------------------------------------------------------------------------------
2025-01-30 17:08:44.471 [Info] Connected [829b9813-a3ee-492a-8bc6-770ec916fb82].

--------------------------------------------------------------------------------
2025-01-30 17:08:44.478 [Info] Connection approved [829b9813-a3ee-492a-8bc6-770ec916fb82].

--------------------------------------------------------------------------------
2025-01-30 17:08:46.211 [Warn] 'Me' is null.

--------------------------------------------------------------------------------
2025-01-30 17:09:10.930 [Info] System window closing (due to user interaction most likely).

--------------------------------------------------------------------------------
2025-01-30 17:09:10.932 [Info] Disconnected [829b9813-a3ee-492a-8bc6-770ec916fb82].

--------------------------------------------------------------------------------
2025-01-30 17:09:10.964 [Info] Acquiring context lock... (0ms)

--------------------------------------------------------------------------------
2025-01-30 17:09:10.964 [Info] Acquired. (0ms)

--------------------------------------------------------------------------------
2025-01-30 17:09:10.964 [Info] Beginning context dispose. (0ms)

--------------------------------------------------------------------------------
2025-01-30 17:09:10.964 [Info] GC.SuppressFinalize (0ms)

--------------------------------------------------------------------------------
2025-01-30 17:09:10.964 [Info] InternalDispose() completed. (0ms)

--------------------------------------------------------------------------------
2025-01-30 17:09:10.964 [Info] Clearing instance... (0ms)

--------------------------------------------------------------------------------
2025-01-30 17:09:10.964 [Info] Releasing context lock... (0ms)

--------------------------------------------------------------------------------
2025-01-30 17:09:10.964 [Info] Released. (0ms)

--------------------------------------------------------------------------------
