2025-02-04 04:25:33.646 [Info] No network created to poll for server status.

--------------------------------------------------------------------------------
2025-02-04 04:25:34.768 [Info] Connecting to 127.0.0.1:5400...

--------------------------------------------------------------------------------
2025-02-04 04:25:34.782 [Info] Connected [ccac5b8c-e9b9-43b7-b927-bad128a4dbe0].

--------------------------------------------------------------------------------
2025-02-04 04:25:34.790 [Info] Connection approved [ccac5b8c-e9b9-43b7-b927-bad128a4dbe0].

--------------------------------------------------------------------------------
2025-02-04 04:25:35.485 [Info] Updating list

--------------------------------------------------------------------------------
2025-02-04 04:31:37.075 [Info] Updating list

--------------------------------------------------------------------------------
2025-02-04 04:35:14.913 [Info] Updating list

--------------------------------------------------------------------------------
2025-02-04 04:37:50.128 [Info] Updating list

--------------------------------------------------------------------------------
2025-02-04 04:37:50.129 [Info] Updating list

--------------------------------------------------------------------------------
2025-02-04 04:37:50.153 [Info] Updating list

--------------------------------------------------------------------------------
2025-02-04 04:38:03.230 [Info] Updating list

--------------------------------------------------------------------------------
2025-02-04 04:39:25.435 [Info] Updating list

--------------------------------------------------------------------------------
2025-02-04 04:40:22.524 [Info] Updating list

--------------------------------------------------------------------------------
2025-02-04 04:41:24.428 [Info] Updating list

--------------------------------------------------------------------------------
2025-02-04 04:41:43.863 [Info] Updating list

--------------------------------------------------------------------------------
2025-02-04 04:42:59.825 [Info] Updating list

--------------------------------------------------------------------------------
2025-02-04 04:43:58.987 [Info] Updating list

--------------------------------------------------------------------------------
2025-02-04 04:44:02.066 [Info] Disconnected [ccac5b8c-e9b9-43b7-b927-bad128a4dbe0].

--------------------------------------------------------------------------------
