2025-02-05 03:03:41.899 [Info] No network created to poll for server status.

--------------------------------------------------------------------------------
2025-02-05 03:03:42.915 [Info] Connecting to 127.0.0.1:5400...

--------------------------------------------------------------------------------
2025-02-05 03:03:42.929 [Info] Connected [088b805a-4bb4-4e21-8f2c-932f0f23d550].

--------------------------------------------------------------------------------
2025-02-05 03:03:42.946 [Info] Connection approved [088b805a-4bb4-4e21-8f2c-932f0f23d550].

--------------------------------------------------------------------------------
2025-02-05 03:03:44.176 [Info] Updating list

--------------------------------------------------------------------------------
2025-02-05 03:03:55.604 [Info] Updating list

--------------------------------------------------------------------------------
2025-02-05 03:04:10.630 [Info] Updating list

--------------------------------------------------------------------------------
2025-02-05 03:04:15.298 [Info] Updating list

--------------------------------------------------------------------------------
2025-02-05 03:04:16.247 [Info] Updating list

--------------------------------------------------------------------------------
2025-02-05 03:04:16.964 [Info] Updating list

--------------------------------------------------------------------------------
2025-02-05 03:04:17.554 [Info] Updating list

--------------------------------------------------------------------------------
2025-02-05 03:04:18.165 [Info] Updating list

--------------------------------------------------------------------------------
2025-02-05 03:04:18.795 [Info] Updating list

--------------------------------------------------------------------------------
2025-02-05 03:04:19.439 [Info] Updating list

--------------------------------------------------------------------------------
2025-02-05 03:04:20.269 [Info] Updating list

--------------------------------------------------------------------------------
2025-02-05 03:04:20.851 [Info] Updating list

--------------------------------------------------------------------------------
2025-02-05 03:04:21.417 [Info] Updating list

--------------------------------------------------------------------------------
2025-02-05 03:04:22.028 [Info] Updating list

--------------------------------------------------------------------------------
2025-02-05 03:04:22.698 [Info] Updating list

--------------------------------------------------------------------------------
2025-02-05 03:04:23.247 [Info] Updating list

--------------------------------------------------------------------------------
2025-02-05 03:04:23.922 [Info] Updating list

--------------------------------------------------------------------------------
2025-02-05 03:04:24.565 [Info] Updating list

--------------------------------------------------------------------------------
2025-02-05 03:04:25.163 [Info] Updating list

--------------------------------------------------------------------------------
2025-02-05 03:04:25.729 [Info] Updating list

--------------------------------------------------------------------------------
2025-02-05 03:04:35.373 [Info] Updating list

--------------------------------------------------------------------------------
2025-02-05 03:04:38.611 [Info] Updating list

--------------------------------------------------------------------------------
2025-02-05 03:04:40.697 [Info] Updating list

--------------------------------------------------------------------------------
2025-02-05 03:04:46.738 [Info] Updating list

--------------------------------------------------------------------------------
2025-02-05 03:04:50.560 [Info] Updating list

--------------------------------------------------------------------------------
2025-02-05 03:05:06.008 [Info] Updating list

--------------------------------------------------------------------------------
2025-02-05 03:05:08.054 [Info] Updating list

--------------------------------------------------------------------------------
2025-02-05 03:05:11.957 [Info] Updating list

--------------------------------------------------------------------------------
2025-02-05 03:05:17.448 [Info] Updating list

--------------------------------------------------------------------------------
2025-02-05 03:05:25.479 [Info] Updating list

--------------------------------------------------------------------------------
2025-02-05 03:05:31.767 [Info] Updating list

--------------------------------------------------------------------------------
2025-02-05 03:05:40.611 [Info] Updating list

--------------------------------------------------------------------------------
2025-02-05 03:05:44.132 [Info] Updating list

--------------------------------------------------------------------------------
2025-02-05 03:05:48.158 [Info] Updating list

--------------------------------------------------------------------------------
2025-02-05 03:06:05.763 [Info] Disconnected [088b805a-4bb4-4e21-8f2c-932f0f23d550].

--------------------------------------------------------------------------------
