2025-02-03 04:10:32.239 [Info] Discovered service type: Intersect.Plugins.PluginService

--------------------------------------------------------------------------------
2025-02-03 04:10:32.246 [Warn] Directory was specified as a plugin directory but does not exist: 'resources\plugins'

--------------------------------------------------------------------------------
2025-02-03 04:10:32.247 [Info] Discovered 0 plugins:


--------------------------------------------------------------------------------
2025-02-03 04:10:34.282 [Info] Connecting to 127.0.0.1:5400...

--------------------------------------------------------------------------------
2025-02-03 04:10:34.296 [Info] Connected [e1c322a6-3e0b-4937-8cd8-ed7538172104].

--------------------------------------------------------------------------------
2025-02-03 04:10:34.313 [Info] Connection approved [e1c322a6-3e0b-4937-8cd8-ed7538172104].

--------------------------------------------------------------------------------
2025-02-03 04:10:36.347 [Warn] 'Me' is null.

--------------------------------------------------------------------------------
2025-02-03 05:03:01.565 [Info] System window closing (due to user interaction most likely).

--------------------------------------------------------------------------------
2025-02-03 05:03:01.567 [Info] Disconnected [e1c322a6-3e0b-4937-8cd8-ed7538172104].

--------------------------------------------------------------------------------
2025-02-03 05:03:01.597 [Info] Acquiring context lock... (0ms)

--------------------------------------------------------------------------------
2025-02-03 05:03:01.598 [Info] Acquired. (0ms)

--------------------------------------------------------------------------------
2025-02-03 05:03:01.598 [Info] Beginning context dispose. (0ms)

--------------------------------------------------------------------------------
2025-02-03 05:03:01.598 [Info] GC.SuppressFinalize (0ms)

--------------------------------------------------------------------------------
2025-02-03 05:03:01.598 [Info] InternalDispose() completed. (0ms)

--------------------------------------------------------------------------------
2025-02-03 05:03:01.598 [Info] Clearing instance... (0ms)

--------------------------------------------------------------------------------
2025-02-03 05:03:01.598 [Info] Releasing context lock... (0ms)

--------------------------------------------------------------------------------
2025-02-03 05:03:01.598 [Info] Released. (0ms)

--------------------------------------------------------------------------------
