2025-02-02 05:26:25.103 [Info] No network created to poll for server status.

--------------------------------------------------------------------------------
2025-02-02 05:26:28.323 [Info] Connecting to 127.0.0.1:5400...

--------------------------------------------------------------------------------
2025-02-02 05:26:28.343 [Info] Connected [73ca0a4d-6a43-47c5-92c3-9003b475d749].

--------------------------------------------------------------------------------
2025-02-02 05:26:28.362 [Info] Connection approved [73ca0a4d-6a43-47c5-92c3-9003b475d749].

--------------------------------------------------------------------------------
2025-02-02 05:26:29.004 [Info] Updating list

--------------------------------------------------------------------------------
2025-02-02 05:29:07.317 [Info] Updating list

--------------------------------------------------------------------------------
2025-02-02 05:30:26.840 [Info] Updating list

--------------------------------------------------------------------------------
2025-02-02 05:36:10.401 [Info] Updating list

--------------------------------------------------------------------------------
2025-02-02 05:37:33.190 [Info] Updating list

--------------------------------------------------------------------------------
2025-02-02 05:38:32.868 [Info] Updating list

--------------------------------------------------------------------------------
2025-02-02 05:47:22.151 [Info] Disconnected [73ca0a4d-6a43-47c5-92c3-9003b475d749].

--------------------------------------------------------------------------------
