2025-02-05 06:18:36.693 [Info] Discovered service type: Intersect.Plugins.PluginService

--------------------------------------------------------------------------------
2025-02-05 06:18:36.700 [Warn] Directory was specified as a plugin directory but does not exist: 'resources\plugins'

--------------------------------------------------------------------------------
2025-02-05 06:18:36.701 [Info] Discovered 0 plugins:


--------------------------------------------------------------------------------
2025-02-05 06:18:38.997 [Info] Connecting to 98.161.230.236:5400...

--------------------------------------------------------------------------------
2025-02-05 06:18:39.006 [Info] Connected [ec02c577-f1ce-4ef3-b073-77b7cbef51af].

--------------------------------------------------------------------------------
2025-02-05 06:18:39.021 [Info] Connection approved [ec02c577-f1ce-4ef3-b073-77b7cbef51af].

--------------------------------------------------------------------------------
2025-02-05 06:18:40.526 [Warn] 'Me' is null.

--------------------------------------------------------------------------------
2025-02-05 06:37:54.050 [Info] System window closing (due to user interaction most likely).

--------------------------------------------------------------------------------
2025-02-05 06:37:54.053 [Info] Disconnected [ec02c577-f1ce-4ef3-b073-77b7cbef51af].

--------------------------------------------------------------------------------
2025-02-05 06:37:54.084 [Info] Acquiring context lock... (0ms)

--------------------------------------------------------------------------------
2025-02-05 06:37:54.084 [Info] Acquired. (0ms)

--------------------------------------------------------------------------------
2025-02-05 06:37:54.085 [Info] Beginning context dispose. (0ms)

--------------------------------------------------------------------------------
2025-02-05 06:37:54.085 [Info] GC.SuppressFinalize (0ms)

--------------------------------------------------------------------------------
2025-02-05 06:37:54.085 [Info] InternalDispose() completed. (0ms)

--------------------------------------------------------------------------------
2025-02-05 06:37:54.085 [Info] Clearing instance... (0ms)

--------------------------------------------------------------------------------
2025-02-05 06:37:54.085 [Info] Releasing context lock... (0ms)

--------------------------------------------------------------------------------
2025-02-05 06:37:54.085 [Info] Released. (0ms)

--------------------------------------------------------------------------------
