2025-01-30 00:25:46.964 [Info] Discovered service type: Intersect.Plugins.PluginService

--------------------------------------------------------------------------------
2025-01-30 00:25:46.971 [Warn] Directory was specified as a plugin directory but does not exist: 'resources\plugins'

--------------------------------------------------------------------------------
2025-01-30 00:25:46.972 [Info] Discovered 0 plugins:


--------------------------------------------------------------------------------
2025-01-30 00:25:50.001 [Info] Connecting to 127.0.0.1:5400...

--------------------------------------------------------------------------------
2025-01-30 00:25:50.007 [Info] Connected [d26f7b53-3605-44fc-be29-206de1ba735a].

--------------------------------------------------------------------------------
2025-01-30 00:25:50.014 [Info] Connection approved [d26f7b53-3605-44fc-be29-206de1ba735a].

--------------------------------------------------------------------------------
2025-01-30 00:26:40.193 [Warn] 'Me' is null.

--------------------------------------------------------------------------------
2025-01-30 00:27:14.163 [Info] System window closing (due to user interaction most likely).

--------------------------------------------------------------------------------
2025-01-30 00:27:14.166 [Info] Disconnected [d26f7b53-3605-44fc-be29-206de1ba735a].

--------------------------------------------------------------------------------
2025-01-30 00:27:14.189 [Info] Acquiring context lock... (0ms)

--------------------------------------------------------------------------------
2025-01-30 00:27:14.189 [Info] Acquired. (0ms)

--------------------------------------------------------------------------------
2025-01-30 00:27:14.189 [Info] Beginning context dispose. (0ms)

--------------------------------------------------------------------------------
2025-01-30 00:27:14.190 [Info] GC.SuppressFinalize (0ms)

--------------------------------------------------------------------------------
2025-01-30 00:27:14.190 [Info] InternalDispose() completed. (0ms)

--------------------------------------------------------------------------------
2025-01-30 00:27:14.190 [Info] Clearing instance... (0ms)

--------------------------------------------------------------------------------
2025-01-30 00:27:14.190 [Info] Releasing context lock... (0ms)

--------------------------------------------------------------------------------
2025-01-30 00:27:14.190 [Info] Released. (0ms)

--------------------------------------------------------------------------------
