2025-02-05 03:07:03.787 [Info] No network created to poll for server status.

--------------------------------------------------------------------------------
2025-02-05 03:07:04.767 [Info] Connecting to 127.0.0.1:5400...

--------------------------------------------------------------------------------
2025-02-05 03:07:04.774 [Info] Connected [aa01ca62-ef46-44a6-a1a1-491d1c9ddbeb].

--------------------------------------------------------------------------------
2025-02-05 03:07:04.790 [Info] Connection approved [aa01ca62-ef46-44a6-a1a1-491d1c9ddbeb].

--------------------------------------------------------------------------------
2025-02-05 03:07:05.296 [Info] Updating list

--------------------------------------------------------------------------------
2025-02-05 03:07:25.879 [Info] Updating list

--------------------------------------------------------------------------------
2025-02-05 03:07:35.223 [Info] Updating list

--------------------------------------------------------------------------------
2025-02-05 03:07:40.145 [Info] Updating list

--------------------------------------------------------------------------------
2025-02-05 03:07:52.413 [Info] Updating list

--------------------------------------------------------------------------------
2025-02-05 03:08:17.090 [Info] Updating list

--------------------------------------------------------------------------------
2025-02-05 03:08:33.441 [Info] Disconnected [aa01ca62-ef46-44a6-a1a1-491d1c9ddbeb].

--------------------------------------------------------------------------------
