2025-02-06 01:43:56.129 [Info] Discovered service type: Intersect.Plugins.PluginService

--------------------------------------------------------------------------------
2025-02-06 01:43:56.139 [Warn] Directory was specified as a plugin directory but does not exist: 'resources\plugins'

--------------------------------------------------------------------------------
2025-02-06 01:43:56.140 [Info] Discovered 0 plugins:


--------------------------------------------------------------------------------
2025-02-06 01:44:42.543 [Info] Connecting to 98.161.230.236:5400...

--------------------------------------------------------------------------------
2025-02-06 01:44:42.561 [Info] Connected [98679019-b874-4c70-b913-1551bd6699be].

--------------------------------------------------------------------------------
2025-02-06 01:44:42.568 [Info] Connection approved [98679019-b874-4c70-b913-1551bd6699be].

--------------------------------------------------------------------------------
2025-02-06 01:45:44.775 [Warn] 'Me' is null.

--------------------------------------------------------------------------------
2025-02-06 01:45:59.263 [Info] System window closing (due to user interaction most likely).

--------------------------------------------------------------------------------
2025-02-06 01:45:59.265 [Info] Disconnected [98679019-b874-4c70-b913-1551bd6699be].

--------------------------------------------------------------------------------
2025-02-06 01:45:59.298 [Info] Acquiring context lock... (0ms)

--------------------------------------------------------------------------------
2025-02-06 01:45:59.298 [Info] Acquired. (0ms)

--------------------------------------------------------------------------------
2025-02-06 01:45:59.299 [Info] Beginning context dispose. (0ms)

--------------------------------------------------------------------------------
2025-02-06 01:45:59.299 [Info] GC.SuppressFinalize (0ms)

--------------------------------------------------------------------------------
2025-02-06 01:45:59.299 [Info] InternalDispose() completed. (0ms)

--------------------------------------------------------------------------------
2025-02-06 01:45:59.299 [Info] Clearing instance... (0ms)

--------------------------------------------------------------------------------
2025-02-06 01:45:59.299 [Info] Releasing context lock... (0ms)

--------------------------------------------------------------------------------
2025-02-06 01:45:59.299 [Info] Released. (0ms)

--------------------------------------------------------------------------------
