2025-02-05 04:05:11.763 [Info] Discovered service type: Intersect.Plugins.PluginService

--------------------------------------------------------------------------------
2025-02-05 04:05:11.771 [Warn] Directory was specified as a plugin directory but does not exist: 'resources\plugins'

--------------------------------------------------------------------------------
2025-02-05 04:05:11.771 [Info] Discovered 0 plugins:


--------------------------------------------------------------------------------
2025-02-05 04:05:14.077 [Info] Connecting to 98.161.230.236:5400...

--------------------------------------------------------------------------------
2025-02-05 04:05:14.086 [Info] Connected [093bbdfa-02f2-4e73-aabd-11db63ab26b0].

--------------------------------------------------------------------------------
2025-02-05 04:05:14.095 [Info] Connection approved [093bbdfa-02f2-4e73-aabd-11db63ab26b0].

--------------------------------------------------------------------------------
2025-02-05 04:05:28.098 [Warn] 'Me' is null.

--------------------------------------------------------------------------------
2025-02-05 04:40:17.253 [Warn] 'Me' is null.

--------------------------------------------------------------------------------
2025-02-05 04:40:17.271 [Warn] 'GameUi' is null.

--------------------------------------------------------------------------------
2025-02-05 04:43:53.499 [Warn] 'Me' is null.

--------------------------------------------------------------------------------
2025-02-05 04:43:53.517 [Warn] 'GameUi' is null.

--------------------------------------------------------------------------------
2025-02-05 04:45:04.455 [Warn] 'Me' is null.

--------------------------------------------------------------------------------
2025-02-05 04:45:04.475 [Warn] 'GameUi' is null.

--------------------------------------------------------------------------------
2025-02-05 04:46:04.106 [Info] System window closing (due to user interaction most likely).

--------------------------------------------------------------------------------
2025-02-05 04:46:04.108 [Info] Disconnected [093bbdfa-02f2-4e73-aabd-11db63ab26b0].

--------------------------------------------------------------------------------
2025-02-05 04:46:04.133 [Info] Acquiring context lock... (0ms)

--------------------------------------------------------------------------------
2025-02-05 04:46:04.133 [Info] Acquired. (0ms)

--------------------------------------------------------------------------------
2025-02-05 04:46:04.133 [Info] Beginning context dispose. (0ms)

--------------------------------------------------------------------------------
2025-02-05 04:46:04.134 [Info] GC.SuppressFinalize (0ms)

--------------------------------------------------------------------------------
2025-02-05 04:46:04.134 [Info] InternalDispose() completed. (0ms)

--------------------------------------------------------------------------------
2025-02-05 04:46:04.134 [Info] Clearing instance... (0ms)

--------------------------------------------------------------------------------
2025-02-05 04:46:04.134 [Info] Releasing context lock... (0ms)

--------------------------------------------------------------------------------
2025-02-05 04:46:04.134 [Info] Released. (0ms)

--------------------------------------------------------------------------------
