2025-02-02 05:38:42.744 [Info] Discovered service type: Intersect.Plugins.PluginService

--------------------------------------------------------------------------------
2025-02-02 05:38:42.752 [Warn] Directory was specified as a plugin directory but does not exist: 'resources\plugins'

--------------------------------------------------------------------------------
2025-02-02 05:38:42.752 [Info] Discovered 0 plugins:


--------------------------------------------------------------------------------
2025-02-02 05:38:46.457 [Info] Connecting to 127.0.0.1:5400...

--------------------------------------------------------------------------------
2025-02-02 05:38:46.464 [Info] Connected [d1d2ed89-b2f1-43ab-b738-790abffc013b].

--------------------------------------------------------------------------------
2025-02-02 05:38:46.473 [Info] Connection approved [d1d2ed89-b2f1-43ab-b738-790abffc013b].

--------------------------------------------------------------------------------
2025-02-02 05:38:48.573 [Warn] 'Me' is null.

--------------------------------------------------------------------------------
2025-02-02 05:40:04.702 [Info] System window closing (due to user interaction most likely).

--------------------------------------------------------------------------------
2025-02-02 05:40:04.705 [Info] Disconnected [d1d2ed89-b2f1-43ab-b738-790abffc013b].

--------------------------------------------------------------------------------
2025-02-02 05:40:04.734 [Info] Acquiring context lock... (0ms)

--------------------------------------------------------------------------------
2025-02-02 05:40:04.734 [Info] Acquired. (0ms)

--------------------------------------------------------------------------------
2025-02-02 05:40:04.735 [Info] Beginning context dispose. (0ms)

--------------------------------------------------------------------------------
2025-02-02 05:40:04.735 [Info] GC.SuppressFinalize (0ms)

--------------------------------------------------------------------------------
2025-02-02 05:40:04.735 [Info] InternalDispose() completed. (0ms)

--------------------------------------------------------------------------------
2025-02-02 05:40:04.735 [Info] Clearing instance... (0ms)

--------------------------------------------------------------------------------
2025-02-02 05:40:04.735 [Info] Releasing context lock... (0ms)

--------------------------------------------------------------------------------
2025-02-02 05:40:04.735 [Info] Released. (0ms)

--------------------------------------------------------------------------------
