2025-02-05 04:46:06.757 [Info] Discovered service type: Intersect.Plugins.PluginService

--------------------------------------------------------------------------------
2025-02-05 04:46:06.765 [Warn] Directory was specified as a plugin directory but does not exist: 'resources\plugins'

--------------------------------------------------------------------------------
2025-02-05 04:46:06.766 [Info] Discovered 0 plugins:


--------------------------------------------------------------------------------
2025-02-05 04:46:08.914 [Info] Connecting to 98.161.230.236:5400...

--------------------------------------------------------------------------------
2025-02-05 04:46:08.922 [Info] Connected [6b774cc0-37bf-4f00-bd4a-42d39b0bd3e9].

--------------------------------------------------------------------------------
2025-02-05 04:46:08.935 [Info] Connection approved [6b774cc0-37bf-4f00-bd4a-42d39b0bd3e9].

--------------------------------------------------------------------------------
2025-02-05 04:46:14.495 [Warn] 'Me' is null.

--------------------------------------------------------------------------------
2025-02-05 04:47:09.326 [Warn] 'Me' is null.

--------------------------------------------------------------------------------
2025-02-05 04:47:09.345 [Warn] 'GameUi' is null.

--------------------------------------------------------------------------------
2025-02-05 04:47:09.345 [Warn] 'GameUi' is null.

--------------------------------------------------------------------------------
2025-02-05 05:36:18.322 [Info] System window closing (due to user interaction most likely).

--------------------------------------------------------------------------------
2025-02-05 05:36:18.324 [Info] Disconnected [6b774cc0-37bf-4f00-bd4a-42d39b0bd3e9].

--------------------------------------------------------------------------------
2025-02-05 05:36:18.353 [Info] Acquiring context lock... (0ms)

--------------------------------------------------------------------------------
2025-02-05 05:36:18.353 [Info] Acquired. (0ms)

--------------------------------------------------------------------------------
2025-02-05 05:36:18.354 [Info] Beginning context dispose. (0ms)

--------------------------------------------------------------------------------
2025-02-05 05:36:18.354 [Info] GC.SuppressFinalize (0ms)

--------------------------------------------------------------------------------
2025-02-05 05:36:18.354 [Info] InternalDispose() completed. (0ms)

--------------------------------------------------------------------------------
2025-02-05 05:36:18.354 [Info] Clearing instance... (1ms)

--------------------------------------------------------------------------------
2025-02-05 05:36:18.354 [Info] Releasing context lock... (1ms)

--------------------------------------------------------------------------------
2025-02-05 05:36:18.354 [Info] Released. (1ms)

--------------------------------------------------------------------------------
