2025-02-02 17:23:58.468 [Info] Discovered service type: Intersect.Plugins.PluginService

--------------------------------------------------------------------------------
2025-02-02 17:23:58.475 [Warn] Directory was specified as a plugin directory but does not exist: 'resources\plugins'

--------------------------------------------------------------------------------
2025-02-02 17:23:58.476 [Info] Discovered 0 plugins:


--------------------------------------------------------------------------------
2025-02-02 17:24:15.920 [Info] Connecting to 127.0.0.1:5400...

--------------------------------------------------------------------------------
2025-02-02 17:24:15.934 [Info] Connected [26f1403a-0196-47bf-a58d-1a67c32b4803].

--------------------------------------------------------------------------------
2025-02-02 17:24:15.941 [Info] Connection approved [26f1403a-0196-47bf-a58d-1a67c32b4803].

--------------------------------------------------------------------------------
2025-02-02 17:24:17.633 [Warn] 'Me' is null.

--------------------------------------------------------------------------------
2025-02-02 17:35:13.439 [Info] System window closing (due to user interaction most likely).

--------------------------------------------------------------------------------
2025-02-02 17:35:13.442 [Info] Disconnected [26f1403a-0196-47bf-a58d-1a67c32b4803].

--------------------------------------------------------------------------------
2025-02-02 17:35:13.478 [Info] Acquiring context lock... (0ms)

--------------------------------------------------------------------------------
2025-02-02 17:35:13.478 [Info] Acquired. (0ms)

--------------------------------------------------------------------------------
2025-02-02 17:35:13.479 [Info] Beginning context dispose. (0ms)

--------------------------------------------------------------------------------
2025-02-02 17:35:13.479 [Info] GC.SuppressFinalize (0ms)

--------------------------------------------------------------------------------
2025-02-02 17:35:13.479 [Info] InternalDispose() completed. (0ms)

--------------------------------------------------------------------------------
2025-02-02 17:35:13.479 [Info] Clearing instance... (0ms)

--------------------------------------------------------------------------------
2025-02-02 17:35:13.479 [Info] Releasing context lock... (0ms)

--------------------------------------------------------------------------------
2025-02-02 17:35:13.479 [Info] Released. (0ms)

--------------------------------------------------------------------------------
