2025-02-06 02:12:56.821 [Info] Discovered service type: Intersect.Plugins.PluginService

--------------------------------------------------------------------------------
2025-02-06 02:12:56.828 [Warn] Directory was specified as a plugin directory but does not exist: 'resources\plugins'

--------------------------------------------------------------------------------
2025-02-06 02:12:56.829 [Info] Discovered 0 plugins:


--------------------------------------------------------------------------------
2025-02-06 02:12:59.230 [Info] Connecting to 98.161.230.236:5400...

--------------------------------------------------------------------------------
2025-02-06 02:12:59.245 [Info] Connected [cf50e020-b221-48e6-944e-5b7bf1eb3255].

--------------------------------------------------------------------------------
2025-02-06 02:12:59.262 [Info] Connection approved [cf50e020-b221-48e6-944e-5b7bf1eb3255].

--------------------------------------------------------------------------------
2025-02-06 02:13:08.709 [Warn] 'Me' is null.

--------------------------------------------------------------------------------
2025-02-06 02:13:08.829 [Warn] 'GameUi' is null.

--------------------------------------------------------------------------------
2025-02-06 02:13:08.844 [Warn] 'GameUi' is null.

--------------------------------------------------------------------------------
2025-02-06 02:14:10.984 [Info] System window closing (due to user interaction most likely).

--------------------------------------------------------------------------------
2025-02-06 02:14:10.986 [Info] Disconnected [cf50e020-b221-48e6-944e-5b7bf1eb3255].

--------------------------------------------------------------------------------
2025-02-06 02:14:11.019 [Info] Acquiring context lock... (0ms)

--------------------------------------------------------------------------------
2025-02-06 02:14:11.019 [Info] Acquired. (0ms)

--------------------------------------------------------------------------------
2025-02-06 02:14:11.019 [Info] Beginning context dispose. (0ms)

--------------------------------------------------------------------------------
2025-02-06 02:14:11.020 [Info] GC.SuppressFinalize (0ms)

--------------------------------------------------------------------------------
2025-02-06 02:14:11.020 [Info] InternalDispose() completed. (0ms)

--------------------------------------------------------------------------------
2025-02-06 02:14:11.020 [Info] Clearing instance... (0ms)

--------------------------------------------------------------------------------
2025-02-06 02:14:11.020 [Info] Releasing context lock... (0ms)

--------------------------------------------------------------------------------
2025-02-06 02:14:11.020 [Info] Released. (0ms)

--------------------------------------------------------------------------------
