2025-01-30 16:32:59.670 [Info] Discovered service type: Intersect.Plugins.PluginService

--------------------------------------------------------------------------------
2025-01-30 16:32:59.677 [Warn] Directory was specified as a plugin directory but does not exist: 'resources\plugins'

--------------------------------------------------------------------------------
2025-01-30 16:32:59.678 [Info] Discovered 0 plugins:


--------------------------------------------------------------------------------
2025-01-30 16:55:40.610 [Info] Connecting to 127.0.0.1:5400...

--------------------------------------------------------------------------------
2025-01-30 16:55:40.617 [Info] Connected [289ad153-e728-44a2-9939-103c68a9bd55].

--------------------------------------------------------------------------------
2025-01-30 16:55:40.621 [Info] Connection approved [289ad153-e728-44a2-9939-103c68a9bd55].

--------------------------------------------------------------------------------
2025-01-30 16:55:53.723 [Warn] 'Me' is null.

--------------------------------------------------------------------------------
2025-01-30 16:56:27.208 [Info] System window closing (due to user interaction most likely).

--------------------------------------------------------------------------------
2025-01-30 16:56:27.210 [Info] Disconnected [289ad153-e728-44a2-9939-103c68a9bd55].

--------------------------------------------------------------------------------
2025-01-30 16:56:27.241 [Info] Acquiring context lock... (0ms)

--------------------------------------------------------------------------------
2025-01-30 16:56:27.241 [Info] Acquired. (0ms)

--------------------------------------------------------------------------------
2025-01-30 16:56:27.242 [Info] Beginning context dispose. (0ms)

--------------------------------------------------------------------------------
2025-01-30 16:56:27.242 [Info] GC.SuppressFinalize (0ms)

--------------------------------------------------------------------------------
2025-01-30 16:56:27.242 [Info] InternalDispose() completed. (0ms)

--------------------------------------------------------------------------------
2025-01-30 16:56:27.242 [Info] Clearing instance... (0ms)

--------------------------------------------------------------------------------
2025-01-30 16:56:27.242 [Info] Releasing context lock... (0ms)

--------------------------------------------------------------------------------
2025-01-30 16:56:27.242 [Info] Released. (0ms)

--------------------------------------------------------------------------------
