2025-02-01 01:14:34.131 [Info] Discovered service type: Intersect.Plugins.PluginService

--------------------------------------------------------------------------------
2025-02-01 01:14:34.138 [Warn] Directory was specified as a plugin directory but does not exist: 'resources\plugins'

--------------------------------------------------------------------------------
2025-02-01 01:14:34.139 [Info] Discovered 0 plugins:


--------------------------------------------------------------------------------
2025-02-01 01:14:37.352 [Info] Connecting to 127.0.0.1:5400...

--------------------------------------------------------------------------------
2025-02-01 01:14:37.358 [Info] Connected [47500298-7da1-4a59-aff2-dff49233142c].

--------------------------------------------------------------------------------
2025-02-01 01:14:37.368 [Info] Connection approved [47500298-7da1-4a59-aff2-dff49233142c].

--------------------------------------------------------------------------------
2025-02-01 01:14:39.514 [Warn] 'Me' is null.

--------------------------------------------------------------------------------
2025-02-01 01:14:52.214 [Info] System window closing (due to user interaction most likely).

--------------------------------------------------------------------------------
2025-02-01 01:14:52.216 [Info] Disconnected [47500298-7da1-4a59-aff2-dff49233142c].

--------------------------------------------------------------------------------
2025-02-01 01:14:53.613 [Info] Acquiring context lock... (0ms)

--------------------------------------------------------------------------------
2025-02-01 01:14:53.613 [Info] Acquired. (0ms)

--------------------------------------------------------------------------------
2025-02-01 01:14:53.613 [Info] Beginning context dispose. (0ms)

--------------------------------------------------------------------------------
2025-02-01 01:14:53.613 [Info] GC.SuppressFinalize (0ms)

--------------------------------------------------------------------------------
2025-02-01 01:14:53.613 [Info] InternalDispose() completed. (0ms)

--------------------------------------------------------------------------------
2025-02-01 01:14:53.613 [Info] Clearing instance... (0ms)

--------------------------------------------------------------------------------
2025-02-01 01:14:53.614 [Info] Releasing context lock... (0ms)

--------------------------------------------------------------------------------
2025-02-01 01:14:53.614 [Info] Released. (0ms)

--------------------------------------------------------------------------------
