2025-02-02 05:50:22.860 [Info] Discovered service type: Intersect.Plugins.PluginService

--------------------------------------------------------------------------------
2025-02-02 05:50:22.867 [Warn] Directory was specified as a plugin directory but does not exist: 'resources\plugins'

--------------------------------------------------------------------------------
2025-02-02 05:50:22.868 [Info] Discovered 0 plugins:


--------------------------------------------------------------------------------
2025-02-02 05:50:24.771 [Info] Connecting to 127.0.0.1:5400...

--------------------------------------------------------------------------------
2025-02-02 05:50:24.777 [Info] Connected [ae9bd7fd-aaf3-419b-9b22-1a9ac81a93da].

--------------------------------------------------------------------------------
2025-02-02 05:50:24.784 [Info] Connection approved [ae9bd7fd-aaf3-419b-9b22-1a9ac81a93da].

--------------------------------------------------------------------------------
2025-02-02 05:50:26.237 [Warn] 'Me' is null.

--------------------------------------------------------------------------------
2025-02-02 05:57:50.839 [Warn] 'Me' is null.

--------------------------------------------------------------------------------
2025-02-02 05:57:50.846 [Warn] 'GameUi' is null.

--------------------------------------------------------------------------------
2025-02-02 06:31:23.799 [Info] System window closing (due to user interaction most likely).

--------------------------------------------------------------------------------
2025-02-02 06:31:23.802 [Info] Disconnected [ae9bd7fd-aaf3-419b-9b22-1a9ac81a93da].

--------------------------------------------------------------------------------
2025-02-02 06:31:23.826 [Info] Acquiring context lock... (0ms)

--------------------------------------------------------------------------------
2025-02-02 06:31:23.826 [Info] Acquired. (0ms)

--------------------------------------------------------------------------------
2025-02-02 06:31:23.827 [Info] Beginning context dispose. (0ms)

--------------------------------------------------------------------------------
2025-02-02 06:31:23.827 [Info] GC.SuppressFinalize (0ms)

--------------------------------------------------------------------------------
2025-02-02 06:31:23.827 [Info] InternalDispose() completed. (0ms)

--------------------------------------------------------------------------------
2025-02-02 06:31:23.827 [Info] Clearing instance... (0ms)

--------------------------------------------------------------------------------
2025-02-02 06:31:23.827 [Info] Releasing context lock... (0ms)

--------------------------------------------------------------------------------
2025-02-02 06:31:23.827 [Info] Released. (0ms)

--------------------------------------------------------------------------------
