2025-02-04 00:05:15.354 [Info] No network created to poll for server status.

--------------------------------------------------------------------------------
2025-02-04 00:05:18.064 [Info] Connecting to 127.0.0.1:5400...

--------------------------------------------------------------------------------
2025-02-04 00:05:18.096 [Info] Connected [3b48d89b-ebe5-4dbb-b2a1-4878b4e985f4].

--------------------------------------------------------------------------------
2025-02-04 00:05:18.123 [Info] Connection approved [3b48d89b-ebe5-4dbb-b2a1-4878b4e985f4].

--------------------------------------------------------------------------------
2025-02-04 00:05:19.804 [Info] Updating list

--------------------------------------------------------------------------------
2025-02-04 00:15:22.265 [Info] Updating list

--------------------------------------------------------------------------------
2025-02-04 00:15:22.352 [Info] Updating list

--------------------------------------------------------------------------------
2025-02-04 00:27:52.355 [Info] Updating list

--------------------------------------------------------------------------------
2025-02-04 00:28:05.518 [Info] Updating list

--------------------------------------------------------------------------------
2025-02-04 00:28:08.996 [Info] Updating list

--------------------------------------------------------------------------------
2025-02-04 00:38:17.062 [Info] Updating list

--------------------------------------------------------------------------------
2025-02-04 00:39:24.562 [Info] Updating list

--------------------------------------------------------------------------------
2025-02-04 00:39:52.457 [Info] Updating list

--------------------------------------------------------------------------------
2025-02-04 00:40:47.054 [Info] Updating list

--------------------------------------------------------------------------------
2025-02-04 00:47:50.779 [Info] Updating list

--------------------------------------------------------------------------------
2025-02-04 00:53:51.423 [Info] Updating list

--------------------------------------------------------------------------------
2025-02-04 00:54:51.693 [Info] Updating list

--------------------------------------------------------------------------------
2025-02-04 00:57:18.444 [Info] Updating list

--------------------------------------------------------------------------------
2025-02-04 01:00:05.881 [Info] Updating list

--------------------------------------------------------------------------------
2025-02-04 01:03:09.075 [Info] Updating list

--------------------------------------------------------------------------------
2025-02-04 01:04:42.530 [Info] Updating list

--------------------------------------------------------------------------------
2025-02-04 01:07:05.385 [Info] Updating list

--------------------------------------------------------------------------------
2025-02-04 01:07:53.338 [Info] Updating list

--------------------------------------------------------------------------------
2025-02-04 01:12:34.600 [Info] Updating list

--------------------------------------------------------------------------------
2025-02-04 01:13:41.231 [Info] Updating list

--------------------------------------------------------------------------------
2025-02-04 01:19:46.990 [Info] Updating list

--------------------------------------------------------------------------------
2025-02-04 01:26:47.270 [Info] Updating list

--------------------------------------------------------------------------------
2025-02-04 01:28:32.624 [Info] Updating list

--------------------------------------------------------------------------------
2025-02-04 01:33:10.013 [Info] Updating list

--------------------------------------------------------------------------------
2025-02-04 01:33:44.004 [Info] Updating list

--------------------------------------------------------------------------------
2025-02-04 01:34:21.679 [Info] Updating list

--------------------------------------------------------------------------------
2025-02-04 01:34:50.038 [Info] Updating list

--------------------------------------------------------------------------------
2025-02-04 01:34:58.649 [Info] Updating list

--------------------------------------------------------------------------------
2025-02-04 01:35:16.753 [Info] Updating list

--------------------------------------------------------------------------------
2025-02-04 01:35:35.957 [Info] Updating list

--------------------------------------------------------------------------------
2025-02-04 01:36:35.484 [Info] Updating list

--------------------------------------------------------------------------------
2025-02-04 01:37:17.559 [Info] Updating list

--------------------------------------------------------------------------------
2025-02-04 01:37:59.236 [Info] Updating list

--------------------------------------------------------------------------------
2025-02-04 01:47:44.252 [Info] Updating list

--------------------------------------------------------------------------------
2025-02-04 01:52:37.449 [Info] Updating list

--------------------------------------------------------------------------------
2025-02-04 01:53:59.414 [Info] Updating list

--------------------------------------------------------------------------------
2025-02-04 01:55:38.980 [Info] Updating list

--------------------------------------------------------------------------------
2025-02-04 01:56:01.064 [Info] Updating list

--------------------------------------------------------------------------------
2025-02-04 01:56:05.931 [Info] Updating list

--------------------------------------------------------------------------------
2025-02-04 01:56:21.574 [Info] Updating list

--------------------------------------------------------------------------------
2025-02-04 02:19:57.364 [Info] Updating list

--------------------------------------------------------------------------------
2025-02-04 02:21:27.640 [Info] Updating list

--------------------------------------------------------------------------------
2025-02-04 02:21:30.120 [Info] Updating list

--------------------------------------------------------------------------------
2025-02-04 02:21:43.834 [Info] Updating list

--------------------------------------------------------------------------------
2025-02-04 02:21:48.461 [Info] Updating list

--------------------------------------------------------------------------------
2025-02-04 02:21:59.935 [Info] Updating list

--------------------------------------------------------------------------------
2025-02-04 02:22:04.498 [Info] Updating list

--------------------------------------------------------------------------------
2025-02-04 02:22:13.634 [Info] Updating list

--------------------------------------------------------------------------------
2025-02-04 02:22:17.023 [Info] Updating list

--------------------------------------------------------------------------------
2025-02-04 02:22:31.380 [Info] Updating list

--------------------------------------------------------------------------------
2025-02-04 02:22:35.503 [Info] Updating list

--------------------------------------------------------------------------------
2025-02-04 02:30:10.384 [Info] Updating list

--------------------------------------------------------------------------------
2025-02-04 02:30:55.174 [Info] Updating list

--------------------------------------------------------------------------------
2025-02-04 02:30:58.652 [Info] Updating list

--------------------------------------------------------------------------------
2025-02-04 02:31:13.070 [Info] Updating list

--------------------------------------------------------------------------------
2025-02-04 02:31:16.403 [Info] Updating list

--------------------------------------------------------------------------------
2025-02-04 02:31:32.499 [Info] Updating list

--------------------------------------------------------------------------------
2025-02-04 02:31:36.296 [Info] Updating list

--------------------------------------------------------------------------------
2025-02-04 02:31:49.026 [Info] Updating list

--------------------------------------------------------------------------------
2025-02-04 02:31:52.620 [Info] Updating list

--------------------------------------------------------------------------------
2025-02-04 02:32:24.402 [Info] Updating list

--------------------------------------------------------------------------------
2025-02-04 02:32:25.805 [Info] Updating list

--------------------------------------------------------------------------------
2025-02-04 02:32:39.814 [Info] Updating list

--------------------------------------------------------------------------------
2025-02-04 02:32:42.794 [Info] Updating list

--------------------------------------------------------------------------------
2025-02-04 02:33:09.141 [Info] Updating list

--------------------------------------------------------------------------------
2025-02-04 02:33:12.940 [Info] Updating list

--------------------------------------------------------------------------------
2025-02-04 02:33:27.258 [Info] Updating list

--------------------------------------------------------------------------------
2025-02-04 02:33:28.875 [Info] Updating list

--------------------------------------------------------------------------------
2025-02-04 02:33:46.183 [Info] Updating list

--------------------------------------------------------------------------------
2025-02-04 02:33:49.775 [Info] Updating list

--------------------------------------------------------------------------------
2025-02-04 02:34:25.205 [Info] Updating list

--------------------------------------------------------------------------------
2025-02-04 02:34:27.782 [Info] Updating list

--------------------------------------------------------------------------------
2025-02-04 02:35:00.186 [Info] Updating list

--------------------------------------------------------------------------------
2025-02-04 02:35:21.129 [Info] Updating list

--------------------------------------------------------------------------------
