2025-02-05 03:17:44.483 [Info] Discovered service type: Intersect.Plugins.PluginService

--------------------------------------------------------------------------------
2025-02-05 03:17:44.491 [Warn] Directory was specified as a plugin directory but does not exist: 'resources\plugins'

--------------------------------------------------------------------------------
2025-02-05 03:17:44.492 [Info] Discovered 0 plugins:


--------------------------------------------------------------------------------
2025-02-05 03:24:02.237 [Info] User clicked exit button.

--------------------------------------------------------------------------------
2025-02-05 03:24:02.244 [Info] System window closing (due to user interaction most likely).

--------------------------------------------------------------------------------
2025-02-05 03:24:02.264 [Info] Acquiring context lock... (0ms)

--------------------------------------------------------------------------------
2025-02-05 03:24:02.264 [Info] Acquired. (0ms)

--------------------------------------------------------------------------------
2025-02-05 03:24:02.264 [Info] Beginning context dispose. (0ms)

--------------------------------------------------------------------------------
2025-02-05 03:24:02.264 [Info] GC.SuppressFinalize (0ms)

--------------------------------------------------------------------------------
2025-02-05 03:24:02.264 [Info] InternalDispose() completed. (0ms)

--------------------------------------------------------------------------------
2025-02-05 03:24:02.264 [Info] Clearing instance... (0ms)

--------------------------------------------------------------------------------
2025-02-05 03:24:02.264 [Info] Releasing context lock... (0ms)

--------------------------------------------------------------------------------
2025-02-05 03:24:02.264 [Info] Released. (0ms)

--------------------------------------------------------------------------------
