2025-02-01 04:55:22.985 [Info] Discovered service type: Intersect.Plugins.PluginService

--------------------------------------------------------------------------------
2025-02-01 04:55:22.993 [Warn] Directory was specified as a plugin directory but does not exist: 'resources\plugins'

--------------------------------------------------------------------------------
2025-02-01 04:55:22.994 [Info] Discovered 0 plugins:


--------------------------------------------------------------------------------
2025-02-01 04:55:25.293 [Info] Connecting to 127.0.0.1:5400...

--------------------------------------------------------------------------------
2025-02-01 04:55:25.299 [Info] Connected [ef856f2c-eadd-4102-b3ea-75ca6a7ab2fc].

--------------------------------------------------------------------------------
2025-02-01 04:55:25.313 [Info] Connection approved [ef856f2c-eadd-4102-b3ea-75ca6a7ab2fc].

--------------------------------------------------------------------------------
2025-02-01 04:55:26.858 [Warn] 'Me' is null.

--------------------------------------------------------------------------------
2025-02-01 04:57:43.519 [Info] System window closing (due to user interaction most likely).

--------------------------------------------------------------------------------
2025-02-01 04:57:43.522 [Info] Disconnected [ef856f2c-eadd-4102-b3ea-75ca6a7ab2fc].

--------------------------------------------------------------------------------
2025-02-01 04:57:43.558 [Info] Acquiring context lock... (0ms)

--------------------------------------------------------------------------------
2025-02-01 04:57:43.558 [Info] Acquired. (0ms)

--------------------------------------------------------------------------------
2025-02-01 04:57:43.559 [Info] Beginning context dispose. (0ms)

--------------------------------------------------------------------------------
2025-02-01 04:57:43.559 [Info] GC.SuppressFinalize (0ms)

--------------------------------------------------------------------------------
2025-02-01 04:57:43.559 [Info] InternalDispose() completed. (0ms)

--------------------------------------------------------------------------------
2025-02-01 04:57:43.559 [Info] Clearing instance... (0ms)

--------------------------------------------------------------------------------
2025-02-01 04:57:43.559 [Info] Releasing context lock... (0ms)

--------------------------------------------------------------------------------
2025-02-01 04:57:43.559 [Info] Released. (0ms)

--------------------------------------------------------------------------------
