2025-01-30 22:30:23.555 [Info] Discovered service type: Intersect.Plugins.PluginService

--------------------------------------------------------------------------------
2025-01-30 22:30:23.562 [Warn] Directory was specified as a plugin directory but does not exist: 'resources\plugins'

--------------------------------------------------------------------------------
2025-01-30 22:30:23.562 [Info] Discovered 0 plugins:


--------------------------------------------------------------------------------
2025-01-30 22:30:28.860 [Info] Connecting to 127.0.0.1:5400...

--------------------------------------------------------------------------------
2025-01-30 22:30:28.866 [Info] Connected [c7d98108-218d-43a6-afc4-77b51ae3d821].

--------------------------------------------------------------------------------
2025-01-30 22:30:28.883 [Info] Connection approved [c7d98108-218d-43a6-afc4-77b51ae3d821].

--------------------------------------------------------------------------------
2025-01-30 22:31:16.281 [Warn] 'Me' is null.

--------------------------------------------------------------------------------
2025-01-30 22:39:10.887 [Info] System window closing (due to user interaction most likely).

--------------------------------------------------------------------------------
2025-01-30 22:39:10.889 [Info] Disconnected [c7d98108-218d-43a6-afc4-77b51ae3d821].

--------------------------------------------------------------------------------
2025-01-30 22:39:10.919 [Info] Acquiring context lock... (0ms)

--------------------------------------------------------------------------------
2025-01-30 22:39:10.919 [Info] Acquired. (0ms)

--------------------------------------------------------------------------------
2025-01-30 22:39:10.920 [Info] Beginning context dispose. (0ms)

--------------------------------------------------------------------------------
2025-01-30 22:39:10.920 [Info] GC.SuppressFinalize (0ms)

--------------------------------------------------------------------------------
2025-01-30 22:39:10.920 [Info] InternalDispose() completed. (0ms)

--------------------------------------------------------------------------------
2025-01-30 22:39:10.920 [Info] Clearing instance... (0ms)

--------------------------------------------------------------------------------
2025-01-30 22:39:10.920 [Info] Releasing context lock... (0ms)

--------------------------------------------------------------------------------
2025-01-30 22:39:10.920 [Info] Released. (0ms)

--------------------------------------------------------------------------------
