2025-02-05 06:17:27.329 [Info] No network created to poll for server status.

--------------------------------------------------------------------------------
2025-02-05 06:17:28.398 [Info] Connecting to 98.161.230.236:5400...

--------------------------------------------------------------------------------
2025-02-05 06:17:28.407 [Info] Connected [571e7340-1c82-4005-8c47-97dd932fe2b1].

--------------------------------------------------------------------------------
2025-02-05 06:17:28.416 [Info] Connection approved [571e7340-1c82-4005-8c47-97dd932fe2b1].

--------------------------------------------------------------------------------
2025-02-05 06:17:30.044 [Info] Updating list

--------------------------------------------------------------------------------
2025-02-05 06:18:33.084 [Info] Updating list

--------------------------------------------------------------------------------
2025-02-05 06:26:23.095 [Info] Updating list

--------------------------------------------------------------------------------
2025-02-05 06:26:40.863 [Info] Updating list

--------------------------------------------------------------------------------
2025-02-05 06:26:52.903 [Info] Updating list

--------------------------------------------------------------------------------
2025-02-05 06:27:20.520 [Info] Updating list

--------------------------------------------------------------------------------
2025-02-05 06:27:46.408 [Info] Updating list

--------------------------------------------------------------------------------
2025-02-05 06:27:54.436 [Info] Updating list

--------------------------------------------------------------------------------
2025-02-05 06:28:09.417 [Info] Updating list

--------------------------------------------------------------------------------
2025-02-05 06:28:15.197 [Info] Updating list

--------------------------------------------------------------------------------
2025-02-05 06:28:19.892 [Info] Updating list

--------------------------------------------------------------------------------
2025-02-05 06:28:38.516 [Info] Updating list

--------------------------------------------------------------------------------
2025-02-05 06:29:02.154 [Info] Updating list

--------------------------------------------------------------------------------
2025-02-05 06:29:09.741 [Info] Updating list

--------------------------------------------------------------------------------
2025-02-05 06:29:20.119 [Info] Updating list

--------------------------------------------------------------------------------
2025-02-05 06:29:26.555 [Info] Updating list

--------------------------------------------------------------------------------
2025-02-05 06:36:10.835 [Info] Updating list

--------------------------------------------------------------------------------
2025-02-05 06:36:14.596 [Info] Updating list

--------------------------------------------------------------------------------
2025-02-05 06:36:25.008 [Info] Updating list

--------------------------------------------------------------------------------
2025-02-05 06:36:27.959 [Info] Updating list

--------------------------------------------------------------------------------
2025-02-05 06:36:34.188 [Info] Updating list

--------------------------------------------------------------------------------
2025-02-05 06:36:36.483 [Info] Updating list

--------------------------------------------------------------------------------
2025-02-05 06:36:40.060 [Info] Updating list

--------------------------------------------------------------------------------
2025-02-05 06:36:43.147 [Info] Updating list

--------------------------------------------------------------------------------
2025-02-05 06:36:47.252 [Info] Updating list

--------------------------------------------------------------------------------
2025-02-05 06:36:50.110 [Info] Updating list

--------------------------------------------------------------------------------
2025-02-05 06:36:58.181 [Info] Updating list

--------------------------------------------------------------------------------
2025-02-05 06:37:00.642 [Info] Updating list

--------------------------------------------------------------------------------
2025-02-05 06:37:09.250 [Info] Updating list

--------------------------------------------------------------------------------
2025-02-05 06:37:12.220 [Info] Updating list

--------------------------------------------------------------------------------
2025-02-05 06:37:27.479 [Info] Updating list

--------------------------------------------------------------------------------
2025-02-05 06:37:29.762 [Info] Updating list

--------------------------------------------------------------------------------
2025-02-05 06:37:38.130 [Info] Updating list

--------------------------------------------------------------------------------
2025-02-05 06:37:38.700 [Info] Updating list

--------------------------------------------------------------------------------
2025-02-05 06:37:39.867 [Info] Updating list

--------------------------------------------------------------------------------
2025-02-05 06:37:40.420 [Info] Updating list

--------------------------------------------------------------------------------
2025-02-05 06:37:43.661 [Info] Updating list

--------------------------------------------------------------------------------
2025-02-05 06:37:46.036 [Info] Updating list

--------------------------------------------------------------------------------
2025-02-05 06:37:52.583 [Info] Disconnected [571e7340-1c82-4005-8c47-97dd932fe2b1].

--------------------------------------------------------------------------------
