2025-02-05 05:35:51.617 [Info] No network created to poll for server status.

--------------------------------------------------------------------------------
2025-02-05 05:35:52.444 [Info] Connecting to 98.161.230.236:5400...

--------------------------------------------------------------------------------
2025-02-05 05:35:52.453 [Info] Connected [cac10d56-ede6-425e-bd6f-2569e26db6c9].

--------------------------------------------------------------------------------
2025-02-05 05:35:52.459 [Info] Connection approved [cac10d56-ede6-425e-bd6f-2569e26db6c9].

--------------------------------------------------------------------------------
2025-02-05 05:35:52.980 [Info] Updating list

--------------------------------------------------------------------------------
2025-02-05 05:36:11.161 [Info] Updating list

--------------------------------------------------------------------------------
2025-02-05 05:37:02.503 [Info] Updating list

--------------------------------------------------------------------------------
2025-02-05 05:37:18.350 [Info] Updating list

--------------------------------------------------------------------------------
2025-02-05 05:37:32.044 [Info] Updating list

--------------------------------------------------------------------------------
2025-02-05 05:38:33.052 [Info] Disconnected [cac10d56-ede6-425e-bd6f-2569e26db6c9].

--------------------------------------------------------------------------------
