2024-12-10 02:58:47.713 [Info] No network created to poll for server status.

--------------------------------------------------------------------------------
2024-12-10 02:58:48.936 [Info] Connecting to 127.0.0.1:5400...

--------------------------------------------------------------------------------
2024-12-10 02:58:48.942 [Info] Connected [28e08276-d0bc-4ae7-981d-234f68a89080].

--------------------------------------------------------------------------------
2024-12-10 02:58:48.959 [Info] Connection approved [28e08276-d0bc-4ae7-981d-234f68a89080].

--------------------------------------------------------------------------------
2024-12-10 02:58:51.157 [Info] Updating list

--------------------------------------------------------------------------------
2024-12-10 03:06:27.335 [Info] Updating list

--------------------------------------------------------------------------------
2024-12-10 03:09:32.955 [Info] Updating list

--------------------------------------------------------------------------------
2024-12-10 03:09:43.665 [Info] Updating list

--------------------------------------------------------------------------------
2024-12-10 03:11:38.410 [Info] Updating list

--------------------------------------------------------------------------------
2024-12-10 03:12:33.920 [Info] Updating list

--------------------------------------------------------------------------------
2024-12-10 03:15:01.330 [Info] Updating list

--------------------------------------------------------------------------------
2024-12-10 03:15:06.592 [Info] Updating list

--------------------------------------------------------------------------------
2024-12-10 03:15:06.600 [Info] Disconnected [28e08276-d0bc-4ae7-981d-234f68a89080].

--------------------------------------------------------------------------------
