2025-02-02 17:23:42.501 [Info] Discovered service type: Intersect.Plugins.PluginService

--------------------------------------------------------------------------------
2025-02-02 17:23:42.508 [Warn] Directory was specified as a plugin directory but does not exist: 'resources\plugins'

--------------------------------------------------------------------------------
2025-02-02 17:23:42.509 [Info] Discovered 0 plugins:


--------------------------------------------------------------------------------
2025-02-02 17:23:46.043 [Info] User clicked exit button.

--------------------------------------------------------------------------------
2025-02-02 17:23:46.054 [Info] System window closing (due to user interaction most likely).

--------------------------------------------------------------------------------
2025-02-02 17:23:46.191 [Info] Acquiring context lock... (0ms)

--------------------------------------------------------------------------------
2025-02-02 17:23:46.191 [Info] Acquired. (0ms)

--------------------------------------------------------------------------------
2025-02-02 17:23:46.192 [Info] Beginning context dispose. (0ms)

--------------------------------------------------------------------------------
2025-02-02 17:23:46.192 [Info] GC.SuppressFinalize (0ms)

--------------------------------------------------------------------------------
2025-02-02 17:23:46.192 [Info] InternalDispose() completed. (0ms)

--------------------------------------------------------------------------------
2025-02-02 17:23:46.192 [Info] Clearing instance... (0ms)

--------------------------------------------------------------------------------
2025-02-02 17:23:46.192 [Info] Releasing context lock... (0ms)

--------------------------------------------------------------------------------
2025-02-02 17:23:46.192 [Info] Released. (0ms)

--------------------------------------------------------------------------------
