2025-02-02 23:44:59.962 [Info] Discovered service type: Intersect.Plugins.PluginService

--------------------------------------------------------------------------------
2025-02-02 23:44:59.970 [Warn] Directory was specified as a plugin directory but does not exist: 'resources\plugins'

--------------------------------------------------------------------------------
2025-02-02 23:44:59.971 [Info] Discovered 0 plugins:


--------------------------------------------------------------------------------
2025-02-02 23:45:16.801 [Info] Connecting to 127.0.0.1:5400...

--------------------------------------------------------------------------------
2025-02-02 23:45:16.808 [Info] Connected [6257b3ce-5d6d-4958-9f13-26510520003a].

--------------------------------------------------------------------------------
2025-02-02 23:45:16.821 [Info] Connection approved [6257b3ce-5d6d-4958-9f13-26510520003a].

--------------------------------------------------------------------------------
2025-02-02 23:45:28.503 [Warn] 'Me' is null.

--------------------------------------------------------------------------------
2025-02-03 00:54:01.448 [Info] System window closing (due to user interaction most likely).

--------------------------------------------------------------------------------
2025-02-03 00:54:01.451 [Info] Disconnected [6257b3ce-5d6d-4958-9f13-26510520003a].

--------------------------------------------------------------------------------
2025-02-03 00:54:01.480 [Info] Acquiring context lock... (0ms)

--------------------------------------------------------------------------------
2025-02-03 00:54:01.480 [Info] Acquired. (0ms)

--------------------------------------------------------------------------------
2025-02-03 00:54:01.480 [Info] Beginning context dispose. (0ms)

--------------------------------------------------------------------------------
2025-02-03 00:54:01.480 [Info] GC.SuppressFinalize (0ms)

--------------------------------------------------------------------------------
2025-02-03 00:54:01.480 [Info] InternalDispose() completed. (0ms)

--------------------------------------------------------------------------------
2025-02-03 00:54:01.480 [Info] Clearing instance... (0ms)

--------------------------------------------------------------------------------
2025-02-03 00:54:01.480 [Info] Releasing context lock... (0ms)

--------------------------------------------------------------------------------
2025-02-03 00:54:01.480 [Info] Released. (0ms)

--------------------------------------------------------------------------------
