2025-02-03 04:21:25.417 [Info] Discovered service type: Intersect.Plugins.PluginService

--------------------------------------------------------------------------------
2025-02-03 04:21:25.434 [Warn] Directory was specified as a plugin directory but does not exist: 'resources\plugins'

--------------------------------------------------------------------------------
2025-02-03 04:21:25.436 [Info] Discovered 0 plugins:


--------------------------------------------------------------------------------
2025-02-03 04:21:47.456 [Info] Connecting to 127.0.0.1:5400...

--------------------------------------------------------------------------------
2025-02-03 04:21:47.492 [Info] Connected [25926557-3920-4cff-8368-2d0afad537bf].

--------------------------------------------------------------------------------
2025-02-03 04:21:47.525 [Info] Connection approved [25926557-3920-4cff-8368-2d0afad537bf].

--------------------------------------------------------------------------------
2025-02-03 04:22:40.732 [Warn] 'Me' is null.

--------------------------------------------------------------------------------
2025-02-03 09:45:09.234 [Info] Disconnected [25926557-3920-4cff-8368-2d0afad537bf].

--------------------------------------------------------------------------------
2025-02-03 09:45:14.340 [Info] User clicked exit button.

--------------------------------------------------------------------------------
2025-02-03 09:45:14.352 [Info] System window closing (due to user interaction most likely).

--------------------------------------------------------------------------------
2025-02-03 09:45:14.805 [Info] Acquiring context lock... (0ms)

--------------------------------------------------------------------------------
2025-02-03 09:45:14.806 [Info] Acquired. (0ms)

--------------------------------------------------------------------------------
2025-02-03 09:45:14.807 [Info] Beginning context dispose. (0ms)

--------------------------------------------------------------------------------
2025-02-03 09:45:14.807 [Info] GC.SuppressFinalize (0ms)

--------------------------------------------------------------------------------
2025-02-03 09:45:14.807 [Info] InternalDispose() completed. (0ms)

--------------------------------------------------------------------------------
2025-02-03 09:45:14.807 [Info] Clearing instance... (1ms)

--------------------------------------------------------------------------------
2025-02-03 09:45:14.807 [Info] Releasing context lock... (1ms)

--------------------------------------------------------------------------------
2025-02-03 09:45:14.807 [Info] Released. (1ms)

--------------------------------------------------------------------------------
