2025-02-05 23:42:05.837 [Info] Discovered service type: Intersect.Plugins.PluginService

--------------------------------------------------------------------------------
2025-02-05 23:42:05.845 [Warn] Directory was specified as a plugin directory but does not exist: 'resources\plugins'

--------------------------------------------------------------------------------
2025-02-05 23:42:05.845 [Info] Discovered 0 plugins:


--------------------------------------------------------------------------------
2025-02-05 23:42:09.755 [Info] Connecting to 98.161.230.236:5400...

--------------------------------------------------------------------------------
2025-02-05 23:42:09.764 [Info] Connected [a049b3a5-599a-4320-acc4-97568311ecba].

--------------------------------------------------------------------------------
2025-02-05 23:42:09.773 [Info] Connection approved [a049b3a5-599a-4320-acc4-97568311ecba].

--------------------------------------------------------------------------------
2025-02-05 23:42:11.161 [Warn] 'Me' is null.

--------------------------------------------------------------------------------
2025-02-05 23:42:17.083 [Info] System window closing (due to user interaction most likely).

--------------------------------------------------------------------------------
2025-02-05 23:42:17.086 [Info] Disconnected [a049b3a5-599a-4320-acc4-97568311ecba].

--------------------------------------------------------------------------------
2025-02-05 23:42:17.120 [Info] Acquiring context lock... (0ms)

--------------------------------------------------------------------------------
2025-02-05 23:42:17.120 [Info] Acquired. (0ms)

--------------------------------------------------------------------------------
2025-02-05 23:42:17.121 [Info] Beginning context dispose. (0ms)

--------------------------------------------------------------------------------
2025-02-05 23:42:17.121 [Info] GC.SuppressFinalize (0ms)

--------------------------------------------------------------------------------
2025-02-05 23:42:17.121 [Info] InternalDispose() completed. (0ms)

--------------------------------------------------------------------------------
2025-02-05 23:42:17.121 [Info] Clearing instance... (0ms)

--------------------------------------------------------------------------------
2025-02-05 23:42:17.121 [Info] Releasing context lock... (0ms)

--------------------------------------------------------------------------------
2025-02-05 23:42:17.121 [Info] Released. (0ms)

--------------------------------------------------------------------------------
