2025-02-05 06:01:20.503 [Info] No network created to poll for server status.

--------------------------------------------------------------------------------
2025-02-05 06:01:21.654 [Info] Connecting to 98.161.230.236:5400...

--------------------------------------------------------------------------------
2025-02-05 06:01:21.662 [Info] Connected [6a0a1987-76de-487f-ba29-e1228b8a8ff8].

--------------------------------------------------------------------------------
2025-02-05 06:01:21.667 [Info] Connection approved [6a0a1987-76de-487f-ba29-e1228b8a8ff8].

--------------------------------------------------------------------------------
2025-02-05 06:01:22.166 [Info] Updating list

--------------------------------------------------------------------------------
2025-02-05 06:01:36.031 [Info] Updating list

--------------------------------------------------------------------------------
2025-02-05 06:02:13.254 [Info] Updating list

--------------------------------------------------------------------------------
2025-02-05 06:03:00.558 [Info] Updating list

--------------------------------------------------------------------------------
2025-02-05 06:03:22.469 [Info] Updating list

--------------------------------------------------------------------------------
2025-02-05 06:03:34.484 [Info] Updating list

--------------------------------------------------------------------------------
2025-02-05 06:03:48.918 [Info] Updating list

--------------------------------------------------------------------------------
2025-02-05 06:03:55.143 [Info] Updating list

--------------------------------------------------------------------------------
2025-02-05 06:04:02.681 [Info] Updating list

--------------------------------------------------------------------------------
2025-02-05 06:04:13.904 [Info] Updating list

--------------------------------------------------------------------------------
2025-02-05 06:04:24.382 [Info] Updating list

--------------------------------------------------------------------------------
2025-02-05 06:05:04.124 [Info] Updating list

--------------------------------------------------------------------------------
2025-02-05 06:05:46.359 [Info] Updating list

--------------------------------------------------------------------------------
2025-02-05 06:05:51.412 [Info] Updating list

--------------------------------------------------------------------------------
2025-02-05 06:05:57.964 [Info] Updating list

--------------------------------------------------------------------------------
2025-02-05 06:06:11.306 [Info] Updating list

--------------------------------------------------------------------------------
2025-02-05 06:17:22.317 [Info] Disconnected [6a0a1987-76de-487f-ba29-e1228b8a8ff8].

--------------------------------------------------------------------------------
