2025-02-06 00:10:00.935 [Info] Discovered service type: Intersect.Plugins.PluginService

--------------------------------------------------------------------------------
2025-02-06 00:10:00.942 [Warn] Directory was specified as a plugin directory but does not exist: 'resources\plugins'

--------------------------------------------------------------------------------
2025-02-06 00:10:00.943 [Info] Discovered 0 plugins:


--------------------------------------------------------------------------------
2025-02-06 00:10:03.776 [Info] Connecting to 98.161.230.236:5400...

--------------------------------------------------------------------------------
2025-02-06 00:10:03.805 [Info] Connected [2ff140fb-bda6-4f71-9bb3-5af0baafc6aa].

--------------------------------------------------------------------------------
2025-02-06 00:10:03.831 [Info] Connection approved [2ff140fb-bda6-4f71-9bb3-5af0baafc6aa].

--------------------------------------------------------------------------------
2025-02-06 00:10:06.095 [Warn] 'Me' is null.

--------------------------------------------------------------------------------
2025-02-06 00:10:07.428 [Info] System window closing (due to user interaction most likely).

--------------------------------------------------------------------------------
2025-02-06 00:10:07.431 [Info] Disconnected [2ff140fb-bda6-4f71-9bb3-5af0baafc6aa].

--------------------------------------------------------------------------------
2025-02-06 00:10:07.461 [Info] Acquiring context lock... (0ms)

--------------------------------------------------------------------------------
2025-02-06 00:10:07.461 [Info] Acquired. (0ms)

--------------------------------------------------------------------------------
2025-02-06 00:10:07.461 [Info] Beginning context dispose. (0ms)

--------------------------------------------------------------------------------
2025-02-06 00:10:07.462 [Info] GC.SuppressFinalize (0ms)

--------------------------------------------------------------------------------
2025-02-06 00:10:07.462 [Info] InternalDispose() completed. (0ms)

--------------------------------------------------------------------------------
2025-02-06 00:10:07.462 [Info] Clearing instance... (0ms)

--------------------------------------------------------------------------------
2025-02-06 00:10:07.462 [Info] Releasing context lock... (0ms)

--------------------------------------------------------------------------------
2025-02-06 00:10:07.462 [Info] Released. (0ms)

--------------------------------------------------------------------------------
