2025-02-02 07:00:16.638 [Info] Discovered service type: Intersect.Plugins.PluginService

--------------------------------------------------------------------------------
2025-02-02 07:00:16.645 [Warn] Directory was specified as a plugin directory but does not exist: 'resources\plugins'

--------------------------------------------------------------------------------
2025-02-02 07:00:16.646 [Info] Discovered 0 plugins:


--------------------------------------------------------------------------------
2025-02-02 07:00:26.265 [Info] System window closing (due to user interaction most likely).

--------------------------------------------------------------------------------
2025-02-02 07:00:26.296 [Info] Acquiring context lock... (0ms)

--------------------------------------------------------------------------------
2025-02-02 07:00:26.296 [Info] Acquired. (0ms)

--------------------------------------------------------------------------------
2025-02-02 07:00:26.297 [Info] Beginning context dispose. (0ms)

--------------------------------------------------------------------------------
2025-02-02 07:00:26.297 [Info] GC.SuppressFinalize (0ms)

--------------------------------------------------------------------------------
2025-02-02 07:00:26.297 [Info] InternalDispose() completed. (0ms)

--------------------------------------------------------------------------------
2025-02-02 07:00:26.297 [Info] Clearing instance... (1ms)

--------------------------------------------------------------------------------
2025-02-02 07:00:26.297 [Info] Releasing context lock... (1ms)

--------------------------------------------------------------------------------
2025-02-02 07:00:26.297 [Info] Released. (1ms)

--------------------------------------------------------------------------------
