2025-02-05 23:35:36.224 [Info] Discovered service type: Intersect.Plugins.PluginService

--------------------------------------------------------------------------------
2025-02-05 23:35:36.231 [Warn] Directory was specified as a plugin directory but does not exist: 'resources\plugins'

--------------------------------------------------------------------------------
2025-02-05 23:35:36.232 [Info] Discovered 0 plugins:


--------------------------------------------------------------------------------
2025-02-05 23:35:50.971 [Info] Connecting to 98.161.230.236:5400...

--------------------------------------------------------------------------------
2025-02-05 23:35:50.979 [Info] Connected [8dc9d7d9-6d87-441e-86ab-6295cc2e2e8c].

--------------------------------------------------------------------------------
2025-02-05 23:35:50.989 [Info] Connection approved [8dc9d7d9-6d87-441e-86ab-6295cc2e2e8c].

--------------------------------------------------------------------------------
2025-02-05 23:35:52.450 [Warn] 'Me' is null.

--------------------------------------------------------------------------------
2025-02-05 23:36:26.721 [Info] System window closing (due to user interaction most likely).

--------------------------------------------------------------------------------
2025-02-05 23:36:26.723 [Info] Disconnected [8dc9d7d9-6d87-441e-86ab-6295cc2e2e8c].

--------------------------------------------------------------------------------
2025-02-05 23:36:26.746 [Info] Acquiring context lock... (0ms)

--------------------------------------------------------------------------------
2025-02-05 23:36:26.746 [Info] Acquired. (0ms)

--------------------------------------------------------------------------------
2025-02-05 23:36:26.746 [Info] Beginning context dispose. (0ms)

--------------------------------------------------------------------------------
2025-02-05 23:36:26.746 [Info] GC.SuppressFinalize (0ms)

--------------------------------------------------------------------------------
2025-02-05 23:36:26.746 [Info] InternalDispose() completed. (0ms)

--------------------------------------------------------------------------------
2025-02-05 23:36:26.746 [Info] Clearing instance... (0ms)

--------------------------------------------------------------------------------
2025-02-05 23:36:26.746 [Info] Releasing context lock... (0ms)

--------------------------------------------------------------------------------
2025-02-05 23:36:26.746 [Info] Released. (0ms)

--------------------------------------------------------------------------------
