2025-02-05 19:28:52.888 [Info] Discovered service type: Intersect.Plugins.PluginService

--------------------------------------------------------------------------------
2025-02-05 19:28:52.895 [Warn] Directory was specified as a plugin directory but does not exist: 'resources\plugins'

--------------------------------------------------------------------------------
2025-02-05 19:28:52.896 [Info] Discovered 0 plugins:


--------------------------------------------------------------------------------
2025-02-05 19:29:23.095 [Info] System window closing (due to user interaction most likely).

--------------------------------------------------------------------------------
2025-02-05 19:29:23.118 [Info] Acquiring context lock... (0ms)

--------------------------------------------------------------------------------
2025-02-05 19:29:23.118 [Info] Acquired. (0ms)

--------------------------------------------------------------------------------
2025-02-05 19:29:23.119 [Info] Beginning context dispose. (0ms)

--------------------------------------------------------------------------------
2025-02-05 19:29:23.119 [Info] GC.SuppressFinalize (0ms)

--------------------------------------------------------------------------------
2025-02-05 19:29:23.119 [Info] InternalDispose() completed. (0ms)

--------------------------------------------------------------------------------
2025-02-05 19:29:23.119 [Info] Clearing instance... (0ms)

--------------------------------------------------------------------------------
2025-02-05 19:29:23.119 [Info] Releasing context lock... (0ms)

--------------------------------------------------------------------------------
2025-02-05 19:29:23.119 [Info] Released. (0ms)

--------------------------------------------------------------------------------
