2025-02-06 01:29:43.642 [Info] No network created to poll for server status.

--------------------------------------------------------------------------------
2025-02-06 01:36:27.400 [Info] Connecting to 98.161.230.236:5400...

--------------------------------------------------------------------------------
2025-02-06 01:36:27.434 [Info] Connected [b1d78609-1d3b-4ffa-8425-e94ae5f843f5].

--------------------------------------------------------------------------------
2025-02-06 01:36:27.450 [Info] Connection approved [b1d78609-1d3b-4ffa-8425-e94ae5f843f5].

--------------------------------------------------------------------------------
2025-02-06 01:36:28.166 [Info] Updating list

--------------------------------------------------------------------------------
2025-02-06 01:39:49.320 [Info] Updating list

--------------------------------------------------------------------------------
2025-02-06 01:42:15.217 [Info] Updating list

--------------------------------------------------------------------------------
2025-02-06 01:42:24.091 [Info] Updating list

--------------------------------------------------------------------------------
2025-02-06 02:05:06.453 [Info] Updating list

--------------------------------------------------------------------------------
2025-02-06 02:06:22.780 [Info] Updating list

--------------------------------------------------------------------------------
2025-02-06 02:10:44.297 [Info] Updating list

--------------------------------------------------------------------------------
2025-02-06 02:11:29.521 [Info] Updating list

--------------------------------------------------------------------------------
2025-02-06 02:11:51.875 [Info] Updating list

--------------------------------------------------------------------------------
2025-02-06 02:12:42.579 [Info] Updating list

--------------------------------------------------------------------------------
2025-02-06 02:15:22.889 [Info] Updating list

--------------------------------------------------------------------------------
2025-02-06 02:15:24.646 [Info] Updating list

--------------------------------------------------------------------------------
2025-02-06 02:15:25.143 [Info] Updating list

--------------------------------------------------------------------------------
2025-02-06 02:15:25.694 [Info] Updating list

--------------------------------------------------------------------------------
2025-02-06 02:15:36.337 [Info] Updating list

--------------------------------------------------------------------------------
2025-02-06 02:23:06.050 [Info] Updating list

--------------------------------------------------------------------------------
2025-02-06 02:47:45.030 [Info] Disconnected [b1d78609-1d3b-4ffa-8425-e94ae5f843f5].

--------------------------------------------------------------------------------
