2025-02-05 03:28:34.610 [Info] Discovered service type: Intersect.Plugins.PluginService

--------------------------------------------------------------------------------
2025-02-05 03:28:34.617 [Warn] Directory was specified as a plugin directory but does not exist: 'resources\plugins'

--------------------------------------------------------------------------------
2025-02-05 03:28:34.618 [Info] Discovered 0 plugins:


--------------------------------------------------------------------------------
2025-02-05 03:28:36.939 [Info] Connecting to 98.161.230.236:5400...

--------------------------------------------------------------------------------
2025-02-05 03:28:36.947 [Info] Connected [c6d50a6d-ae40-4c46-b8eb-274bb13f7ec2].

--------------------------------------------------------------------------------
2025-02-05 03:28:36.973 [Info] Connection approved [c6d50a6d-ae40-4c46-b8eb-274bb13f7ec2].

--------------------------------------------------------------------------------
2025-02-05 03:29:09.727 [Warn] 'Me' is null.

--------------------------------------------------------------------------------
2025-02-05 03:29:13.901 [Info] System window closing (due to user interaction most likely).

--------------------------------------------------------------------------------
2025-02-05 03:29:13.903 [Info] Disconnected [c6d50a6d-ae40-4c46-b8eb-274bb13f7ec2].

--------------------------------------------------------------------------------
2025-02-05 03:29:13.925 [Info] Acquiring context lock... (0ms)

--------------------------------------------------------------------------------
2025-02-05 03:29:13.925 [Info] Acquired. (0ms)

--------------------------------------------------------------------------------
2025-02-05 03:29:13.926 [Info] Beginning context dispose. (0ms)

--------------------------------------------------------------------------------
2025-02-05 03:29:13.926 [Info] GC.SuppressFinalize (0ms)

--------------------------------------------------------------------------------
2025-02-05 03:29:13.926 [Info] InternalDispose() completed. (0ms)

--------------------------------------------------------------------------------
2025-02-05 03:29:13.926 [Info] Clearing instance... (0ms)

--------------------------------------------------------------------------------
2025-02-05 03:29:13.926 [Info] Releasing context lock... (0ms)

--------------------------------------------------------------------------------
2025-02-05 03:29:13.926 [Info] Released. (0ms)

--------------------------------------------------------------------------------
