2025-01-31 05:34:03.116 [Info] Discovered service type: Intersect.Plugins.PluginService

--------------------------------------------------------------------------------
2025-01-31 05:34:03.123 [Warn] Directory was specified as a plugin directory but does not exist: 'resources\plugins'

--------------------------------------------------------------------------------
2025-01-31 05:34:03.124 [Info] Discovered 0 plugins:


--------------------------------------------------------------------------------
2025-01-31 05:34:04.989 [Info] System window closing (due to user interaction most likely).

--------------------------------------------------------------------------------
2025-01-31 05:34:05.013 [Info] Acquiring context lock... (0ms)

--------------------------------------------------------------------------------
2025-01-31 05:34:05.013 [Info] Acquired. (0ms)

--------------------------------------------------------------------------------
2025-01-31 05:34:05.013 [Info] Beginning context dispose. (0ms)

--------------------------------------------------------------------------------
2025-01-31 05:34:05.014 [Info] GC.SuppressFinalize (0ms)

--------------------------------------------------------------------------------
2025-01-31 05:34:05.014 [Info] InternalDispose() completed. (0ms)

--------------------------------------------------------------------------------
2025-01-31 05:34:05.014 [Info] Clearing instance... (0ms)

--------------------------------------------------------------------------------
2025-01-31 05:34:05.014 [Info] Releasing context lock... (0ms)

--------------------------------------------------------------------------------
2025-01-31 05:34:05.014 [Info] Released. (0ms)

--------------------------------------------------------------------------------
