2025-02-03 04:13:20.563 [Info] No network created to poll for server status.

--------------------------------------------------------------------------------
2025-02-03 04:13:21.462 [Info] Connecting to 127.0.0.1:5400...

--------------------------------------------------------------------------------
2025-02-03 04:13:21.468 [Info] Connected [89304804-34da-48aa-ad9e-da6201858759].

--------------------------------------------------------------------------------
2025-02-03 04:13:21.477 [Info] Connection approved [89304804-34da-48aa-ad9e-da6201858759].

--------------------------------------------------------------------------------
2025-02-03 04:13:21.987 [Info] Updating list

--------------------------------------------------------------------------------
2025-02-03 04:13:57.063 [Info] Updating list

--------------------------------------------------------------------------------
2025-02-03 04:14:38.854 [Info] Updating list

--------------------------------------------------------------------------------
2025-02-03 04:14:45.098 [Info] Updating list

--------------------------------------------------------------------------------
2025-02-03 04:17:59.941 [Info] Updating list

--------------------------------------------------------------------------------
2025-02-03 05:14:59.981 [Error] FileNotFoundException: E:\2DMMORPG\TrauzeRPG\SERVER CLIENT\Client and Editor\resources\spells\dark spell_1.png
    Stack:    at System.Drawing.Image.FromFile(String filename, Boolean useEmbeddedColorManagement)
   at Intersect.Editor.Forms.Editors.FrmSpell.cmbSprite_SelectedIndexChanged(Object sender, EventArgs e) in D:\a\Intersect-Engine\Intersect-Engine\Intersect.Editor\Forms\Editors\frmSpell.cs:line 504
   at System.Windows.Forms.ComboBox.OnSelectedIndexChanged(EventArgs e)
   at System.Windows.Forms.ComboBox.WndProc(Message& m)
   at System.Windows.Forms.Control.ControlNativeWindow.WndProc(Message& m)
   at System.Windows.Forms.NativeWindow.Callback(IntPtr hWnd, WM msg, IntPtr wparam, IntPtr lparam)


--------------------------------------------------------------------------------
