2025-01-31 00:38:13.483 [Info] Discovered service type: Intersect.Plugins.PluginService

--------------------------------------------------------------------------------
2025-01-31 00:38:13.491 [Warn] Directory was specified as a plugin directory but does not exist: 'resources\plugins'

--------------------------------------------------------------------------------
2025-01-31 00:38:13.491 [Info] Discovered 0 plugins:


--------------------------------------------------------------------------------
2025-01-31 00:38:15.424 [Info] Connecting to 127.0.0.1:5400...

--------------------------------------------------------------------------------
2025-01-31 00:38:15.430 [Info] Connected [934ec208-46b0-4cdf-bf09-33184855ad24].

--------------------------------------------------------------------------------
2025-01-31 00:38:15.439 [Info] Connection approved [934ec208-46b0-4cdf-bf09-33184855ad24].

--------------------------------------------------------------------------------
2025-01-31 00:38:23.827 [Warn] 'Me' is null.

--------------------------------------------------------------------------------
2025-01-31 00:38:32.386 [Info] System window closing (due to user interaction most likely).

--------------------------------------------------------------------------------
2025-01-31 00:38:32.388 [Info] Disconnected [934ec208-46b0-4cdf-bf09-33184855ad24].

--------------------------------------------------------------------------------
2025-01-31 00:38:32.407 [Info] Acquiring context lock... (0ms)

--------------------------------------------------------------------------------
2025-01-31 00:38:32.407 [Info] Acquired. (0ms)

--------------------------------------------------------------------------------
2025-01-31 00:38:32.408 [Info] Beginning context dispose. (0ms)

--------------------------------------------------------------------------------
2025-01-31 00:38:32.408 [Info] GC.SuppressFinalize (0ms)

--------------------------------------------------------------------------------
2025-01-31 00:38:32.408 [Info] InternalDispose() completed. (0ms)

--------------------------------------------------------------------------------
2025-01-31 00:38:32.408 [Info] Clearing instance... (0ms)

--------------------------------------------------------------------------------
2025-01-31 00:38:32.408 [Info] Releasing context lock... (0ms)

--------------------------------------------------------------------------------
2025-01-31 00:38:32.408 [Info] Released. (0ms)

--------------------------------------------------------------------------------
