2025-02-03 04:20:16.717 [Info] Discovered service type: Intersect.Plugins.PluginService

--------------------------------------------------------------------------------
2025-02-03 04:20:16.735 [Warn] Directory was specified as a plugin directory but does not exist: 'resources\plugins'

--------------------------------------------------------------------------------
2025-02-03 04:20:16.737 [Info] Discovered 0 plugins:


--------------------------------------------------------------------------------
2025-02-03 04:21:01.184 [Info] System window closing (due to user interaction most likely).

--------------------------------------------------------------------------------
2025-02-03 04:21:01.309 [Info] Acquiring context lock... (0ms)

--------------------------------------------------------------------------------
2025-02-03 04:21:01.310 [Info] Acquired. (0ms)

--------------------------------------------------------------------------------
2025-02-03 04:21:01.312 [Info] Beginning context dispose. (0ms)

--------------------------------------------------------------------------------
2025-02-03 04:21:01.312 [Info] GC.SuppressFinalize (0ms)

--------------------------------------------------------------------------------
2025-02-03 04:21:01.313 [Info] InternalDispose() completed. (1ms)

--------------------------------------------------------------------------------
2025-02-03 04:21:01.313 [Info] Clearing instance... (3ms)

--------------------------------------------------------------------------------
2025-02-03 04:21:01.313 [Info] Releasing context lock... (3ms)

--------------------------------------------------------------------------------
2025-02-03 04:21:01.313 [Info] Released. (3ms)

--------------------------------------------------------------------------------
