2025-02-02 23:42:38.245 [Info] No network created to poll for server status.

--------------------------------------------------------------------------------
2025-02-02 23:42:40.071 [Info] Connecting to 127.0.0.1:5400...

--------------------------------------------------------------------------------
2025-02-02 23:42:40.086 [Info] Connected [ae0ae6ff-389f-4f55-b127-fbb1c5f0bb2f].

--------------------------------------------------------------------------------
2025-02-02 23:42:40.093 [Info] Connection approved [ae0ae6ff-389f-4f55-b127-fbb1c5f0bb2f].

--------------------------------------------------------------------------------
2025-02-02 23:42:41.213 [Info] Updating list

--------------------------------------------------------------------------------
2025-02-03 00:21:01.984 [Info] Updating list

--------------------------------------------------------------------------------
2025-02-03 00:33:31.982 [Info] Updating list

--------------------------------------------------------------------------------
2025-02-03 00:33:41.017 [Info] Updating list

--------------------------------------------------------------------------------
2025-02-03 00:39:58.893 [Info] Updating list

--------------------------------------------------------------------------------
2025-02-03 00:52:20.526 [Info] Updating list

--------------------------------------------------------------------------------
2025-02-03 00:52:45.181 [Info] Updating list

--------------------------------------------------------------------------------
2025-02-03 00:54:00.543 [Info] Disconnected [ae0ae6ff-389f-4f55-b127-fbb1c5f0bb2f].

--------------------------------------------------------------------------------
