2025-02-05 22:52:24.647 [Info] Discovered service type: Intersect.Plugins.PluginService

--------------------------------------------------------------------------------
2025-02-05 22:52:24.654 [Warn] Directory was specified as a plugin directory but does not exist: 'resources\plugins'

--------------------------------------------------------------------------------
2025-02-05 22:52:24.655 [Info] Discovered 0 plugins:


--------------------------------------------------------------------------------
2025-02-05 22:52:27.543 [Info] Connecting to 98.161.230.236:5400...

--------------------------------------------------------------------------------
2025-02-05 22:52:27.551 [Info] Connected [424a15e6-68fa-487c-8b8f-95f63024cc44].

--------------------------------------------------------------------------------
2025-02-05 22:52:27.565 [Info] Connection approved [424a15e6-68fa-487c-8b8f-95f63024cc44].

--------------------------------------------------------------------------------
2025-02-05 22:52:29.014 [Warn] 'Me' is null.

--------------------------------------------------------------------------------
2025-02-05 22:57:30.069 [Info] System window closing (due to user interaction most likely).

--------------------------------------------------------------------------------
2025-02-05 22:57:30.072 [Info] Disconnected [424a15e6-68fa-487c-8b8f-95f63024cc44].

--------------------------------------------------------------------------------
2025-02-05 22:57:30.106 [Info] Acquiring context lock... (0ms)

--------------------------------------------------------------------------------
2025-02-05 22:57:30.106 [Info] Acquired. (0ms)

--------------------------------------------------------------------------------
2025-02-05 22:57:30.107 [Info] Beginning context dispose. (0ms)

--------------------------------------------------------------------------------
2025-02-05 22:57:30.107 [Info] GC.SuppressFinalize (0ms)

--------------------------------------------------------------------------------
2025-02-05 22:57:30.107 [Info] InternalDispose() completed. (0ms)

--------------------------------------------------------------------------------
2025-02-05 22:57:30.107 [Info] Clearing instance... (0ms)

--------------------------------------------------------------------------------
2025-02-05 22:57:30.107 [Info] Releasing context lock... (0ms)

--------------------------------------------------------------------------------
2025-02-05 22:57:30.107 [Info] Released. (0ms)

--------------------------------------------------------------------------------
