2025-02-05 20:01:17.666 [Info] Discovered service type: Intersect.Plugins.PluginService

--------------------------------------------------------------------------------
2025-02-05 20:01:17.673 [Warn] Directory was specified as a plugin directory but does not exist: 'resources\plugins'

--------------------------------------------------------------------------------
2025-02-05 20:01:17.674 [Info] Discovered 0 plugins:


--------------------------------------------------------------------------------
2025-02-05 20:01:19.846 [Info] Connecting to 98.161.230.236:5400...

--------------------------------------------------------------------------------
2025-02-05 20:01:19.855 [Info] Connected [cb9c63fb-1ff7-4f01-b168-b3ca08464230].

--------------------------------------------------------------------------------
2025-02-05 20:01:19.859 [Info] Connection approved [cb9c63fb-1ff7-4f01-b168-b3ca08464230].

--------------------------------------------------------------------------------
2025-02-05 20:01:27.261 [Warn] 'Me' is null.

--------------------------------------------------------------------------------
2025-02-05 20:26:36.479 [Warn] 'Me' is null.

--------------------------------------------------------------------------------
2025-02-05 20:26:36.492 [Warn] 'GameUi' is null.

--------------------------------------------------------------------------------
2025-02-05 20:27:22.729 [Info] System window closing (due to user interaction most likely).

--------------------------------------------------------------------------------
2025-02-05 20:27:22.731 [Info] Disconnected [cb9c63fb-1ff7-4f01-b168-b3ca08464230].

--------------------------------------------------------------------------------
2025-02-05 20:27:22.761 [Info] Acquiring context lock... (0ms)

--------------------------------------------------------------------------------
2025-02-05 20:27:22.761 [Info] Acquired. (0ms)

--------------------------------------------------------------------------------
2025-02-05 20:27:22.761 [Info] Beginning context dispose. (0ms)

--------------------------------------------------------------------------------
2025-02-05 20:27:22.761 [Info] GC.SuppressFinalize (0ms)

--------------------------------------------------------------------------------
2025-02-05 20:27:22.761 [Info] InternalDispose() completed. (0ms)

--------------------------------------------------------------------------------
2025-02-05 20:27:22.762 [Info] Clearing instance... (0ms)

--------------------------------------------------------------------------------
2025-02-05 20:27:22.762 [Info] Releasing context lock... (0ms)

--------------------------------------------------------------------------------
2025-02-05 20:27:22.762 [Info] Released. (0ms)

--------------------------------------------------------------------------------
