2025-02-06 18:32:56.537 [Info] No network created to poll for server status.

--------------------------------------------------------------------------------
2025-02-06 18:33:09.103 [Info] Connecting to 98.161.230.236:5400...

--------------------------------------------------------------------------------
2025-02-06 18:33:09.120 [Info] Connected [88f76e26-746c-498b-ab5b-887a03d2b244].

--------------------------------------------------------------------------------
2025-02-06 18:33:09.127 [Info] Connection approved [88f76e26-746c-498b-ab5b-887a03d2b244].

--------------------------------------------------------------------------------
2025-02-06 18:33:09.710 [Info] Updating list

--------------------------------------------------------------------------------
2025-02-06 18:33:38.320 [Info] Updating list

--------------------------------------------------------------------------------
2025-02-06 18:33:44.899 [Info] Updating list

--------------------------------------------------------------------------------
2025-02-06 18:33:47.154 [Info] Updating list

--------------------------------------------------------------------------------
2025-02-06 18:35:03.988 [Info] Updating list

--------------------------------------------------------------------------------
2025-02-06 18:35:11.204 [Info] Updating list

--------------------------------------------------------------------------------
2025-02-06 18:35:13.248 [Info] Updating list

--------------------------------------------------------------------------------
2025-02-06 18:36:00.406 [Info] Updating list

--------------------------------------------------------------------------------
2025-02-06 18:38:36.122 [Info] Updating list

--------------------------------------------------------------------------------
2025-02-06 18:38:43.221 [Info] Updating list

--------------------------------------------------------------------------------
2025-02-06 18:38:56.504 [Info] Updating list

--------------------------------------------------------------------------------
2025-02-06 18:40:30.926 [Info] Updating list

--------------------------------------------------------------------------------
2025-02-06 18:42:46.061 [Info] Updating list

--------------------------------------------------------------------------------
2025-02-06 18:42:58.041 [Info] Updating list

--------------------------------------------------------------------------------
2025-02-06 18:42:59.964 [Info] Updating list

--------------------------------------------------------------------------------
2025-02-06 18:46:34.232 [Info] Updating list

--------------------------------------------------------------------------------
2025-02-06 18:58:35.078 [Info] Disconnected [88f76e26-746c-498b-ab5b-887a03d2b244].

--------------------------------------------------------------------------------
