2025-02-02 05:47:28.466 [Info] No network created to poll for server status.

--------------------------------------------------------------------------------
2025-02-02 05:47:29.495 [Info] Connecting to 127.0.0.1:5400...

--------------------------------------------------------------------------------
2025-02-02 05:47:29.501 [Info] Connected [a0513975-d826-45f9-a4b4-0c6bb95a9fe8].

--------------------------------------------------------------------------------
2025-02-02 05:47:29.519 [Info] Connection approved [a0513975-d826-45f9-a4b4-0c6bb95a9fe8].

--------------------------------------------------------------------------------
2025-02-02 05:47:31.670 [Info] Updating list

--------------------------------------------------------------------------------
2025-02-02 05:50:20.900 [Info] Updating list

--------------------------------------------------------------------------------
2025-02-02 05:53:08.550 [Info] Updating list

--------------------------------------------------------------------------------
2025-02-02 05:54:06.889 [Info] Updating list

--------------------------------------------------------------------------------
2025-02-02 05:57:28.056 [Info] Updating list

--------------------------------------------------------------------------------
2025-02-02 06:00:49.969 [Info] Updating list

--------------------------------------------------------------------------------
2025-02-02 06:05:20.890 [Info] Updating list

--------------------------------------------------------------------------------
2025-02-02 06:05:20.891 [Info] Updating list

--------------------------------------------------------------------------------
2025-02-02 06:05:20.915 [Info] Updating list

--------------------------------------------------------------------------------
2025-02-02 06:05:25.640 [Info] Updating list

--------------------------------------------------------------------------------
2025-02-02 06:05:55.484 [Info] Updating list

--------------------------------------------------------------------------------
2025-02-02 06:09:12.328 [Info] Updating list

--------------------------------------------------------------------------------
2025-02-02 06:10:07.852 [Info] Updating list

--------------------------------------------------------------------------------
2025-02-02 06:10:29.021 [Info] Updating list

--------------------------------------------------------------------------------
2025-02-02 06:14:32.306 [Info] Updating list

--------------------------------------------------------------------------------
2025-02-02 06:14:51.901 [Info] Updating list

--------------------------------------------------------------------------------
2025-02-02 06:20:14.496 [Info] Updating list

--------------------------------------------------------------------------------
2025-02-02 06:23:19.889 [Info] Updating list

--------------------------------------------------------------------------------
2025-02-02 06:26:03.743 [Info] Updating list

--------------------------------------------------------------------------------
2025-02-02 06:31:27.728 [Info] Disconnected [a0513975-d826-45f9-a4b4-0c6bb95a9fe8].

--------------------------------------------------------------------------------
