2025-02-06 01:37:44.808 [Info] Discovered service type: Intersect.Plugins.PluginService

--------------------------------------------------------------------------------
2025-02-06 01:37:44.816 [Warn] Directory was specified as a plugin directory but does not exist: 'resources\plugins'

--------------------------------------------------------------------------------
2025-02-06 01:37:44.817 [Info] Discovered 0 plugins:


--------------------------------------------------------------------------------
2025-02-06 01:37:47.067 [Info] Connecting to 98.161.230.236:5400...

--------------------------------------------------------------------------------
2025-02-06 01:37:47.082 [Info] Connected [a8eaf934-0aee-4381-825b-49b3b9d8a32f].

--------------------------------------------------------------------------------
2025-02-06 01:37:47.114 [Info] Connection approved [a8eaf934-0aee-4381-825b-49b3b9d8a32f].

--------------------------------------------------------------------------------
2025-02-06 01:37:48.897 [Warn] 'Me' is null.

--------------------------------------------------------------------------------
2025-02-06 01:41:38.339 [Info] System window closing (due to user interaction most likely).

--------------------------------------------------------------------------------
2025-02-06 01:41:38.341 [Info] Disconnected [a8eaf934-0aee-4381-825b-49b3b9d8a32f].

--------------------------------------------------------------------------------
2025-02-06 01:41:38.366 [Info] Acquiring context lock... (0ms)

--------------------------------------------------------------------------------
2025-02-06 01:41:38.366 [Info] Acquired. (0ms)

--------------------------------------------------------------------------------
2025-02-06 01:41:38.366 [Info] Beginning context dispose. (0ms)

--------------------------------------------------------------------------------
2025-02-06 01:41:38.366 [Info] GC.SuppressFinalize (0ms)

--------------------------------------------------------------------------------
2025-02-06 01:41:38.366 [Info] InternalDispose() completed. (0ms)

--------------------------------------------------------------------------------
2025-02-06 01:41:38.366 [Info] Clearing instance... (0ms)

--------------------------------------------------------------------------------
2025-02-06 01:41:38.366 [Info] Releasing context lock... (0ms)

--------------------------------------------------------------------------------
2025-02-06 01:41:38.366 [Info] Released. (0ms)

--------------------------------------------------------------------------------
