2025-02-05 05:56:52.735 [Info] Discovered service type: Intersect.Plugins.PluginService

--------------------------------------------------------------------------------
2025-02-05 05:56:52.742 [Warn] Directory was specified as a plugin directory but does not exist: 'resources\plugins'

--------------------------------------------------------------------------------
2025-02-05 05:56:52.743 [Info] Discovered 0 plugins:


--------------------------------------------------------------------------------
2025-02-05 05:56:55.342 [Info] Connecting to 98.161.230.236:5400...

--------------------------------------------------------------------------------
2025-02-05 05:56:55.350 [Info] Connected [34fb09f7-3099-4543-97d6-4b4c57cdc44e].

--------------------------------------------------------------------------------
2025-02-05 05:56:55.361 [Info] Connection approved [34fb09f7-3099-4543-97d6-4b4c57cdc44e].

--------------------------------------------------------------------------------
2025-02-05 05:56:56.920 [Warn] 'Me' is null.

--------------------------------------------------------------------------------
2025-02-05 05:59:50.993 [Info] System window closing (due to user interaction most likely).

--------------------------------------------------------------------------------
2025-02-05 05:59:50.995 [Info] Disconnected [34fb09f7-3099-4543-97d6-4b4c57cdc44e].

--------------------------------------------------------------------------------
2025-02-05 05:59:51.031 [Info] Acquiring context lock... (0ms)

--------------------------------------------------------------------------------
2025-02-05 05:59:51.031 [Info] Acquired. (0ms)

--------------------------------------------------------------------------------
2025-02-05 05:59:51.031 [Info] Beginning context dispose. (0ms)

--------------------------------------------------------------------------------
2025-02-05 05:59:51.031 [Info] GC.SuppressFinalize (0ms)

--------------------------------------------------------------------------------
2025-02-05 05:59:51.031 [Info] InternalDispose() completed. (0ms)

--------------------------------------------------------------------------------
2025-02-05 05:59:51.031 [Info] Clearing instance... (0ms)

--------------------------------------------------------------------------------
2025-02-05 05:59:51.031 [Info] Releasing context lock... (0ms)

--------------------------------------------------------------------------------
2025-02-05 05:59:51.031 [Info] Released. (0ms)

--------------------------------------------------------------------------------
