2025-01-31 02:47:04.768 [Info] Discovered service type: Intersect.Plugins.PluginService

--------------------------------------------------------------------------------
2025-01-31 02:47:04.776 [Warn] Directory was specified as a plugin directory but does not exist: 'resources\plugins'

--------------------------------------------------------------------------------
2025-01-31 02:47:04.777 [Info] Discovered 0 plugins:


--------------------------------------------------------------------------------
2025-01-31 02:47:07.213 [Info] Connecting to 127.0.0.1:5400...

--------------------------------------------------------------------------------
2025-01-31 02:47:07.220 [Info] Connected [63fdd284-0057-4ece-99b8-5d9b133655b2].

--------------------------------------------------------------------------------
2025-01-31 02:47:07.233 [Info] Connection approved [63fdd284-0057-4ece-99b8-5d9b133655b2].

--------------------------------------------------------------------------------
2025-01-31 02:47:09.146 [Warn] 'Me' is null.

--------------------------------------------------------------------------------
2025-01-31 02:47:25.136 [Warn] 'Me' is null.

--------------------------------------------------------------------------------
2025-01-31 02:47:25.142 [Warn] 'GameUi' is null.

--------------------------------------------------------------------------------
2025-01-31 03:34:31.891 [Info] System window closing (due to user interaction most likely).

--------------------------------------------------------------------------------
2025-01-31 03:34:31.894 [Info] Disconnected [63fdd284-0057-4ece-99b8-5d9b133655b2].

--------------------------------------------------------------------------------
2025-01-31 03:34:31.913 [Info] Acquiring context lock... (0ms)

--------------------------------------------------------------------------------
2025-01-31 03:34:31.913 [Info] Acquired. (0ms)

--------------------------------------------------------------------------------
2025-01-31 03:34:31.914 [Info] Beginning context dispose. (0ms)

--------------------------------------------------------------------------------
2025-01-31 03:34:31.914 [Info] GC.SuppressFinalize (0ms)

--------------------------------------------------------------------------------
2025-01-31 03:34:31.914 [Info] InternalDispose() completed. (0ms)

--------------------------------------------------------------------------------
2025-01-31 03:34:31.914 [Info] Clearing instance... (0ms)

--------------------------------------------------------------------------------
2025-01-31 03:34:31.914 [Info] Releasing context lock... (0ms)

--------------------------------------------------------------------------------
2025-01-31 03:34:31.914 [Info] Released. (0ms)

--------------------------------------------------------------------------------
