2025-02-05 19:31:04.879 [Info] Discovered service type: Intersect.Plugins.PluginService

--------------------------------------------------------------------------------
2025-02-05 19:31:04.886 [Warn] Directory was specified as a plugin directory but does not exist: 'resources\plugins'

--------------------------------------------------------------------------------
2025-02-05 19:31:04.887 [Info] Discovered 0 plugins:


--------------------------------------------------------------------------------
2025-02-05 19:31:07.141 [Info] Connecting to 98.161.230.236:5400...

--------------------------------------------------------------------------------
2025-02-05 19:31:07.157 [Info] Connected [9e79f3a0-4809-40a3-8481-249322a10d8f].

--------------------------------------------------------------------------------
2025-02-05 19:31:07.172 [Info] Connection approved [9e79f3a0-4809-40a3-8481-249322a10d8f].

--------------------------------------------------------------------------------
2025-02-05 19:31:09.000 [Warn] 'Me' is null.

--------------------------------------------------------------------------------
2025-02-05 19:31:16.413 [Info] Disconnected [9e79f3a0-4809-40a3-8481-249322a10d8f].

--------------------------------------------------------------------------------
2025-02-05 19:31:29.519 [Info] System window closing (due to user interaction most likely).

--------------------------------------------------------------------------------
2025-02-05 19:31:29.547 [Info] Acquiring context lock... (0ms)

--------------------------------------------------------------------------------
2025-02-05 19:31:29.547 [Info] Acquired. (0ms)

--------------------------------------------------------------------------------
2025-02-05 19:31:29.547 [Info] Beginning context dispose. (0ms)

--------------------------------------------------------------------------------
2025-02-05 19:31:29.547 [Info] GC.SuppressFinalize (0ms)

--------------------------------------------------------------------------------
2025-02-05 19:31:29.547 [Info] InternalDispose() completed. (0ms)

--------------------------------------------------------------------------------
2025-02-05 19:31:29.547 [Info] Clearing instance... (0ms)

--------------------------------------------------------------------------------
2025-02-05 19:31:29.547 [Info] Releasing context lock... (0ms)

--------------------------------------------------------------------------------
2025-02-05 19:31:29.547 [Info] Released. (0ms)

--------------------------------------------------------------------------------
