2025-02-06 04:13:39.077 [Info] No network created to poll for server status.

--------------------------------------------------------------------------------
2025-02-06 04:13:40.249 [Info] Connecting to 98.161.230.236:5400...

--------------------------------------------------------------------------------
2025-02-06 04:13:40.265 [Info] Connected [74e64982-0581-4072-83c9-5fcc7bcc136a].

--------------------------------------------------------------------------------
2025-02-06 04:13:40.273 [Info] Connection approved [74e64982-0581-4072-83c9-5fcc7bcc136a].

--------------------------------------------------------------------------------
2025-02-06 04:13:40.807 [Info] Updating list

--------------------------------------------------------------------------------
2025-02-06 04:14:24.322 [Info] Updating list

--------------------------------------------------------------------------------
2025-02-06 04:50:10.312 [Info] Updating list

--------------------------------------------------------------------------------
2025-02-06 04:53:08.484 [Info] Updating list

--------------------------------------------------------------------------------
2025-02-06 04:54:50.251 [Info] Updating list

--------------------------------------------------------------------------------
2025-02-06 04:58:47.389 [Info] Updating list

--------------------------------------------------------------------------------
2025-02-06 04:59:44.780 [Info] Updating list

--------------------------------------------------------------------------------
2025-02-06 05:01:35.589 [Info] Updating list

--------------------------------------------------------------------------------
2025-02-06 05:02:38.138 [Info] Updating list

--------------------------------------------------------------------------------
2025-02-06 05:02:46.514 [Info] Updating list

--------------------------------------------------------------------------------
2025-02-06 05:03:13.108 [Info] Updating list

--------------------------------------------------------------------------------
2025-02-06 05:39:28.932 [Info] Disconnected [74e64982-0581-4072-83c9-5fcc7bcc136a].

--------------------------------------------------------------------------------
