2025-02-05 19:53:42.472 [Info] Discovered service type: Intersect.Plugins.PluginService

--------------------------------------------------------------------------------
2025-02-05 19:53:42.479 [Warn] Directory was specified as a plugin directory but does not exist: 'resources\plugins'

--------------------------------------------------------------------------------
2025-02-05 19:53:42.480 [Info] Discovered 0 plugins:


--------------------------------------------------------------------------------
2025-02-05 19:53:44.825 [Info] Connecting to 98.161.230.236:5400...

--------------------------------------------------------------------------------
2025-02-05 19:53:44.832 [Info] Connected [1c20ae9d-601e-4b59-aacb-d018a623245c].

--------------------------------------------------------------------------------
2025-02-05 19:53:44.845 [Info] Connection approved [1c20ae9d-601e-4b59-aacb-d018a623245c].

--------------------------------------------------------------------------------
2025-02-05 19:53:46.498 [Warn] 'Me' is null.

--------------------------------------------------------------------------------
2025-02-05 19:59:05.780 [Info] System window closing (due to user interaction most likely).

--------------------------------------------------------------------------------
2025-02-05 19:59:05.783 [Info] Disconnected [1c20ae9d-601e-4b59-aacb-d018a623245c].

--------------------------------------------------------------------------------
2025-02-05 19:59:05.812 [Info] Acquiring context lock... (0ms)

--------------------------------------------------------------------------------
2025-02-05 19:59:05.812 [Info] Acquired. (0ms)

--------------------------------------------------------------------------------
2025-02-05 19:59:05.813 [Info] Beginning context dispose. (0ms)

--------------------------------------------------------------------------------
2025-02-05 19:59:05.813 [Info] GC.SuppressFinalize (0ms)

--------------------------------------------------------------------------------
2025-02-05 19:59:05.813 [Info] InternalDispose() completed. (0ms)

--------------------------------------------------------------------------------
2025-02-05 19:59:05.813 [Info] Clearing instance... (0ms)

--------------------------------------------------------------------------------
2025-02-05 19:59:05.813 [Info] Releasing context lock... (0ms)

--------------------------------------------------------------------------------
2025-02-05 19:59:05.813 [Info] Released. (0ms)

--------------------------------------------------------------------------------
