2025-02-02 06:45:41.754 [Info] Discovered service type: Intersect.Plugins.PluginService

--------------------------------------------------------------------------------
2025-02-02 06:45:41.762 [Warn] Directory was specified as a plugin directory but does not exist: 'resources\plugins'

--------------------------------------------------------------------------------
2025-02-02 06:45:41.762 [Info] Discovered 0 plugins:


--------------------------------------------------------------------------------
2025-02-02 06:45:47.188 [Info] System window closing (due to user interaction most likely).

--------------------------------------------------------------------------------
2025-02-02 06:45:47.213 [Info] Acquiring context lock... (0ms)

--------------------------------------------------------------------------------
2025-02-02 06:45:47.213 [Info] Acquired. (0ms)

--------------------------------------------------------------------------------
2025-02-02 06:45:47.214 [Info] Beginning context dispose. (0ms)

--------------------------------------------------------------------------------
2025-02-02 06:45:47.214 [Info] GC.SuppressFinalize (0ms)

--------------------------------------------------------------------------------
2025-02-02 06:45:47.214 [Info] InternalDispose() completed. (0ms)

--------------------------------------------------------------------------------
2025-02-02 06:45:47.214 [Info] Clearing instance... (0ms)

--------------------------------------------------------------------------------
2025-02-02 06:45:47.214 [Info] Releasing context lock... (0ms)

--------------------------------------------------------------------------------
2025-02-02 06:45:47.214 [Info] Released. (0ms)

--------------------------------------------------------------------------------
