2025-02-01 05:00:29.295 [Info] Discovered service type: Intersect.Plugins.PluginService

--------------------------------------------------------------------------------
2025-02-01 05:00:29.302 [Warn] Directory was specified as a plugin directory but does not exist: 'resources\plugins'

--------------------------------------------------------------------------------
2025-02-01 05:00:29.303 [Info] Discovered 0 plugins:


--------------------------------------------------------------------------------
2025-02-01 05:00:31.226 [Info] Connecting to 127.0.0.1:5400...

--------------------------------------------------------------------------------
2025-02-01 05:00:31.232 [Info] Connected [1242eb5b-08e7-4a5b-8932-ec7ab2ab726d].

--------------------------------------------------------------------------------
2025-02-01 05:00:31.252 [Info] Connection approved [1242eb5b-08e7-4a5b-8932-ec7ab2ab726d].

--------------------------------------------------------------------------------
2025-02-01 05:00:32.925 [Warn] 'Me' is null.

--------------------------------------------------------------------------------
2025-02-01 05:01:10.758 [Info] System window closing (due to user interaction most likely).

--------------------------------------------------------------------------------
2025-02-01 05:01:10.760 [Info] Disconnected [1242eb5b-08e7-4a5b-8932-ec7ab2ab726d].

--------------------------------------------------------------------------------
2025-02-01 05:01:10.783 [Info] Acquiring context lock... (0ms)

--------------------------------------------------------------------------------
2025-02-01 05:01:10.783 [Info] Acquired. (0ms)

--------------------------------------------------------------------------------
2025-02-01 05:01:10.784 [Info] Beginning context dispose. (0ms)

--------------------------------------------------------------------------------
2025-02-01 05:01:10.784 [Info] GC.SuppressFinalize (0ms)

--------------------------------------------------------------------------------
2025-02-01 05:01:10.784 [Info] InternalDispose() completed. (0ms)

--------------------------------------------------------------------------------
2025-02-01 05:01:10.784 [Info] Clearing instance... (0ms)

--------------------------------------------------------------------------------
2025-02-01 05:01:10.784 [Info] Releasing context lock... (0ms)

--------------------------------------------------------------------------------
2025-02-01 05:01:10.784 [Info] Released. (0ms)

--------------------------------------------------------------------------------
