2025-01-12 06:23:54.630 [Debug] 10607 - No relationship from 'BagSlot' to 'Bag' has been configured by convention because there are multiple properties on one entity type - {'Bag', 'ParentBag'} that could be matched with the properties on the other entity type - {'Slots'}. This message can be disregarded if explicit configuration has been specified in 'OnModelCreating'.

--------------------------------------------------------------------------------
2025-01-12 06:23:54.633 [Debug] 10607 - No relationship from 'Bag' to 'BagSlot' has been configured by convention because there are multiple properties on one entity type - {'Slots'} that could be matched with the properties on the other entity type - {'Bag', 'ParentBag'}. This message can be disregarded if explicit configuration has been specified in 'OnModelCreating'.

--------------------------------------------------------------------------------
2025-01-12 06:23:54.634 [Debug] 10607 - No relationship from 'Ban' to 'User' has been configured by convention because there are multiple properties on one entity type - {'User'} that could be matched with the properties on the other entity type - {'Ban', 'IpBan', 'UserBan'}. This message can be disregarded if explicit configuration has been specified in 'OnModelCreating'.

--------------------------------------------------------------------------------
2025-01-12 06:23:54.635 [Debug] 10607 - No relationship from 'Mute' to 'User' has been configured by convention because there are multiple properties on one entity type - {'User'} that could be matched with the properties on the other entity type - {'IpMute', 'Mute', 'UserMute'}. This message can be disregarded if explicit configuration has been specified in 'OnModelCreating'.

--------------------------------------------------------------------------------
2025-01-12 06:23:54.637 [Debug] 10607 - No relationship from 'Friend' to 'Player' has been configured by convention because there are multiple properties on one entity type - {'Owner', 'Target'} that could be matched with the properties on the other entity type - {'Friends'}. This message can be disregarded if explicit configuration has been specified in 'OnModelCreating'.

--------------------------------------------------------------------------------
2025-01-12 06:23:54.642 [Debug] 10607 - No relationship from 'Player' to 'Friend' has been configured by convention because there are multiple properties on one entity type - {'Friends'} that could be matched with the properties on the other entity type - {'Owner', 'Target'}. This message can be disregarded if explicit configuration has been specified in 'OnModelCreating'.

--------------------------------------------------------------------------------
2025-01-12 06:23:54.643 [Debug] 10607 - No relationship from 'User' to 'Ban' has been configured by convention because there are multiple properties on one entity type - {'Ban'} that could be matched with the properties on the other entity type - {'User'}. This message can be disregarded if explicit configuration has been specified in 'OnModelCreating'.

--------------------------------------------------------------------------------
2025-01-12 06:23:54.643 [Debug] 10607 - No relationship from 'User' to 'Mute' has been configured by convention because there are multiple properties on one entity type - {'Mute'} that could be matched with the properties on the other entity type - {'User'}. This message can be disregarded if explicit configuration has been specified in 'OnModelCreating'.

--------------------------------------------------------------------------------
2025-01-12 06:23:54.663 [Debug] 10607 - No relationship from 'User' to 'Mute' has been configured by convention because there are multiple properties on one entity type - {'Mute'} that could be matched with the properties on the other entity type - {'User'}. This message can be disregarded if explicit configuration has been specified in 'OnModelCreating'.

--------------------------------------------------------------------------------
2025-01-12 06:23:54.672 [Debug] 10607 - No relationship from 'Player' to 'Friend' has been configured by convention because there are multiple properties on one entity type - {'Friends'} that could be matched with the properties on the other entity type - {'Owner', 'Target'}. This message can be disregarded if explicit configuration has been specified in 'OnModelCreating'.

--------------------------------------------------------------------------------
2025-01-12 06:23:54.672 [Debug] 10607 - No relationship from 'Friend' to 'Player' has been configured by convention because there are multiple properties on one entity type - {'Owner', 'Target'} that could be matched with the properties on the other entity type - {'Friends'}. This message can be disregarded if explicit configuration has been specified in 'OnModelCreating'.

--------------------------------------------------------------------------------
2025-01-12 06:23:54.678 [Debug] 10607 - No relationship from 'Bag' to 'BagSlot' has been configured by convention because there are multiple properties on one entity type - {'Slots'} that could be matched with the properties on the other entity type - {'Bag', 'ParentBag'}. This message can be disregarded if explicit configuration has been specified in 'OnModelCreating'.

--------------------------------------------------------------------------------
2025-01-12 06:23:54.678 [Debug] 10607 - No relationship from 'BagSlot' to 'Bag' has been configured by convention because there are multiple properties on one entity type - {'Bag', 'ParentBag'} that could be matched with the properties on the other entity type - {'Slots'}. This message can be disregarded if explicit configuration has been specified in 'OnModelCreating'.

--------------------------------------------------------------------------------
2025-01-12 06:23:54.690 [Debug] 10600 - The property 'Friend.OwnerId' was created in shadow state because there are no eligible CLR members with a matching name.

--------------------------------------------------------------------------------
2025-01-12 06:23:54.690 [Debug] 10600 - The property 'Friend.TargetId' was created in shadow state because there are no eligible CLR members with a matching name.

--------------------------------------------------------------------------------
2025-01-12 06:23:54.690 [Debug] 10600 - The property 'Player.DbGuildId' was created in shadow state because there are no eligible CLR members with a matching name.

--------------------------------------------------------------------------------
2025-01-12 06:23:54.707 [Debug] 10403 - Entity Framework Core 7.0.11 initialized 'SqlitePlayerContext' using provider 'Microsoft.EntityFrameworkCore.Sqlite:7.0.11' with options: SensitiveDataLoggingEnabled DetailedErrorsEnabled 

--------------------------------------------------------------------------------
2025-01-12 06:23:54.795 [Debug] 20005 - Creating DbConnection.

--------------------------------------------------------------------------------
2025-01-12 06:23:54.796 [Debug] 20006 - Created DbConnection. (0ms).

--------------------------------------------------------------------------------
2025-01-12 06:23:54.796 [Debug] 20000 - Opening connection to database 'main' on server 'resources\playerdata.db'.

--------------------------------------------------------------------------------
2025-01-12 06:23:54.797 [Debug] 20001 - Opened connection to database 'main' on server 'C:\Users\Hanst\OneDrive\Desktop\TrauzeRPG\pipmmo\Server\resources\playerdata.db'.

--------------------------------------------------------------------------------
2025-01-12 06:23:54.797 [Debug] 20007 - Disposing connection to database 'main' on server 'resources\playerdata.db'.

--------------------------------------------------------------------------------
2025-01-12 06:23:54.797 [Debug] 20008 - Disposed connection to database 'main' on server 'resources\playerdata.db' (0ms).

--------------------------------------------------------------------------------
2025-01-12 06:23:54.797 [Debug] 20103 - Creating DbCommand for 'ExecuteScalar'.

--------------------------------------------------------------------------------
2025-01-12 06:23:54.797 [Debug] 20005 - Creating DbConnection.

--------------------------------------------------------------------------------
2025-01-12 06:23:54.798 [Debug] 20006 - Created DbConnection. (0ms).

--------------------------------------------------------------------------------
2025-01-12 06:23:54.798 [Debug] 20104 - Created DbCommand for 'ExecuteScalar' (0ms).

--------------------------------------------------------------------------------
2025-01-12 06:23:54.798 [Debug] 20106 - Initialized DbCommand for 'ExecuteScalar' (0ms).

--------------------------------------------------------------------------------
2025-01-12 06:23:54.798 [Debug] 20000 - Opening connection to database 'main' on server 'resources\playerdata.db'.

--------------------------------------------------------------------------------
2025-01-12 06:23:54.798 [Debug] 20001 - Opened connection to database 'main' on server 'C:\Users\Hanst\OneDrive\Desktop\TrauzeRPG\pipmmo\Server\resources\playerdata.db'.

--------------------------------------------------------------------------------
2025-01-12 06:23:54.798 [Debug] 20100 - Executing DbCommand [Parameters=[], CommandType='Text', CommandTimeout='30']
SELECT COUNT(*) FROM "sqlite_master" WHERE "name" = '__EFMigrationsHistory' AND "type" = 'table';

--------------------------------------------------------------------------------
2025-01-12 06:23:54.800 [Info] 20101 - Executed DbCommand (2ms) [Parameters=[], CommandType='Text', CommandTimeout='30']
SELECT COUNT(*) FROM "sqlite_master" WHERE "name" = '__EFMigrationsHistory' AND "type" = 'table';

--------------------------------------------------------------------------------
2025-01-12 06:23:54.800 [Debug] 20002 - Closing connection to database 'main' on server 'C:\Users\Hanst\OneDrive\Desktop\TrauzeRPG\pipmmo\Server\resources\playerdata.db'.

--------------------------------------------------------------------------------
2025-01-12 06:23:54.800 [Debug] 20003 - Closed connection to database 'main' on server 'resources\playerdata.db' (0ms).

--------------------------------------------------------------------------------
2025-01-12 06:23:54.800 [Debug] 20103 - Creating DbCommand for 'ExecuteReader'.

--------------------------------------------------------------------------------
2025-01-12 06:23:54.800 [Debug] 20104 - Created DbCommand for 'ExecuteReader' (0ms).

--------------------------------------------------------------------------------
2025-01-12 06:23:54.800 [Debug] 20106 - Initialized DbCommand for 'ExecuteReader' (0ms).

--------------------------------------------------------------------------------
2025-01-12 06:23:54.800 [Debug] 20000 - Opening connection to database 'main' on server 'resources\playerdata.db'.

--------------------------------------------------------------------------------
2025-01-12 06:23:54.800 [Debug] 20001 - Opened connection to database 'main' on server 'C:\Users\Hanst\OneDrive\Desktop\TrauzeRPG\pipmmo\Server\resources\playerdata.db'.

--------------------------------------------------------------------------------
2025-01-12 06:23:54.800 [Debug] 20100 - Executing DbCommand [Parameters=[], CommandType='Text', CommandTimeout='30']
SELECT "MigrationId", "ProductVersion"
FROM "__EFMigrationsHistory"
ORDER BY "MigrationId";

--------------------------------------------------------------------------------
2025-01-12 06:23:54.800 [Info] 20101 - Executed DbCommand (0ms) [Parameters=[], CommandType='Text', CommandTimeout='30']
SELECT "MigrationId", "ProductVersion"
FROM "__EFMigrationsHistory"
ORDER BY "MigrationId";

--------------------------------------------------------------------------------
2025-01-12 06:23:54.800 [Debug] 20301 - Closing data reader to 'main' on server 'C:\Users\Hanst\OneDrive\Desktop\TrauzeRPG\pipmmo\Server\resources\playerdata.db'.

--------------------------------------------------------------------------------
2025-01-12 06:23:54.800 [Debug] 20300 - A data reader for 'main' on server 'C:\Users\Hanst\OneDrive\Desktop\TrauzeRPG\pipmmo\Server\resources\playerdata.db' is being disposed after spending 0ms reading results.

--------------------------------------------------------------------------------
2025-01-12 06:23:54.800 [Debug] 20002 - Closing connection to database 'main' on server 'C:\Users\Hanst\OneDrive\Desktop\TrauzeRPG\pipmmo\Server\resources\playerdata.db'.

--------------------------------------------------------------------------------
2025-01-12 06:23:54.800 [Debug] 20003 - Closed connection to database 'main' on server 'resources\playerdata.db' (0ms).

--------------------------------------------------------------------------------
2025-01-12 06:23:54.809 [Debug] 20005 - Creating DbConnection.

--------------------------------------------------------------------------------
2025-01-12 06:23:54.809 [Debug] 20006 - Created DbConnection. (0ms).

--------------------------------------------------------------------------------
2025-01-12 06:23:54.809 [Debug] 20000 - Opening connection to database 'main' on server 'resources\playerdata.db'.

--------------------------------------------------------------------------------
2025-01-12 06:23:54.809 [Debug] 20001 - Opened connection to database 'main' on server 'C:\Users\Hanst\OneDrive\Desktop\TrauzeRPG\pipmmo\Server\resources\playerdata.db'.

--------------------------------------------------------------------------------
2025-01-12 06:23:54.809 [Debug] 20007 - Disposing connection to database 'main' on server 'resources\playerdata.db'.

--------------------------------------------------------------------------------
2025-01-12 06:23:54.809 [Debug] 20008 - Disposed connection to database 'main' on server 'resources\playerdata.db' (0ms).

--------------------------------------------------------------------------------
2025-01-12 06:23:54.809 [Debug] 20103 - Creating DbCommand for 'ExecuteScalar'.

--------------------------------------------------------------------------------
2025-01-12 06:23:54.809 [Debug] 20104 - Created DbCommand for 'ExecuteScalar' (0ms).

--------------------------------------------------------------------------------
2025-01-12 06:23:54.809 [Debug] 20106 - Initialized DbCommand for 'ExecuteScalar' (0ms).

--------------------------------------------------------------------------------
2025-01-12 06:23:54.809 [Debug] 20000 - Opening connection to database 'main' on server 'resources\playerdata.db'.

--------------------------------------------------------------------------------
2025-01-12 06:23:54.809 [Debug] 20001 - Opened connection to database 'main' on server 'C:\Users\Hanst\OneDrive\Desktop\TrauzeRPG\pipmmo\Server\resources\playerdata.db'.

--------------------------------------------------------------------------------
2025-01-12 06:23:54.809 [Debug] 20100 - Executing DbCommand [Parameters=[], CommandType='Text', CommandTimeout='30']
SELECT COUNT(*) FROM "sqlite_master" WHERE "name" = '__EFMigrationsHistory' AND "type" = 'table';

--------------------------------------------------------------------------------
2025-01-12 06:23:54.810 [Info] 20101 - Executed DbCommand (0ms) [Parameters=[], CommandType='Text', CommandTimeout='30']
SELECT COUNT(*) FROM "sqlite_master" WHERE "name" = '__EFMigrationsHistory' AND "type" = 'table';

--------------------------------------------------------------------------------
2025-01-12 06:23:54.810 [Debug] 20002 - Closing connection to database 'main' on server 'C:\Users\Hanst\OneDrive\Desktop\TrauzeRPG\pipmmo\Server\resources\playerdata.db'.

--------------------------------------------------------------------------------
2025-01-12 06:23:54.810 [Debug] 20003 - Closed connection to database 'main' on server 'resources\playerdata.db' (0ms).

--------------------------------------------------------------------------------
2025-01-12 06:23:54.810 [Debug] 20103 - Creating DbCommand for 'ExecuteReader'.

--------------------------------------------------------------------------------
2025-01-12 06:23:54.810 [Debug] 20104 - Created DbCommand for 'ExecuteReader' (0ms).

--------------------------------------------------------------------------------
2025-01-12 06:23:54.810 [Debug] 20106 - Initialized DbCommand for 'ExecuteReader' (0ms).

--------------------------------------------------------------------------------
2025-01-12 06:23:54.810 [Debug] 20000 - Opening connection to database 'main' on server 'resources\playerdata.db'.

--------------------------------------------------------------------------------
2025-01-12 06:23:54.810 [Debug] 20001 - Opened connection to database 'main' on server 'C:\Users\Hanst\OneDrive\Desktop\TrauzeRPG\pipmmo\Server\resources\playerdata.db'.

--------------------------------------------------------------------------------
2025-01-12 06:23:54.810 [Debug] 20100 - Executing DbCommand [Parameters=[], CommandType='Text', CommandTimeout='30']
SELECT "MigrationId", "ProductVersion"
FROM "__EFMigrationsHistory"
ORDER BY "MigrationId";

--------------------------------------------------------------------------------
2025-01-12 06:23:54.810 [Info] 20101 - Executed DbCommand (0ms) [Parameters=[], CommandType='Text', CommandTimeout='30']
SELECT "MigrationId", "ProductVersion"
FROM "__EFMigrationsHistory"
ORDER BY "MigrationId";

--------------------------------------------------------------------------------
2025-01-12 06:23:54.810 [Debug] 20301 - Closing data reader to 'main' on server 'C:\Users\Hanst\OneDrive\Desktop\TrauzeRPG\pipmmo\Server\resources\playerdata.db'.

--------------------------------------------------------------------------------
2025-01-12 06:23:54.810 [Debug] 20300 - A data reader for 'main' on server 'C:\Users\Hanst\OneDrive\Desktop\TrauzeRPG\pipmmo\Server\resources\playerdata.db' is being disposed after spending 0ms reading results.

--------------------------------------------------------------------------------
2025-01-12 06:23:54.810 [Debug] 20002 - Closing connection to database 'main' on server 'C:\Users\Hanst\OneDrive\Desktop\TrauzeRPG\pipmmo\Server\resources\playerdata.db'.

--------------------------------------------------------------------------------
2025-01-12 06:23:54.810 [Debug] 20003 - Closed connection to database 'main' on server 'resources\playerdata.db' (0ms).

--------------------------------------------------------------------------------
2025-01-12 06:23:54.811 [Debug] 20005 - Creating DbConnection.

--------------------------------------------------------------------------------
2025-01-12 06:23:54.811 [Debug] 20006 - Created DbConnection. (0ms).

--------------------------------------------------------------------------------
2025-01-12 06:23:54.811 [Debug] 20000 - Opening connection to database 'main' on server 'resources\playerdata.db'.

--------------------------------------------------------------------------------
2025-01-12 06:23:54.811 [Debug] 20001 - Opened connection to database 'main' on server 'C:\Users\Hanst\OneDrive\Desktop\TrauzeRPG\pipmmo\Server\resources\playerdata.db'.

--------------------------------------------------------------------------------
2025-01-12 06:23:54.812 [Debug] 20007 - Disposing connection to database 'main' on server 'resources\playerdata.db'.

--------------------------------------------------------------------------------
2025-01-12 06:23:54.812 [Debug] 20008 - Disposed connection to database 'main' on server 'resources\playerdata.db' (0ms).

--------------------------------------------------------------------------------
2025-01-12 06:23:54.812 [Debug] 20103 - Creating DbCommand for 'ExecuteScalar'.

--------------------------------------------------------------------------------
2025-01-12 06:23:54.812 [Debug] 20104 - Created DbCommand for 'ExecuteScalar' (0ms).

--------------------------------------------------------------------------------
2025-01-12 06:23:54.812 [Debug] 20106 - Initialized DbCommand for 'ExecuteScalar' (0ms).

--------------------------------------------------------------------------------
2025-01-12 06:23:54.812 [Debug] 20000 - Opening connection to database 'main' on server 'resources\playerdata.db'.

--------------------------------------------------------------------------------
2025-01-12 06:23:54.812 [Debug] 20001 - Opened connection to database 'main' on server 'C:\Users\Hanst\OneDrive\Desktop\TrauzeRPG\pipmmo\Server\resources\playerdata.db'.

--------------------------------------------------------------------------------
2025-01-12 06:23:54.812 [Debug] 20100 - Executing DbCommand [Parameters=[], CommandType='Text', CommandTimeout='30']
SELECT COUNT(*) FROM "sqlite_master" WHERE "name" = '__EFMigrationsHistory' AND "type" = 'table';

--------------------------------------------------------------------------------
2025-01-12 06:23:54.812 [Info] 20101 - Executed DbCommand (0ms) [Parameters=[], CommandType='Text', CommandTimeout='30']
SELECT COUNT(*) FROM "sqlite_master" WHERE "name" = '__EFMigrationsHistory' AND "type" = 'table';

--------------------------------------------------------------------------------
2025-01-12 06:23:54.812 [Debug] 20002 - Closing connection to database 'main' on server 'C:\Users\Hanst\OneDrive\Desktop\TrauzeRPG\pipmmo\Server\resources\playerdata.db'.

--------------------------------------------------------------------------------
2025-01-12 06:23:54.812 [Debug] 20003 - Closed connection to database 'main' on server 'resources\playerdata.db' (0ms).

--------------------------------------------------------------------------------
2025-01-12 06:23:54.812 [Debug] 20103 - Creating DbCommand for 'ExecuteReader'.

--------------------------------------------------------------------------------
2025-01-12 06:23:54.812 [Debug] 20104 - Created DbCommand for 'ExecuteReader' (0ms).

--------------------------------------------------------------------------------
2025-01-12 06:23:54.812 [Debug] 20106 - Initialized DbCommand for 'ExecuteReader' (0ms).

--------------------------------------------------------------------------------
2025-01-12 06:23:54.812 [Debug] 20000 - Opening connection to database 'main' on server 'resources\playerdata.db'.

--------------------------------------------------------------------------------
2025-01-12 06:23:54.812 [Debug] 20001 - Opened connection to database 'main' on server 'C:\Users\Hanst\OneDrive\Desktop\TrauzeRPG\pipmmo\Server\resources\playerdata.db'.

--------------------------------------------------------------------------------
2025-01-12 06:23:54.812 [Debug] 20100 - Executing DbCommand [Parameters=[], CommandType='Text', CommandTimeout='30']
SELECT "MigrationId", "ProductVersion"
FROM "__EFMigrationsHistory"
ORDER BY "MigrationId";

--------------------------------------------------------------------------------
2025-01-12 06:23:54.812 [Info] 20101 - Executed DbCommand (0ms) [Parameters=[], CommandType='Text', CommandTimeout='30']
SELECT "MigrationId", "ProductVersion"
FROM "__EFMigrationsHistory"
ORDER BY "MigrationId";

--------------------------------------------------------------------------------
2025-01-12 06:23:54.812 [Debug] 20301 - Closing data reader to 'main' on server 'C:\Users\Hanst\OneDrive\Desktop\TrauzeRPG\pipmmo\Server\resources\playerdata.db'.

--------------------------------------------------------------------------------
2025-01-12 06:23:54.812 [Debug] 20300 - A data reader for 'main' on server 'C:\Users\Hanst\OneDrive\Desktop\TrauzeRPG\pipmmo\Server\resources\playerdata.db' is being disposed after spending 0ms reading results.

--------------------------------------------------------------------------------
2025-01-12 06:23:54.812 [Debug] 20002 - Closing connection to database 'main' on server 'C:\Users\Hanst\OneDrive\Desktop\TrauzeRPG\pipmmo\Server\resources\playerdata.db'.

--------------------------------------------------------------------------------
2025-01-12 06:23:54.812 [Debug] 20003 - Closed connection to database 'main' on server 'resources\playerdata.db' (0ms).

--------------------------------------------------------------------------------
2025-01-12 06:23:54.812 [Debug] 20005 - Creating DbConnection.

--------------------------------------------------------------------------------
2025-01-12 06:23:54.812 [Debug] 20006 - Created DbConnection. (0ms).

--------------------------------------------------------------------------------
2025-01-12 06:23:54.812 [Debug] 20000 - Opening connection to database 'main' on server 'resources\playerdata.db'.

--------------------------------------------------------------------------------
2025-01-12 06:23:54.813 [Debug] 20001 - Opened connection to database 'main' on server 'C:\Users\Hanst\OneDrive\Desktop\TrauzeRPG\pipmmo\Server\resources\playerdata.db'.

--------------------------------------------------------------------------------
2025-01-12 06:23:54.813 [Debug] 20007 - Disposing connection to database 'main' on server 'resources\playerdata.db'.

--------------------------------------------------------------------------------
2025-01-12 06:23:54.813 [Debug] 20008 - Disposed connection to database 'main' on server 'resources\playerdata.db' (0ms).

--------------------------------------------------------------------------------
2025-01-12 06:23:54.813 [Debug] 20103 - Creating DbCommand for 'ExecuteScalar'.

--------------------------------------------------------------------------------
2025-01-12 06:23:54.813 [Debug] 20104 - Created DbCommand for 'ExecuteScalar' (0ms).

--------------------------------------------------------------------------------
2025-01-12 06:23:54.813 [Debug] 20106 - Initialized DbCommand for 'ExecuteScalar' (0ms).

--------------------------------------------------------------------------------
2025-01-12 06:23:54.814 [Debug] 20000 - Opening connection to database 'main' on server 'resources\playerdata.db'.

--------------------------------------------------------------------------------
2025-01-12 06:23:54.814 [Debug] 20001 - Opened connection to database 'main' on server 'C:\Users\Hanst\OneDrive\Desktop\TrauzeRPG\pipmmo\Server\resources\playerdata.db'.

--------------------------------------------------------------------------------
2025-01-12 06:23:54.814 [Debug] 20100 - Executing DbCommand [Parameters=[], CommandType='Text', CommandTimeout='30']
SELECT COUNT(*) FROM "sqlite_master" WHERE "name" = '__EFMigrationsHistory' AND "type" = 'table';

--------------------------------------------------------------------------------
2025-01-12 06:23:54.814 [Info] 20101 - Executed DbCommand (0ms) [Parameters=[], CommandType='Text', CommandTimeout='30']
SELECT COUNT(*) FROM "sqlite_master" WHERE "name" = '__EFMigrationsHistory' AND "type" = 'table';

--------------------------------------------------------------------------------
2025-01-12 06:23:54.814 [Debug] 20002 - Closing connection to database 'main' on server 'C:\Users\Hanst\OneDrive\Desktop\TrauzeRPG\pipmmo\Server\resources\playerdata.db'.

--------------------------------------------------------------------------------
2025-01-12 06:23:54.814 [Debug] 20003 - Closed connection to database 'main' on server 'resources\playerdata.db' (0ms).

--------------------------------------------------------------------------------
2025-01-12 06:23:54.814 [Debug] 20103 - Creating DbCommand for 'ExecuteReader'.

--------------------------------------------------------------------------------
2025-01-12 06:23:54.814 [Debug] 20104 - Created DbCommand for 'ExecuteReader' (0ms).

--------------------------------------------------------------------------------
2025-01-12 06:23:54.814 [Debug] 20106 - Initialized DbCommand for 'ExecuteReader' (0ms).

--------------------------------------------------------------------------------
2025-01-12 06:23:54.814 [Debug] 20000 - Opening connection to database 'main' on server 'resources\playerdata.db'.

--------------------------------------------------------------------------------
2025-01-12 06:23:54.814 [Debug] 20001 - Opened connection to database 'main' on server 'C:\Users\Hanst\OneDrive\Desktop\TrauzeRPG\pipmmo\Server\resources\playerdata.db'.

--------------------------------------------------------------------------------
2025-01-12 06:23:54.814 [Debug] 20100 - Executing DbCommand [Parameters=[], CommandType='Text', CommandTimeout='30']
SELECT "MigrationId", "ProductVersion"
FROM "__EFMigrationsHistory"
ORDER BY "MigrationId";

--------------------------------------------------------------------------------
2025-01-12 06:23:54.814 [Info] 20101 - Executed DbCommand (0ms) [Parameters=[], CommandType='Text', CommandTimeout='30']
SELECT "MigrationId", "ProductVersion"
FROM "__EFMigrationsHistory"
ORDER BY "MigrationId";

--------------------------------------------------------------------------------
2025-01-12 06:23:54.814 [Debug] 20301 - Closing data reader to 'main' on server 'C:\Users\Hanst\OneDrive\Desktop\TrauzeRPG\pipmmo\Server\resources\playerdata.db'.

--------------------------------------------------------------------------------
2025-01-12 06:23:54.814 [Debug] 20300 - A data reader for 'main' on server 'C:\Users\Hanst\OneDrive\Desktop\TrauzeRPG\pipmmo\Server\resources\playerdata.db' is being disposed after spending 0ms reading results.

--------------------------------------------------------------------------------
2025-01-12 06:23:54.814 [Debug] 20002 - Closing connection to database 'main' on server 'C:\Users\Hanst\OneDrive\Desktop\TrauzeRPG\pipmmo\Server\resources\playerdata.db'.

--------------------------------------------------------------------------------
2025-01-12 06:23:54.814 [Debug] 20003 - Closed connection to database 'main' on server 'resources\playerdata.db' (0ms).

--------------------------------------------------------------------------------
2025-01-12 06:23:54.814 [Debug] 20005 - Creating DbConnection.

--------------------------------------------------------------------------------
2025-01-12 06:23:54.814 [Debug] 20006 - Created DbConnection. (0ms).

--------------------------------------------------------------------------------
2025-01-12 06:23:54.814 [Debug] 20000 - Opening connection to database 'main' on server 'resources\playerdata.db'.

--------------------------------------------------------------------------------
2025-01-12 06:23:54.815 [Debug] 20001 - Opened connection to database 'main' on server 'C:\Users\Hanst\OneDrive\Desktop\TrauzeRPG\pipmmo\Server\resources\playerdata.db'.

--------------------------------------------------------------------------------
2025-01-12 06:23:54.815 [Debug] 20007 - Disposing connection to database 'main' on server 'resources\playerdata.db'.

--------------------------------------------------------------------------------
2025-01-12 06:23:54.815 [Debug] 20008 - Disposed connection to database 'main' on server 'resources\playerdata.db' (0ms).

--------------------------------------------------------------------------------
2025-01-12 06:23:54.815 [Debug] 20103 - Creating DbCommand for 'ExecuteScalar'.

--------------------------------------------------------------------------------
2025-01-12 06:23:54.815 [Debug] 20104 - Created DbCommand for 'ExecuteScalar' (0ms).

--------------------------------------------------------------------------------
2025-01-12 06:23:54.815 [Debug] 20106 - Initialized DbCommand for 'ExecuteScalar' (0ms).

--------------------------------------------------------------------------------
2025-01-12 06:23:54.815 [Debug] 20000 - Opening connection to database 'main' on server 'resources\playerdata.db'.

--------------------------------------------------------------------------------
2025-01-12 06:23:54.815 [Debug] 20001 - Opened connection to database 'main' on server 'C:\Users\Hanst\OneDrive\Desktop\TrauzeRPG\pipmmo\Server\resources\playerdata.db'.

--------------------------------------------------------------------------------
2025-01-12 06:23:54.815 [Debug] 20100 - Executing DbCommand [Parameters=[], CommandType='Text', CommandTimeout='30']
SELECT COUNT(*) FROM "sqlite_master" WHERE "name" = '__EFMigrationsHistory' AND "type" = 'table';

--------------------------------------------------------------------------------
2025-01-12 06:23:54.815 [Info] 20101 - Executed DbCommand (0ms) [Parameters=[], CommandType='Text', CommandTimeout='30']
SELECT COUNT(*) FROM "sqlite_master" WHERE "name" = '__EFMigrationsHistory' AND "type" = 'table';

--------------------------------------------------------------------------------
2025-01-12 06:23:54.815 [Debug] 20002 - Closing connection to database 'main' on server 'C:\Users\Hanst\OneDrive\Desktop\TrauzeRPG\pipmmo\Server\resources\playerdata.db'.

--------------------------------------------------------------------------------
2025-01-12 06:23:54.815 [Debug] 20003 - Closed connection to database 'main' on server 'resources\playerdata.db' (0ms).

--------------------------------------------------------------------------------
2025-01-12 06:23:54.815 [Debug] 20103 - Creating DbCommand for 'ExecuteReader'.

--------------------------------------------------------------------------------
2025-01-12 06:23:54.815 [Debug] 20104 - Created DbCommand for 'ExecuteReader' (0ms).

--------------------------------------------------------------------------------
2025-01-12 06:23:54.815 [Debug] 20106 - Initialized DbCommand for 'ExecuteReader' (0ms).

--------------------------------------------------------------------------------
2025-01-12 06:23:54.815 [Debug] 20000 - Opening connection to database 'main' on server 'resources\playerdata.db'.

--------------------------------------------------------------------------------
2025-01-12 06:23:54.815 [Debug] 20001 - Opened connection to database 'main' on server 'C:\Users\Hanst\OneDrive\Desktop\TrauzeRPG\pipmmo\Server\resources\playerdata.db'.

--------------------------------------------------------------------------------
2025-01-12 06:23:54.815 [Debug] 20100 - Executing DbCommand [Parameters=[], CommandType='Text', CommandTimeout='30']
SELECT "MigrationId", "ProductVersion"
FROM "__EFMigrationsHistory"
ORDER BY "MigrationId";

--------------------------------------------------------------------------------
2025-01-12 06:23:54.815 [Info] 20101 - Executed DbCommand (0ms) [Parameters=[], CommandType='Text', CommandTimeout='30']
SELECT "MigrationId", "ProductVersion"
FROM "__EFMigrationsHistory"
ORDER BY "MigrationId";

--------------------------------------------------------------------------------
2025-01-12 06:23:54.815 [Debug] 20301 - Closing data reader to 'main' on server 'C:\Users\Hanst\OneDrive\Desktop\TrauzeRPG\pipmmo\Server\resources\playerdata.db'.

--------------------------------------------------------------------------------
2025-01-12 06:23:54.815 [Debug] 20300 - A data reader for 'main' on server 'C:\Users\Hanst\OneDrive\Desktop\TrauzeRPG\pipmmo\Server\resources\playerdata.db' is being disposed after spending 0ms reading results.

--------------------------------------------------------------------------------
2025-01-12 06:23:54.815 [Debug] 20002 - Closing connection to database 'main' on server 'C:\Users\Hanst\OneDrive\Desktop\TrauzeRPG\pipmmo\Server\resources\playerdata.db'.

--------------------------------------------------------------------------------
2025-01-12 06:23:54.815 [Debug] 20003 - Closed connection to database 'main' on server 'resources\playerdata.db' (0ms).

--------------------------------------------------------------------------------
2025-01-12 06:23:54.815 [Debug] 20005 - Creating DbConnection.

--------------------------------------------------------------------------------
2025-01-12 06:23:54.815 [Debug] 20006 - Created DbConnection. (0ms).

--------------------------------------------------------------------------------
2025-01-12 06:23:54.815 [Debug] 20000 - Opening connection to database 'main' on server 'resources\playerdata.db'.

--------------------------------------------------------------------------------
2025-01-12 06:23:54.815 [Debug] 20001 - Opened connection to database 'main' on server 'C:\Users\Hanst\OneDrive\Desktop\TrauzeRPG\pipmmo\Server\resources\playerdata.db'.

--------------------------------------------------------------------------------
2025-01-12 06:23:54.815 [Debug] 20007 - Disposing connection to database 'main' on server 'resources\playerdata.db'.

--------------------------------------------------------------------------------
2025-01-12 06:23:54.815 [Debug] 20008 - Disposed connection to database 'main' on server 'resources\playerdata.db' (0ms).

--------------------------------------------------------------------------------
2025-01-12 06:23:54.815 [Debug] 20103 - Creating DbCommand for 'ExecuteScalar'.

--------------------------------------------------------------------------------
2025-01-12 06:23:54.815 [Debug] 20104 - Created DbCommand for 'ExecuteScalar' (0ms).

--------------------------------------------------------------------------------
2025-01-12 06:23:54.815 [Debug] 20106 - Initialized DbCommand for 'ExecuteScalar' (0ms).

--------------------------------------------------------------------------------
2025-01-12 06:23:54.815 [Debug] 20000 - Opening connection to database 'main' on server 'resources\playerdata.db'.

--------------------------------------------------------------------------------
2025-01-12 06:23:54.815 [Debug] 20001 - Opened connection to database 'main' on server 'C:\Users\Hanst\OneDrive\Desktop\TrauzeRPG\pipmmo\Server\resources\playerdata.db'.

--------------------------------------------------------------------------------
2025-01-12 06:23:54.815 [Debug] 20100 - Executing DbCommand [Parameters=[], CommandType='Text', CommandTimeout='30']
SELECT COUNT(*) FROM "sqlite_master" WHERE "name" = '__EFMigrationsHistory' AND "type" = 'table';

--------------------------------------------------------------------------------
2025-01-12 06:23:54.815 [Info] 20101 - Executed DbCommand (0ms) [Parameters=[], CommandType='Text', CommandTimeout='30']
SELECT COUNT(*) FROM "sqlite_master" WHERE "name" = '__EFMigrationsHistory' AND "type" = 'table';

--------------------------------------------------------------------------------
2025-01-12 06:23:54.815 [Debug] 20002 - Closing connection to database 'main' on server 'C:\Users\Hanst\OneDrive\Desktop\TrauzeRPG\pipmmo\Server\resources\playerdata.db'.

--------------------------------------------------------------------------------
2025-01-12 06:23:54.815 [Debug] 20003 - Closed connection to database 'main' on server 'resources\playerdata.db' (0ms).

--------------------------------------------------------------------------------
2025-01-12 06:23:54.815 [Debug] 20103 - Creating DbCommand for 'ExecuteReader'.

--------------------------------------------------------------------------------
2025-01-12 06:23:54.815 [Debug] 20104 - Created DbCommand for 'ExecuteReader' (0ms).

--------------------------------------------------------------------------------
2025-01-12 06:23:54.815 [Debug] 20106 - Initialized DbCommand for 'ExecuteReader' (0ms).

--------------------------------------------------------------------------------
2025-01-12 06:23:54.815 [Debug] 20000 - Opening connection to database 'main' on server 'resources\playerdata.db'.

--------------------------------------------------------------------------------
2025-01-12 06:23:54.815 [Debug] 20001 - Opened connection to database 'main' on server 'C:\Users\Hanst\OneDrive\Desktop\TrauzeRPG\pipmmo\Server\resources\playerdata.db'.

--------------------------------------------------------------------------------
2025-01-12 06:23:54.815 [Debug] 20100 - Executing DbCommand [Parameters=[], CommandType='Text', CommandTimeout='30']
SELECT "MigrationId", "ProductVersion"
FROM "__EFMigrationsHistory"
ORDER BY "MigrationId";

--------------------------------------------------------------------------------
2025-01-12 06:23:54.816 [Info] 20101 - Executed DbCommand (0ms) [Parameters=[], CommandType='Text', CommandTimeout='30']
SELECT "MigrationId", "ProductVersion"
FROM "__EFMigrationsHistory"
ORDER BY "MigrationId";

--------------------------------------------------------------------------------
2025-01-12 06:23:54.816 [Debug] 20301 - Closing data reader to 'main' on server 'C:\Users\Hanst\OneDrive\Desktop\TrauzeRPG\pipmmo\Server\resources\playerdata.db'.

--------------------------------------------------------------------------------
2025-01-12 06:23:54.816 [Debug] 20300 - A data reader for 'main' on server 'C:\Users\Hanst\OneDrive\Desktop\TrauzeRPG\pipmmo\Server\resources\playerdata.db' is being disposed after spending 0ms reading results.

--------------------------------------------------------------------------------
2025-01-12 06:23:54.816 [Debug] 20002 - Closing connection to database 'main' on server 'C:\Users\Hanst\OneDrive\Desktop\TrauzeRPG\pipmmo\Server\resources\playerdata.db'.

--------------------------------------------------------------------------------
2025-01-12 06:23:54.816 [Debug] 20003 - Closed connection to database 'main' on server 'resources\playerdata.db' (0ms).

--------------------------------------------------------------------------------
2025-01-12 06:23:54.816 [Debug] 20005 - Creating DbConnection.

--------------------------------------------------------------------------------
2025-01-12 06:23:54.816 [Debug] 20006 - Created DbConnection. (0ms).

--------------------------------------------------------------------------------
2025-01-12 06:23:54.816 [Debug] 20000 - Opening connection to database 'main' on server 'resources\playerdata.db'.

--------------------------------------------------------------------------------
2025-01-12 06:23:54.816 [Debug] 20001 - Opened connection to database 'main' on server 'C:\Users\Hanst\OneDrive\Desktop\TrauzeRPG\pipmmo\Server\resources\playerdata.db'.

--------------------------------------------------------------------------------
2025-01-12 06:23:54.816 [Debug] 20007 - Disposing connection to database 'main' on server 'resources\playerdata.db'.

--------------------------------------------------------------------------------
2025-01-12 06:23:54.816 [Debug] 20008 - Disposed connection to database 'main' on server 'resources\playerdata.db' (0ms).

--------------------------------------------------------------------------------
2025-01-12 06:23:54.816 [Debug] 20103 - Creating DbCommand for 'ExecuteScalar'.

--------------------------------------------------------------------------------
2025-01-12 06:23:54.816 [Debug] 20104 - Created DbCommand for 'ExecuteScalar' (0ms).

--------------------------------------------------------------------------------
2025-01-12 06:23:54.816 [Debug] 20106 - Initialized DbCommand for 'ExecuteScalar' (0ms).

--------------------------------------------------------------------------------
2025-01-12 06:23:54.816 [Debug] 20000 - Opening connection to database 'main' on server 'resources\playerdata.db'.

--------------------------------------------------------------------------------
2025-01-12 06:23:54.816 [Debug] 20001 - Opened connection to database 'main' on server 'C:\Users\Hanst\OneDrive\Desktop\TrauzeRPG\pipmmo\Server\resources\playerdata.db'.

--------------------------------------------------------------------------------
2025-01-12 06:23:54.816 [Debug] 20100 - Executing DbCommand [Parameters=[], CommandType='Text', CommandTimeout='30']
SELECT COUNT(*) FROM "sqlite_master" WHERE "name" = '__EFMigrationsHistory' AND "type" = 'table';

--------------------------------------------------------------------------------
2025-01-12 06:23:54.816 [Info] 20101 - Executed DbCommand (0ms) [Parameters=[], CommandType='Text', CommandTimeout='30']
SELECT COUNT(*) FROM "sqlite_master" WHERE "name" = '__EFMigrationsHistory' AND "type" = 'table';

--------------------------------------------------------------------------------
2025-01-12 06:23:54.816 [Debug] 20002 - Closing connection to database 'main' on server 'C:\Users\Hanst\OneDrive\Desktop\TrauzeRPG\pipmmo\Server\resources\playerdata.db'.

--------------------------------------------------------------------------------
2025-01-12 06:23:54.816 [Debug] 20003 - Closed connection to database 'main' on server 'resources\playerdata.db' (0ms).

--------------------------------------------------------------------------------
2025-01-12 06:23:54.816 [Debug] 20103 - Creating DbCommand for 'ExecuteReader'.

--------------------------------------------------------------------------------
2025-01-12 06:23:54.816 [Debug] 20104 - Created DbCommand for 'ExecuteReader' (0ms).

--------------------------------------------------------------------------------
2025-01-12 06:23:54.816 [Debug] 20106 - Initialized DbCommand for 'ExecuteReader' (0ms).

--------------------------------------------------------------------------------
2025-01-12 06:23:54.816 [Debug] 20000 - Opening connection to database 'main' on server 'resources\playerdata.db'.

--------------------------------------------------------------------------------
2025-01-12 06:23:54.816 [Debug] 20001 - Opened connection to database 'main' on server 'C:\Users\Hanst\OneDrive\Desktop\TrauzeRPG\pipmmo\Server\resources\playerdata.db'.

--------------------------------------------------------------------------------
2025-01-12 06:23:54.816 [Debug] 20100 - Executing DbCommand [Parameters=[], CommandType='Text', CommandTimeout='30']
SELECT "MigrationId", "ProductVersion"
FROM "__EFMigrationsHistory"
ORDER BY "MigrationId";

--------------------------------------------------------------------------------
2025-01-12 06:23:54.816 [Info] 20101 - Executed DbCommand (0ms) [Parameters=[], CommandType='Text', CommandTimeout='30']
SELECT "MigrationId", "ProductVersion"
FROM "__EFMigrationsHistory"
ORDER BY "MigrationId";

--------------------------------------------------------------------------------
2025-01-12 06:23:54.816 [Debug] 20301 - Closing data reader to 'main' on server 'C:\Users\Hanst\OneDrive\Desktop\TrauzeRPG\pipmmo\Server\resources\playerdata.db'.

--------------------------------------------------------------------------------
2025-01-12 06:23:54.816 [Debug] 20300 - A data reader for 'main' on server 'C:\Users\Hanst\OneDrive\Desktop\TrauzeRPG\pipmmo\Server\resources\playerdata.db' is being disposed after spending 0ms reading results.

--------------------------------------------------------------------------------
2025-01-12 06:23:54.816 [Debug] 20002 - Closing connection to database 'main' on server 'C:\Users\Hanst\OneDrive\Desktop\TrauzeRPG\pipmmo\Server\resources\playerdata.db'.

--------------------------------------------------------------------------------
2025-01-12 06:23:54.816 [Debug] 20003 - Closed connection to database 'main' on server 'resources\playerdata.db' (0ms).

--------------------------------------------------------------------------------
2025-01-12 06:23:54.817 [Debug] 20005 - Creating DbConnection.

--------------------------------------------------------------------------------
2025-01-12 06:23:54.817 [Debug] 20006 - Created DbConnection. (0ms).

--------------------------------------------------------------------------------
2025-01-12 06:23:54.817 [Debug] 20000 - Opening connection to database 'main' on server 'resources\playerdata.db'.

--------------------------------------------------------------------------------
2025-01-12 06:23:54.817 [Debug] 20001 - Opened connection to database 'main' on server 'C:\Users\Hanst\OneDrive\Desktop\TrauzeRPG\pipmmo\Server\resources\playerdata.db'.

--------------------------------------------------------------------------------
2025-01-12 06:23:54.817 [Debug] 20007 - Disposing connection to database 'main' on server 'resources\playerdata.db'.

--------------------------------------------------------------------------------
2025-01-12 06:23:54.817 [Debug] 20008 - Disposed connection to database 'main' on server 'resources\playerdata.db' (0ms).

--------------------------------------------------------------------------------
2025-01-12 06:23:54.817 [Debug] 20103 - Creating DbCommand for 'ExecuteScalar'.

--------------------------------------------------------------------------------
2025-01-12 06:23:54.817 [Debug] 20104 - Created DbCommand for 'ExecuteScalar' (0ms).

--------------------------------------------------------------------------------
2025-01-12 06:23:54.817 [Debug] 20106 - Initialized DbCommand for 'ExecuteScalar' (0ms).

--------------------------------------------------------------------------------
2025-01-12 06:23:54.817 [Debug] 20000 - Opening connection to database 'main' on server 'resources\playerdata.db'.

--------------------------------------------------------------------------------
2025-01-12 06:23:54.817 [Debug] 20001 - Opened connection to database 'main' on server 'C:\Users\Hanst\OneDrive\Desktop\TrauzeRPG\pipmmo\Server\resources\playerdata.db'.

--------------------------------------------------------------------------------
2025-01-12 06:23:54.817 [Debug] 20100 - Executing DbCommand [Parameters=[], CommandType='Text', CommandTimeout='30']
SELECT COUNT(*) FROM "sqlite_master" WHERE "name" = '__EFMigrationsHistory' AND "type" = 'table';

--------------------------------------------------------------------------------
2025-01-12 06:23:54.817 [Info] 20101 - Executed DbCommand (0ms) [Parameters=[], CommandType='Text', CommandTimeout='30']
SELECT COUNT(*) FROM "sqlite_master" WHERE "name" = '__EFMigrationsHistory' AND "type" = 'table';

--------------------------------------------------------------------------------
2025-01-12 06:23:54.817 [Debug] 20002 - Closing connection to database 'main' on server 'C:\Users\Hanst\OneDrive\Desktop\TrauzeRPG\pipmmo\Server\resources\playerdata.db'.

--------------------------------------------------------------------------------
2025-01-12 06:23:54.817 [Debug] 20003 - Closed connection to database 'main' on server 'resources\playerdata.db' (0ms).

--------------------------------------------------------------------------------
2025-01-12 06:23:54.817 [Debug] 20103 - Creating DbCommand for 'ExecuteReader'.

--------------------------------------------------------------------------------
2025-01-12 06:23:54.817 [Debug] 20104 - Created DbCommand for 'ExecuteReader' (0ms).

--------------------------------------------------------------------------------
2025-01-12 06:23:54.817 [Debug] 20106 - Initialized DbCommand for 'ExecuteReader' (0ms).

--------------------------------------------------------------------------------
2025-01-12 06:23:54.817 [Debug] 20000 - Opening connection to database 'main' on server 'resources\playerdata.db'.

--------------------------------------------------------------------------------
2025-01-12 06:23:54.817 [Debug] 20001 - Opened connection to database 'main' on server 'C:\Users\Hanst\OneDrive\Desktop\TrauzeRPG\pipmmo\Server\resources\playerdata.db'.

--------------------------------------------------------------------------------
2025-01-12 06:23:54.817 [Debug] 20100 - Executing DbCommand [Parameters=[], CommandType='Text', CommandTimeout='30']
SELECT "MigrationId", "ProductVersion"
FROM "__EFMigrationsHistory"
ORDER BY "MigrationId";

--------------------------------------------------------------------------------
2025-01-12 06:23:54.817 [Info] 20101 - Executed DbCommand (0ms) [Parameters=[], CommandType='Text', CommandTimeout='30']
SELECT "MigrationId", "ProductVersion"
FROM "__EFMigrationsHistory"
ORDER BY "MigrationId";

--------------------------------------------------------------------------------
2025-01-12 06:23:54.817 [Debug] 20301 - Closing data reader to 'main' on server 'C:\Users\Hanst\OneDrive\Desktop\TrauzeRPG\pipmmo\Server\resources\playerdata.db'.

--------------------------------------------------------------------------------
2025-01-12 06:23:54.817 [Debug] 20300 - A data reader for 'main' on server 'C:\Users\Hanst\OneDrive\Desktop\TrauzeRPG\pipmmo\Server\resources\playerdata.db' is being disposed after spending 0ms reading results.

--------------------------------------------------------------------------------
2025-01-12 06:23:54.817 [Debug] 20002 - Closing connection to database 'main' on server 'C:\Users\Hanst\OneDrive\Desktop\TrauzeRPG\pipmmo\Server\resources\playerdata.db'.

--------------------------------------------------------------------------------
2025-01-12 06:23:54.817 [Debug] 20003 - Closed connection to database 'main' on server 'resources\playerdata.db' (0ms).

--------------------------------------------------------------------------------
2025-01-12 06:23:54.817 [Debug] 20005 - Creating DbConnection.

--------------------------------------------------------------------------------
2025-01-12 06:23:54.817 [Debug] 20006 - Created DbConnection. (0ms).

--------------------------------------------------------------------------------
2025-01-12 06:23:54.817 [Debug] 20000 - Opening connection to database 'main' on server 'resources\playerdata.db'.

--------------------------------------------------------------------------------
2025-01-12 06:23:54.817 [Debug] 20001 - Opened connection to database 'main' on server 'C:\Users\Hanst\OneDrive\Desktop\TrauzeRPG\pipmmo\Server\resources\playerdata.db'.

--------------------------------------------------------------------------------
2025-01-12 06:23:54.817 [Debug] 20007 - Disposing connection to database 'main' on server 'resources\playerdata.db'.

--------------------------------------------------------------------------------
2025-01-12 06:23:54.817 [Debug] 20008 - Disposed connection to database 'main' on server 'resources\playerdata.db' (0ms).

--------------------------------------------------------------------------------
2025-01-12 06:23:54.817 [Debug] 20103 - Creating DbCommand for 'ExecuteScalar'.

--------------------------------------------------------------------------------
2025-01-12 06:23:54.817 [Debug] 20104 - Created DbCommand for 'ExecuteScalar' (0ms).

--------------------------------------------------------------------------------
2025-01-12 06:23:54.817 [Debug] 20106 - Initialized DbCommand for 'ExecuteScalar' (0ms).

--------------------------------------------------------------------------------
2025-01-12 06:23:54.817 [Debug] 20000 - Opening connection to database 'main' on server 'resources\playerdata.db'.

--------------------------------------------------------------------------------
2025-01-12 06:23:54.817 [Debug] 20001 - Opened connection to database 'main' on server 'C:\Users\Hanst\OneDrive\Desktop\TrauzeRPG\pipmmo\Server\resources\playerdata.db'.

--------------------------------------------------------------------------------
2025-01-12 06:23:54.817 [Debug] 20100 - Executing DbCommand [Parameters=[], CommandType='Text', CommandTimeout='30']
SELECT COUNT(*) FROM "sqlite_master" WHERE "name" = '__EFMigrationsHistory' AND "type" = 'table';

--------------------------------------------------------------------------------
2025-01-12 06:23:54.818 [Info] 20101 - Executed DbCommand (0ms) [Parameters=[], CommandType='Text', CommandTimeout='30']
SELECT COUNT(*) FROM "sqlite_master" WHERE "name" = '__EFMigrationsHistory' AND "type" = 'table';

--------------------------------------------------------------------------------
2025-01-12 06:23:54.818 [Debug] 20002 - Closing connection to database 'main' on server 'C:\Users\Hanst\OneDrive\Desktop\TrauzeRPG\pipmmo\Server\resources\playerdata.db'.

--------------------------------------------------------------------------------
2025-01-12 06:23:54.818 [Debug] 20003 - Closed connection to database 'main' on server 'resources\playerdata.db' (0ms).

--------------------------------------------------------------------------------
2025-01-12 06:23:54.818 [Debug] 20103 - Creating DbCommand for 'ExecuteReader'.

--------------------------------------------------------------------------------
2025-01-12 06:23:54.818 [Debug] 20104 - Created DbCommand for 'ExecuteReader' (0ms).

--------------------------------------------------------------------------------
2025-01-12 06:23:54.818 [Debug] 20106 - Initialized DbCommand for 'ExecuteReader' (0ms).

--------------------------------------------------------------------------------
2025-01-12 06:23:54.818 [Debug] 20000 - Opening connection to database 'main' on server 'resources\playerdata.db'.

--------------------------------------------------------------------------------
2025-01-12 06:23:54.818 [Debug] 20001 - Opened connection to database 'main' on server 'C:\Users\Hanst\OneDrive\Desktop\TrauzeRPG\pipmmo\Server\resources\playerdata.db'.

--------------------------------------------------------------------------------
2025-01-12 06:23:54.818 [Debug] 20100 - Executing DbCommand [Parameters=[], CommandType='Text', CommandTimeout='30']
SELECT "MigrationId", "ProductVersion"
FROM "__EFMigrationsHistory"
ORDER BY "MigrationId";

--------------------------------------------------------------------------------
2025-01-12 06:23:54.818 [Info] 20101 - Executed DbCommand (0ms) [Parameters=[], CommandType='Text', CommandTimeout='30']
SELECT "MigrationId", "ProductVersion"
FROM "__EFMigrationsHistory"
ORDER BY "MigrationId";

--------------------------------------------------------------------------------
2025-01-12 06:23:54.818 [Debug] 20301 - Closing data reader to 'main' on server 'C:\Users\Hanst\OneDrive\Desktop\TrauzeRPG\pipmmo\Server\resources\playerdata.db'.

--------------------------------------------------------------------------------
2025-01-12 06:23:54.818 [Debug] 20300 - A data reader for 'main' on server 'C:\Users\Hanst\OneDrive\Desktop\TrauzeRPG\pipmmo\Server\resources\playerdata.db' is being disposed after spending 0ms reading results.

--------------------------------------------------------------------------------
2025-01-12 06:23:54.818 [Debug] 20002 - Closing connection to database 'main' on server 'C:\Users\Hanst\OneDrive\Desktop\TrauzeRPG\pipmmo\Server\resources\playerdata.db'.

--------------------------------------------------------------------------------
2025-01-12 06:23:54.818 [Debug] 20003 - Closed connection to database 'main' on server 'resources\playerdata.db' (0ms).

--------------------------------------------------------------------------------
2025-01-12 06:23:54.818 [Debug] 20005 - Creating DbConnection.

--------------------------------------------------------------------------------
2025-01-12 06:23:54.818 [Debug] 20006 - Created DbConnection. (0ms).

--------------------------------------------------------------------------------
2025-01-12 06:23:54.818 [Debug] 20000 - Opening connection to database 'main' on server 'resources\playerdata.db'.

--------------------------------------------------------------------------------
2025-01-12 06:23:54.818 [Debug] 20001 - Opened connection to database 'main' on server 'C:\Users\Hanst\OneDrive\Desktop\TrauzeRPG\pipmmo\Server\resources\playerdata.db'.

--------------------------------------------------------------------------------
2025-01-12 06:23:54.819 [Debug] 20007 - Disposing connection to database 'main' on server 'resources\playerdata.db'.

--------------------------------------------------------------------------------
2025-01-12 06:23:54.819 [Debug] 20008 - Disposed connection to database 'main' on server 'resources\playerdata.db' (0ms).

--------------------------------------------------------------------------------
2025-01-12 06:23:54.819 [Debug] 20103 - Creating DbCommand for 'ExecuteScalar'.

--------------------------------------------------------------------------------
2025-01-12 06:23:54.819 [Debug] 20104 - Created DbCommand for 'ExecuteScalar' (0ms).

--------------------------------------------------------------------------------
2025-01-12 06:23:54.819 [Debug] 20106 - Initialized DbCommand for 'ExecuteScalar' (0ms).

--------------------------------------------------------------------------------
2025-01-12 06:23:54.819 [Debug] 20000 - Opening connection to database 'main' on server 'resources\playerdata.db'.

--------------------------------------------------------------------------------
2025-01-12 06:23:54.819 [Debug] 20001 - Opened connection to database 'main' on server 'C:\Users\Hanst\OneDrive\Desktop\TrauzeRPG\pipmmo\Server\resources\playerdata.db'.

--------------------------------------------------------------------------------
2025-01-12 06:23:54.819 [Debug] 20100 - Executing DbCommand [Parameters=[], CommandType='Text', CommandTimeout='30']
SELECT COUNT(*) FROM "sqlite_master" WHERE "name" = '__EFMigrationsHistory' AND "type" = 'table';

--------------------------------------------------------------------------------
2025-01-12 06:23:54.819 [Info] 20101 - Executed DbCommand (0ms) [Parameters=[], CommandType='Text', CommandTimeout='30']
SELECT COUNT(*) FROM "sqlite_master" WHERE "name" = '__EFMigrationsHistory' AND "type" = 'table';

--------------------------------------------------------------------------------
2025-01-12 06:23:54.819 [Debug] 20002 - Closing connection to database 'main' on server 'C:\Users\Hanst\OneDrive\Desktop\TrauzeRPG\pipmmo\Server\resources\playerdata.db'.

--------------------------------------------------------------------------------
2025-01-12 06:23:54.819 [Debug] 20003 - Closed connection to database 'main' on server 'resources\playerdata.db' (0ms).

--------------------------------------------------------------------------------
2025-01-12 06:23:54.819 [Debug] 20103 - Creating DbCommand for 'ExecuteReader'.

--------------------------------------------------------------------------------
2025-01-12 06:23:54.819 [Debug] 20104 - Created DbCommand for 'ExecuteReader' (0ms).

--------------------------------------------------------------------------------
2025-01-12 06:23:54.819 [Debug] 20106 - Initialized DbCommand for 'ExecuteReader' (0ms).

--------------------------------------------------------------------------------
2025-01-12 06:23:54.819 [Debug] 20000 - Opening connection to database 'main' on server 'resources\playerdata.db'.

--------------------------------------------------------------------------------
2025-01-12 06:23:54.819 [Debug] 20001 - Opened connection to database 'main' on server 'C:\Users\Hanst\OneDrive\Desktop\TrauzeRPG\pipmmo\Server\resources\playerdata.db'.

--------------------------------------------------------------------------------
2025-01-12 06:23:54.819 [Debug] 20100 - Executing DbCommand [Parameters=[], CommandType='Text', CommandTimeout='30']
SELECT "MigrationId", "ProductVersion"
FROM "__EFMigrationsHistory"
ORDER BY "MigrationId";

--------------------------------------------------------------------------------
2025-01-12 06:23:54.819 [Info] 20101 - Executed DbCommand (0ms) [Parameters=[], CommandType='Text', CommandTimeout='30']
SELECT "MigrationId", "ProductVersion"
FROM "__EFMigrationsHistory"
ORDER BY "MigrationId";

--------------------------------------------------------------------------------
2025-01-12 06:23:54.819 [Debug] 20301 - Closing data reader to 'main' on server 'C:\Users\Hanst\OneDrive\Desktop\TrauzeRPG\pipmmo\Server\resources\playerdata.db'.

--------------------------------------------------------------------------------
2025-01-12 06:23:54.819 [Debug] 20300 - A data reader for 'main' on server 'C:\Users\Hanst\OneDrive\Desktop\TrauzeRPG\pipmmo\Server\resources\playerdata.db' is being disposed after spending 0ms reading results.

--------------------------------------------------------------------------------
2025-01-12 06:23:54.819 [Debug] 20002 - Closing connection to database 'main' on server 'C:\Users\Hanst\OneDrive\Desktop\TrauzeRPG\pipmmo\Server\resources\playerdata.db'.

--------------------------------------------------------------------------------
2025-01-12 06:23:54.819 [Debug] 20003 - Closed connection to database 'main' on server 'resources\playerdata.db' (0ms).

--------------------------------------------------------------------------------
2025-01-12 06:23:54.819 [Debug] 20005 - Creating DbConnection.

--------------------------------------------------------------------------------
2025-01-12 06:23:54.819 [Debug] 20006 - Created DbConnection. (0ms).

--------------------------------------------------------------------------------
2025-01-12 06:23:54.819 [Debug] 20000 - Opening connection to database 'main' on server 'resources\playerdata.db'.

--------------------------------------------------------------------------------
2025-01-12 06:23:54.819 [Debug] 20001 - Opened connection to database 'main' on server 'C:\Users\Hanst\OneDrive\Desktop\TrauzeRPG\pipmmo\Server\resources\playerdata.db'.

--------------------------------------------------------------------------------
2025-01-12 06:23:54.819 [Debug] 20007 - Disposing connection to database 'main' on server 'resources\playerdata.db'.

--------------------------------------------------------------------------------
2025-01-12 06:23:54.819 [Debug] 20008 - Disposed connection to database 'main' on server 'resources\playerdata.db' (0ms).

--------------------------------------------------------------------------------
2025-01-12 06:23:54.819 [Debug] 20103 - Creating DbCommand for 'ExecuteScalar'.

--------------------------------------------------------------------------------
2025-01-12 06:23:54.819 [Debug] 20104 - Created DbCommand for 'ExecuteScalar' (0ms).

--------------------------------------------------------------------------------
2025-01-12 06:23:54.819 [Debug] 20106 - Initialized DbCommand for 'ExecuteScalar' (0ms).

--------------------------------------------------------------------------------
2025-01-12 06:23:54.819 [Debug] 20000 - Opening connection to database 'main' on server 'resources\playerdata.db'.

--------------------------------------------------------------------------------
2025-01-12 06:23:54.819 [Debug] 20001 - Opened connection to database 'main' on server 'C:\Users\Hanst\OneDrive\Desktop\TrauzeRPG\pipmmo\Server\resources\playerdata.db'.

--------------------------------------------------------------------------------
2025-01-12 06:23:54.819 [Debug] 20100 - Executing DbCommand [Parameters=[], CommandType='Text', CommandTimeout='30']
SELECT COUNT(*) FROM "sqlite_master" WHERE "name" = '__EFMigrationsHistory' AND "type" = 'table';

--------------------------------------------------------------------------------
2025-01-12 06:23:54.819 [Info] 20101 - Executed DbCommand (0ms) [Parameters=[], CommandType='Text', CommandTimeout='30']
SELECT COUNT(*) FROM "sqlite_master" WHERE "name" = '__EFMigrationsHistory' AND "type" = 'table';

--------------------------------------------------------------------------------
2025-01-12 06:23:54.819 [Debug] 20002 - Closing connection to database 'main' on server 'C:\Users\Hanst\OneDrive\Desktop\TrauzeRPG\pipmmo\Server\resources\playerdata.db'.

--------------------------------------------------------------------------------
2025-01-12 06:23:54.819 [Debug] 20003 - Closed connection to database 'main' on server 'resources\playerdata.db' (0ms).

--------------------------------------------------------------------------------
2025-01-12 06:23:54.819 [Debug] 20103 - Creating DbCommand for 'ExecuteReader'.

--------------------------------------------------------------------------------
2025-01-12 06:23:54.819 [Debug] 20104 - Created DbCommand for 'ExecuteReader' (0ms).

--------------------------------------------------------------------------------
2025-01-12 06:23:54.819 [Debug] 20106 - Initialized DbCommand for 'ExecuteReader' (0ms).

--------------------------------------------------------------------------------
2025-01-12 06:23:54.819 [Debug] 20000 - Opening connection to database 'main' on server 'resources\playerdata.db'.

--------------------------------------------------------------------------------
2025-01-12 06:23:54.819 [Debug] 20001 - Opened connection to database 'main' on server 'C:\Users\Hanst\OneDrive\Desktop\TrauzeRPG\pipmmo\Server\resources\playerdata.db'.

--------------------------------------------------------------------------------
2025-01-12 06:23:54.819 [Debug] 20100 - Executing DbCommand [Parameters=[], CommandType='Text', CommandTimeout='30']
SELECT "MigrationId", "ProductVersion"
FROM "__EFMigrationsHistory"
ORDER BY "MigrationId";

--------------------------------------------------------------------------------
2025-01-12 06:23:54.819 [Info] 20101 - Executed DbCommand (0ms) [Parameters=[], CommandType='Text', CommandTimeout='30']
SELECT "MigrationId", "ProductVersion"
FROM "__EFMigrationsHistory"
ORDER BY "MigrationId";

--------------------------------------------------------------------------------
2025-01-12 06:23:54.819 [Debug] 20301 - Closing data reader to 'main' on server 'C:\Users\Hanst\OneDrive\Desktop\TrauzeRPG\pipmmo\Server\resources\playerdata.db'.

--------------------------------------------------------------------------------
2025-01-12 06:23:54.819 [Debug] 20300 - A data reader for 'main' on server 'C:\Users\Hanst\OneDrive\Desktop\TrauzeRPG\pipmmo\Server\resources\playerdata.db' is being disposed after spending 0ms reading results.

--------------------------------------------------------------------------------
2025-01-12 06:23:54.819 [Debug] 20002 - Closing connection to database 'main' on server 'C:\Users\Hanst\OneDrive\Desktop\TrauzeRPG\pipmmo\Server\resources\playerdata.db'.

--------------------------------------------------------------------------------
2025-01-12 06:23:54.819 [Debug] 20003 - Closed connection to database 'main' on server 'resources\playerdata.db' (0ms).

--------------------------------------------------------------------------------
2025-01-12 06:23:54.819 [Debug] 20005 - Creating DbConnection.

--------------------------------------------------------------------------------
2025-01-12 06:23:54.820 [Debug] 20006 - Created DbConnection. (0ms).

--------------------------------------------------------------------------------
2025-01-12 06:23:54.820 [Debug] 20000 - Opening connection to database 'main' on server 'resources\playerdata.db'.

--------------------------------------------------------------------------------
2025-01-12 06:23:54.820 [Debug] 20001 - Opened connection to database 'main' on server 'C:\Users\Hanst\OneDrive\Desktop\TrauzeRPG\pipmmo\Server\resources\playerdata.db'.

--------------------------------------------------------------------------------
2025-01-12 06:23:54.820 [Debug] 20007 - Disposing connection to database 'main' on server 'resources\playerdata.db'.

--------------------------------------------------------------------------------
2025-01-12 06:23:54.820 [Debug] 20008 - Disposed connection to database 'main' on server 'resources\playerdata.db' (0ms).

--------------------------------------------------------------------------------
2025-01-12 06:23:54.820 [Debug] 20103 - Creating DbCommand for 'ExecuteScalar'.

--------------------------------------------------------------------------------
2025-01-12 06:23:54.820 [Debug] 20104 - Created DbCommand for 'ExecuteScalar' (0ms).

--------------------------------------------------------------------------------
2025-01-12 06:23:54.820 [Debug] 20106 - Initialized DbCommand for 'ExecuteScalar' (0ms).

--------------------------------------------------------------------------------
2025-01-12 06:23:54.820 [Debug] 20000 - Opening connection to database 'main' on server 'resources\playerdata.db'.

--------------------------------------------------------------------------------
2025-01-12 06:23:54.820 [Debug] 20001 - Opened connection to database 'main' on server 'C:\Users\Hanst\OneDrive\Desktop\TrauzeRPG\pipmmo\Server\resources\playerdata.db'.

--------------------------------------------------------------------------------
2025-01-12 06:23:54.820 [Debug] 20100 - Executing DbCommand [Parameters=[], CommandType='Text', CommandTimeout='30']
SELECT COUNT(*) FROM "sqlite_master" WHERE "name" = '__EFMigrationsHistory' AND "type" = 'table';

--------------------------------------------------------------------------------
2025-01-12 06:23:54.820 [Info] 20101 - Executed DbCommand (0ms) [Parameters=[], CommandType='Text', CommandTimeout='30']
SELECT COUNT(*) FROM "sqlite_master" WHERE "name" = '__EFMigrationsHistory' AND "type" = 'table';

--------------------------------------------------------------------------------
2025-01-12 06:23:54.820 [Debug] 20002 - Closing connection to database 'main' on server 'C:\Users\Hanst\OneDrive\Desktop\TrauzeRPG\pipmmo\Server\resources\playerdata.db'.

--------------------------------------------------------------------------------
2025-01-12 06:23:54.820 [Debug] 20003 - Closed connection to database 'main' on server 'resources\playerdata.db' (0ms).

--------------------------------------------------------------------------------
2025-01-12 06:23:54.820 [Debug] 20103 - Creating DbCommand for 'ExecuteReader'.

--------------------------------------------------------------------------------
2025-01-12 06:23:54.820 [Debug] 20104 - Created DbCommand for 'ExecuteReader' (0ms).

--------------------------------------------------------------------------------
2025-01-12 06:23:54.820 [Debug] 20106 - Initialized DbCommand for 'ExecuteReader' (0ms).

--------------------------------------------------------------------------------
2025-01-12 06:23:54.820 [Debug] 20000 - Opening connection to database 'main' on server 'resources\playerdata.db'.

--------------------------------------------------------------------------------
2025-01-12 06:23:54.820 [Debug] 20001 - Opened connection to database 'main' on server 'C:\Users\Hanst\OneDrive\Desktop\TrauzeRPG\pipmmo\Server\resources\playerdata.db'.

--------------------------------------------------------------------------------
2025-01-12 06:23:54.820 [Debug] 20100 - Executing DbCommand [Parameters=[], CommandType='Text', CommandTimeout='30']
SELECT "MigrationId", "ProductVersion"
FROM "__EFMigrationsHistory"
ORDER BY "MigrationId";

--------------------------------------------------------------------------------
2025-01-12 06:23:54.820 [Info] 20101 - Executed DbCommand (0ms) [Parameters=[], CommandType='Text', CommandTimeout='30']
SELECT "MigrationId", "ProductVersion"
FROM "__EFMigrationsHistory"
ORDER BY "MigrationId";

--------------------------------------------------------------------------------
2025-01-12 06:23:54.820 [Debug] 20301 - Closing data reader to 'main' on server 'C:\Users\Hanst\OneDrive\Desktop\TrauzeRPG\pipmmo\Server\resources\playerdata.db'.

--------------------------------------------------------------------------------
2025-01-12 06:23:54.820 [Debug] 20300 - A data reader for 'main' on server 'C:\Users\Hanst\OneDrive\Desktop\TrauzeRPG\pipmmo\Server\resources\playerdata.db' is being disposed after spending 0ms reading results.

--------------------------------------------------------------------------------
2025-01-12 06:23:54.820 [Debug] 20002 - Closing connection to database 'main' on server 'C:\Users\Hanst\OneDrive\Desktop\TrauzeRPG\pipmmo\Server\resources\playerdata.db'.

--------------------------------------------------------------------------------
2025-01-12 06:23:54.820 [Debug] 20003 - Closed connection to database 'main' on server 'resources\playerdata.db' (0ms).

--------------------------------------------------------------------------------
2025-01-12 06:23:54.823 [Debug] 20000 - Opening connection to database 'main' on server 'resources\playerdata.db'.

--------------------------------------------------------------------------------
2025-01-12 06:23:54.823 [Debug] 20001 - Opened connection to database 'main' on server 'C:\Users\Hanst\OneDrive\Desktop\TrauzeRPG\pipmmo\Server\resources\playerdata.db'.

--------------------------------------------------------------------------------
2025-01-12 06:23:54.853 [Debug] 10403 - Entity Framework Core 7.0.11 initialized 'SqlitePlayerContext' using provider 'Microsoft.EntityFrameworkCore.Sqlite:7.0.11' with options: SensitiveDataLoggingEnabled DetailedErrorsEnabled 

--------------------------------------------------------------------------------
2025-01-12 06:23:54.853 [Debug] 20005 - Creating DbConnection.

--------------------------------------------------------------------------------
2025-01-12 06:23:54.853 [Debug] 20006 - Created DbConnection. (0ms).

--------------------------------------------------------------------------------
2025-01-12 06:23:54.855 [Debug] 10407 - 'SqlitePlayerContext' disposed.

--------------------------------------------------------------------------------
2025-01-12 06:23:54.855 [Debug] 20007 - Disposing connection to database 'main' on server 'resources\playerdata.db'.

--------------------------------------------------------------------------------
2025-01-12 06:23:54.855 [Debug] 20008 - Disposed connection to database 'main' on server 'resources\playerdata.db' (0ms).

--------------------------------------------------------------------------------
2025-01-12 06:23:54.856 [Debug] 20005 - Creating DbConnection.

--------------------------------------------------------------------------------
2025-01-12 06:23:54.856 [Debug] 20006 - Created DbConnection. (0ms).

--------------------------------------------------------------------------------
2025-01-12 06:23:54.856 [Debug] 20000 - Opening connection to database 'main' on server 'resources\playerdata.db'.

--------------------------------------------------------------------------------
2025-01-12 06:23:54.856 [Debug] 20001 - Opened connection to database 'main' on server 'C:\Users\Hanst\OneDrive\Desktop\TrauzeRPG\pipmmo\Server\resources\playerdata.db'.

--------------------------------------------------------------------------------
2025-01-12 06:23:54.856 [Debug] 20007 - Disposing connection to database 'main' on server 'resources\playerdata.db'.

--------------------------------------------------------------------------------
2025-01-12 06:23:54.856 [Debug] 20008 - Disposed connection to database 'main' on server 'resources\playerdata.db' (0ms).

--------------------------------------------------------------------------------
2025-01-12 06:23:54.856 [Debug] 20103 - Creating DbCommand for 'ExecuteScalar'.

--------------------------------------------------------------------------------
2025-01-12 06:23:54.856 [Debug] 20104 - Created DbCommand for 'ExecuteScalar' (0ms).

--------------------------------------------------------------------------------
2025-01-12 06:23:54.856 [Debug] 20106 - Initialized DbCommand for 'ExecuteScalar' (0ms).

--------------------------------------------------------------------------------
2025-01-12 06:23:54.856 [Debug] 20100 - Executing DbCommand [Parameters=[], CommandType='Text', CommandTimeout='30']
SELECT COUNT(*) FROM "sqlite_master" WHERE "name" = '__EFMigrationsHistory' AND "type" = 'table';

--------------------------------------------------------------------------------
2025-01-12 06:23:54.856 [Info] 20101 - Executed DbCommand (0ms) [Parameters=[], CommandType='Text', CommandTimeout='30']
SELECT COUNT(*) FROM "sqlite_master" WHERE "name" = '__EFMigrationsHistory' AND "type" = 'table';

--------------------------------------------------------------------------------
2025-01-12 06:23:54.856 [Debug] 20103 - Creating DbCommand for 'ExecuteReader'.

--------------------------------------------------------------------------------
2025-01-12 06:23:54.856 [Debug] 20104 - Created DbCommand for 'ExecuteReader' (0ms).

--------------------------------------------------------------------------------
2025-01-12 06:23:54.856 [Debug] 20106 - Initialized DbCommand for 'ExecuteReader' (0ms).

--------------------------------------------------------------------------------
2025-01-12 06:23:54.856 [Debug] 20100 - Executing DbCommand [Parameters=[], CommandType='Text', CommandTimeout='30']
SELECT "MigrationId", "ProductVersion"
FROM "__EFMigrationsHistory"
ORDER BY "MigrationId";

--------------------------------------------------------------------------------
2025-01-12 06:23:54.856 [Info] 20101 - Executed DbCommand (0ms) [Parameters=[], CommandType='Text', CommandTimeout='30']
SELECT "MigrationId", "ProductVersion"
FROM "__EFMigrationsHistory"
ORDER BY "MigrationId";

--------------------------------------------------------------------------------
2025-01-12 06:23:54.856 [Debug] 20301 - Closing data reader to 'main' on server 'C:\Users\Hanst\OneDrive\Desktop\TrauzeRPG\pipmmo\Server\resources\playerdata.db'.

--------------------------------------------------------------------------------
2025-01-12 06:23:54.856 [Debug] 20300 - A data reader for 'main' on server 'C:\Users\Hanst\OneDrive\Desktop\TrauzeRPG\pipmmo\Server\resources\playerdata.db' is being disposed after spending 0ms reading results.

--------------------------------------------------------------------------------
2025-01-12 06:23:54.856 [Debug] 20005 - Creating DbConnection.

--------------------------------------------------------------------------------
2025-01-12 06:23:54.856 [Debug] 20006 - Created DbConnection. (0ms).

--------------------------------------------------------------------------------
2025-01-12 06:23:54.856 [Debug] 20000 - Opening connection to database 'main' on server 'resources\playerdata.db'.

--------------------------------------------------------------------------------
2025-01-12 06:23:54.856 [Debug] 20001 - Opened connection to database 'main' on server 'C:\Users\Hanst\OneDrive\Desktop\TrauzeRPG\pipmmo\Server\resources\playerdata.db'.

--------------------------------------------------------------------------------
2025-01-12 06:23:54.856 [Debug] 20007 - Disposing connection to database 'main' on server 'resources\playerdata.db'.

--------------------------------------------------------------------------------
2025-01-12 06:23:54.856 [Debug] 20008 - Disposed connection to database 'main' on server 'resources\playerdata.db' (0ms).

--------------------------------------------------------------------------------
2025-01-12 06:23:54.856 [Debug] 20103 - Creating DbCommand for 'ExecuteScalar'.

--------------------------------------------------------------------------------
2025-01-12 06:23:54.856 [Debug] 20104 - Created DbCommand for 'ExecuteScalar' (0ms).

--------------------------------------------------------------------------------
2025-01-12 06:23:54.856 [Debug] 20106 - Initialized DbCommand for 'ExecuteScalar' (0ms).

--------------------------------------------------------------------------------
2025-01-12 06:23:54.856 [Debug] 20100 - Executing DbCommand [Parameters=[], CommandType='Text', CommandTimeout='30']
SELECT COUNT(*) FROM "sqlite_master" WHERE "name" = '__EFMigrationsHistory' AND "type" = 'table';

--------------------------------------------------------------------------------
2025-01-12 06:23:54.856 [Info] 20101 - Executed DbCommand (0ms) [Parameters=[], CommandType='Text', CommandTimeout='30']
SELECT COUNT(*) FROM "sqlite_master" WHERE "name" = '__EFMigrationsHistory' AND "type" = 'table';

--------------------------------------------------------------------------------
2025-01-12 06:23:54.856 [Debug] 20103 - Creating DbCommand for 'ExecuteReader'.

--------------------------------------------------------------------------------
2025-01-12 06:23:54.856 [Debug] 20104 - Created DbCommand for 'ExecuteReader' (0ms).

--------------------------------------------------------------------------------
2025-01-12 06:23:54.856 [Debug] 20106 - Initialized DbCommand for 'ExecuteReader' (0ms).

--------------------------------------------------------------------------------
2025-01-12 06:23:54.856 [Debug] 20100 - Executing DbCommand [Parameters=[], CommandType='Text', CommandTimeout='30']
SELECT "MigrationId", "ProductVersion"
FROM "__EFMigrationsHistory"
ORDER BY "MigrationId";

--------------------------------------------------------------------------------
2025-01-12 06:23:54.856 [Info] 20101 - Executed DbCommand (0ms) [Parameters=[], CommandType='Text', CommandTimeout='30']
SELECT "MigrationId", "ProductVersion"
FROM "__EFMigrationsHistory"
ORDER BY "MigrationId";

--------------------------------------------------------------------------------
2025-01-12 06:23:54.856 [Debug] 20301 - Closing data reader to 'main' on server 'C:\Users\Hanst\OneDrive\Desktop\TrauzeRPG\pipmmo\Server\resources\playerdata.db'.

--------------------------------------------------------------------------------
2025-01-12 06:23:54.856 [Debug] 20300 - A data reader for 'main' on server 'C:\Users\Hanst\OneDrive\Desktop\TrauzeRPG\pipmmo\Server\resources\playerdata.db' is being disposed after spending 0ms reading results.

--------------------------------------------------------------------------------
2025-01-12 06:23:54.857 [Debug] 10407 - 'SqlitePlayerContext' disposed.

--------------------------------------------------------------------------------
2025-01-12 06:23:54.857 [Debug] 20007 - Disposing connection to database 'main' on server 'resources\playerdata.db'.

--------------------------------------------------------------------------------
2025-01-12 06:23:54.857 [Debug] 20008 - Disposed connection to database 'main' on server 'resources\playerdata.db' (0ms).

--------------------------------------------------------------------------------
